<?xml version="1.0" encoding="UTF-8" ?>
<testsuite errors="0" failures="0" hostname="CCELA-306B9B7" name="com.allstate.auto.tests.ScenarioID1test" skipped="0" tests="1" time="20.34" timestamp="2013-04-11T22:17:10">
  <properties>
    <property name="java.vendor" value="Oracle Corporation" />
    <property name="env.DEFLOGDIR" value="D:\documents and settings\All Users\Application Data\McAfee\DesktopProtection" />
    <property name="env.VS90COMNTOOLS" value="C:\Program Files\Microsoft Visual Studio 9.0\Common7\Tools\" />
    <property name="sun.java.launcher" value="SUN_STANDARD" />
    <property name="sun.management.compiler" value="HotSpot Client Compiler" />
    <property name="env.PROMPT" value="$P$G" />
    <property name="test.reportsDir" value="D:\documents and settings\hsinn\IBM\rationalsdp\workspace\allstate.alliance.test_newafter/Reports" />
    <property name="os.name" value="Windows XP" />
    <property name="env.FP_NO_HOST_CHECK" value="NO" />
    <property name="sun.boot.class.path" value="C:\program files\Java\jdk1.7.0_17\jre\lib\resources.jar;C:\program files\Java\jdk1.7.0_17\jre\lib\rt.jar;C:\program files\Java\jdk1.7.0_17\jre\lib\sunrsasign.jar;C:\program files\Java\jdk1.7.0_17\jre\lib\jsse.jar;C:\program files\Java\jdk1.7.0_17\jre\lib\jce.jar;C:\program files\Java\jdk1.7.0_17\jre\lib\charsets.jar;C:\program files\Java\jdk1.7.0_17\jre\lib\jfr.jar;C:\program files\Java\jdk1.7.0_17\jre\classes" />
    <property name="ws.home" value="D:\documents and settings\hsinn\IBM\rationalsdp\workspace\allstate.alliance.test_newafter" />
    <property name="env.COMPUTERNAME" value="CCELA-306B9B7" />
    <property name="env.ALLUSERSPROFILE" value="D:\Documents and Settings\All Users" />
    <property name="sun.desktop" value="windows" />
    <property name="java.vm.specification.vendor" value="Oracle Corporation" />
    <property name="ant.home" value="D:\Documents and Settings\hsinn\My Documents\apache-ant-1.9.0-bin\apache-ant-1.9.0" />
    <property name="java.runtime.version" value="1.7.0_17-b02" />
    <property name="env.HOMEPATH" value="\" />
    <property name="env.HOMESHARE" value="\\ro-0775-nas04p\hsinn" />
    <property name="env.=H:" value="H:\" />
    <property name="user.name" value="hsinn" />
    <property name="user.language" value="en" />
    <property name="sun.boot.library.path" value="C:\program files\Java\jdk1.7.0_17\jre\bin" />
    <property name="env.RATIONAL_COMMON_LIB" value="D:\RationalSDLC\Common\lib" />
    <property name="env.IBMLDAP_ALTHOME" value="D:\RationalSDLC\common\codeset" />
    <property name="ant.project.default-target" value="usage" />
    <property name="ant.project.name" value="anttest" />
    <property name="java.version" value="1.7.0_17" />
    <property name="env.PROCESSOR_IDENTIFIER" value="x86 Family 6 Model 58 Stepping 9, GenuineIntel" />
    <property name="user.timezone" value="" />
    <property name="env.TEMP" value="D:\DOCUME~1\hsinn\LOCALS~1\Temp" />
    <property name="sun.arch.data.model" value="32" />
    <property name="env.RATIONAL_ICU4J_DIR" value="D:\RationalSDLC\common\java\icu" />
    <property name="java.endorsed.dirs" value="C:\program files\Java\jdk1.7.0_17\jre\lib\endorsed" />
    <property name="env.VSEDEFLOGDIR" value="d:\documents and settings\All Users\Application Data\McAfee\DesktopProtection" />
    <property name="env._JAVACMD" value="C:\program files\Java\jdk1.7.0_17\bin\java.exe" />
    <property name="sun.cpu.isalist" value="pentium_pro+mmx pentium_pro pentium+mmx pentium i486 i386 i86" />
    <property name="env.HOMEDRIVE" value="H:" />
    <property name="sun.jnu.encoding" value="Cp1252" />
    <property name="file.encoding.pkg" value="sun.io" />
    <property name="file.separator" value="\" />
    <property name="java.specification.name" value="Java Platform API Specification" />
    <property name="java.class.version" value="51.0" />
    <property name="user.country" value="US" />
    <property name="java.home" value="C:\program files\Java\jdk1.7.0_17\jre" />
    <property name="env.APPDATA" value="D:\Documents and Settings\hsinn\Application Data" />
    <property name="java.vm.info" value="mixed mode, sharing" />
    <property name="env.ComSpec" value="C:\WINNT\system32\cmd.exe" />
    <property name="env.OS" value="Windows_NT" />
    <property name="env.CommonProgramFiles" value="C:\Program Files\Common Files" />
    <property name="ant.file" value="D:\documents and settings\hsinn\IBM\rationalsdp\workspace\allstate.alliance.test_newafter\build.xml" />
    <property name="os.version" value="5.1" />
    <property name="env._USE_CLASSPATH" value="yes" />
    <property name="env.DEPLOYMENT" value="NO" />
    <property name="path.separator" value=";" />
    <property name="java.vm.version" value="23.7-b01" />
    <property name="ant.file.type.anttest" value="file" />
    <property name="env.USERPROFILE" value="D:\Documents and Settings\hsinn" />
    <property name="user.variant" value="" />
    <property name="ant.library.dir" value="D:\documents and settings\hsinn\My Documents\apache-ant-1.9.0-bin\apache-ant-1.9.0\lib" />
    <property name="env.JAVA_HOME" value="C:\program files\Java\jdk1.7.0_17" />
    <property name="java.awt.printerjob" value="sun.awt.windows.WPrinterJob" />
    <property name="env.TMP" value="D:\DOCUME~1\hsinn\LOCALS~1\Temp" />
    <property name="sun.io.unicode.encoding" value="UnicodeLittle" />
    <property name="awt.toolkit" value="sun.awt.windows.WToolkit" />
    <property name="user.script" value="" />
    <property name="user.home" value="D:\Documents and Settings\hsinn" />
    <property name="test.dest" value="D:\documents and settings\hsinn\IBM\rationalsdp\workspace\allstate.alliance.test_newafter/build" />
    <property name="env.SESSIONNAME" value="Console" />
    <property name="java.specification.vendor" value="Oracle Corporation" />
    <property name="env.CLASSPATH" value="D:\RationalSDLC\ClearQuest\cqjni.jar" />
    <property name="env.RATIONAL_COMMON" value="D:\RationalSDLC\Common" />
    <property name="env.M2_HOME" value="C:\program files\Apache Software Foundation\apache-maven-2.0.11" />
    <property name="java.vendor.url" value="http://java.oracle.com/" />
    <property name="java.library.path" value="C:\program files\Java\jdk1.7.0_17\jre\bin;C:\WINNT\Sun\Java\bin;C:\WINNT\system32;C:\WINNT;C:\oracle\product\11.1.0\BIN\;C:\Program Files\Intel\iCLS Client\;C:\WINNT\system32;C:\WINNT;C:\WINNT\System32\Wbem;C:\Program Files\Executive Software\Diskeeper\;C:\Program Files\Windows Imaging\;C:\Program Files\Intel\Intel(R) Management Engine Components\DAL;C:\Program Files\Intel\Intel(R) Management Engine Components\IPT;C:\Program Files\Reflection\;D:\RationalSDLC\ClearCase\bin;D:\RationalSDLC\common;C:\oracle\product\11.1.0\BIN;D:\Program Files\IBM\AppScan Source\bin;C:\Program Files\Microsoft SQL Server\100\DTS\Binn\;C:\Program Files\Microsoft SQL Server\100\Tools\Binn\VSShell\Common7\IDE\;C:\Program Files\Microsoft SQL Server\100\Tools\Binn\;C:\Program Files\Microsoft Visual Studio 9.0\Common7\IDE\PrivateAssemblies\;C:\WINNT\system32\WindowsPowerShell\v1.0;D:\documents and settings\hsinn\Local Settings\Application Data\Mozilla Firefox\;%M2% ;C:\Program Files\VisualSVN\bin;C:\Program Files\TortoiseSVN\bin;D:\Documents and Settings\hsinn\My Documents\apache-ant-1.9.0-bin\apache-ant-1.9.0\bin;C:\program files\Apache Software Foundation\apache-maven-2.0.11\bin;C:\program files\Java\jdk1.7.0_17\bin;%ANT_HOME\bin;." />
    <property name="env.NUMBER_OF_PROCESSORS" value="8" />
    <property name="env.USERDNSDOMAIN" value="HODC.AD.ALLSTATE.COM" />
    <property name="java.vm.vendor" value="Oracle Corporation" />
    <property name="env.CLEARQUEST_HOME" value="D:\RationalSDLC\ClearQuest" />
    <property name="java.runtime.name" value="Java(TM) SE Runtime Environment" />
    <property name="ant.version" value="Apache Ant(TM) version 1.9.0 compiled on March 5 2013" />
    <property name="sun.java.command" value="org.apache.tools.ant.taskdefs.optional.junit.JUnitTestRunner com.allstate.auto.tests.ScenarioID1test filtertrace=true haltOnError=false haltOnFailure=false formatter=org.apache.tools.ant.taskdefs.optional.junit.SummaryJUnitResultFormatter showoutput=false outputtoformatters=true logfailedtests=true logtestlistenerevents=false formatter=org.apache.tools.ant.taskdefs.optional.junit.XMLJUnitResultFormatter,D:\documents and settings\hsinn\IBM\rationalsdp\workspace\allstate.alliance.test_newafter\Reports\TEST-com.allstate.auto.tests.ScenarioID1test.xml crashfile=D:\documents and settings\hsinn\IBM\rationalsdp\workspace\allstate.alliance.test_newafter\junitvmwatcher3679938079901298998.properties propsfile=D:\documents and settings\hsinn\IBM\rationalsdp\workspace\allstate.alliance.test_newafter\junit875390280132372409.properties" />
    <property name="java.class.path" value="D:\documents and settings\hsinn\IBM\rationalsdp\workspace\allstate.alliance.test_newafter\build;D:\documents and settings\hsinn\IBM\rationalsdp\workspace\allstate.alliance.test_newafter\antjars\allstate_common.jar;D:\documents and settings\hsinn\IBM\rationalsdp\workspace\allstate.alliance.test_newafter\antjars\commons-beanutils-1.8.3.jar;D:\documents and settings\hsinn\IBM\rationalsdp\workspace\allstate.alliance.test_newafter\antjars\commons-beanutils-core-1.7.0.jar;D:\documents and settings\hsinn\IBM\rationalsdp\workspace\allstate.alliance.test_newafter\antjars\commons-cli-1.0.jar;D:\documents and settings\hsinn\IBM\rationalsdp\workspace\allstate.alliance.test_newafter\antjars\commons-codec-1.7.jar;D:\documents and settings\hsinn\IBM\rationalsdp\workspace\allstate.alliance.test_newafter\antjars\commons-collections-3.2.1.jar;D:\documents and settings\hsinn\IBM\rationalsdp\workspace\allstate.alliance.test_newafter\antjars\commons-configuration-1.7-sources.jar;D:\documents and settings\hsinn\IBM\rationalsdp\workspace\allstate.alliance.test_newafter\antjars\commons-configuration-1.7.jar;D:\documents and settings\hsinn\IBM\rationalsdp\workspace\allstate.alliance.test_newafter\antjars\commons-digester-1.8.1.jar;D:\documents and settings\hsinn\IBM\rationalsdp\workspace\allstate.alliance.test_newafter\antjars\commons-lang-2.6.jar;D:\documents and settings\hsinn\IBM\rationalsdp\workspace\allstate.alliance.test_newafter\antjars\commons-logging-1.1.1.jar;D:\documents and settings\hsinn\IBM\rationalsdp\workspace\allstate.alliance.test_newafter\antjars\commons-logging-api-1.0.4.jar;D:\documents and settings\hsinn\IBM\rationalsdp\workspace\allstate.alliance.test_newafter\antjars\commons-validator-1.1.4.jar;D:\documents and settings\hsinn\IBM\rationalsdp\workspace\allstate.alliance.test_newafter\antjars\junit-4.8.1.jar;D:\documents and settings\hsinn\IBM\rationalsdp\workspace\allstate.alliance.test_newafter\antjars\log4j-1.2.13.jar;D:\documents and settings\hsinn\IBM\rationalsdp\workspace\allstate.alliance.test_newafter\antjars\selenium-server-standalone-2.32.0.jar;D:\RationalSDLC\ClearQuest\cqjni.jar;D:\documents and settings\hsinn\My Documents\apache-ant-1.9.0-bin\apache-ant-1.9.0\lib\ant-launcher.jar;D:\documents and settings\hsinn\My Documents\apache-ant-1.9.0-bin\apache-ant-1.9.0\lib\ant.jar;D:\documents and settings\hsinn\My Documents\apache-ant-1.9.0-bin\apache-ant-1.9.0\lib\ant-junit.jar;D:\documents and settings\hsinn\My Documents\apache-ant-1.9.0-bin\apache-ant-1.9.0\lib\ant-junit4.jar" />
    <property name="env.RATIONAL_HOME" value="D:\RationalSDLC" />
    <property name="ws.jars" value="D:\documents and settings\hsinn\IBM\rationalsdp\workspace\allstate.alliance.test_newafter/antjars" />
    <property name="java.vm.specification.name" value="Java Virtual Machine Specification" />
    <property name="ant.file.type" value="file" />
    <property name="env.LOGONSERVER" value="\\A0001-HOD0082-D" />
    <property name="env.windir" value="C:\WINNT" />
    <property name="env.PROCESSOR_ARCHITECTURE" value="x86" />
    <property name="java.vm.specification.version" value="1.7" />
    <property name="sun.os.patch.level" value="Service Pack 3" />
    <property name="sun.cpu.endian" value="little" />
    <property name="env.RATIONAL_ICU4J_VERSION" value="3_8_1" />
    <property name="env.ANT_HOME" value="D:\Documents and Settings\hsinn\My Documents\apache-ant-1.9.0-bin\apache-ant-1.9.0" />
    <property name="env.ProgramFiles" value="C:\Program Files" />
    <property name="env.PROCESSOR_REVISION" value="3a09" />
    <property name="env.UATDATA" value="C:\WINNT\system32\CCM\UATData\D9F8C395-CAB8-491d-B8AC-179A1FE1BE77" />
    <property name="java.io.tmpdir" value="D:\DOCUME~1\hsinn\LOCALS~1\Temp\" />
    <property name="test.src" value="D:\documents and settings\hsinn\IBM\rationalsdp\workspace\allstate.alliance.test_newafter/src/test/java" />
    <property name="java.vendor.url.bug" value="http://bugreport.sun.com/bugreport/" />
    <property name="env.SystemRoot" value="C:\WINNT" />
    <property name="env.ANT_CMD_LINE_ARGS" value=" run" />
    <property name="os.arch" value="x86" />
    <property name="java.awt.graphicsenv" value="sun.awt.Win32GraphicsEnvironment" />
    <property name="env.=D:" value="D:\documents and settings\hsinn\IBM\rationalsdp\workspace\allstate.alliance.test_newafter" />
    <property name="java.ext.dirs" value="C:\program files\Java\jdk1.7.0_17\jre\lib\ext;C:\WINNT\Sun\Java\lib\ext" />
    <property name="user.dir" value="D:\documents and settings\hsinn\IBM\rationalsdp\workspace\allstate.alliance.test_newafter" />
    <property name="line.separator" value="&#xd;&#xa;" />
    <property name="java.vm.name" value="Java HotSpot(TM) Client VM" />
    <property name="env.PATHEXT" value=".COM;.EXE;.BAT;.CMD;.VBS;.VBE;.JS;.JSE;.WSF;.WSH;.PSC1" />
    <property name="env.JRE_HOME" value="D:\RationalSDLC\Common\Java5.0\jre" />
    <property name="env.Path" value="C:\oracle\product\11.1.0\BIN\;C:\Program Files\Intel\iCLS Client\;C:\WINNT\system32;C:\WINNT;C:\WINNT\System32\Wbem;C:\Program Files\Executive Software\Diskeeper\;C:\Program Files\Windows Imaging\;C:\Program Files\Intel\Intel(R) Management Engine Components\DAL;C:\Program Files\Intel\Intel(R) Management Engine Components\IPT;C:\Program Files\Reflection\;D:\RationalSDLC\ClearCase\bin;D:\RationalSDLC\common;C:\oracle\product\11.1.0\BIN;D:\Program Files\IBM\AppScan Source\bin;C:\Program Files\Microsoft SQL Server\100\DTS\Binn\;C:\Program Files\Microsoft SQL Server\100\Tools\Binn\VSShell\Common7\IDE\;C:\Program Files\Microsoft SQL Server\100\Tools\Binn\;C:\Program Files\Microsoft Visual Studio 9.0\Common7\IDE\PrivateAssemblies\;C:\WINNT\system32\WindowsPowerShell\v1.0;D:\documents and settings\hsinn\Local Settings\Application Data\Mozilla Firefox\;%M2% ;C:\Program Files\VisualSVN\bin;C:\Program Files\TortoiseSVN\bin;D:\Documents and Settings\hsinn\My Documents\apache-ant-1.9.0-bin\apache-ant-1.9.0\bin;C:\program files\Apache Software Foundation\apache-maven-2.0.11\bin;C:\program files\Java\jdk1.7.0_17\bin;%ANT_HOME\bin" />
    <property name="basedir" value="D:\documents and settings\hsinn\IBM\rationalsdp\workspace\allstate.alliance.test_newafter" />
    <property name="env.VISUALSVN_SERVER" value="C:\Program Files\VisualSVN Server\" />
    <property name="ant.java.version" value="1.7" />
    <property name="ant.core.lib" value="D:\documents and settings\hsinn\My Documents\apache-ant-1.9.0-bin\apache-ant-1.9.0\lib\ant.jar" />
    <property name="env.M2" value="C:\program files\Apache Software Foundation\apache-maven-2.0.11\bin" />
    <property name="env.TISDIR" value="D:\RationalSDLC\common" />
    <property name="env.USERNAME" value="hsinn" />
    <property name="env.SystemDrive" value="C:" />
    <property name="file.encoding" value="Cp1252" />
    <property name="ant.file.anttest" value="D:\documents and settings\hsinn\IBM\rationalsdp\workspace\allstate.alliance.test_newafter\build.xml" />
    <property name="env.USERDOMAIN" value="MAST_HODC" />
    <property name="java.specification.version" value="1.7" />
    <property name="ant.project.invoked-targets" value="run" />
    <property name="env.PROCESSOR_LEVEL" value="6" />
  </properties>
  <testcase classname="com.allstate.auto.tests.ScenarioID1test" name="ScenarioID1test" time="20.199" />
  <system-out><![CDATA[0 [main] DEBUG org.apache.commons.configuration.PropertiesConfiguration  - FileName set to D:\documents and settings\hsinn\IBM\rationalsdp\workspace\allstate.alliance.test_newafter/AutomatedTests/env.properties
16 [main] DEBUG org.apache.commons.configuration.ConfigurationUtils  - ConfigurationUtils.locate(): base is null, name is D:\documents and settings\hsinn\IBM\rationalsdp\workspace\allstate.alliance.test_newafter/AutomatedTests/env.properties
16 [main] DEBUG org.apache.commons.configuration.DefaultFileSystem  - Could not locate file D:\documents and settings\hsinn\IBM\rationalsdp\workspace\allstate.alliance.test_newafter/AutomatedTests/env.properties at null: unknown protocol: d
16 [main] DEBUG org.apache.commons.configuration.ConfigurationUtils  - Loading configuration from the absolute path D:\documents and settings\hsinn\IBM\rationalsdp\workspace\allstate.alliance.test_newafter/AutomatedTests/env.properties
16 [main] DEBUG org.apache.commons.configuration.PropertiesConfiguration  - Base path set to file:///D:/documents%20and%20settings/hsinn/IBM/rationalsdp/workspace/allstate.alliance.test_newafter/AutomatedTests/env.properties
31 [main] DEBUG org.apache.commons.configuration.PropertiesConfiguration  - FileName set to D:\documents and settings\hsinn\IBM\rationalsdp\workspace\allstate.alliance.test_newafter/AutomatedTests/testData.properties
31 [main] DEBUG org.apache.commons.configuration.ConfigurationUtils  - ConfigurationUtils.locate(): base is null, name is D:\documents and settings\hsinn\IBM\rationalsdp\workspace\allstate.alliance.test_newafter/AutomatedTests/testData.properties
31 [main] DEBUG org.apache.commons.configuration.DefaultFileSystem  - Could not locate file D:\documents and settings\hsinn\IBM\rationalsdp\workspace\allstate.alliance.test_newafter/AutomatedTests/testData.properties at null: unknown protocol: d
31 [main] DEBUG org.apache.commons.configuration.ConfigurationUtils  - Loading configuration from the absolute path D:\documents and settings\hsinn\IBM\rationalsdp\workspace\allstate.alliance.test_newafter/AutomatedTests/testData.properties
31 [main] DEBUG org.apache.commons.configuration.PropertiesConfiguration  - Base path set to file:///D:/documents%20and%20settings/hsinn/IBM/rationalsdp/workspace/allstate.alliance.test_newafter/AutomatedTests/testData.properties
http://sxz0120:21180/DevWebUtilWEB/impersonateMenu.jsp?TSD=dv2101
3403 [Forwarding newSession on session null to remote] DEBUG org.apache.http.impl.conn.tsccm.ThreadSafeClientConnManager  - Get connection: {}->http://localhost:38029, timeout = 120000
3403 [Forwarding newSession on session null to remote] DEBUG org.apache.http.impl.conn.tsccm.ConnPoolByRoute  - [{}->http://localhost:38029] total kept alive: 0, total issued: 0, total allocated: 0 out of 2000
3403 [Forwarding newSession on session null to remote] DEBUG org.apache.http.impl.conn.tsccm.ConnPoolByRoute  - No free connections [{}->http://localhost:38029][null]
3403 [Forwarding newSession on session null to remote] DEBUG org.apache.http.impl.conn.tsccm.ConnPoolByRoute  - Available capacity: 2000 out of 2000 [{}->http://localhost:38029][null]
3403 [Forwarding newSession on session null to remote] DEBUG org.apache.http.impl.conn.tsccm.ConnPoolByRoute  - Creating new connection [{}->http://localhost:38029]
3403 [Forwarding newSession on session null to remote] DEBUG org.apache.http.impl.conn.DefaultClientConnectionOperator  - Connecting to localhost:38029
3419 [Forwarding newSession on session null to remote] DEBUG org.apache.http.client.protocol.RequestAddCookies  - CookieSpec selected: best-match
3434 [Forwarding newSession on session null to remote] DEBUG org.apache.http.client.protocol.RequestAuthCache  - Auth cache not set in the context
3434 [Forwarding newSession on session null to remote] DEBUG org.apache.http.client.protocol.RequestTargetAuthentication  - Target auth state: UNCHALLENGED
3434 [Forwarding newSession on session null to remote] DEBUG org.apache.http.client.protocol.RequestProxyAuthentication  - Proxy auth state: UNCHALLENGED
3434 [Forwarding newSession on session null to remote] DEBUG org.apache.http.impl.client.DefaultHttpClient  - Attempt 1 to execute request
3434 [Forwarding newSession on session null to remote] DEBUG org.apache.http.impl.conn.DefaultClientConnection  - Sending request: POST /session HTTP/1.1
3434 [Forwarding newSession on session null to remote] DEBUG org.apache.http.wire  - >> "POST /session HTTP/1.1[\r][\n]"
3434 [Forwarding newSession on session null to remote] DEBUG org.apache.http.wire  - >> "Accept: application/json, image/png[\r][\n]"
3434 [Forwarding newSession on session null to remote] DEBUG org.apache.http.wire  - >> "Content-Type: application/json; charset=utf-8[\r][\n]"
3434 [Forwarding newSession on session null to remote] DEBUG org.apache.http.wire  - >> "Content-Length: 119[\r][\n]"
3434 [Forwarding newSession on session null to remote] DEBUG org.apache.http.wire  - >> "Host: localhost:38029[\r][\n]"
3434 [Forwarding newSession on session null to remote] DEBUG org.apache.http.wire  - >> "Connection: Keep-Alive[\r][\n]"
3434 [Forwarding newSession on session null to remote] DEBUG org.apache.http.wire  - >> "[\r][\n]"
3434 [Forwarding newSession on session null to remote] DEBUG org.apache.http.headers  - >> POST /session HTTP/1.1
3434 [Forwarding newSession on session null to remote] DEBUG org.apache.http.headers  - >> Accept: application/json, image/png
3434 [Forwarding newSession on session null to remote] DEBUG org.apache.http.headers  - >> Content-Type: application/json; charset=utf-8
3434 [Forwarding newSession on session null to remote] DEBUG org.apache.http.headers  - >> Content-Length: 119
3434 [Forwarding newSession on session null to remote] DEBUG org.apache.http.headers  - >> Host: localhost:38029
3434 [Forwarding newSession on session null to remote] DEBUG org.apache.http.headers  - >> Connection: Keep-Alive
3434 [Forwarding newSession on session null to remote] DEBUG org.apache.http.wire  - >> "{"desiredCapabilities":{"platform":"WINDOWS","ensureCleanSession":true,"browserName":"internet explorer","version":""}}"
4293 [Forwarding newSession on session null to remote] DEBUG org.apache.http.wire  - << "HTTP/1.1 303 See Other[\r][\n]"
4293 [Forwarding newSession on session null to remote] DEBUG org.apache.http.wire  - << "Location: /session/79884c66-605f-4a8c-9556-5013692f6c33[\r][\n]"
4293 [Forwarding newSession on session null to remote] DEBUG org.apache.http.wire  - << "Content-Type: text/html[\r][\n]"
4293 [Forwarding newSession on session null to remote] DEBUG org.apache.http.wire  - << "Content-Length: 0[\r][\n]"
4293 [Forwarding newSession on session null to remote] DEBUG org.apache.http.wire  - << "[\r][\n]"
4293 [Forwarding newSession on session null to remote] DEBUG org.apache.http.impl.conn.DefaultClientConnection  - Receiving response: HTTP/1.1 303 See Other
4293 [Forwarding newSession on session null to remote] DEBUG org.apache.http.headers  - << HTTP/1.1 303 See Other
4293 [Forwarding newSession on session null to remote] DEBUG org.apache.http.headers  - << Location: /session/79884c66-605f-4a8c-9556-5013692f6c33
4293 [Forwarding newSession on session null to remote] DEBUG org.apache.http.headers  - << Content-Type: text/html
4293 [Forwarding newSession on session null to remote] DEBUG org.apache.http.headers  - << Content-Length: 0
4293 [Forwarding newSession on session null to remote] DEBUG org.apache.http.impl.client.DefaultHttpClient  - Connection can be kept alive indefinitely
4293 [Forwarding newSession on session null to remote] DEBUG org.apache.http.impl.client.DefaultRedirectStrategy  - Redirect requested to location '/session/79884c66-605f-4a8c-9556-5013692f6c33'
4293 [Forwarding newSession on session null to remote] DEBUG org.apache.http.impl.client.DefaultHttpClient  - Redirecting to 'http://localhost:38029/session/79884c66-605f-4a8c-9556-5013692f6c33' via {}->http://localhost:38029
4293 [Forwarding newSession on session null to remote] DEBUG org.apache.http.client.protocol.RequestAddCookies  - CookieSpec selected: best-match
4293 [Forwarding newSession on session null to remote] DEBUG org.apache.http.client.protocol.RequestAuthCache  - Auth cache not set in the context
4293 [Forwarding newSession on session null to remote] DEBUG org.apache.http.client.protocol.RequestTargetAuthentication  - Target auth state: UNCHALLENGED
4293 [Forwarding newSession on session null to remote] DEBUG org.apache.http.client.protocol.RequestProxyAuthentication  - Proxy auth state: UNCHALLENGED
4293 [Forwarding newSession on session null to remote] DEBUG org.apache.http.impl.client.DefaultHttpClient  - Attempt 2 to execute request
4293 [Forwarding newSession on session null to remote] DEBUG org.apache.http.impl.conn.DefaultClientConnection  - Sending request: GET /session/79884c66-605f-4a8c-9556-5013692f6c33 HTTP/1.1
4293 [Forwarding newSession on session null to remote] DEBUG org.apache.http.wire  - >> "GET /session/79884c66-605f-4a8c-9556-5013692f6c33 HTTP/1.1[\r][\n]"
4293 [Forwarding newSession on session null to remote] DEBUG org.apache.http.wire  - >> "Accept: application/json, image/png[\r][\n]"
4293 [Forwarding newSession on session null to remote] DEBUG org.apache.http.wire  - >> "Content-Type: application/json; charset=utf-8[\r][\n]"
4293 [Forwarding newSession on session null to remote] DEBUG org.apache.http.wire  - >> "Host: localhost:38029[\r][\n]"
4293 [Forwarding newSession on session null to remote] DEBUG org.apache.http.wire  - >> "Connection: Keep-Alive[\r][\n]"
4293 [Forwarding newSession on session null to remote] DEBUG org.apache.http.wire  - >> "[\r][\n]"
4293 [Forwarding newSession on session null to remote] DEBUG org.apache.http.headers  - >> GET /session/79884c66-605f-4a8c-9556-5013692f6c33 HTTP/1.1
4293 [Forwarding newSession on session null to remote] DEBUG org.apache.http.headers  - >> Accept: application/json, image/png
4293 [Forwarding newSession on session null to remote] DEBUG org.apache.http.headers  - >> Content-Type: application/json; charset=utf-8
4293 [Forwarding newSession on session null to remote] DEBUG org.apache.http.headers  - >> Host: localhost:38029
4293 [Forwarding newSession on session null to remote] DEBUG org.apache.http.headers  - >> Connection: Keep-Alive
4293 [Forwarding newSession on session null to remote] DEBUG org.apache.http.impl.conn.DefaultClientConnection  - Connection 0.0.0.0:4001<->127.0.0.1:38029 closed
4293 [Forwarding newSession on session null to remote] DEBUG org.apache.http.impl.client.DefaultHttpClient  - Closing the connection.
4293 [Forwarding newSession on session null to remote] DEBUG org.apache.http.impl.conn.DefaultClientConnection  - Connection 0.0.0.0:4001<->127.0.0.1:38029 closed
4293 [Forwarding newSession on session null to remote] INFO org.apache.http.impl.client.DefaultHttpClient  - I/O exception (org.apache.http.NoHttpResponseException) caught when processing request: The target server failed to respond
4293 [Forwarding newSession on session null to remote] DEBUG org.apache.http.impl.client.DefaultHttpClient  - The target server failed to respond
org.apache.http.NoHttpResponseException: The target server failed to respond
	at org.apache.http.impl.conn.DefaultHttpResponseParser.parseHead(DefaultHttpResponseParser.java:95)
	at org.apache.http.impl.conn.DefaultHttpResponseParser.parseHead(DefaultHttpResponseParser.java:62)
	at org.apache.http.impl.io.AbstractMessageParser.parse(AbstractMessageParser.java:254)
	at org.apache.http.impl.AbstractHttpClientConnection.receiveResponseHeader(AbstractHttpClientConnection.java:289)
	at org.apache.http.impl.conn.DefaultClientConnection.receiveResponseHeader(DefaultClientConnection.java:252)
	at org.apache.http.impl.conn.AbstractClientConnAdapter.receiveResponseHeader(AbstractClientConnAdapter.java:219)
	at org.apache.http.protocol.HttpRequestExecutor.doReceiveResponse(HttpRequestExecutor.java:300)
	at org.apache.http.protocol.HttpRequestExecutor.execute(HttpRequestExecutor.java:127)
	at org.apache.http.impl.client.DefaultRequestDirector.tryExecute(DefaultRequestDirector.java:712)
	at org.apache.http.impl.client.DefaultRequestDirector.execute(DefaultRequestDirector.java:517)
	at org.apache.http.impl.client.AbstractHttpClient.execute(AbstractHttpClient.java:906)
	at org.openqa.selenium.remote.HttpCommandExecutor.fallBackExecute(HttpCommandExecutor.java:316)
	at org.openqa.selenium.remote.HttpCommandExecutor.execute(HttpCommandExecutor.java:295)
	at org.openqa.selenium.remote.service.DriverCommandExecutor.execute(DriverCommandExecutor.java:66)
	at org.openqa.selenium.remote.RemoteWebDriver.execute(RemoteWebDriver.java:527)
	at org.openqa.selenium.remote.RemoteWebDriver.startSession(RemoteWebDriver.java:216)
	at org.openqa.selenium.remote.RemoteWebDriver.startSession(RemoteWebDriver.java:201)
	at org.openqa.selenium.ie.InternetExplorerDriver.setup(InternetExplorerDriver.java:105)
	at org.openqa.selenium.ie.InternetExplorerDriver.<init>(InternetExplorerDriver.java:51)
	at com.allstate.auto.tests.ScenarioID1test.setUp(ScenarioID1test.java:83)
	at sun.reflect.NativeMethodAccessorImpl.invoke0(Native Method)
	at sun.reflect.NativeMethodAccessorImpl.invoke(NativeMethodAccessorImpl.java:57)
	at sun.reflect.DelegatingMethodAccessorImpl.invoke(DelegatingMethodAccessorImpl.java:43)
	at java.lang.reflect.Method.invoke(Method.java:601)
	at org.junit.runners.model.FrameworkMethod$1.runReflectiveCall(FrameworkMethod.java:44)
	at org.junit.internal.runners.model.ReflectiveCallable.run(ReflectiveCallable.java:15)
	at org.junit.runners.model.FrameworkMethod.invokeExplosively(FrameworkMethod.java:41)
	at org.junit.internal.runners.statements.RunBefores.evaluate(RunBefores.java:27)
	at org.junit.internal.runners.statements.RunAfters.evaluate(RunAfters.java:31)
	at org.junit.runners.BlockJUnit4ClassRunner.runChild(BlockJUnit4ClassRunner.java:76)
	at org.junit.runners.BlockJUnit4ClassRunner.runChild(BlockJUnit4ClassRunner.java:50)
	at org.junit.runners.ParentRunner$3.run(ParentRunner.java:193)
	at org.junit.runners.ParentRunner$1.schedule(ParentRunner.java:52)
	at org.junit.runners.ParentRunner.runChildren(ParentRunner.java:191)
	at org.junit.runners.ParentRunner.access$000(ParentRunner.java:42)
	at org.junit.runners.ParentRunner$2.evaluate(ParentRunner.java:184)
	at org.junit.runners.ParentRunner.run(ParentRunner.java:236)
	at junit.framework.JUnit4TestAdapter.run(JUnit4TestAdapter.java:39)
	at org.apache.tools.ant.taskdefs.optional.junit.JUnitTestRunner.run(JUnitTestRunner.java:522)
	at org.apache.tools.ant.taskdefs.optional.junit.JUnitTestRunner.launch(JUnitTestRunner.java:1062)
	at org.apache.tools.ant.taskdefs.optional.junit.JUnitTestRunner.main(JUnitTestRunner.java:913)
4324 [Forwarding newSession on session null to remote] INFO org.apache.http.impl.client.DefaultHttpClient  - Retrying request
4324 [Forwarding newSession on session null to remote] DEBUG org.apache.http.impl.client.DefaultHttpClient  - Reopening the direct connection.
4324 [Forwarding newSession on session null to remote] DEBUG org.apache.http.impl.conn.DefaultClientConnectionOperator  - Connecting to localhost:38029
4324 [Forwarding newSession on session null to remote] DEBUG org.apache.http.impl.client.DefaultHttpClient  - Attempt 3 to execute request
4324 [Forwarding newSession on session null to remote] DEBUG org.apache.http.impl.conn.DefaultClientConnection  - Sending request: GET /session/79884c66-605f-4a8c-9556-5013692f6c33 HTTP/1.1
4324 [Forwarding newSession on session null to remote] DEBUG org.apache.http.wire  - >> "GET /session/79884c66-605f-4a8c-9556-5013692f6c33 HTTP/1.1[\r][\n]"
4324 [Forwarding newSession on session null to remote] DEBUG org.apache.http.wire  - >> "Accept: application/json, image/png[\r][\n]"
4324 [Forwarding newSession on session null to remote] DEBUG org.apache.http.wire  - >> "Content-Type: application/json; charset=utf-8[\r][\n]"
4324 [Forwarding newSession on session null to remote] DEBUG org.apache.http.wire  - >> "Host: localhost:38029[\r][\n]"
4324 [Forwarding newSession on session null to remote] DEBUG org.apache.http.wire  - >> "Connection: Keep-Alive[\r][\n]"
4324 [Forwarding newSession on session null to remote] DEBUG org.apache.http.wire  - >> "[\r][\n]"
4324 [Forwarding newSession on session null to remote] DEBUG org.apache.http.headers  - >> GET /session/79884c66-605f-4a8c-9556-5013692f6c33 HTTP/1.1
4324 [Forwarding newSession on session null to remote] DEBUG org.apache.http.headers  - >> Accept: application/json, image/png
4324 [Forwarding newSession on session null to remote] DEBUG org.apache.http.headers  - >> Content-Type: application/json; charset=utf-8
4324 [Forwarding newSession on session null to remote] DEBUG org.apache.http.headers  - >> Host: localhost:38029
4324 [Forwarding newSession on session null to remote] DEBUG org.apache.http.headers  - >> Connection: Keep-Alive
4340 [Forwarding newSession on session null to remote] DEBUG org.apache.http.wire  - << "HTTP/1.1 200 OK[\r][\n]"
4340 [Forwarding newSession on session null to remote] DEBUG org.apache.http.wire  - << "Content-Length: 531[\r][\n]"
4340 [Forwarding newSession on session null to remote] DEBUG org.apache.http.wire  - << "Content-Type: application/json; charset=UTF-8[\r][\n]"
4340 [Forwarding newSession on session null to remote] DEBUG org.apache.http.wire  - << "Vary: Accept-Charset, Accept-Encoding, Accept-Language, Accept[\r][\n]"
4340 [Forwarding newSession on session null to remote] DEBUG org.apache.http.wire  - << "Accept-Ranges: bytes[\r][\n]"
4340 [Forwarding newSession on session null to remote] DEBUG org.apache.http.wire  - << "Connection: close[\r][\n]"
4340 [Forwarding newSession on session null to remote] DEBUG org.apache.http.wire  - << "[\r][\n]"
4340 [Forwarding newSession on session null to remote] DEBUG org.apache.http.impl.conn.DefaultClientConnection  - Receiving response: HTTP/1.1 200 OK
4340 [Forwarding newSession on session null to remote] DEBUG org.apache.http.headers  - << HTTP/1.1 200 OK
4340 [Forwarding newSession on session null to remote] DEBUG org.apache.http.headers  - << Content-Length: 531
4340 [Forwarding newSession on session null to remote] DEBUG org.apache.http.headers  - << Content-Type: application/json; charset=UTF-8
4340 [Forwarding newSession on session null to remote] DEBUG org.apache.http.headers  - << Vary: Accept-Charset, Accept-Encoding, Accept-Language, Accept
4340 [Forwarding newSession on session null to remote] DEBUG org.apache.http.headers  - << Accept-Ranges: bytes
4340 [Forwarding newSession on session null to remote] DEBUG org.apache.http.headers  - << Connection: close
4340 [Forwarding newSession on session null to remote] DEBUG org.apache.http.wire  - << "{"sessionId":"79884c66-605f-4a8c-9556-5013692f6c33","status":0,"value":{"allowAsynchronousJavaScript":true,"browserName":"internet explorer","cssSelectorsEnabled":true,"elementScrollBehavior":0,"enableElementCacheCleanup":true,"enablePersistentHover":true,"handlesAlerts":true,"ignoreProtectedModeSettings":false,"ignoreZoomSetting":false,"initialBrowserUrl":"","javascriptEnabled":true,"nativeEvents":true,"platform":"WINDOWS","requireWindowFocus":false,"takesScreenshot":true,"unexpectedAlertBehaviour":"dismiss","version":"8"}}[\n]"
4340 [Forwarding newSession on session null to remote] DEBUG org.apache.http.impl.conn.DefaultClientConnection  - Connection 0.0.0.0:4007<->127.0.0.1:38029 shut down
4340 [Forwarding newSession on session null to remote] DEBUG org.apache.http.impl.conn.tsccm.ThreadSafeClientConnManager  - Released connection is not reusable.
4340 [Forwarding newSession on session null to remote] DEBUG org.apache.http.impl.conn.tsccm.ConnPoolByRoute  - Releasing connection [{}->http://localhost:38029][null]
4340 [Forwarding newSession on session null to remote] DEBUG org.apache.http.impl.conn.DefaultClientConnection  - Connection 0.0.0.0:4007<->127.0.0.1:38029 closed
4340 [Forwarding newSession on session null to remote] DEBUG org.apache.http.impl.conn.tsccm.ConnPoolByRoute  - Notifying no-one, there are no waiting threads
4340 [Forwarding implicitlyWait on session 79884c66-605f-4a8c-9556-5013692f6c33 to remote] DEBUG org.apache.http.impl.conn.tsccm.ThreadSafeClientConnManager  - Get connection: {}->http://localhost:38029, timeout = 120000
4340 [Forwarding implicitlyWait on session 79884c66-605f-4a8c-9556-5013692f6c33 to remote] DEBUG org.apache.http.impl.conn.tsccm.ConnPoolByRoute  - [{}->http://localhost:38029] total kept alive: 0, total issued: 0, total allocated: 0 out of 2000
4340 [Forwarding implicitlyWait on session 79884c66-605f-4a8c-9556-5013692f6c33 to remote] DEBUG org.apache.http.impl.conn.tsccm.ConnPoolByRoute  - No free connections [{}->http://localhost:38029][null]
4340 [Forwarding implicitlyWait on session 79884c66-605f-4a8c-9556-5013692f6c33 to remote] DEBUG org.apache.http.impl.conn.tsccm.ConnPoolByRoute  - Available capacity: 2000 out of 2000 [{}->http://localhost:38029][null]
4340 [Forwarding implicitlyWait on session 79884c66-605f-4a8c-9556-5013692f6c33 to remote] DEBUG org.apache.http.impl.conn.tsccm.ConnPoolByRoute  - Creating new connection [{}->http://localhost:38029]
4340 [Forwarding implicitlyWait on session 79884c66-605f-4a8c-9556-5013692f6c33 to remote] DEBUG org.apache.http.impl.conn.DefaultClientConnectionOperator  - Connecting to localhost:38029
4340 [Forwarding implicitlyWait on session 79884c66-605f-4a8c-9556-5013692f6c33 to remote] DEBUG org.apache.http.client.protocol.RequestAddCookies  - CookieSpec selected: best-match
4340 [Forwarding implicitlyWait on session 79884c66-605f-4a8c-9556-5013692f6c33 to remote] DEBUG org.apache.http.client.protocol.RequestAuthCache  - Auth cache not set in the context
4340 [Forwarding implicitlyWait on session 79884c66-605f-4a8c-9556-5013692f6c33 to remote] DEBUG org.apache.http.client.protocol.RequestTargetAuthentication  - Target auth state: UNCHALLENGED
4340 [Forwarding implicitlyWait on session 79884c66-605f-4a8c-9556-5013692f6c33 to remote] DEBUG org.apache.http.client.protocol.RequestProxyAuthentication  - Proxy auth state: UNCHALLENGED
4340 [Forwarding implicitlyWait on session 79884c66-605f-4a8c-9556-5013692f6c33 to remote] DEBUG org.apache.http.impl.client.DefaultHttpClient  - Attempt 1 to execute request
4340 [Forwarding implicitlyWait on session 79884c66-605f-4a8c-9556-5013692f6c33 to remote] DEBUG org.apache.http.impl.conn.DefaultClientConnection  - Sending request: POST /session/79884c66-605f-4a8c-9556-5013692f6c33/timeouts/implicit_wait HTTP/1.1
4340 [Forwarding implicitlyWait on session 79884c66-605f-4a8c-9556-5013692f6c33 to remote] DEBUG org.apache.http.wire  - >> "POST /session/79884c66-605f-4a8c-9556-5013692f6c33/timeouts/implicit_wait HTTP/1.1[\r][\n]"
4340 [Forwarding implicitlyWait on session 79884c66-605f-4a8c-9556-5013692f6c33 to remote] DEBUG org.apache.http.wire  - >> "Accept: application/json, image/png[\r][\n]"
4340 [Forwarding implicitlyWait on session 79884c66-605f-4a8c-9556-5013692f6c33 to remote] DEBUG org.apache.http.wire  - >> "Content-Type: application/json; charset=utf-8[\r][\n]"
4340 [Forwarding implicitlyWait on session 79884c66-605f-4a8c-9556-5013692f6c33 to remote] DEBUG org.apache.http.wire  - >> "Content-Length: 12[\r][\n]"
4340 [Forwarding implicitlyWait on session 79884c66-605f-4a8c-9556-5013692f6c33 to remote] DEBUG org.apache.http.wire  - >> "Host: localhost:38029[\r][\n]"
4340 [Forwarding implicitlyWait on session 79884c66-605f-4a8c-9556-5013692f6c33 to remote] DEBUG org.apache.http.wire  - >> "Connection: Keep-Alive[\r][\n]"
4340 [Forwarding implicitlyWait on session 79884c66-605f-4a8c-9556-5013692f6c33 to remote] DEBUG org.apache.http.wire  - >> "[\r][\n]"
4340 [Forwarding implicitlyWait on session 79884c66-605f-4a8c-9556-5013692f6c33 to remote] DEBUG org.apache.http.headers  - >> POST /session/79884c66-605f-4a8c-9556-5013692f6c33/timeouts/implicit_wait HTTP/1.1
4340 [Forwarding implicitlyWait on session 79884c66-605f-4a8c-9556-5013692f6c33 to remote] DEBUG org.apache.http.headers  - >> Accept: application/json, image/png
4340 [Forwarding implicitlyWait on session 79884c66-605f-4a8c-9556-5013692f6c33 to remote] DEBUG org.apache.http.headers  - >> Content-Type: application/json; charset=utf-8
4340 [Forwarding implicitlyWait on session 79884c66-605f-4a8c-9556-5013692f6c33 to remote] DEBUG org.apache.http.headers  - >> Content-Length: 12
4340 [Forwarding implicitlyWait on session 79884c66-605f-4a8c-9556-5013692f6c33 to remote] DEBUG org.apache.http.headers  - >> Host: localhost:38029
4340 [Forwarding implicitlyWait on session 79884c66-605f-4a8c-9556-5013692f6c33 to remote] DEBUG org.apache.http.headers  - >> Connection: Keep-Alive
4340 [Forwarding implicitlyWait on session 79884c66-605f-4a8c-9556-5013692f6c33 to remote] DEBUG org.apache.http.wire  - >> "{"ms":10000}"
4355 [Forwarding implicitlyWait on session 79884c66-605f-4a8c-9556-5013692f6c33 to remote] DEBUG org.apache.http.wire  - << "HTTP/1.1 200 OK[\r][\n]"
4355 [Forwarding implicitlyWait on session 79884c66-605f-4a8c-9556-5013692f6c33 to remote] DEBUG org.apache.http.wire  - << "Content-Length: 77[\r][\n]"
4355 [Forwarding implicitlyWait on session 79884c66-605f-4a8c-9556-5013692f6c33 to remote] DEBUG org.apache.http.wire  - << "Content-Type: application/json; charset=UTF-8[\r][\n]"
4355 [Forwarding implicitlyWait on session 79884c66-605f-4a8c-9556-5013692f6c33 to remote] DEBUG org.apache.http.wire  - << "Vary: Accept-Charset, Accept-Encoding, Accept-Language, Accept[\r][\n]"
4355 [Forwarding implicitlyWait on session 79884c66-605f-4a8c-9556-5013692f6c33 to remote] DEBUG org.apache.http.wire  - << "Accept-Ranges: bytes[\r][\n]"
4355 [Forwarding implicitlyWait on session 79884c66-605f-4a8c-9556-5013692f6c33 to remote] DEBUG org.apache.http.wire  - << "Connection: close[\r][\n]"
4355 [Forwarding implicitlyWait on session 79884c66-605f-4a8c-9556-5013692f6c33 to remote] DEBUG org.apache.http.wire  - << "[\r][\n]"
4355 [Forwarding implicitlyWait on session 79884c66-605f-4a8c-9556-5013692f6c33 to remote] DEBUG org.apache.http.impl.conn.DefaultClientConnection  - Receiving response: HTTP/1.1 200 OK
4355 [Forwarding implicitlyWait on session 79884c66-605f-4a8c-9556-5013692f6c33 to remote] DEBUG org.apache.http.headers  - << HTTP/1.1 200 OK
4355 [Forwarding implicitlyWait on session 79884c66-605f-4a8c-9556-5013692f6c33 to remote] DEBUG org.apache.http.headers  - << Content-Length: 77
4355 [Forwarding implicitlyWait on session 79884c66-605f-4a8c-9556-5013692f6c33 to remote] DEBUG org.apache.http.headers  - << Content-Type: application/json; charset=UTF-8
4355 [Forwarding implicitlyWait on session 79884c66-605f-4a8c-9556-5013692f6c33 to remote] DEBUG org.apache.http.headers  - << Vary: Accept-Charset, Accept-Encoding, Accept-Language, Accept
4355 [Forwarding implicitlyWait on session 79884c66-605f-4a8c-9556-5013692f6c33 to remote] DEBUG org.apache.http.headers  - << Accept-Ranges: bytes
4355 [Forwarding implicitlyWait on session 79884c66-605f-4a8c-9556-5013692f6c33 to remote] DEBUG org.apache.http.headers  - << Connection: close
4355 [Forwarding implicitlyWait on session 79884c66-605f-4a8c-9556-5013692f6c33 to remote] DEBUG org.apache.http.wire  - << "{"sessionId":"79884c66-605f-4a8c-9556-5013692f6c33","status":0,"value":null}[\n]"
4355 [Forwarding implicitlyWait on session 79884c66-605f-4a8c-9556-5013692f6c33 to remote] DEBUG org.apache.http.impl.conn.DefaultClientConnection  - Connection 0.0.0.0:4009<->127.0.0.1:38029 shut down
4355 [Forwarding implicitlyWait on session 79884c66-605f-4a8c-9556-5013692f6c33 to remote] DEBUG org.apache.http.impl.conn.tsccm.ThreadSafeClientConnManager  - Released connection is not reusable.
4355 [Forwarding implicitlyWait on session 79884c66-605f-4a8c-9556-5013692f6c33 to remote] DEBUG org.apache.http.impl.conn.tsccm.ConnPoolByRoute  - Releasing connection [{}->http://localhost:38029][null]
4355 [Forwarding implicitlyWait on session 79884c66-605f-4a8c-9556-5013692f6c33 to remote] DEBUG org.apache.http.impl.conn.DefaultClientConnection  - Connection 0.0.0.0:4009<->127.0.0.1:38029 closed
4355 [Forwarding implicitlyWait on session 79884c66-605f-4a8c-9556-5013692f6c33 to remote] DEBUG org.apache.http.impl.conn.tsccm.ConnPoolByRoute  - Notifying no-one, there are no waiting threads
4355 [Forwarding get on session 79884c66-605f-4a8c-9556-5013692f6c33 to remote] DEBUG org.apache.http.impl.conn.tsccm.ThreadSafeClientConnManager  - Get connection: {}->http://localhost:38029, timeout = 120000
4355 [Forwarding get on session 79884c66-605f-4a8c-9556-5013692f6c33 to remote] DEBUG org.apache.http.impl.conn.tsccm.ConnPoolByRoute  - [{}->http://localhost:38029] total kept alive: 0, total issued: 0, total allocated: 0 out of 2000
4355 [Forwarding get on session 79884c66-605f-4a8c-9556-5013692f6c33 to remote] DEBUG org.apache.http.impl.conn.tsccm.ConnPoolByRoute  - No free connections [{}->http://localhost:38029][null]
4355 [Forwarding get on session 79884c66-605f-4a8c-9556-5013692f6c33 to remote] DEBUG org.apache.http.impl.conn.tsccm.ConnPoolByRoute  - Available capacity: 2000 out of 2000 [{}->http://localhost:38029][null]
4355 [Forwarding get on session 79884c66-605f-4a8c-9556-5013692f6c33 to remote] DEBUG org.apache.http.impl.conn.tsccm.ConnPoolByRoute  - Creating new connection [{}->http://localhost:38029]
4355 [Forwarding get on session 79884c66-605f-4a8c-9556-5013692f6c33 to remote] DEBUG org.apache.http.impl.conn.DefaultClientConnectionOperator  - Connecting to localhost:38029
4355 [Forwarding get on session 79884c66-605f-4a8c-9556-5013692f6c33 to remote] DEBUG org.apache.http.client.protocol.RequestAddCookies  - CookieSpec selected: best-match
4355 [Forwarding get on session 79884c66-605f-4a8c-9556-5013692f6c33 to remote] DEBUG org.apache.http.client.protocol.RequestAuthCache  - Auth cache not set in the context
4355 [Forwarding get on session 79884c66-605f-4a8c-9556-5013692f6c33 to remote] DEBUG org.apache.http.client.protocol.RequestTargetAuthentication  - Target auth state: UNCHALLENGED
4355 [Forwarding get on session 79884c66-605f-4a8c-9556-5013692f6c33 to remote] DEBUG org.apache.http.client.protocol.RequestProxyAuthentication  - Proxy auth state: UNCHALLENGED
4355 [Forwarding get on session 79884c66-605f-4a8c-9556-5013692f6c33 to remote] DEBUG org.apache.http.impl.client.DefaultHttpClient  - Attempt 1 to execute request
4355 [Forwarding get on session 79884c66-605f-4a8c-9556-5013692f6c33 to remote] DEBUG org.apache.http.impl.conn.DefaultClientConnection  - Sending request: POST /session/79884c66-605f-4a8c-9556-5013692f6c33/url HTTP/1.1
4355 [Forwarding get on session 79884c66-605f-4a8c-9556-5013692f6c33 to remote] DEBUG org.apache.http.wire  - >> "POST /session/79884c66-605f-4a8c-9556-5013692f6c33/url HTTP/1.1[\r][\n]"
4355 [Forwarding get on session 79884c66-605f-4a8c-9556-5013692f6c33 to remote] DEBUG org.apache.http.wire  - >> "Accept: application/json, image/png[\r][\n]"
4355 [Forwarding get on session 79884c66-605f-4a8c-9556-5013692f6c33 to remote] DEBUG org.apache.http.wire  - >> "Content-Type: application/json; charset=utf-8[\r][\n]"
4355 [Forwarding get on session 79884c66-605f-4a8c-9556-5013692f6c33 to remote] DEBUG org.apache.http.wire  - >> "Content-Length: 75[\r][\n]"
4355 [Forwarding get on session 79884c66-605f-4a8c-9556-5013692f6c33 to remote] DEBUG org.apache.http.wire  - >> "Host: localhost:38029[\r][\n]"
4355 [Forwarding get on session 79884c66-605f-4a8c-9556-5013692f6c33 to remote] DEBUG org.apache.http.wire  - >> "Connection: Keep-Alive[\r][\n]"
4355 [Forwarding get on session 79884c66-605f-4a8c-9556-5013692f6c33 to remote] DEBUG org.apache.http.wire  - >> "[\r][\n]"
4355 [Forwarding get on session 79884c66-605f-4a8c-9556-5013692f6c33 to remote] DEBUG org.apache.http.headers  - >> POST /session/79884c66-605f-4a8c-9556-5013692f6c33/url HTTP/1.1
4355 [Forwarding get on session 79884c66-605f-4a8c-9556-5013692f6c33 to remote] DEBUG org.apache.http.headers  - >> Accept: application/json, image/png
4355 [Forwarding get on session 79884c66-605f-4a8c-9556-5013692f6c33 to remote] DEBUG org.apache.http.headers  - >> Content-Type: application/json; charset=utf-8
4355 [Forwarding get on session 79884c66-605f-4a8c-9556-5013692f6c33 to remote] DEBUG org.apache.http.headers  - >> Content-Length: 75
4355 [Forwarding get on session 79884c66-605f-4a8c-9556-5013692f6c33 to remote] DEBUG org.apache.http.headers  - >> Host: localhost:38029
4355 [Forwarding get on session 79884c66-605f-4a8c-9556-5013692f6c33 to remote] DEBUG org.apache.http.headers  - >> Connection: Keep-Alive
4355 [Forwarding get on session 79884c66-605f-4a8c-9556-5013692f6c33 to remote] DEBUG org.apache.http.wire  - >> "{"url":"http://sxz0120:21180/DevWebUtilWEB/impersonateMenu.jsp?TSD=dv2101"}"
4823 [Forwarding get on session 79884c66-605f-4a8c-9556-5013692f6c33 to remote] DEBUG org.apache.http.wire  - << "HTTP/1.1 200 OK[\r][\n]"
4823 [Forwarding get on session 79884c66-605f-4a8c-9556-5013692f6c33 to remote] DEBUG org.apache.http.wire  - << "Content-Length: 77[\r][\n]"
4823 [Forwarding get on session 79884c66-605f-4a8c-9556-5013692f6c33 to remote] DEBUG org.apache.http.wire  - << "Content-Type: application/json; charset=UTF-8[\r][\n]"
4823 [Forwarding get on session 79884c66-605f-4a8c-9556-5013692f6c33 to remote] DEBUG org.apache.http.wire  - << "Vary: Accept-Charset, Accept-Encoding, Accept-Language, Accept[\r][\n]"
4823 [Forwarding get on session 79884c66-605f-4a8c-9556-5013692f6c33 to remote] DEBUG org.apache.http.wire  - << "Accept-Ranges: bytes[\r][\n]"
4823 [Forwarding get on session 79884c66-605f-4a8c-9556-5013692f6c33 to remote] DEBUG org.apache.http.wire  - << "Connection: close[\r][\n]"
4823 [Forwarding get on session 79884c66-605f-4a8c-9556-5013692f6c33 to remote] DEBUG org.apache.http.wire  - << "[\r][\n]"
4823 [Forwarding get on session 79884c66-605f-4a8c-9556-5013692f6c33 to remote] DEBUG org.apache.http.impl.conn.DefaultClientConnection  - Receiving response: HTTP/1.1 200 OK
4823 [Forwarding get on session 79884c66-605f-4a8c-9556-5013692f6c33 to remote] DEBUG org.apache.http.headers  - << HTTP/1.1 200 OK
4823 [Forwarding get on session 79884c66-605f-4a8c-9556-5013692f6c33 to remote] DEBUG org.apache.http.headers  - << Content-Length: 77
4823 [Forwarding get on session 79884c66-605f-4a8c-9556-5013692f6c33 to remote] DEBUG org.apache.http.headers  - << Content-Type: application/json; charset=UTF-8
4823 [Forwarding get on session 79884c66-605f-4a8c-9556-5013692f6c33 to remote] DEBUG org.apache.http.headers  - << Vary: Accept-Charset, Accept-Encoding, Accept-Language, Accept
4823 [Forwarding get on session 79884c66-605f-4a8c-9556-5013692f6c33 to remote] DEBUG org.apache.http.headers  - << Accept-Ranges: bytes
4823 [Forwarding get on session 79884c66-605f-4a8c-9556-5013692f6c33 to remote] DEBUG org.apache.http.headers  - << Connection: close
4823 [Forwarding get on session 79884c66-605f-4a8c-9556-5013692f6c33 to remote] DEBUG org.apache.http.wire  - << "{"sessionId":"79884c66-605f-4a8c-9556-5013692f6c33","status":0,"value":null}[\n]"
4823 [Forwarding get on session 79884c66-605f-4a8c-9556-5013692f6c33 to remote] DEBUG org.apache.http.impl.conn.DefaultClientConnection  - Connection 0.0.0.0:4010<->127.0.0.1:38029 shut down
4823 [Forwarding get on session 79884c66-605f-4a8c-9556-5013692f6c33 to remote] DEBUG org.apache.http.impl.conn.tsccm.ThreadSafeClientConnManager  - Released connection is not reusable.
4823 [Forwarding get on session 79884c66-605f-4a8c-9556-5013692f6c33 to remote] DEBUG org.apache.http.impl.conn.tsccm.ConnPoolByRoute  - Releasing connection [{}->http://localhost:38029][null]
4823 [Forwarding get on session 79884c66-605f-4a8c-9556-5013692f6c33 to remote] DEBUG org.apache.http.impl.conn.DefaultClientConnection  - Connection 0.0.0.0:4010<->127.0.0.1:38029 closed
4823 [Forwarding get on session 79884c66-605f-4a8c-9556-5013692f6c33 to remote] DEBUG org.apache.http.impl.conn.tsccm.ConnPoolByRoute  - Notifying no-one, there are no waiting threads
4823 [Forwarding implicitlyWait on session 79884c66-605f-4a8c-9556-5013692f6c33 to remote] DEBUG org.apache.http.impl.conn.tsccm.ThreadSafeClientConnManager  - Get connection: {}->http://localhost:38029, timeout = 120000
4823 [Forwarding implicitlyWait on session 79884c66-605f-4a8c-9556-5013692f6c33 to remote] DEBUG org.apache.http.impl.conn.tsccm.ConnPoolByRoute  - [{}->http://localhost:38029] total kept alive: 0, total issued: 0, total allocated: 0 out of 2000
4823 [Forwarding implicitlyWait on session 79884c66-605f-4a8c-9556-5013692f6c33 to remote] DEBUG org.apache.http.impl.conn.tsccm.ConnPoolByRoute  - No free connections [{}->http://localhost:38029][null]
4823 [Forwarding implicitlyWait on session 79884c66-605f-4a8c-9556-5013692f6c33 to remote] DEBUG org.apache.http.impl.conn.tsccm.ConnPoolByRoute  - Available capacity: 2000 out of 2000 [{}->http://localhost:38029][null]
4823 [Forwarding implicitlyWait on session 79884c66-605f-4a8c-9556-5013692f6c33 to remote] DEBUG org.apache.http.impl.conn.tsccm.ConnPoolByRoute  - Creating new connection [{}->http://localhost:38029]
4823 [Forwarding implicitlyWait on session 79884c66-605f-4a8c-9556-5013692f6c33 to remote] DEBUG org.apache.http.impl.conn.DefaultClientConnectionOperator  - Connecting to localhost:38029
4823 [Forwarding implicitlyWait on session 79884c66-605f-4a8c-9556-5013692f6c33 to remote] DEBUG org.apache.http.client.protocol.RequestAddCookies  - CookieSpec selected: best-match
4823 [Forwarding implicitlyWait on session 79884c66-605f-4a8c-9556-5013692f6c33 to remote] DEBUG org.apache.http.client.protocol.RequestAuthCache  - Auth cache not set in the context
4823 [Forwarding implicitlyWait on session 79884c66-605f-4a8c-9556-5013692f6c33 to remote] DEBUG org.apache.http.client.protocol.RequestTargetAuthentication  - Target auth state: UNCHALLENGED
4823 [Forwarding implicitlyWait on session 79884c66-605f-4a8c-9556-5013692f6c33 to remote] DEBUG org.apache.http.client.protocol.RequestProxyAuthentication  - Proxy auth state: UNCHALLENGED
4823 [Forwarding implicitlyWait on session 79884c66-605f-4a8c-9556-5013692f6c33 to remote] DEBUG org.apache.http.impl.client.DefaultHttpClient  - Attempt 1 to execute request
4823 [Forwarding implicitlyWait on session 79884c66-605f-4a8c-9556-5013692f6c33 to remote] DEBUG org.apache.http.impl.conn.DefaultClientConnection  - Sending request: POST /session/79884c66-605f-4a8c-9556-5013692f6c33/timeouts/implicit_wait HTTP/1.1
4823 [Forwarding implicitlyWait on session 79884c66-605f-4a8c-9556-5013692f6c33 to remote] DEBUG org.apache.http.wire  - >> "POST /session/79884c66-605f-4a8c-9556-5013692f6c33/timeouts/implicit_wait HTTP/1.1[\r][\n]"
4823 [Forwarding implicitlyWait on session 79884c66-605f-4a8c-9556-5013692f6c33 to remote] DEBUG org.apache.http.wire  - >> "Accept: application/json, image/png[\r][\n]"
4823 [Forwarding implicitlyWait on session 79884c66-605f-4a8c-9556-5013692f6c33 to remote] DEBUG org.apache.http.wire  - >> "Content-Type: application/json; charset=utf-8[\r][\n]"
4823 [Forwarding implicitlyWait on session 79884c66-605f-4a8c-9556-5013692f6c33 to remote] DEBUG org.apache.http.wire  - >> "Content-Length: 12[\r][\n]"
4823 [Forwarding implicitlyWait on session 79884c66-605f-4a8c-9556-5013692f6c33 to remote] DEBUG org.apache.http.wire  - >> "Host: localhost:38029[\r][\n]"
4823 [Forwarding implicitlyWait on session 79884c66-605f-4a8c-9556-5013692f6c33 to remote] DEBUG org.apache.http.wire  - >> "Connection: Keep-Alive[\r][\n]"
4823 [Forwarding implicitlyWait on session 79884c66-605f-4a8c-9556-5013692f6c33 to remote] DEBUG org.apache.http.wire  - >> "[\r][\n]"
4823 [Forwarding implicitlyWait on session 79884c66-605f-4a8c-9556-5013692f6c33 to remote] DEBUG org.apache.http.headers  - >> POST /session/79884c66-605f-4a8c-9556-5013692f6c33/timeouts/implicit_wait HTTP/1.1
4823 [Forwarding implicitlyWait on session 79884c66-605f-4a8c-9556-5013692f6c33 to remote] DEBUG org.apache.http.headers  - >> Accept: application/json, image/png
4823 [Forwarding implicitlyWait on session 79884c66-605f-4a8c-9556-5013692f6c33 to remote] DEBUG org.apache.http.headers  - >> Content-Type: application/json; charset=utf-8
4823 [Forwarding implicitlyWait on session 79884c66-605f-4a8c-9556-5013692f6c33 to remote] DEBUG org.apache.http.headers  - >> Content-Length: 12
4823 [Forwarding implicitlyWait on session 79884c66-605f-4a8c-9556-5013692f6c33 to remote] DEBUG org.apache.http.headers  - >> Host: localhost:38029
4823 [Forwarding implicitlyWait on session 79884c66-605f-4a8c-9556-5013692f6c33 to remote] DEBUG org.apache.http.headers  - >> Connection: Keep-Alive
4823 [Forwarding implicitlyWait on session 79884c66-605f-4a8c-9556-5013692f6c33 to remote] DEBUG org.apache.http.wire  - >> "{"ms":20000}"
4839 [Forwarding implicitlyWait on session 79884c66-605f-4a8c-9556-5013692f6c33 to remote] DEBUG org.apache.http.wire  - << "HTTP/1.1 200 OK[\r][\n]"
4839 [Forwarding implicitlyWait on session 79884c66-605f-4a8c-9556-5013692f6c33 to remote] DEBUG org.apache.http.wire  - << "Content-Length: 77[\r][\n]"
4839 [Forwarding implicitlyWait on session 79884c66-605f-4a8c-9556-5013692f6c33 to remote] DEBUG org.apache.http.wire  - << "Content-Type: application/json; charset=UTF-8[\r][\n]"
4839 [Forwarding implicitlyWait on session 79884c66-605f-4a8c-9556-5013692f6c33 to remote] DEBUG org.apache.http.wire  - << "Vary: Accept-Charset, Accept-Encoding, Accept-Language, Accept[\r][\n]"
4839 [Forwarding implicitlyWait on session 79884c66-605f-4a8c-9556-5013692f6c33 to remote] DEBUG org.apache.http.wire  - << "Accept-Ranges: bytes[\r][\n]"
4839 [Forwarding implicitlyWait on session 79884c66-605f-4a8c-9556-5013692f6c33 to remote] DEBUG org.apache.http.wire  - << "Connection: close[\r][\n]"
4839 [Forwarding implicitlyWait on session 79884c66-605f-4a8c-9556-5013692f6c33 to remote] DEBUG org.apache.http.wire  - << "[\r][\n]"
4839 [Forwarding implicitlyWait on session 79884c66-605f-4a8c-9556-5013692f6c33 to remote] DEBUG org.apache.http.impl.conn.DefaultClientConnection  - Receiving response: HTTP/1.1 200 OK
4839 [Forwarding implicitlyWait on session 79884c66-605f-4a8c-9556-5013692f6c33 to remote] DEBUG org.apache.http.headers  - << HTTP/1.1 200 OK
4839 [Forwarding implicitlyWait on session 79884c66-605f-4a8c-9556-5013692f6c33 to remote] DEBUG org.apache.http.headers  - << Content-Length: 77
4839 [Forwarding implicitlyWait on session 79884c66-605f-4a8c-9556-5013692f6c33 to remote] DEBUG org.apache.http.headers  - << Content-Type: application/json; charset=UTF-8
4839 [Forwarding implicitlyWait on session 79884c66-605f-4a8c-9556-5013692f6c33 to remote] DEBUG org.apache.http.headers  - << Vary: Accept-Charset, Accept-Encoding, Accept-Language, Accept
4839 [Forwarding implicitlyWait on session 79884c66-605f-4a8c-9556-5013692f6c33 to remote] DEBUG org.apache.http.headers  - << Accept-Ranges: bytes
4839 [Forwarding implicitlyWait on session 79884c66-605f-4a8c-9556-5013692f6c33 to remote] DEBUG org.apache.http.headers  - << Connection: close
4839 [Forwarding implicitlyWait on session 79884c66-605f-4a8c-9556-5013692f6c33 to remote] DEBUG org.apache.http.wire  - << "{"sessionId":"79884c66-605f-4a8c-9556-5013692f6c33","status":0,"value":null}[\n]"
4839 [Forwarding implicitlyWait on session 79884c66-605f-4a8c-9556-5013692f6c33 to remote] DEBUG org.apache.http.impl.conn.DefaultClientConnection  - Connection 0.0.0.0:4015<->127.0.0.1:38029 shut down
4839 [Forwarding implicitlyWait on session 79884c66-605f-4a8c-9556-5013692f6c33 to remote] DEBUG org.apache.http.impl.conn.tsccm.ThreadSafeClientConnManager  - Released connection is not reusable.
4839 [Forwarding implicitlyWait on session 79884c66-605f-4a8c-9556-5013692f6c33 to remote] DEBUG org.apache.http.impl.conn.tsccm.ConnPoolByRoute  - Releasing connection [{}->http://localhost:38029][null]
4839 [Forwarding implicitlyWait on session 79884c66-605f-4a8c-9556-5013692f6c33 to remote] DEBUG org.apache.http.impl.conn.DefaultClientConnection  - Connection 0.0.0.0:4015<->127.0.0.1:38029 closed
4839 [Forwarding implicitlyWait on session 79884c66-605f-4a8c-9556-5013692f6c33 to remote] DEBUG org.apache.http.impl.conn.tsccm.ConnPoolByRoute  - Notifying no-one, there are no waiting threads
4839 [main] INFO com.allstate.utilities.LogHelper  - *********************************************************************************
4839 [main] INFO com.allstate.utilities.LogHelper  - Test Case Id    = ScenarioID 1 Test Case
4839 [main] INFO com.allstate.utilities.LogHelper  - Test Case Desc  = Description still needs to be created
4839 [main] INFO com.allstate.utilities.LogHelper  - Test Case Start = Thu Apr 11 17:17:15 CDT 2013
4839 [main] INFO com.allstate.utilities.LogHelper  - ---------------------------------------------------------------------------------
5089 [Forwarding findElement on session 79884c66-605f-4a8c-9556-5013692f6c33 to remote] DEBUG org.apache.http.impl.conn.tsccm.ThreadSafeClientConnManager  - Get connection: {}->http://localhost:38029, timeout = 120000
5089 [Forwarding findElement on session 79884c66-605f-4a8c-9556-5013692f6c33 to remote] DEBUG org.apache.http.impl.conn.tsccm.ConnPoolByRoute  - [{}->http://localhost:38029] total kept alive: 0, total issued: 0, total allocated: 0 out of 2000
5089 [Forwarding findElement on session 79884c66-605f-4a8c-9556-5013692f6c33 to remote] DEBUG org.apache.http.impl.conn.tsccm.ConnPoolByRoute  - No free connections [{}->http://localhost:38029][null]
5089 [Forwarding findElement on session 79884c66-605f-4a8c-9556-5013692f6c33 to remote] DEBUG org.apache.http.impl.conn.tsccm.ConnPoolByRoute  - Available capacity: 2000 out of 2000 [{}->http://localhost:38029][null]
5089 [Forwarding findElement on session 79884c66-605f-4a8c-9556-5013692f6c33 to remote] DEBUG org.apache.http.impl.conn.tsccm.ConnPoolByRoute  - Creating new connection [{}->http://localhost:38029]
5089 [Forwarding findElement on session 79884c66-605f-4a8c-9556-5013692f6c33 to remote] DEBUG org.apache.http.impl.conn.DefaultClientConnectionOperator  - Connecting to localhost:38029
5089 [Forwarding findElement on session 79884c66-605f-4a8c-9556-5013692f6c33 to remote] DEBUG org.apache.http.client.protocol.RequestAddCookies  - CookieSpec selected: best-match
5089 [Forwarding findElement on session 79884c66-605f-4a8c-9556-5013692f6c33 to remote] DEBUG org.apache.http.client.protocol.RequestAuthCache  - Auth cache not set in the context
5089 [Forwarding findElement on session 79884c66-605f-4a8c-9556-5013692f6c33 to remote] DEBUG org.apache.http.client.protocol.RequestTargetAuthentication  - Target auth state: UNCHALLENGED
5089 [Forwarding findElement on session 79884c66-605f-4a8c-9556-5013692f6c33 to remote] DEBUG org.apache.http.client.protocol.RequestProxyAuthentication  - Proxy auth state: UNCHALLENGED
5089 [Forwarding findElement on session 79884c66-605f-4a8c-9556-5013692f6c33 to remote] DEBUG org.apache.http.impl.client.DefaultHttpClient  - Attempt 1 to execute request
5089 [Forwarding findElement on session 79884c66-605f-4a8c-9556-5013692f6c33 to remote] DEBUG org.apache.http.impl.conn.DefaultClientConnection  - Sending request: POST /session/79884c66-605f-4a8c-9556-5013692f6c33/element HTTP/1.1
5089 [Forwarding findElement on session 79884c66-605f-4a8c-9556-5013692f6c33 to remote] DEBUG org.apache.http.wire  - >> "POST /session/79884c66-605f-4a8c-9556-5013692f6c33/element HTTP/1.1[\r][\n]"
5089 [Forwarding findElement on session 79884c66-605f-4a8c-9556-5013692f6c33 to remote] DEBUG org.apache.http.wire  - >> "Accept: application/json, image/png[\r][\n]"
5089 [Forwarding findElement on session 79884c66-605f-4a8c-9556-5013692f6c33 to remote] DEBUG org.apache.http.wire  - >> "Content-Type: application/json; charset=utf-8[\r][\n]"
5089 [Forwarding findElement on session 79884c66-605f-4a8c-9556-5013692f6c33 to remote] DEBUG org.apache.http.wire  - >> "Content-Length: 49[\r][\n]"
5089 [Forwarding findElement on session 79884c66-605f-4a8c-9556-5013692f6c33 to remote] DEBUG org.apache.http.wire  - >> "Host: localhost:38029[\r][\n]"
5089 [Forwarding findElement on session 79884c66-605f-4a8c-9556-5013692f6c33 to remote] DEBUG org.apache.http.wire  - >> "Connection: Keep-Alive[\r][\n]"
5089 [Forwarding findElement on session 79884c66-605f-4a8c-9556-5013692f6c33 to remote] DEBUG org.apache.http.wire  - >> "[\r][\n]"
5089 [Forwarding findElement on session 79884c66-605f-4a8c-9556-5013692f6c33 to remote] DEBUG org.apache.http.headers  - >> POST /session/79884c66-605f-4a8c-9556-5013692f6c33/element HTTP/1.1
5089 [Forwarding findElement on session 79884c66-605f-4a8c-9556-5013692f6c33 to remote] DEBUG org.apache.http.headers  - >> Accept: application/json, image/png
5089 [Forwarding findElement on session 79884c66-605f-4a8c-9556-5013692f6c33 to remote] DEBUG org.apache.http.headers  - >> Content-Type: application/json; charset=utf-8
5089 [Forwarding findElement on session 79884c66-605f-4a8c-9556-5013692f6c33 to remote] DEBUG org.apache.http.headers  - >> Content-Length: 49
5089 [Forwarding findElement on session 79884c66-605f-4a8c-9556-5013692f6c33 to remote] DEBUG org.apache.http.headers  - >> Host: localhost:38029
5089 [Forwarding findElement on session 79884c66-605f-4a8c-9556-5013692f6c33 to remote] DEBUG org.apache.http.headers  - >> Connection: Keep-Alive
5089 [Forwarding findElement on session 79884c66-605f-4a8c-9556-5013692f6c33 to remote] DEBUG org.apache.http.wire  - >> "{"using":"class name","value":"alliancetablebar"}"
5245 [Forwarding findElement on session 79884c66-605f-4a8c-9556-5013692f6c33 to remote] DEBUG org.apache.http.wire  - << "HTTP/1.1 200 OK[\r][\n]"
5245 [Forwarding findElement on session 79884c66-605f-4a8c-9556-5013692f6c33 to remote] DEBUG org.apache.http.wire  - << "Content-Length: 123[\r][\n]"
5245 [Forwarding findElement on session 79884c66-605f-4a8c-9556-5013692f6c33 to remote] DEBUG org.apache.http.wire  - << "Content-Type: application/json; charset=UTF-8[\r][\n]"
5245 [Forwarding findElement on session 79884c66-605f-4a8c-9556-5013692f6c33 to remote] DEBUG org.apache.http.wire  - << "Vary: Accept-Charset, Accept-Encoding, Accept-Language, Accept[\r][\n]"
5245 [Forwarding findElement on session 79884c66-605f-4a8c-9556-5013692f6c33 to remote] DEBUG org.apache.http.wire  - << "Accept-Ranges: bytes[\r][\n]"
5245 [Forwarding findElement on session 79884c66-605f-4a8c-9556-5013692f6c33 to remote] DEBUG org.apache.http.wire  - << "Connection: close[\r][\n]"
5245 [Forwarding findElement on session 79884c66-605f-4a8c-9556-5013692f6c33 to remote] DEBUG org.apache.http.wire  - << "[\r][\n]"
5245 [Forwarding findElement on session 79884c66-605f-4a8c-9556-5013692f6c33 to remote] DEBUG org.apache.http.impl.conn.DefaultClientConnection  - Receiving response: HTTP/1.1 200 OK
5245 [Forwarding findElement on session 79884c66-605f-4a8c-9556-5013692f6c33 to remote] DEBUG org.apache.http.headers  - << HTTP/1.1 200 OK
5245 [Forwarding findElement on session 79884c66-605f-4a8c-9556-5013692f6c33 to remote] DEBUG org.apache.http.headers  - << Content-Length: 123
5245 [Forwarding findElement on session 79884c66-605f-4a8c-9556-5013692f6c33 to remote] DEBUG org.apache.http.headers  - << Content-Type: application/json; charset=UTF-8
5245 [Forwarding findElement on session 79884c66-605f-4a8c-9556-5013692f6c33 to remote] DEBUG org.apache.http.headers  - << Vary: Accept-Charset, Accept-Encoding, Accept-Language, Accept
5245 [Forwarding findElement on session 79884c66-605f-4a8c-9556-5013692f6c33 to remote] DEBUG org.apache.http.headers  - << Accept-Ranges: bytes
5245 [Forwarding findElement on session 79884c66-605f-4a8c-9556-5013692f6c33 to remote] DEBUG org.apache.http.headers  - << Connection: close
5245 [Forwarding findElement on session 79884c66-605f-4a8c-9556-5013692f6c33 to remote] DEBUG org.apache.http.wire  - << "{"sessionId":"79884c66-605f-4a8c-9556-5013692f6c33","status":0,"value":{"ELEMENT":"b4f075e2-2253-43dc-bca8-1dd169262a5d"}}[\n]"
5245 [Forwarding findElement on session 79884c66-605f-4a8c-9556-5013692f6c33 to remote] DEBUG org.apache.http.impl.conn.DefaultClientConnection  - Connection 0.0.0.0:4017<->127.0.0.1:38029 shut down
5245 [Forwarding findElement on session 79884c66-605f-4a8c-9556-5013692f6c33 to remote] DEBUG org.apache.http.impl.conn.tsccm.ThreadSafeClientConnManager  - Released connection is not reusable.
5245 [Forwarding findElement on session 79884c66-605f-4a8c-9556-5013692f6c33 to remote] DEBUG org.apache.http.impl.conn.tsccm.ConnPoolByRoute  - Releasing connection [{}->http://localhost:38029][null]
5245 [Forwarding findElement on session 79884c66-605f-4a8c-9556-5013692f6c33 to remote] DEBUG org.apache.http.impl.conn.DefaultClientConnection  - Connection 0.0.0.0:4017<->127.0.0.1:38029 closed
5245 [Forwarding findElement on session 79884c66-605f-4a8c-9556-5013692f6c33 to remote] DEBUG org.apache.http.impl.conn.tsccm.ConnPoolByRoute  - Notifying no-one, there are no waiting threads
5245 [Forwarding isElementDisplayed on session 79884c66-605f-4a8c-9556-5013692f6c33 to remote] DEBUG org.apache.http.impl.conn.tsccm.ThreadSafeClientConnManager  - Get connection: {}->http://localhost:38029, timeout = 120000
5245 [Forwarding isElementDisplayed on session 79884c66-605f-4a8c-9556-5013692f6c33 to remote] DEBUG org.apache.http.impl.conn.tsccm.ConnPoolByRoute  - [{}->http://localhost:38029] total kept alive: 0, total issued: 0, total allocated: 0 out of 2000
5245 [Forwarding isElementDisplayed on session 79884c66-605f-4a8c-9556-5013692f6c33 to remote] DEBUG org.apache.http.impl.conn.tsccm.ConnPoolByRoute  - No free connections [{}->http://localhost:38029][null]
5245 [Forwarding isElementDisplayed on session 79884c66-605f-4a8c-9556-5013692f6c33 to remote] DEBUG org.apache.http.impl.conn.tsccm.ConnPoolByRoute  - Available capacity: 2000 out of 2000 [{}->http://localhost:38029][null]
5245 [Forwarding isElementDisplayed on session 79884c66-605f-4a8c-9556-5013692f6c33 to remote] DEBUG org.apache.http.impl.conn.tsccm.ConnPoolByRoute  - Creating new connection [{}->http://localhost:38029]
5245 [Forwarding isElementDisplayed on session 79884c66-605f-4a8c-9556-5013692f6c33 to remote] DEBUG org.apache.http.impl.conn.DefaultClientConnectionOperator  - Connecting to localhost:38029
5245 [Forwarding isElementDisplayed on session 79884c66-605f-4a8c-9556-5013692f6c33 to remote] DEBUG org.apache.http.client.protocol.RequestAddCookies  - CookieSpec selected: best-match
5245 [Forwarding isElementDisplayed on session 79884c66-605f-4a8c-9556-5013692f6c33 to remote] DEBUG org.apache.http.client.protocol.RequestAuthCache  - Auth cache not set in the context
5245 [Forwarding isElementDisplayed on session 79884c66-605f-4a8c-9556-5013692f6c33 to remote] DEBUG org.apache.http.client.protocol.RequestTargetAuthentication  - Target auth state: UNCHALLENGED
5245 [Forwarding isElementDisplayed on session 79884c66-605f-4a8c-9556-5013692f6c33 to remote] DEBUG org.apache.http.client.protocol.RequestProxyAuthentication  - Proxy auth state: UNCHALLENGED
5245 [Forwarding isElementDisplayed on session 79884c66-605f-4a8c-9556-5013692f6c33 to remote] DEBUG org.apache.http.impl.client.DefaultHttpClient  - Attempt 1 to execute request
5245 [Forwarding isElementDisplayed on session 79884c66-605f-4a8c-9556-5013692f6c33 to remote] DEBUG org.apache.http.impl.conn.DefaultClientConnection  - Sending request: GET /session/79884c66-605f-4a8c-9556-5013692f6c33/element/b4f075e2-2253-43dc-bca8-1dd169262a5d/displayed HTTP/1.1
5245 [Forwarding isElementDisplayed on session 79884c66-605f-4a8c-9556-5013692f6c33 to remote] DEBUG org.apache.http.wire  - >> "GET /session/79884c66-605f-4a8c-9556-5013692f6c33/element/b4f075e2-2253-43dc-bca8-1dd169262a5d/displayed HTTP/1.1[\r][\n]"
5245 [Forwarding isElementDisplayed on session 79884c66-605f-4a8c-9556-5013692f6c33 to remote] DEBUG org.apache.http.wire  - >> "Accept: application/json, image/png[\r][\n]"
5245 [Forwarding isElementDisplayed on session 79884c66-605f-4a8c-9556-5013692f6c33 to remote] DEBUG org.apache.http.wire  - >> "Cache-Control: no-cache[\r][\n]"
5245 [Forwarding isElementDisplayed on session 79884c66-605f-4a8c-9556-5013692f6c33 to remote] DEBUG org.apache.http.wire  - >> "Host: localhost:38029[\r][\n]"
5245 [Forwarding isElementDisplayed on session 79884c66-605f-4a8c-9556-5013692f6c33 to remote] DEBUG org.apache.http.wire  - >> "Connection: Keep-Alive[\r][\n]"
5245 [Forwarding isElementDisplayed on session 79884c66-605f-4a8c-9556-5013692f6c33 to remote] DEBUG org.apache.http.wire  - >> "[\r][\n]"
5245 [Forwarding isElementDisplayed on session 79884c66-605f-4a8c-9556-5013692f6c33 to remote] DEBUG org.apache.http.headers  - >> GET /session/79884c66-605f-4a8c-9556-5013692f6c33/element/b4f075e2-2253-43dc-bca8-1dd169262a5d/displayed HTTP/1.1
5245 [Forwarding isElementDisplayed on session 79884c66-605f-4a8c-9556-5013692f6c33 to remote] DEBUG org.apache.http.headers  - >> Accept: application/json, image/png
5245 [Forwarding isElementDisplayed on session 79884c66-605f-4a8c-9556-5013692f6c33 to remote] DEBUG org.apache.http.headers  - >> Cache-Control: no-cache
5245 [Forwarding isElementDisplayed on session 79884c66-605f-4a8c-9556-5013692f6c33 to remote] DEBUG org.apache.http.headers  - >> Host: localhost:38029
5245 [Forwarding isElementDisplayed on session 79884c66-605f-4a8c-9556-5013692f6c33 to remote] DEBUG org.apache.http.headers  - >> Connection: Keep-Alive
5354 [Forwarding isElementDisplayed on session 79884c66-605f-4a8c-9556-5013692f6c33 to remote] DEBUG org.apache.http.wire  - << "HTTP/1.1 200 OK[\r][\n]"
5354 [Forwarding isElementDisplayed on session 79884c66-605f-4a8c-9556-5013692f6c33 to remote] DEBUG org.apache.http.wire  - << "Content-Length: 77[\r][\n]"
5354 [Forwarding isElementDisplayed on session 79884c66-605f-4a8c-9556-5013692f6c33 to remote] DEBUG org.apache.http.wire  - << "Content-Type: application/json; charset=UTF-8[\r][\n]"
5354 [Forwarding isElementDisplayed on session 79884c66-605f-4a8c-9556-5013692f6c33 to remote] DEBUG org.apache.http.wire  - << "Vary: Accept-Charset, Accept-Encoding, Accept-Language, Accept[\r][\n]"
5354 [Forwarding isElementDisplayed on session 79884c66-605f-4a8c-9556-5013692f6c33 to remote] DEBUG org.apache.http.wire  - << "Accept-Ranges: bytes[\r][\n]"
5354 [Forwarding isElementDisplayed on session 79884c66-605f-4a8c-9556-5013692f6c33 to remote] DEBUG org.apache.http.wire  - << "Connection: close[\r][\n]"
5354 [Forwarding isElementDisplayed on session 79884c66-605f-4a8c-9556-5013692f6c33 to remote] DEBUG org.apache.http.wire  - << "[\r][\n]"
5354 [Forwarding isElementDisplayed on session 79884c66-605f-4a8c-9556-5013692f6c33 to remote] DEBUG org.apache.http.impl.conn.DefaultClientConnection  - Receiving response: HTTP/1.1 200 OK
5354 [Forwarding isElementDisplayed on session 79884c66-605f-4a8c-9556-5013692f6c33 to remote] DEBUG org.apache.http.headers  - << HTTP/1.1 200 OK
5354 [Forwarding isElementDisplayed on session 79884c66-605f-4a8c-9556-5013692f6c33 to remote] DEBUG org.apache.http.headers  - << Content-Length: 77
5354 [Forwarding isElementDisplayed on session 79884c66-605f-4a8c-9556-5013692f6c33 to remote] DEBUG org.apache.http.headers  - << Content-Type: application/json; charset=UTF-8
5354 [Forwarding isElementDisplayed on session 79884c66-605f-4a8c-9556-5013692f6c33 to remote] DEBUG org.apache.http.headers  - << Vary: Accept-Charset, Accept-Encoding, Accept-Language, Accept
5354 [Forwarding isElementDisplayed on session 79884c66-605f-4a8c-9556-5013692f6c33 to remote] DEBUG org.apache.http.headers  - << Accept-Ranges: bytes
5354 [Forwarding isElementDisplayed on session 79884c66-605f-4a8c-9556-5013692f6c33 to remote] DEBUG org.apache.http.headers  - << Connection: close
5354 [Forwarding isElementDisplayed on session 79884c66-605f-4a8c-9556-5013692f6c33 to remote] DEBUG org.apache.http.wire  - << "{"sessionId":"79884c66-605f-4a8c-9556-5013692f6c33","status":0,"value":true}[\n]"
5354 [Forwarding isElementDisplayed on session 79884c66-605f-4a8c-9556-5013692f6c33 to remote] DEBUG org.apache.http.impl.conn.DefaultClientConnection  - Connection 0.0.0.0:4018<->127.0.0.1:38029 shut down
5354 [Forwarding isElementDisplayed on session 79884c66-605f-4a8c-9556-5013692f6c33 to remote] DEBUG org.apache.http.impl.conn.tsccm.ThreadSafeClientConnManager  - Released connection is not reusable.
5354 [Forwarding isElementDisplayed on session 79884c66-605f-4a8c-9556-5013692f6c33 to remote] DEBUG org.apache.http.impl.conn.tsccm.ConnPoolByRoute  - Releasing connection [{}->http://localhost:38029][null]
5354 [Forwarding isElementDisplayed on session 79884c66-605f-4a8c-9556-5013692f6c33 to remote] DEBUG org.apache.http.impl.conn.DefaultClientConnection  - Connection 0.0.0.0:4018<->127.0.0.1:38029 closed
5354 [Forwarding isElementDisplayed on session 79884c66-605f-4a8c-9556-5013692f6c33 to remote] DEBUG org.apache.http.impl.conn.tsccm.ConnPoolByRoute  - Notifying no-one, there are no waiting threads
5354 [main] INFO com.allstate.utilities.LogHelper  - 04/11/2013 05:17:15 PM|Check|ScenarioID 1 Test Case|1|PASS|Impersonate menu Exist Expected [true] Actual [true]
5432 [Forwarding findElement on session 79884c66-605f-4a8c-9556-5013692f6c33 to remote] DEBUG org.apache.http.impl.conn.tsccm.ThreadSafeClientConnManager  - Get connection: {}->http://localhost:38029, timeout = 120000
5432 [Forwarding findElement on session 79884c66-605f-4a8c-9556-5013692f6c33 to remote] DEBUG org.apache.http.impl.conn.tsccm.ConnPoolByRoute  - [{}->http://localhost:38029] total kept alive: 0, total issued: 0, total allocated: 0 out of 2000
5432 [Forwarding findElement on session 79884c66-605f-4a8c-9556-5013692f6c33 to remote] DEBUG org.apache.http.impl.conn.tsccm.ConnPoolByRoute  - No free connections [{}->http://localhost:38029][null]
5432 [Forwarding findElement on session 79884c66-605f-4a8c-9556-5013692f6c33 to remote] DEBUG org.apache.http.impl.conn.tsccm.ConnPoolByRoute  - Available capacity: 2000 out of 2000 [{}->http://localhost:38029][null]
5432 [Forwarding findElement on session 79884c66-605f-4a8c-9556-5013692f6c33 to remote] DEBUG org.apache.http.impl.conn.tsccm.ConnPoolByRoute  - Creating new connection [{}->http://localhost:38029]
5432 [Forwarding findElement on session 79884c66-605f-4a8c-9556-5013692f6c33 to remote] DEBUG org.apache.http.impl.conn.DefaultClientConnectionOperator  - Connecting to localhost:38029
5432 [Forwarding findElement on session 79884c66-605f-4a8c-9556-5013692f6c33 to remote] DEBUG org.apache.http.client.protocol.RequestAddCookies  - CookieSpec selected: best-match
5432 [Forwarding findElement on session 79884c66-605f-4a8c-9556-5013692f6c33 to remote] DEBUG org.apache.http.client.protocol.RequestAuthCache  - Auth cache not set in the context
5432 [Forwarding findElement on session 79884c66-605f-4a8c-9556-5013692f6c33 to remote] DEBUG org.apache.http.client.protocol.RequestTargetAuthentication  - Target auth state: UNCHALLENGED
5432 [Forwarding findElement on session 79884c66-605f-4a8c-9556-5013692f6c33 to remote] DEBUG org.apache.http.client.protocol.RequestProxyAuthentication  - Proxy auth state: UNCHALLENGED
5432 [Forwarding findElement on session 79884c66-605f-4a8c-9556-5013692f6c33 to remote] DEBUG org.apache.http.impl.client.DefaultHttpClient  - Attempt 1 to execute request
5432 [Forwarding findElement on session 79884c66-605f-4a8c-9556-5013692f6c33 to remote] DEBUG org.apache.http.impl.conn.DefaultClientConnection  - Sending request: POST /session/79884c66-605f-4a8c-9556-5013692f6c33/element HTTP/1.1
5432 [Forwarding findElement on session 79884c66-605f-4a8c-9556-5013692f6c33 to remote] DEBUG org.apache.http.wire  - >> "POST /session/79884c66-605f-4a8c-9556-5013692f6c33/element HTTP/1.1[\r][\n]"
5432 [Forwarding findElement on session 79884c66-605f-4a8c-9556-5013692f6c33 to remote] DEBUG org.apache.http.wire  - >> "Accept: application/json, image/png[\r][\n]"
5432 [Forwarding findElement on session 79884c66-605f-4a8c-9556-5013692f6c33 to remote] DEBUG org.apache.http.wire  - >> "Content-Type: application/json; charset=utf-8[\r][\n]"
5432 [Forwarding findElement on session 79884c66-605f-4a8c-9556-5013692f6c33 to remote] DEBUG org.apache.http.wire  - >> "Content-Length: 39[\r][\n]"
5432 [Forwarding findElement on session 79884c66-605f-4a8c-9556-5013692f6c33 to remote] DEBUG org.apache.http.wire  - >> "Host: localhost:38029[\r][\n]"
5432 [Forwarding findElement on session 79884c66-605f-4a8c-9556-5013692f6c33 to remote] DEBUG org.apache.http.wire  - >> "Connection: Keep-Alive[\r][\n]"
5432 [Forwarding findElement on session 79884c66-605f-4a8c-9556-5013692f6c33 to remote] DEBUG org.apache.http.wire  - >> "[\r][\n]"
5432 [Forwarding findElement on session 79884c66-605f-4a8c-9556-5013692f6c33 to remote] DEBUG org.apache.http.headers  - >> POST /session/79884c66-605f-4a8c-9556-5013692f6c33/element HTTP/1.1
5432 [Forwarding findElement on session 79884c66-605f-4a8c-9556-5013692f6c33 to remote] DEBUG org.apache.http.headers  - >> Accept: application/json, image/png
5432 [Forwarding findElement on session 79884c66-605f-4a8c-9556-5013692f6c33 to remote] DEBUG org.apache.http.headers  - >> Content-Type: application/json; charset=utf-8
5432 [Forwarding findElement on session 79884c66-605f-4a8c-9556-5013692f6c33 to remote] DEBUG org.apache.http.headers  - >> Content-Length: 39
5432 [Forwarding findElement on session 79884c66-605f-4a8c-9556-5013692f6c33 to remote] DEBUG org.apache.http.headers  - >> Host: localhost:38029
5432 [Forwarding findElement on session 79884c66-605f-4a8c-9556-5013692f6c33 to remote] DEBUG org.apache.http.headers  - >> Connection: Keep-Alive
5432 [Forwarding findElement on session 79884c66-605f-4a8c-9556-5013692f6c33 to remote] DEBUG org.apache.http.wire  - >> "{"using":"name","value":"targetSystem"}"
5510 [Forwarding findElement on session 79884c66-605f-4a8c-9556-5013692f6c33 to remote] DEBUG org.apache.http.wire  - << "HTTP/1.1 200 OK[\r][\n]"
5510 [Forwarding findElement on session 79884c66-605f-4a8c-9556-5013692f6c33 to remote] DEBUG org.apache.http.wire  - << "Content-Length: 123[\r][\n]"
5510 [Forwarding findElement on session 79884c66-605f-4a8c-9556-5013692f6c33 to remote] DEBUG org.apache.http.wire  - << "Content-Type: application/json; charset=UTF-8[\r][\n]"
5510 [Forwarding findElement on session 79884c66-605f-4a8c-9556-5013692f6c33 to remote] DEBUG org.apache.http.wire  - << "Vary: Accept-Charset, Accept-Encoding, Accept-Language, Accept[\r][\n]"
5510 [Forwarding findElement on session 79884c66-605f-4a8c-9556-5013692f6c33 to remote] DEBUG org.apache.http.wire  - << "Accept-Ranges: bytes[\r][\n]"
5510 [Forwarding findElement on session 79884c66-605f-4a8c-9556-5013692f6c33 to remote] DEBUG org.apache.http.wire  - << "Connection: close[\r][\n]"
5510 [Forwarding findElement on session 79884c66-605f-4a8c-9556-5013692f6c33 to remote] DEBUG org.apache.http.wire  - << "[\r][\n]"
5510 [Forwarding findElement on session 79884c66-605f-4a8c-9556-5013692f6c33 to remote] DEBUG org.apache.http.impl.conn.DefaultClientConnection  - Receiving response: HTTP/1.1 200 OK
5510 [Forwarding findElement on session 79884c66-605f-4a8c-9556-5013692f6c33 to remote] DEBUG org.apache.http.headers  - << HTTP/1.1 200 OK
5510 [Forwarding findElement on session 79884c66-605f-4a8c-9556-5013692f6c33 to remote] DEBUG org.apache.http.headers  - << Content-Length: 123
5510 [Forwarding findElement on session 79884c66-605f-4a8c-9556-5013692f6c33 to remote] DEBUG org.apache.http.headers  - << Content-Type: application/json; charset=UTF-8
5510 [Forwarding findElement on session 79884c66-605f-4a8c-9556-5013692f6c33 to remote] DEBUG org.apache.http.headers  - << Vary: Accept-Charset, Accept-Encoding, Accept-Language, Accept
5510 [Forwarding findElement on session 79884c66-605f-4a8c-9556-5013692f6c33 to remote] DEBUG org.apache.http.headers  - << Accept-Ranges: bytes
5510 [Forwarding findElement on session 79884c66-605f-4a8c-9556-5013692f6c33 to remote] DEBUG org.apache.http.headers  - << Connection: close
5510 [Forwarding findElement on session 79884c66-605f-4a8c-9556-5013692f6c33 to remote] DEBUG org.apache.http.wire  - << "{"sessionId":"79884c66-605f-4a8c-9556-5013692f6c33","status":0,"value":{"ELEMENT":"5389b352-3eb9-4279-ba76-635a61fb25b1"}}[\n]"
5510 [Forwarding findElement on session 79884c66-605f-4a8c-9556-5013692f6c33 to remote] DEBUG org.apache.http.impl.conn.DefaultClientConnection  - Connection 0.0.0.0:4019<->127.0.0.1:38029 shut down
5510 [Forwarding findElement on session 79884c66-605f-4a8c-9556-5013692f6c33 to remote] DEBUG org.apache.http.impl.conn.tsccm.ThreadSafeClientConnManager  - Released connection is not reusable.
5510 [Forwarding findElement on session 79884c66-605f-4a8c-9556-5013692f6c33 to remote] DEBUG org.apache.http.impl.conn.tsccm.ConnPoolByRoute  - Releasing connection [{}->http://localhost:38029][null]
5510 [Forwarding findElement on session 79884c66-605f-4a8c-9556-5013692f6c33 to remote] DEBUG org.apache.http.impl.conn.DefaultClientConnection  - Connection 0.0.0.0:4019<->127.0.0.1:38029 closed
5510 [Forwarding findElement on session 79884c66-605f-4a8c-9556-5013692f6c33 to remote] DEBUG org.apache.http.impl.conn.tsccm.ConnPoolByRoute  - Notifying no-one, there are no waiting threads
6509 [Forwarding getElementTagName on session 79884c66-605f-4a8c-9556-5013692f6c33 to remote] DEBUG org.apache.http.impl.conn.tsccm.ThreadSafeClientConnManager  - Get connection: {}->http://localhost:38029, timeout = 120000
6509 [Forwarding getElementTagName on session 79884c66-605f-4a8c-9556-5013692f6c33 to remote] DEBUG org.apache.http.impl.conn.tsccm.ConnPoolByRoute  - [{}->http://localhost:38029] total kept alive: 0, total issued: 0, total allocated: 0 out of 2000
6509 [Forwarding getElementTagName on session 79884c66-605f-4a8c-9556-5013692f6c33 to remote] DEBUG org.apache.http.impl.conn.tsccm.ConnPoolByRoute  - No free connections [{}->http://localhost:38029][null]
6509 [Forwarding getElementTagName on session 79884c66-605f-4a8c-9556-5013692f6c33 to remote] DEBUG org.apache.http.impl.conn.tsccm.ConnPoolByRoute  - Available capacity: 2000 out of 2000 [{}->http://localhost:38029][null]
6509 [Forwarding getElementTagName on session 79884c66-605f-4a8c-9556-5013692f6c33 to remote] DEBUG org.apache.http.impl.conn.tsccm.ConnPoolByRoute  - Creating new connection [{}->http://localhost:38029]
6509 [Forwarding getElementTagName on session 79884c66-605f-4a8c-9556-5013692f6c33 to remote] DEBUG org.apache.http.impl.conn.DefaultClientConnectionOperator  - Connecting to localhost:38029
6509 [Forwarding getElementTagName on session 79884c66-605f-4a8c-9556-5013692f6c33 to remote] DEBUG org.apache.http.client.protocol.RequestAddCookies  - CookieSpec selected: best-match
6509 [Forwarding getElementTagName on session 79884c66-605f-4a8c-9556-5013692f6c33 to remote] DEBUG org.apache.http.client.protocol.RequestAuthCache  - Auth cache not set in the context
6509 [Forwarding getElementTagName on session 79884c66-605f-4a8c-9556-5013692f6c33 to remote] DEBUG org.apache.http.client.protocol.RequestTargetAuthentication  - Target auth state: UNCHALLENGED
6509 [Forwarding getElementTagName on session 79884c66-605f-4a8c-9556-5013692f6c33 to remote] DEBUG org.apache.http.client.protocol.RequestProxyAuthentication  - Proxy auth state: UNCHALLENGED
6509 [Forwarding getElementTagName on session 79884c66-605f-4a8c-9556-5013692f6c33 to remote] DEBUG org.apache.http.impl.client.DefaultHttpClient  - Attempt 1 to execute request
6509 [Forwarding getElementTagName on session 79884c66-605f-4a8c-9556-5013692f6c33 to remote] DEBUG org.apache.http.impl.conn.DefaultClientConnection  - Sending request: GET /session/79884c66-605f-4a8c-9556-5013692f6c33/element/5389b352-3eb9-4279-ba76-635a61fb25b1/name HTTP/1.1
6509 [Forwarding getElementTagName on session 79884c66-605f-4a8c-9556-5013692f6c33 to remote] DEBUG org.apache.http.wire  - >> "GET /session/79884c66-605f-4a8c-9556-5013692f6c33/element/5389b352-3eb9-4279-ba76-635a61fb25b1/name HTTP/1.1[\r][\n]"
6509 [Forwarding getElementTagName on session 79884c66-605f-4a8c-9556-5013692f6c33 to remote] DEBUG org.apache.http.wire  - >> "Accept: application/json, image/png[\r][\n]"
6509 [Forwarding getElementTagName on session 79884c66-605f-4a8c-9556-5013692f6c33 to remote] DEBUG org.apache.http.wire  - >> "Cache-Control: no-cache[\r][\n]"
6509 [Forwarding getElementTagName on session 79884c66-605f-4a8c-9556-5013692f6c33 to remote] DEBUG org.apache.http.wire  - >> "Host: localhost:38029[\r][\n]"
6509 [Forwarding getElementTagName on session 79884c66-605f-4a8c-9556-5013692f6c33 to remote] DEBUG org.apache.http.wire  - >> "Connection: Keep-Alive[\r][\n]"
6509 [Forwarding getElementTagName on session 79884c66-605f-4a8c-9556-5013692f6c33 to remote] DEBUG org.apache.http.wire  - >> "[\r][\n]"
6509 [Forwarding getElementTagName on session 79884c66-605f-4a8c-9556-5013692f6c33 to remote] DEBUG org.apache.http.headers  - >> GET /session/79884c66-605f-4a8c-9556-5013692f6c33/element/5389b352-3eb9-4279-ba76-635a61fb25b1/name HTTP/1.1
6509 [Forwarding getElementTagName on session 79884c66-605f-4a8c-9556-5013692f6c33 to remote] DEBUG org.apache.http.headers  - >> Accept: application/json, image/png
6509 [Forwarding getElementTagName on session 79884c66-605f-4a8c-9556-5013692f6c33 to remote] DEBUG org.apache.http.headers  - >> Cache-Control: no-cache
6509 [Forwarding getElementTagName on session 79884c66-605f-4a8c-9556-5013692f6c33 to remote] DEBUG org.apache.http.headers  - >> Host: localhost:38029
6509 [Forwarding getElementTagName on session 79884c66-605f-4a8c-9556-5013692f6c33 to remote] DEBUG org.apache.http.headers  - >> Connection: Keep-Alive
6556 [Forwarding getElementTagName on session 79884c66-605f-4a8c-9556-5013692f6c33 to remote] DEBUG org.apache.http.wire  - << "HTTP/1.1 200 OK[\r][\n]"
6556 [Forwarding getElementTagName on session 79884c66-605f-4a8c-9556-5013692f6c33 to remote] DEBUG org.apache.http.wire  - << "Content-Length: 81[\r][\n]"
6556 [Forwarding getElementTagName on session 79884c66-605f-4a8c-9556-5013692f6c33 to remote] DEBUG org.apache.http.wire  - << "Content-Type: application/json; charset=UTF-8[\r][\n]"
6556 [Forwarding getElementTagName on session 79884c66-605f-4a8c-9556-5013692f6c33 to remote] DEBUG org.apache.http.wire  - << "Vary: Accept-Charset, Accept-Encoding, Accept-Language, Accept[\r][\n]"
6556 [Forwarding getElementTagName on session 79884c66-605f-4a8c-9556-5013692f6c33 to remote] DEBUG org.apache.http.wire  - << "Accept-Ranges: bytes[\r][\n]"
6556 [Forwarding getElementTagName on session 79884c66-605f-4a8c-9556-5013692f6c33 to remote] DEBUG org.apache.http.wire  - << "Connection: close[\r][\n]"
6556 [Forwarding getElementTagName on session 79884c66-605f-4a8c-9556-5013692f6c33 to remote] DEBUG org.apache.http.wire  - << "[\r][\n]"
6556 [Forwarding getElementTagName on session 79884c66-605f-4a8c-9556-5013692f6c33 to remote] DEBUG org.apache.http.impl.conn.DefaultClientConnection  - Receiving response: HTTP/1.1 200 OK
6556 [Forwarding getElementTagName on session 79884c66-605f-4a8c-9556-5013692f6c33 to remote] DEBUG org.apache.http.headers  - << HTTP/1.1 200 OK
6556 [Forwarding getElementTagName on session 79884c66-605f-4a8c-9556-5013692f6c33 to remote] DEBUG org.apache.http.headers  - << Content-Length: 81
6556 [Forwarding getElementTagName on session 79884c66-605f-4a8c-9556-5013692f6c33 to remote] DEBUG org.apache.http.headers  - << Content-Type: application/json; charset=UTF-8
6556 [Forwarding getElementTagName on session 79884c66-605f-4a8c-9556-5013692f6c33 to remote] DEBUG org.apache.http.headers  - << Vary: Accept-Charset, Accept-Encoding, Accept-Language, Accept
6556 [Forwarding getElementTagName on session 79884c66-605f-4a8c-9556-5013692f6c33 to remote] DEBUG org.apache.http.headers  - << Accept-Ranges: bytes
6556 [Forwarding getElementTagName on session 79884c66-605f-4a8c-9556-5013692f6c33 to remote] DEBUG org.apache.http.headers  - << Connection: close
6556 [Forwarding getElementTagName on session 79884c66-605f-4a8c-9556-5013692f6c33 to remote] DEBUG org.apache.http.wire  - << "{"sessionId":"79884c66-605f-4a8c-9556-5013692f6c33","status":0,"value":"select"}[\n]"
6556 [Forwarding getElementTagName on session 79884c66-605f-4a8c-9556-5013692f6c33 to remote] DEBUG org.apache.http.impl.conn.DefaultClientConnection  - Connection 0.0.0.0:4027<->127.0.0.1:38029 shut down
6556 [Forwarding getElementTagName on session 79884c66-605f-4a8c-9556-5013692f6c33 to remote] DEBUG org.apache.http.impl.conn.tsccm.ThreadSafeClientConnManager  - Released connection is not reusable.
6556 [Forwarding getElementTagName on session 79884c66-605f-4a8c-9556-5013692f6c33 to remote] DEBUG org.apache.http.impl.conn.tsccm.ConnPoolByRoute  - Releasing connection [{}->http://localhost:38029][null]
6556 [Forwarding getElementTagName on session 79884c66-605f-4a8c-9556-5013692f6c33 to remote] DEBUG org.apache.http.impl.conn.DefaultClientConnection  - Connection 0.0.0.0:4027<->127.0.0.1:38029 closed
6556 [Forwarding getElementTagName on session 79884c66-605f-4a8c-9556-5013692f6c33 to remote] DEBUG org.apache.http.impl.conn.tsccm.ConnPoolByRoute  - Notifying no-one, there are no waiting threads
6556 [Forwarding getElementAttribute on session 79884c66-605f-4a8c-9556-5013692f6c33 to remote] DEBUG org.apache.http.impl.conn.tsccm.ThreadSafeClientConnManager  - Get connection: {}->http://localhost:38029, timeout = 120000
6556 [Forwarding getElementAttribute on session 79884c66-605f-4a8c-9556-5013692f6c33 to remote] DEBUG org.apache.http.impl.conn.tsccm.ConnPoolByRoute  - [{}->http://localhost:38029] total kept alive: 0, total issued: 0, total allocated: 0 out of 2000
6556 [Forwarding getElementAttribute on session 79884c66-605f-4a8c-9556-5013692f6c33 to remote] DEBUG org.apache.http.impl.conn.tsccm.ConnPoolByRoute  - No free connections [{}->http://localhost:38029][null]
6556 [Forwarding getElementAttribute on session 79884c66-605f-4a8c-9556-5013692f6c33 to remote] DEBUG org.apache.http.impl.conn.tsccm.ConnPoolByRoute  - Available capacity: 2000 out of 2000 [{}->http://localhost:38029][null]
6556 [Forwarding getElementAttribute on session 79884c66-605f-4a8c-9556-5013692f6c33 to remote] DEBUG org.apache.http.impl.conn.tsccm.ConnPoolByRoute  - Creating new connection [{}->http://localhost:38029]
6556 [Forwarding getElementAttribute on session 79884c66-605f-4a8c-9556-5013692f6c33 to remote] DEBUG org.apache.http.impl.conn.DefaultClientConnectionOperator  - Connecting to localhost:38029
6556 [Forwarding getElementAttribute on session 79884c66-605f-4a8c-9556-5013692f6c33 to remote] DEBUG org.apache.http.client.protocol.RequestAddCookies  - CookieSpec selected: best-match
6556 [Forwarding getElementAttribute on session 79884c66-605f-4a8c-9556-5013692f6c33 to remote] DEBUG org.apache.http.client.protocol.RequestAuthCache  - Auth cache not set in the context
6556 [Forwarding getElementAttribute on session 79884c66-605f-4a8c-9556-5013692f6c33 to remote] DEBUG org.apache.http.client.protocol.RequestTargetAuthentication  - Target auth state: UNCHALLENGED
6556 [Forwarding getElementAttribute on session 79884c66-605f-4a8c-9556-5013692f6c33 to remote] DEBUG org.apache.http.client.protocol.RequestProxyAuthentication  - Proxy auth state: UNCHALLENGED
6556 [Forwarding getElementAttribute on session 79884c66-605f-4a8c-9556-5013692f6c33 to remote] DEBUG org.apache.http.impl.client.DefaultHttpClient  - Attempt 1 to execute request
6556 [Forwarding getElementAttribute on session 79884c66-605f-4a8c-9556-5013692f6c33 to remote] DEBUG org.apache.http.impl.conn.DefaultClientConnection  - Sending request: GET /session/79884c66-605f-4a8c-9556-5013692f6c33/element/5389b352-3eb9-4279-ba76-635a61fb25b1/attribute/multiple HTTP/1.1
6556 [Forwarding getElementAttribute on session 79884c66-605f-4a8c-9556-5013692f6c33 to remote] DEBUG org.apache.http.wire  - >> "GET /session/79884c66-605f-4a8c-9556-5013692f6c33/element/5389b352-3eb9-4279-ba76-635a61fb25b1/attribute/multiple HTTP/1.1[\r][\n]"
6556 [Forwarding getElementAttribute on session 79884c66-605f-4a8c-9556-5013692f6c33 to remote] DEBUG org.apache.http.wire  - >> "Accept: application/json, image/png[\r][\n]"
6556 [Forwarding getElementAttribute on session 79884c66-605f-4a8c-9556-5013692f6c33 to remote] DEBUG org.apache.http.wire  - >> "Cache-Control: no-cache[\r][\n]"
6556 [Forwarding getElementAttribute on session 79884c66-605f-4a8c-9556-5013692f6c33 to remote] DEBUG org.apache.http.wire  - >> "Host: localhost:38029[\r][\n]"
6556 [Forwarding getElementAttribute on session 79884c66-605f-4a8c-9556-5013692f6c33 to remote] DEBUG org.apache.http.wire  - >> "Connection: Keep-Alive[\r][\n]"
6556 [Forwarding getElementAttribute on session 79884c66-605f-4a8c-9556-5013692f6c33 to remote] DEBUG org.apache.http.wire  - >> "[\r][\n]"
6556 [Forwarding getElementAttribute on session 79884c66-605f-4a8c-9556-5013692f6c33 to remote] DEBUG org.apache.http.headers  - >> GET /session/79884c66-605f-4a8c-9556-5013692f6c33/element/5389b352-3eb9-4279-ba76-635a61fb25b1/attribute/multiple HTTP/1.1
6556 [Forwarding getElementAttribute on session 79884c66-605f-4a8c-9556-5013692f6c33 to remote] DEBUG org.apache.http.headers  - >> Accept: application/json, image/png
6556 [Forwarding getElementAttribute on session 79884c66-605f-4a8c-9556-5013692f6c33 to remote] DEBUG org.apache.http.headers  - >> Cache-Control: no-cache
6556 [Forwarding getElementAttribute on session 79884c66-605f-4a8c-9556-5013692f6c33 to remote] DEBUG org.apache.http.headers  - >> Host: localhost:38029
6556 [Forwarding getElementAttribute on session 79884c66-605f-4a8c-9556-5013692f6c33 to remote] DEBUG org.apache.http.headers  - >> Connection: Keep-Alive
6697 [Forwarding getElementAttribute on session 79884c66-605f-4a8c-9556-5013692f6c33 to remote] DEBUG org.apache.http.wire  - << "HTTP/1.1 200 OK[\r][\n]"
6697 [Forwarding getElementAttribute on session 79884c66-605f-4a8c-9556-5013692f6c33 to remote] DEBUG org.apache.http.wire  - << "Content-Length: 77[\r][\n]"
6697 [Forwarding getElementAttribute on session 79884c66-605f-4a8c-9556-5013692f6c33 to remote] DEBUG org.apache.http.wire  - << "Content-Type: application/json; charset=UTF-8[\r][\n]"
6697 [Forwarding getElementAttribute on session 79884c66-605f-4a8c-9556-5013692f6c33 to remote] DEBUG org.apache.http.wire  - << "Vary: Accept-Charset, Accept-Encoding, Accept-Language, Accept[\r][\n]"
6697 [Forwarding getElementAttribute on session 79884c66-605f-4a8c-9556-5013692f6c33 to remote] DEBUG org.apache.http.wire  - << "Accept-Ranges: bytes[\r][\n]"
6697 [Forwarding getElementAttribute on session 79884c66-605f-4a8c-9556-5013692f6c33 to remote] DEBUG org.apache.http.wire  - << "Connection: close[\r][\n]"
6697 [Forwarding getElementAttribute on session 79884c66-605f-4a8c-9556-5013692f6c33 to remote] DEBUG org.apache.http.wire  - << "[\r][\n]"
6697 [Forwarding getElementAttribute on session 79884c66-605f-4a8c-9556-5013692f6c33 to remote] DEBUG org.apache.http.impl.conn.DefaultClientConnection  - Receiving response: HTTP/1.1 200 OK
6697 [Forwarding getElementAttribute on session 79884c66-605f-4a8c-9556-5013692f6c33 to remote] DEBUG org.apache.http.headers  - << HTTP/1.1 200 OK
6697 [Forwarding getElementAttribute on session 79884c66-605f-4a8c-9556-5013692f6c33 to remote] DEBUG org.apache.http.headers  - << Content-Length: 77
6697 [Forwarding getElementAttribute on session 79884c66-605f-4a8c-9556-5013692f6c33 to remote] DEBUG org.apache.http.headers  - << Content-Type: application/json; charset=UTF-8
6697 [Forwarding getElementAttribute on session 79884c66-605f-4a8c-9556-5013692f6c33 to remote] DEBUG org.apache.http.headers  - << Vary: Accept-Charset, Accept-Encoding, Accept-Language, Accept
6697 [Forwarding getElementAttribute on session 79884c66-605f-4a8c-9556-5013692f6c33 to remote] DEBUG org.apache.http.headers  - << Accept-Ranges: bytes
6697 [Forwarding getElementAttribute on session 79884c66-605f-4a8c-9556-5013692f6c33 to remote] DEBUG org.apache.http.headers  - << Connection: close
6697 [Forwarding getElementAttribute on session 79884c66-605f-4a8c-9556-5013692f6c33 to remote] DEBUG org.apache.http.wire  - << "{"sessionId":"79884c66-605f-4a8c-9556-5013692f6c33","status":0,"value":null}[\n]"
6697 [Forwarding getElementAttribute on session 79884c66-605f-4a8c-9556-5013692f6c33 to remote] DEBUG org.apache.http.impl.conn.DefaultClientConnection  - Connection 0.0.0.0:4028<->127.0.0.1:38029 shut down
6697 [Forwarding getElementAttribute on session 79884c66-605f-4a8c-9556-5013692f6c33 to remote] DEBUG org.apache.http.impl.conn.tsccm.ThreadSafeClientConnManager  - Released connection is not reusable.
6697 [Forwarding getElementAttribute on session 79884c66-605f-4a8c-9556-5013692f6c33 to remote] DEBUG org.apache.http.impl.conn.tsccm.ConnPoolByRoute  - Releasing connection [{}->http://localhost:38029][null]
6697 [Forwarding getElementAttribute on session 79884c66-605f-4a8c-9556-5013692f6c33 to remote] DEBUG org.apache.http.impl.conn.DefaultClientConnection  - Connection 0.0.0.0:4028<->127.0.0.1:38029 closed
6697 [Forwarding getElementAttribute on session 79884c66-605f-4a8c-9556-5013692f6c33 to remote] DEBUG org.apache.http.impl.conn.tsccm.ConnPoolByRoute  - Notifying no-one, there are no waiting threads
6697 [Forwarding findChildElements on session 79884c66-605f-4a8c-9556-5013692f6c33 to remote] DEBUG org.apache.http.impl.conn.tsccm.ThreadSafeClientConnManager  - Get connection: {}->http://localhost:38029, timeout = 120000
6697 [Forwarding findChildElements on session 79884c66-605f-4a8c-9556-5013692f6c33 to remote] DEBUG org.apache.http.impl.conn.tsccm.ConnPoolByRoute  - [{}->http://localhost:38029] total kept alive: 0, total issued: 0, total allocated: 0 out of 2000
6697 [Forwarding findChildElements on session 79884c66-605f-4a8c-9556-5013692f6c33 to remote] DEBUG org.apache.http.impl.conn.tsccm.ConnPoolByRoute  - No free connections [{}->http://localhost:38029][null]
6697 [Forwarding findChildElements on session 79884c66-605f-4a8c-9556-5013692f6c33 to remote] DEBUG org.apache.http.impl.conn.tsccm.ConnPoolByRoute  - Available capacity: 2000 out of 2000 [{}->http://localhost:38029][null]
6697 [Forwarding findChildElements on session 79884c66-605f-4a8c-9556-5013692f6c33 to remote] DEBUG org.apache.http.impl.conn.tsccm.ConnPoolByRoute  - Creating new connection [{}->http://localhost:38029]
6697 [Forwarding findChildElements on session 79884c66-605f-4a8c-9556-5013692f6c33 to remote] DEBUG org.apache.http.impl.conn.DefaultClientConnectionOperator  - Connecting to localhost:38029
6697 [Forwarding findChildElements on session 79884c66-605f-4a8c-9556-5013692f6c33 to remote] DEBUG org.apache.http.client.protocol.RequestAddCookies  - CookieSpec selected: best-match
6697 [Forwarding findChildElements on session 79884c66-605f-4a8c-9556-5013692f6c33 to remote] DEBUG org.apache.http.client.protocol.RequestAuthCache  - Auth cache not set in the context
6697 [Forwarding findChildElements on session 79884c66-605f-4a8c-9556-5013692f6c33 to remote] DEBUG org.apache.http.client.protocol.RequestTargetAuthentication  - Target auth state: UNCHALLENGED
6697 [Forwarding findChildElements on session 79884c66-605f-4a8c-9556-5013692f6c33 to remote] DEBUG org.apache.http.client.protocol.RequestProxyAuthentication  - Proxy auth state: UNCHALLENGED
6697 [Forwarding findChildElements on session 79884c66-605f-4a8c-9556-5013692f6c33 to remote] DEBUG org.apache.http.impl.client.DefaultHttpClient  - Attempt 1 to execute request
6697 [Forwarding findChildElements on session 79884c66-605f-4a8c-9556-5013692f6c33 to remote] DEBUG org.apache.http.impl.conn.DefaultClientConnection  - Sending request: POST /session/79884c66-605f-4a8c-9556-5013692f6c33/element/5389b352-3eb9-4279-ba76-635a61fb25b1/elements HTTP/1.1
6697 [Forwarding findChildElements on session 79884c66-605f-4a8c-9556-5013692f6c33 to remote] DEBUG org.apache.http.wire  - >> "POST /session/79884c66-605f-4a8c-9556-5013692f6c33/element/5389b352-3eb9-4279-ba76-635a61fb25b1/elements HTTP/1.1[\r][\n]"
6697 [Forwarding findChildElements on session 79884c66-605f-4a8c-9556-5013692f6c33 to remote] DEBUG org.apache.http.wire  - >> "Accept: application/json, image/png[\r][\n]"
6697 [Forwarding findChildElements on session 79884c66-605f-4a8c-9556-5013692f6c33 to remote] DEBUG org.apache.http.wire  - >> "Content-Type: application/json; charset=utf-8[\r][\n]"
6697 [Forwarding findChildElements on session 79884c66-605f-4a8c-9556-5013692f6c33 to remote] DEBUG org.apache.http.wire  - >> "Content-Length: 122[\r][\n]"
6697 [Forwarding findChildElements on session 79884c66-605f-4a8c-9556-5013692f6c33 to remote] DEBUG org.apache.http.wire  - >> "Host: localhost:38029[\r][\n]"
6697 [Forwarding findChildElements on session 79884c66-605f-4a8c-9556-5013692f6c33 to remote] DEBUG org.apache.http.wire  - >> "Connection: Keep-Alive[\r][\n]"
6697 [Forwarding findChildElements on session 79884c66-605f-4a8c-9556-5013692f6c33 to remote] DEBUG org.apache.http.wire  - >> "[\r][\n]"
6697 [Forwarding findChildElements on session 79884c66-605f-4a8c-9556-5013692f6c33 to remote] DEBUG org.apache.http.headers  - >> POST /session/79884c66-605f-4a8c-9556-5013692f6c33/element/5389b352-3eb9-4279-ba76-635a61fb25b1/elements HTTP/1.1
6697 [Forwarding findChildElements on session 79884c66-605f-4a8c-9556-5013692f6c33 to remote] DEBUG org.apache.http.headers  - >> Accept: application/json, image/png
6697 [Forwarding findChildElements on session 79884c66-605f-4a8c-9556-5013692f6c33 to remote] DEBUG org.apache.http.headers  - >> Content-Type: application/json; charset=utf-8
6697 [Forwarding findChildElements on session 79884c66-605f-4a8c-9556-5013692f6c33 to remote] DEBUG org.apache.http.headers  - >> Content-Length: 122
6697 [Forwarding findChildElements on session 79884c66-605f-4a8c-9556-5013692f6c33 to remote] DEBUG org.apache.http.headers  - >> Host: localhost:38029
6697 [Forwarding findChildElements on session 79884c66-605f-4a8c-9556-5013692f6c33 to remote] DEBUG org.apache.http.headers  - >> Connection: Keep-Alive
6697 [Forwarding findChildElements on session 79884c66-605f-4a8c-9556-5013692f6c33 to remote] DEBUG org.apache.http.wire  - >> "{"id":"5389b352-3eb9-4279-ba76-635a61fb25b1","using":"xpath","value":".//option[normalize-space(.) = \"DV2101 - 40414\"]"}"
6978 [Forwarding findChildElements on session 79884c66-605f-4a8c-9556-5013692f6c33 to remote] DEBUG org.apache.http.wire  - << "HTTP/1.1 200 OK[\r][\n]"
6978 [Forwarding findChildElements on session 79884c66-605f-4a8c-9556-5013692f6c33 to remote] DEBUG org.apache.http.wire  - << "Content-Length: 125[\r][\n]"
6978 [Forwarding findChildElements on session 79884c66-605f-4a8c-9556-5013692f6c33 to remote] DEBUG org.apache.http.wire  - << "Content-Type: application/json; charset=UTF-8[\r][\n]"
6978 [Forwarding findChildElements on session 79884c66-605f-4a8c-9556-5013692f6c33 to remote] DEBUG org.apache.http.wire  - << "Vary: Accept-Charset, Accept-Encoding, Accept-Language, Accept[\r][\n]"
6978 [Forwarding findChildElements on session 79884c66-605f-4a8c-9556-5013692f6c33 to remote] DEBUG org.apache.http.wire  - << "Accept-Ranges: bytes[\r][\n]"
6978 [Forwarding findChildElements on session 79884c66-605f-4a8c-9556-5013692f6c33 to remote] DEBUG org.apache.http.wire  - << "Connection: close[\r][\n]"
6978 [Forwarding findChildElements on session 79884c66-605f-4a8c-9556-5013692f6c33 to remote] DEBUG org.apache.http.wire  - << "[\r][\n]"
6978 [Forwarding findChildElements on session 79884c66-605f-4a8c-9556-5013692f6c33 to remote] DEBUG org.apache.http.impl.conn.DefaultClientConnection  - Receiving response: HTTP/1.1 200 OK
6978 [Forwarding findChildElements on session 79884c66-605f-4a8c-9556-5013692f6c33 to remote] DEBUG org.apache.http.headers  - << HTTP/1.1 200 OK
6978 [Forwarding findChildElements on session 79884c66-605f-4a8c-9556-5013692f6c33 to remote] DEBUG org.apache.http.headers  - << Content-Length: 125
6978 [Forwarding findChildElements on session 79884c66-605f-4a8c-9556-5013692f6c33 to remote] DEBUG org.apache.http.headers  - << Content-Type: application/json; charset=UTF-8
6978 [Forwarding findChildElements on session 79884c66-605f-4a8c-9556-5013692f6c33 to remote] DEBUG org.apache.http.headers  - << Vary: Accept-Charset, Accept-Encoding, Accept-Language, Accept
6978 [Forwarding findChildElements on session 79884c66-605f-4a8c-9556-5013692f6c33 to remote] DEBUG org.apache.http.headers  - << Accept-Ranges: bytes
6978 [Forwarding findChildElements on session 79884c66-605f-4a8c-9556-5013692f6c33 to remote] DEBUG org.apache.http.headers  - << Connection: close
6978 [Forwarding findChildElements on session 79884c66-605f-4a8c-9556-5013692f6c33 to remote] DEBUG org.apache.http.wire  - << "{"sessionId":"79884c66-605f-4a8c-9556-5013692f6c33","status":0,"value":[{"ELEMENT":"b6e0e451-f723-4ae5-96fe-d6f81fba4ade"}]}[\n]"
6978 [Forwarding findChildElements on session 79884c66-605f-4a8c-9556-5013692f6c33 to remote] DEBUG org.apache.http.impl.conn.DefaultClientConnection  - Connection 0.0.0.0:4029<->127.0.0.1:38029 shut down
6978 [Forwarding findChildElements on session 79884c66-605f-4a8c-9556-5013692f6c33 to remote] DEBUG org.apache.http.impl.conn.tsccm.ThreadSafeClientConnManager  - Released connection is not reusable.
6978 [Forwarding findChildElements on session 79884c66-605f-4a8c-9556-5013692f6c33 to remote] DEBUG org.apache.http.impl.conn.tsccm.ConnPoolByRoute  - Releasing connection [{}->http://localhost:38029][null]
6978 [Forwarding findChildElements on session 79884c66-605f-4a8c-9556-5013692f6c33 to remote] DEBUG org.apache.http.impl.conn.DefaultClientConnection  - Connection 0.0.0.0:4029<->127.0.0.1:38029 closed
6978 [Forwarding findChildElements on session 79884c66-605f-4a8c-9556-5013692f6c33 to remote] DEBUG org.apache.http.impl.conn.tsccm.ConnPoolByRoute  - Notifying no-one, there are no waiting threads
6978 [Forwarding isElementSelected on session 79884c66-605f-4a8c-9556-5013692f6c33 to remote] DEBUG org.apache.http.impl.conn.tsccm.ThreadSafeClientConnManager  - Get connection: {}->http://localhost:38029, timeout = 120000
6978 [Forwarding isElementSelected on session 79884c66-605f-4a8c-9556-5013692f6c33 to remote] DEBUG org.apache.http.impl.conn.tsccm.ConnPoolByRoute  - [{}->http://localhost:38029] total kept alive: 0, total issued: 0, total allocated: 0 out of 2000
6978 [Forwarding isElementSelected on session 79884c66-605f-4a8c-9556-5013692f6c33 to remote] DEBUG org.apache.http.impl.conn.tsccm.ConnPoolByRoute  - No free connections [{}->http://localhost:38029][null]
6978 [Forwarding isElementSelected on session 79884c66-605f-4a8c-9556-5013692f6c33 to remote] DEBUG org.apache.http.impl.conn.tsccm.ConnPoolByRoute  - Available capacity: 2000 out of 2000 [{}->http://localhost:38029][null]
6978 [Forwarding isElementSelected on session 79884c66-605f-4a8c-9556-5013692f6c33 to remote] DEBUG org.apache.http.impl.conn.tsccm.ConnPoolByRoute  - Creating new connection [{}->http://localhost:38029]
6978 [Forwarding isElementSelected on session 79884c66-605f-4a8c-9556-5013692f6c33 to remote] DEBUG org.apache.http.impl.conn.DefaultClientConnectionOperator  - Connecting to localhost:38029
6978 [Forwarding isElementSelected on session 79884c66-605f-4a8c-9556-5013692f6c33 to remote] DEBUG org.apache.http.client.protocol.RequestAddCookies  - CookieSpec selected: best-match
6978 [Forwarding isElementSelected on session 79884c66-605f-4a8c-9556-5013692f6c33 to remote] DEBUG org.apache.http.client.protocol.RequestAuthCache  - Auth cache not set in the context
6978 [Forwarding isElementSelected on session 79884c66-605f-4a8c-9556-5013692f6c33 to remote] DEBUG org.apache.http.client.protocol.RequestTargetAuthentication  - Target auth state: UNCHALLENGED
6978 [Forwarding isElementSelected on session 79884c66-605f-4a8c-9556-5013692f6c33 to remote] DEBUG org.apache.http.client.protocol.RequestProxyAuthentication  - Proxy auth state: UNCHALLENGED
6978 [Forwarding isElementSelected on session 79884c66-605f-4a8c-9556-5013692f6c33 to remote] DEBUG org.apache.http.impl.client.DefaultHttpClient  - Attempt 1 to execute request
6978 [Forwarding isElementSelected on session 79884c66-605f-4a8c-9556-5013692f6c33 to remote] DEBUG org.apache.http.impl.conn.DefaultClientConnection  - Sending request: GET /session/79884c66-605f-4a8c-9556-5013692f6c33/element/b6e0e451-f723-4ae5-96fe-d6f81fba4ade/selected HTTP/1.1
6978 [Forwarding isElementSelected on session 79884c66-605f-4a8c-9556-5013692f6c33 to remote] DEBUG org.apache.http.wire  - >> "GET /session/79884c66-605f-4a8c-9556-5013692f6c33/element/b6e0e451-f723-4ae5-96fe-d6f81fba4ade/selected HTTP/1.1[\r][\n]"
6978 [Forwarding isElementSelected on session 79884c66-605f-4a8c-9556-5013692f6c33 to remote] DEBUG org.apache.http.wire  - >> "Accept: application/json, image/png[\r][\n]"
6978 [Forwarding isElementSelected on session 79884c66-605f-4a8c-9556-5013692f6c33 to remote] DEBUG org.apache.http.wire  - >> "Cache-Control: no-cache[\r][\n]"
6978 [Forwarding isElementSelected on session 79884c66-605f-4a8c-9556-5013692f6c33 to remote] DEBUG org.apache.http.wire  - >> "Host: localhost:38029[\r][\n]"
6978 [Forwarding isElementSelected on session 79884c66-605f-4a8c-9556-5013692f6c33 to remote] DEBUG org.apache.http.wire  - >> "Connection: Keep-Alive[\r][\n]"
6978 [Forwarding isElementSelected on session 79884c66-605f-4a8c-9556-5013692f6c33 to remote] DEBUG org.apache.http.wire  - >> "[\r][\n]"
6978 [Forwarding isElementSelected on session 79884c66-605f-4a8c-9556-5013692f6c33 to remote] DEBUG org.apache.http.headers  - >> GET /session/79884c66-605f-4a8c-9556-5013692f6c33/element/b6e0e451-f723-4ae5-96fe-d6f81fba4ade/selected HTTP/1.1
6978 [Forwarding isElementSelected on session 79884c66-605f-4a8c-9556-5013692f6c33 to remote] DEBUG org.apache.http.headers  - >> Accept: application/json, image/png
6978 [Forwarding isElementSelected on session 79884c66-605f-4a8c-9556-5013692f6c33 to remote] DEBUG org.apache.http.headers  - >> Cache-Control: no-cache
6978 [Forwarding isElementSelected on session 79884c66-605f-4a8c-9556-5013692f6c33 to remote] DEBUG org.apache.http.headers  - >> Host: localhost:38029
6978 [Forwarding isElementSelected on session 79884c66-605f-4a8c-9556-5013692f6c33 to remote] DEBUG org.apache.http.headers  - >> Connection: Keep-Alive
7134 [Forwarding isElementSelected on session 79884c66-605f-4a8c-9556-5013692f6c33 to remote] DEBUG org.apache.http.wire  - << "HTTP/1.1 200 OK[\r][\n]"
7134 [Forwarding isElementSelected on session 79884c66-605f-4a8c-9556-5013692f6c33 to remote] DEBUG org.apache.http.wire  - << "Content-Length: 77[\r][\n]"
7134 [Forwarding isElementSelected on session 79884c66-605f-4a8c-9556-5013692f6c33 to remote] DEBUG org.apache.http.wire  - << "Content-Type: application/json; charset=UTF-8[\r][\n]"
7134 [Forwarding isElementSelected on session 79884c66-605f-4a8c-9556-5013692f6c33 to remote] DEBUG org.apache.http.wire  - << "Vary: Accept-Charset, Accept-Encoding, Accept-Language, Accept[\r][\n]"
7134 [Forwarding isElementSelected on session 79884c66-605f-4a8c-9556-5013692f6c33 to remote] DEBUG org.apache.http.wire  - << "Accept-Ranges: bytes[\r][\n]"
7134 [Forwarding isElementSelected on session 79884c66-605f-4a8c-9556-5013692f6c33 to remote] DEBUG org.apache.http.wire  - << "Connection: close[\r][\n]"
7134 [Forwarding isElementSelected on session 79884c66-605f-4a8c-9556-5013692f6c33 to remote] DEBUG org.apache.http.wire  - << "[\r][\n]"
7134 [Forwarding isElementSelected on session 79884c66-605f-4a8c-9556-5013692f6c33 to remote] DEBUG org.apache.http.impl.conn.DefaultClientConnection  - Receiving response: HTTP/1.1 200 OK
7134 [Forwarding isElementSelected on session 79884c66-605f-4a8c-9556-5013692f6c33 to remote] DEBUG org.apache.http.headers  - << HTTP/1.1 200 OK
7134 [Forwarding isElementSelected on session 79884c66-605f-4a8c-9556-5013692f6c33 to remote] DEBUG org.apache.http.headers  - << Content-Length: 77
7134 [Forwarding isElementSelected on session 79884c66-605f-4a8c-9556-5013692f6c33 to remote] DEBUG org.apache.http.headers  - << Content-Type: application/json; charset=UTF-8
7134 [Forwarding isElementSelected on session 79884c66-605f-4a8c-9556-5013692f6c33 to remote] DEBUG org.apache.http.headers  - << Vary: Accept-Charset, Accept-Encoding, Accept-Language, Accept
7134 [Forwarding isElementSelected on session 79884c66-605f-4a8c-9556-5013692f6c33 to remote] DEBUG org.apache.http.headers  - << Accept-Ranges: bytes
7134 [Forwarding isElementSelected on session 79884c66-605f-4a8c-9556-5013692f6c33 to remote] DEBUG org.apache.http.headers  - << Connection: close
7134 [Forwarding isElementSelected on session 79884c66-605f-4a8c-9556-5013692f6c33 to remote] DEBUG org.apache.http.wire  - << "{"sessionId":"79884c66-605f-4a8c-9556-5013692f6c33","status":0,"value":true}[\n]"
7134 [Forwarding isElementSelected on session 79884c66-605f-4a8c-9556-5013692f6c33 to remote] DEBUG org.apache.http.impl.conn.DefaultClientConnection  - Connection 0.0.0.0:4030<->127.0.0.1:38029 shut down
7134 [Forwarding isElementSelected on session 79884c66-605f-4a8c-9556-5013692f6c33 to remote] DEBUG org.apache.http.impl.conn.tsccm.ThreadSafeClientConnManager  - Released connection is not reusable.
7134 [Forwarding isElementSelected on session 79884c66-605f-4a8c-9556-5013692f6c33 to remote] DEBUG org.apache.http.impl.conn.tsccm.ConnPoolByRoute  - Releasing connection [{}->http://localhost:38029][null]
7134 [Forwarding isElementSelected on session 79884c66-605f-4a8c-9556-5013692f6c33 to remote] DEBUG org.apache.http.impl.conn.DefaultClientConnection  - Connection 0.0.0.0:4030<->127.0.0.1:38029 closed
7134 [Forwarding isElementSelected on session 79884c66-605f-4a8c-9556-5013692f6c33 to remote] DEBUG org.apache.http.impl.conn.tsccm.ConnPoolByRoute  - Notifying no-one, there are no waiting threads
7134 [Forwarding findElement on session 79884c66-605f-4a8c-9556-5013692f6c33 to remote] DEBUG org.apache.http.impl.conn.tsccm.ThreadSafeClientConnManager  - Get connection: {}->http://localhost:38029, timeout = 120000
7134 [Forwarding findElement on session 79884c66-605f-4a8c-9556-5013692f6c33 to remote] DEBUG org.apache.http.impl.conn.tsccm.ConnPoolByRoute  - [{}->http://localhost:38029] total kept alive: 0, total issued: 0, total allocated: 0 out of 2000
7134 [Forwarding findElement on session 79884c66-605f-4a8c-9556-5013692f6c33 to remote] DEBUG org.apache.http.impl.conn.tsccm.ConnPoolByRoute  - No free connections [{}->http://localhost:38029][null]
7134 [Forwarding findElement on session 79884c66-605f-4a8c-9556-5013692f6c33 to remote] DEBUG org.apache.http.impl.conn.tsccm.ConnPoolByRoute  - Available capacity: 2000 out of 2000 [{}->http://localhost:38029][null]
7134 [Forwarding findElement on session 79884c66-605f-4a8c-9556-5013692f6c33 to remote] DEBUG org.apache.http.impl.conn.tsccm.ConnPoolByRoute  - Creating new connection [{}->http://localhost:38029]
7134 [Forwarding findElement on session 79884c66-605f-4a8c-9556-5013692f6c33 to remote] DEBUG org.apache.http.impl.conn.DefaultClientConnectionOperator  - Connecting to localhost:38029
7134 [Forwarding findElement on session 79884c66-605f-4a8c-9556-5013692f6c33 to remote] DEBUG org.apache.http.client.protocol.RequestAddCookies  - CookieSpec selected: best-match
7134 [Forwarding findElement on session 79884c66-605f-4a8c-9556-5013692f6c33 to remote] DEBUG org.apache.http.client.protocol.RequestAuthCache  - Auth cache not set in the context
7134 [Forwarding findElement on session 79884c66-605f-4a8c-9556-5013692f6c33 to remote] DEBUG org.apache.http.client.protocol.RequestTargetAuthentication  - Target auth state: UNCHALLENGED
7134 [Forwarding findElement on session 79884c66-605f-4a8c-9556-5013692f6c33 to remote] DEBUG org.apache.http.client.protocol.RequestProxyAuthentication  - Proxy auth state: UNCHALLENGED
7134 [Forwarding findElement on session 79884c66-605f-4a8c-9556-5013692f6c33 to remote] DEBUG org.apache.http.impl.client.DefaultHttpClient  - Attempt 1 to execute request
7134 [Forwarding findElement on session 79884c66-605f-4a8c-9556-5013692f6c33 to remote] DEBUG org.apache.http.impl.conn.DefaultClientConnection  - Sending request: POST /session/79884c66-605f-4a8c-9556-5013692f6c33/element HTTP/1.1
7134 [Forwarding findElement on session 79884c66-605f-4a8c-9556-5013692f6c33 to remote] DEBUG org.apache.http.wire  - >> "POST /session/79884c66-605f-4a8c-9556-5013692f6c33/element HTTP/1.1[\r][\n]"
7134 [Forwarding findElement on session 79884c66-605f-4a8c-9556-5013692f6c33 to remote] DEBUG org.apache.http.wire  - >> "Accept: application/json, image/png[\r][\n]"
7134 [Forwarding findElement on session 79884c66-605f-4a8c-9556-5013692f6c33 to remote] DEBUG org.apache.http.wire  - >> "Content-Type: application/json; charset=utf-8[\r][\n]"
7134 [Forwarding findElement on session 79884c66-605f-4a8c-9556-5013692f6c33 to remote] DEBUG org.apache.http.wire  - >> "Content-Length: 46[\r][\n]"
7134 [Forwarding findElement on session 79884c66-605f-4a8c-9556-5013692f6c33 to remote] DEBUG org.apache.http.wire  - >> "Host: localhost:38029[\r][\n]"
7134 [Forwarding findElement on session 79884c66-605f-4a8c-9556-5013692f6c33 to remote] DEBUG org.apache.http.wire  - >> "Connection: Keep-Alive[\r][\n]"
7134 [Forwarding findElement on session 79884c66-605f-4a8c-9556-5013692f6c33 to remote] DEBUG org.apache.http.wire  - >> "[\r][\n]"
7134 [Forwarding findElement on session 79884c66-605f-4a8c-9556-5013692f6c33 to remote] DEBUG org.apache.http.headers  - >> POST /session/79884c66-605f-4a8c-9556-5013692f6c33/element HTTP/1.1
7134 [Forwarding findElement on session 79884c66-605f-4a8c-9556-5013692f6c33 to remote] DEBUG org.apache.http.headers  - >> Accept: application/json, image/png
7134 [Forwarding findElement on session 79884c66-605f-4a8c-9556-5013692f6c33 to remote] DEBUG org.apache.http.headers  - >> Content-Type: application/json; charset=utf-8
7134 [Forwarding findElement on session 79884c66-605f-4a8c-9556-5013692f6c33 to remote] DEBUG org.apache.http.headers  - >> Content-Length: 46
7134 [Forwarding findElement on session 79884c66-605f-4a8c-9556-5013692f6c33 to remote] DEBUG org.apache.http.headers  - >> Host: localhost:38029
7134 [Forwarding findElement on session 79884c66-605f-4a8c-9556-5013692f6c33 to remote] DEBUG org.apache.http.headers  - >> Connection: Keep-Alive
7134 [Forwarding findElement on session 79884c66-605f-4a8c-9556-5013692f6c33 to remote] DEBUG org.apache.http.wire  - >> "{"using":"name","value":"sourceOfLaunchPoint"}"
7212 [Forwarding findElement on session 79884c66-605f-4a8c-9556-5013692f6c33 to remote] DEBUG org.apache.http.wire  - << "HTTP/1.1 200 OK[\r][\n]"
7212 [Forwarding findElement on session 79884c66-605f-4a8c-9556-5013692f6c33 to remote] DEBUG org.apache.http.wire  - << "Content-Length: 123[\r][\n]"
7212 [Forwarding findElement on session 79884c66-605f-4a8c-9556-5013692f6c33 to remote] DEBUG org.apache.http.wire  - << "Content-Type: application/json; charset=UTF-8[\r][\n]"
7212 [Forwarding findElement on session 79884c66-605f-4a8c-9556-5013692f6c33 to remote] DEBUG org.apache.http.wire  - << "Vary: Accept-Charset, Accept-Encoding, Accept-Language, Accept[\r][\n]"
7212 [Forwarding findElement on session 79884c66-605f-4a8c-9556-5013692f6c33 to remote] DEBUG org.apache.http.wire  - << "Accept-Ranges: bytes[\r][\n]"
7212 [Forwarding findElement on session 79884c66-605f-4a8c-9556-5013692f6c33 to remote] DEBUG org.apache.http.wire  - << "Connection: close[\r][\n]"
7212 [Forwarding findElement on session 79884c66-605f-4a8c-9556-5013692f6c33 to remote] DEBUG org.apache.http.wire  - << "[\r][\n]"
7212 [Forwarding findElement on session 79884c66-605f-4a8c-9556-5013692f6c33 to remote] DEBUG org.apache.http.impl.conn.DefaultClientConnection  - Receiving response: HTTP/1.1 200 OK
7212 [Forwarding findElement on session 79884c66-605f-4a8c-9556-5013692f6c33 to remote] DEBUG org.apache.http.headers  - << HTTP/1.1 200 OK
7212 [Forwarding findElement on session 79884c66-605f-4a8c-9556-5013692f6c33 to remote] DEBUG org.apache.http.headers  - << Content-Length: 123
7212 [Forwarding findElement on session 79884c66-605f-4a8c-9556-5013692f6c33 to remote] DEBUG org.apache.http.headers  - << Content-Type: application/json; charset=UTF-8
7212 [Forwarding findElement on session 79884c66-605f-4a8c-9556-5013692f6c33 to remote] DEBUG org.apache.http.headers  - << Vary: Accept-Charset, Accept-Encoding, Accept-Language, Accept
7212 [Forwarding findElement on session 79884c66-605f-4a8c-9556-5013692f6c33 to remote] DEBUG org.apache.http.headers  - << Accept-Ranges: bytes
7212 [Forwarding findElement on session 79884c66-605f-4a8c-9556-5013692f6c33 to remote] DEBUG org.apache.http.headers  - << Connection: close
7212 [Forwarding findElement on session 79884c66-605f-4a8c-9556-5013692f6c33 to remote] DEBUG org.apache.http.wire  - << "{"sessionId":"79884c66-605f-4a8c-9556-5013692f6c33","status":0,"value":{"ELEMENT":"639892f5-c056-4aee-8f50-6b8872757555"}}[\n]"
7212 [Forwarding findElement on session 79884c66-605f-4a8c-9556-5013692f6c33 to remote] DEBUG org.apache.http.impl.conn.DefaultClientConnection  - Connection 0.0.0.0:4031<->127.0.0.1:38029 shut down
7212 [Forwarding findElement on session 79884c66-605f-4a8c-9556-5013692f6c33 to remote] DEBUG org.apache.http.impl.conn.tsccm.ThreadSafeClientConnManager  - Released connection is not reusable.
7212 [Forwarding findElement on session 79884c66-605f-4a8c-9556-5013692f6c33 to remote] DEBUG org.apache.http.impl.conn.tsccm.ConnPoolByRoute  - Releasing connection [{}->http://localhost:38029][null]
7212 [Forwarding findElement on session 79884c66-605f-4a8c-9556-5013692f6c33 to remote] DEBUG org.apache.http.impl.conn.DefaultClientConnection  - Connection 0.0.0.0:4031<->127.0.0.1:38029 closed
7212 [Forwarding findElement on session 79884c66-605f-4a8c-9556-5013692f6c33 to remote] DEBUG org.apache.http.impl.conn.tsccm.ConnPoolByRoute  - Notifying no-one, there are no waiting threads
8211 [Forwarding getElementTagName on session 79884c66-605f-4a8c-9556-5013692f6c33 to remote] DEBUG org.apache.http.impl.conn.tsccm.ThreadSafeClientConnManager  - Get connection: {}->http://localhost:38029, timeout = 120000
8211 [Forwarding getElementTagName on session 79884c66-605f-4a8c-9556-5013692f6c33 to remote] DEBUG org.apache.http.impl.conn.tsccm.ConnPoolByRoute  - [{}->http://localhost:38029] total kept alive: 0, total issued: 0, total allocated: 0 out of 2000
8211 [Forwarding getElementTagName on session 79884c66-605f-4a8c-9556-5013692f6c33 to remote] DEBUG org.apache.http.impl.conn.tsccm.ConnPoolByRoute  - No free connections [{}->http://localhost:38029][null]
8211 [Forwarding getElementTagName on session 79884c66-605f-4a8c-9556-5013692f6c33 to remote] DEBUG org.apache.http.impl.conn.tsccm.ConnPoolByRoute  - Available capacity: 2000 out of 2000 [{}->http://localhost:38029][null]
8211 [Forwarding getElementTagName on session 79884c66-605f-4a8c-9556-5013692f6c33 to remote] DEBUG org.apache.http.impl.conn.tsccm.ConnPoolByRoute  - Creating new connection [{}->http://localhost:38029]
8211 [Forwarding getElementTagName on session 79884c66-605f-4a8c-9556-5013692f6c33 to remote] DEBUG org.apache.http.impl.conn.DefaultClientConnectionOperator  - Connecting to localhost:38029
8211 [Forwarding getElementTagName on session 79884c66-605f-4a8c-9556-5013692f6c33 to remote] DEBUG org.apache.http.client.protocol.RequestAddCookies  - CookieSpec selected: best-match
8211 [Forwarding getElementTagName on session 79884c66-605f-4a8c-9556-5013692f6c33 to remote] DEBUG org.apache.http.client.protocol.RequestAuthCache  - Auth cache not set in the context
8211 [Forwarding getElementTagName on session 79884c66-605f-4a8c-9556-5013692f6c33 to remote] DEBUG org.apache.http.client.protocol.RequestTargetAuthentication  - Target auth state: UNCHALLENGED
8211 [Forwarding getElementTagName on session 79884c66-605f-4a8c-9556-5013692f6c33 to remote] DEBUG org.apache.http.client.protocol.RequestProxyAuthentication  - Proxy auth state: UNCHALLENGED
8211 [Forwarding getElementTagName on session 79884c66-605f-4a8c-9556-5013692f6c33 to remote] DEBUG org.apache.http.impl.client.DefaultHttpClient  - Attempt 1 to execute request
8211 [Forwarding getElementTagName on session 79884c66-605f-4a8c-9556-5013692f6c33 to remote] DEBUG org.apache.http.impl.conn.DefaultClientConnection  - Sending request: GET /session/79884c66-605f-4a8c-9556-5013692f6c33/element/639892f5-c056-4aee-8f50-6b8872757555/name HTTP/1.1
8211 [Forwarding getElementTagName on session 79884c66-605f-4a8c-9556-5013692f6c33 to remote] DEBUG org.apache.http.wire  - >> "GET /session/79884c66-605f-4a8c-9556-5013692f6c33/element/639892f5-c056-4aee-8f50-6b8872757555/name HTTP/1.1[\r][\n]"
8211 [Forwarding getElementTagName on session 79884c66-605f-4a8c-9556-5013692f6c33 to remote] DEBUG org.apache.http.wire  - >> "Accept: application/json, image/png[\r][\n]"
8211 [Forwarding getElementTagName on session 79884c66-605f-4a8c-9556-5013692f6c33 to remote] DEBUG org.apache.http.wire  - >> "Cache-Control: no-cache[\r][\n]"
8211 [Forwarding getElementTagName on session 79884c66-605f-4a8c-9556-5013692f6c33 to remote] DEBUG org.apache.http.wire  - >> "Host: localhost:38029[\r][\n]"
8211 [Forwarding getElementTagName on session 79884c66-605f-4a8c-9556-5013692f6c33 to remote] DEBUG org.apache.http.wire  - >> "Connection: Keep-Alive[\r][\n]"
8211 [Forwarding getElementTagName on session 79884c66-605f-4a8c-9556-5013692f6c33 to remote] DEBUG org.apache.http.wire  - >> "[\r][\n]"
8211 [Forwarding getElementTagName on session 79884c66-605f-4a8c-9556-5013692f6c33 to remote] DEBUG org.apache.http.headers  - >> GET /session/79884c66-605f-4a8c-9556-5013692f6c33/element/639892f5-c056-4aee-8f50-6b8872757555/name HTTP/1.1
8211 [Forwarding getElementTagName on session 79884c66-605f-4a8c-9556-5013692f6c33 to remote] DEBUG org.apache.http.headers  - >> Accept: application/json, image/png
8211 [Forwarding getElementTagName on session 79884c66-605f-4a8c-9556-5013692f6c33 to remote] DEBUG org.apache.http.headers  - >> Cache-Control: no-cache
8211 [Forwarding getElementTagName on session 79884c66-605f-4a8c-9556-5013692f6c33 to remote] DEBUG org.apache.http.headers  - >> Host: localhost:38029
8211 [Forwarding getElementTagName on session 79884c66-605f-4a8c-9556-5013692f6c33 to remote] DEBUG org.apache.http.headers  - >> Connection: Keep-Alive
8258 [Forwarding getElementTagName on session 79884c66-605f-4a8c-9556-5013692f6c33 to remote] DEBUG org.apache.http.wire  - << "HTTP/1.1 200 OK[\r][\n]"
8258 [Forwarding getElementTagName on session 79884c66-605f-4a8c-9556-5013692f6c33 to remote] DEBUG org.apache.http.wire  - << "Content-Length: 81[\r][\n]"
8258 [Forwarding getElementTagName on session 79884c66-605f-4a8c-9556-5013692f6c33 to remote] DEBUG org.apache.http.wire  - << "Content-Type: application/json; charset=UTF-8[\r][\n]"
8258 [Forwarding getElementTagName on session 79884c66-605f-4a8c-9556-5013692f6c33 to remote] DEBUG org.apache.http.wire  - << "Vary: Accept-Charset, Accept-Encoding, Accept-Language, Accept[\r][\n]"
8258 [Forwarding getElementTagName on session 79884c66-605f-4a8c-9556-5013692f6c33 to remote] DEBUG org.apache.http.wire  - << "Accept-Ranges: bytes[\r][\n]"
8258 [Forwarding getElementTagName on session 79884c66-605f-4a8c-9556-5013692f6c33 to remote] DEBUG org.apache.http.wire  - << "Connection: close[\r][\n]"
8258 [Forwarding getElementTagName on session 79884c66-605f-4a8c-9556-5013692f6c33 to remote] DEBUG org.apache.http.wire  - << "[\r][\n]"
8258 [Forwarding getElementTagName on session 79884c66-605f-4a8c-9556-5013692f6c33 to remote] DEBUG org.apache.http.impl.conn.DefaultClientConnection  - Receiving response: HTTP/1.1 200 OK
8258 [Forwarding getElementTagName on session 79884c66-605f-4a8c-9556-5013692f6c33 to remote] DEBUG org.apache.http.headers  - << HTTP/1.1 200 OK
8258 [Forwarding getElementTagName on session 79884c66-605f-4a8c-9556-5013692f6c33 to remote] DEBUG org.apache.http.headers  - << Content-Length: 81
8258 [Forwarding getElementTagName on session 79884c66-605f-4a8c-9556-5013692f6c33 to remote] DEBUG org.apache.http.headers  - << Content-Type: application/json; charset=UTF-8
8258 [Forwarding getElementTagName on session 79884c66-605f-4a8c-9556-5013692f6c33 to remote] DEBUG org.apache.http.headers  - << Vary: Accept-Charset, Accept-Encoding, Accept-Language, Accept
8258 [Forwarding getElementTagName on session 79884c66-605f-4a8c-9556-5013692f6c33 to remote] DEBUG org.apache.http.headers  - << Accept-Ranges: bytes
8258 [Forwarding getElementTagName on session 79884c66-605f-4a8c-9556-5013692f6c33 to remote] DEBUG org.apache.http.headers  - << Connection: close
8258 [Forwarding getElementTagName on session 79884c66-605f-4a8c-9556-5013692f6c33 to remote] DEBUG org.apache.http.wire  - << "{"sessionId":"79884c66-605f-4a8c-9556-5013692f6c33","status":0,"value":"select"}[\n]"
8258 [Forwarding getElementTagName on session 79884c66-605f-4a8c-9556-5013692f6c33 to remote] DEBUG org.apache.http.impl.conn.DefaultClientConnection  - Connection 0.0.0.0:4032<->127.0.0.1:38029 shut down
8258 [Forwarding getElementTagName on session 79884c66-605f-4a8c-9556-5013692f6c33 to remote] DEBUG org.apache.http.impl.conn.tsccm.ThreadSafeClientConnManager  - Released connection is not reusable.
8258 [Forwarding getElementTagName on session 79884c66-605f-4a8c-9556-5013692f6c33 to remote] DEBUG org.apache.http.impl.conn.tsccm.ConnPoolByRoute  - Releasing connection [{}->http://localhost:38029][null]
8258 [Forwarding getElementTagName on session 79884c66-605f-4a8c-9556-5013692f6c33 to remote] DEBUG org.apache.http.impl.conn.DefaultClientConnection  - Connection 0.0.0.0:4032<->127.0.0.1:38029 closed
8258 [Forwarding getElementTagName on session 79884c66-605f-4a8c-9556-5013692f6c33 to remote] DEBUG org.apache.http.impl.conn.tsccm.ConnPoolByRoute  - Notifying no-one, there are no waiting threads
8258 [Forwarding getElementAttribute on session 79884c66-605f-4a8c-9556-5013692f6c33 to remote] DEBUG org.apache.http.impl.conn.tsccm.ThreadSafeClientConnManager  - Get connection: {}->http://localhost:38029, timeout = 120000
8258 [Forwarding getElementAttribute on session 79884c66-605f-4a8c-9556-5013692f6c33 to remote] DEBUG org.apache.http.impl.conn.tsccm.ConnPoolByRoute  - [{}->http://localhost:38029] total kept alive: 0, total issued: 0, total allocated: 0 out of 2000
8258 [Forwarding getElementAttribute on session 79884c66-605f-4a8c-9556-5013692f6c33 to remote] DEBUG org.apache.http.impl.conn.tsccm.ConnPoolByRoute  - No free connections [{}->http://localhost:38029][null]
8258 [Forwarding getElementAttribute on session 79884c66-605f-4a8c-9556-5013692f6c33 to remote] DEBUG org.apache.http.impl.conn.tsccm.ConnPoolByRoute  - Available capacity: 2000 out of 2000 [{}->http://localhost:38029][null]
8258 [Forwarding getElementAttribute on session 79884c66-605f-4a8c-9556-5013692f6c33 to remote] DEBUG org.apache.http.impl.conn.tsccm.ConnPoolByRoute  - Creating new connection [{}->http://localhost:38029]
8258 [Forwarding getElementAttribute on session 79884c66-605f-4a8c-9556-5013692f6c33 to remote] DEBUG org.apache.http.impl.conn.DefaultClientConnectionOperator  - Connecting to localhost:38029
8258 [Forwarding getElementAttribute on session 79884c66-605f-4a8c-9556-5013692f6c33 to remote] DEBUG org.apache.http.client.protocol.RequestAddCookies  - CookieSpec selected: best-match
8258 [Forwarding getElementAttribute on session 79884c66-605f-4a8c-9556-5013692f6c33 to remote] DEBUG org.apache.http.client.protocol.RequestAuthCache  - Auth cache not set in the context
8258 [Forwarding getElementAttribute on session 79884c66-605f-4a8c-9556-5013692f6c33 to remote] DEBUG org.apache.http.client.protocol.RequestTargetAuthentication  - Target auth state: UNCHALLENGED
8258 [Forwarding getElementAttribute on session 79884c66-605f-4a8c-9556-5013692f6c33 to remote] DEBUG org.apache.http.client.protocol.RequestProxyAuthentication  - Proxy auth state: UNCHALLENGED
8258 [Forwarding getElementAttribute on session 79884c66-605f-4a8c-9556-5013692f6c33 to remote] DEBUG org.apache.http.impl.client.DefaultHttpClient  - Attempt 1 to execute request
8258 [Forwarding getElementAttribute on session 79884c66-605f-4a8c-9556-5013692f6c33 to remote] DEBUG org.apache.http.impl.conn.DefaultClientConnection  - Sending request: GET /session/79884c66-605f-4a8c-9556-5013692f6c33/element/639892f5-c056-4aee-8f50-6b8872757555/attribute/multiple HTTP/1.1
8258 [Forwarding getElementAttribute on session 79884c66-605f-4a8c-9556-5013692f6c33 to remote] DEBUG org.apache.http.wire  - >> "GET /session/79884c66-605f-4a8c-9556-5013692f6c33/element/639892f5-c056-4aee-8f50-6b8872757555/attribute/multiple HTTP/1.1[\r][\n]"
8258 [Forwarding getElementAttribute on session 79884c66-605f-4a8c-9556-5013692f6c33 to remote] DEBUG org.apache.http.wire  - >> "Accept: application/json, image/png[\r][\n]"
8258 [Forwarding getElementAttribute on session 79884c66-605f-4a8c-9556-5013692f6c33 to remote] DEBUG org.apache.http.wire  - >> "Cache-Control: no-cache[\r][\n]"
8258 [Forwarding getElementAttribute on session 79884c66-605f-4a8c-9556-5013692f6c33 to remote] DEBUG org.apache.http.wire  - >> "Host: localhost:38029[\r][\n]"
8258 [Forwarding getElementAttribute on session 79884c66-605f-4a8c-9556-5013692f6c33 to remote] DEBUG org.apache.http.wire  - >> "Connection: Keep-Alive[\r][\n]"
8258 [Forwarding getElementAttribute on session 79884c66-605f-4a8c-9556-5013692f6c33 to remote] DEBUG org.apache.http.wire  - >> "[\r][\n]"
8258 [Forwarding getElementAttribute on session 79884c66-605f-4a8c-9556-5013692f6c33 to remote] DEBUG org.apache.http.headers  - >> GET /session/79884c66-605f-4a8c-9556-5013692f6c33/element/639892f5-c056-4aee-8f50-6b8872757555/attribute/multiple HTTP/1.1
8258 [Forwarding getElementAttribute on session 79884c66-605f-4a8c-9556-5013692f6c33 to remote] DEBUG org.apache.http.headers  - >> Accept: application/json, image/png
8258 [Forwarding getElementAttribute on session 79884c66-605f-4a8c-9556-5013692f6c33 to remote] DEBUG org.apache.http.headers  - >> Cache-Control: no-cache
8258 [Forwarding getElementAttribute on session 79884c66-605f-4a8c-9556-5013692f6c33 to remote] DEBUG org.apache.http.headers  - >> Host: localhost:38029
8258 [Forwarding getElementAttribute on session 79884c66-605f-4a8c-9556-5013692f6c33 to remote] DEBUG org.apache.http.headers  - >> Connection: Keep-Alive
8320 [Forwarding getElementAttribute on session 79884c66-605f-4a8c-9556-5013692f6c33 to remote] DEBUG org.apache.http.wire  - << "HTTP/1.1 200 OK[\r][\n]"
8320 [Forwarding getElementAttribute on session 79884c66-605f-4a8c-9556-5013692f6c33 to remote] DEBUG org.apache.http.wire  - << "Content-Length: 77[\r][\n]"
8320 [Forwarding getElementAttribute on session 79884c66-605f-4a8c-9556-5013692f6c33 to remote] DEBUG org.apache.http.wire  - << "Content-Type: application/json; charset=UTF-8[\r][\n]"
8320 [Forwarding getElementAttribute on session 79884c66-605f-4a8c-9556-5013692f6c33 to remote] DEBUG org.apache.http.wire  - << "Vary: Accept-Charset, Accept-Encoding, Accept-Language, Accept[\r][\n]"
8320 [Forwarding getElementAttribute on session 79884c66-605f-4a8c-9556-5013692f6c33 to remote] DEBUG org.apache.http.wire  - << "Accept-Ranges: bytes[\r][\n]"
8320 [Forwarding getElementAttribute on session 79884c66-605f-4a8c-9556-5013692f6c33 to remote] DEBUG org.apache.http.wire  - << "Connection: close[\r][\n]"
8320 [Forwarding getElementAttribute on session 79884c66-605f-4a8c-9556-5013692f6c33 to remote] DEBUG org.apache.http.wire  - << "[\r][\n]"
8320 [Forwarding getElementAttribute on session 79884c66-605f-4a8c-9556-5013692f6c33 to remote] DEBUG org.apache.http.impl.conn.DefaultClientConnection  - Receiving response: HTTP/1.1 200 OK
8320 [Forwarding getElementAttribute on session 79884c66-605f-4a8c-9556-5013692f6c33 to remote] DEBUG org.apache.http.headers  - << HTTP/1.1 200 OK
8320 [Forwarding getElementAttribute on session 79884c66-605f-4a8c-9556-5013692f6c33 to remote] DEBUG org.apache.http.headers  - << Content-Length: 77
8320 [Forwarding getElementAttribute on session 79884c66-605f-4a8c-9556-5013692f6c33 to remote] DEBUG org.apache.http.headers  - << Content-Type: application/json; charset=UTF-8
8320 [Forwarding getElementAttribute on session 79884c66-605f-4a8c-9556-5013692f6c33 to remote] DEBUG org.apache.http.headers  - << Vary: Accept-Charset, Accept-Encoding, Accept-Language, Accept
8320 [Forwarding getElementAttribute on session 79884c66-605f-4a8c-9556-5013692f6c33 to remote] DEBUG org.apache.http.headers  - << Accept-Ranges: bytes
8320 [Forwarding getElementAttribute on session 79884c66-605f-4a8c-9556-5013692f6c33 to remote] DEBUG org.apache.http.headers  - << Connection: close
8320 [Forwarding getElementAttribute on session 79884c66-605f-4a8c-9556-5013692f6c33 to remote] DEBUG org.apache.http.wire  - << "{"sessionId":"79884c66-605f-4a8c-9556-5013692f6c33","status":0,"value":null}[\n]"
8320 [Forwarding getElementAttribute on session 79884c66-605f-4a8c-9556-5013692f6c33 to remote] DEBUG org.apache.http.impl.conn.DefaultClientConnection  - Connection 0.0.0.0:4033<->127.0.0.1:38029 shut down
8320 [Forwarding getElementAttribute on session 79884c66-605f-4a8c-9556-5013692f6c33 to remote] DEBUG org.apache.http.impl.conn.tsccm.ThreadSafeClientConnManager  - Released connection is not reusable.
8320 [Forwarding getElementAttribute on session 79884c66-605f-4a8c-9556-5013692f6c33 to remote] DEBUG org.apache.http.impl.conn.tsccm.ConnPoolByRoute  - Releasing connection [{}->http://localhost:38029][null]
8320 [Forwarding getElementAttribute on session 79884c66-605f-4a8c-9556-5013692f6c33 to remote] DEBUG org.apache.http.impl.conn.DefaultClientConnection  - Connection 0.0.0.0:4033<->127.0.0.1:38029 closed
8320 [Forwarding getElementAttribute on session 79884c66-605f-4a8c-9556-5013692f6c33 to remote] DEBUG org.apache.http.impl.conn.tsccm.ConnPoolByRoute  - Notifying no-one, there are no waiting threads
8320 [Forwarding findChildElements on session 79884c66-605f-4a8c-9556-5013692f6c33 to remote] DEBUG org.apache.http.impl.conn.tsccm.ThreadSafeClientConnManager  - Get connection: {}->http://localhost:38029, timeout = 120000
8320 [Forwarding findChildElements on session 79884c66-605f-4a8c-9556-5013692f6c33 to remote] DEBUG org.apache.http.impl.conn.tsccm.ConnPoolByRoute  - [{}->http://localhost:38029] total kept alive: 0, total issued: 0, total allocated: 0 out of 2000
8320 [Forwarding findChildElements on session 79884c66-605f-4a8c-9556-5013692f6c33 to remote] DEBUG org.apache.http.impl.conn.tsccm.ConnPoolByRoute  - No free connections [{}->http://localhost:38029][null]
8320 [Forwarding findChildElements on session 79884c66-605f-4a8c-9556-5013692f6c33 to remote] DEBUG org.apache.http.impl.conn.tsccm.ConnPoolByRoute  - Available capacity: 2000 out of 2000 [{}->http://localhost:38029][null]
8320 [Forwarding findChildElements on session 79884c66-605f-4a8c-9556-5013692f6c33 to remote] DEBUG org.apache.http.impl.conn.tsccm.ConnPoolByRoute  - Creating new connection [{}->http://localhost:38029]
8320 [Forwarding findChildElements on session 79884c66-605f-4a8c-9556-5013692f6c33 to remote] DEBUG org.apache.http.impl.conn.DefaultClientConnectionOperator  - Connecting to localhost:38029
8320 [Forwarding findChildElements on session 79884c66-605f-4a8c-9556-5013692f6c33 to remote] DEBUG org.apache.http.client.protocol.RequestAddCookies  - CookieSpec selected: best-match
8320 [Forwarding findChildElements on session 79884c66-605f-4a8c-9556-5013692f6c33 to remote] DEBUG org.apache.http.client.protocol.RequestAuthCache  - Auth cache not set in the context
8320 [Forwarding findChildElements on session 79884c66-605f-4a8c-9556-5013692f6c33 to remote] DEBUG org.apache.http.client.protocol.RequestTargetAuthentication  - Target auth state: UNCHALLENGED
8320 [Forwarding findChildElements on session 79884c66-605f-4a8c-9556-5013692f6c33 to remote] DEBUG org.apache.http.client.protocol.RequestProxyAuthentication  - Proxy auth state: UNCHALLENGED
8320 [Forwarding findChildElements on session 79884c66-605f-4a8c-9556-5013692f6c33 to remote] DEBUG org.apache.http.impl.client.DefaultHttpClient  - Attempt 1 to execute request
8320 [Forwarding findChildElements on session 79884c66-605f-4a8c-9556-5013692f6c33 to remote] DEBUG org.apache.http.impl.conn.DefaultClientConnection  - Sending request: POST /session/79884c66-605f-4a8c-9556-5013692f6c33/element/639892f5-c056-4aee-8f50-6b8872757555/elements HTTP/1.1
8320 [Forwarding findChildElements on session 79884c66-605f-4a8c-9556-5013692f6c33 to remote] DEBUG org.apache.http.wire  - >> "POST /session/79884c66-605f-4a8c-9556-5013692f6c33/element/639892f5-c056-4aee-8f50-6b8872757555/elements HTTP/1.1[\r][\n]"
8320 [Forwarding findChildElements on session 79884c66-605f-4a8c-9556-5013692f6c33 to remote] DEBUG org.apache.http.wire  - >> "Accept: application/json, image/png[\r][\n]"
8320 [Forwarding findChildElements on session 79884c66-605f-4a8c-9556-5013692f6c33 to remote] DEBUG org.apache.http.wire  - >> "Content-Type: application/json; charset=utf-8[\r][\n]"
8320 [Forwarding findChildElements on session 79884c66-605f-4a8c-9556-5013692f6c33 to remote] DEBUG org.apache.http.wire  - >> "Content-Length: 122[\r][\n]"
8320 [Forwarding findChildElements on session 79884c66-605f-4a8c-9556-5013692f6c33 to remote] DEBUG org.apache.http.wire  - >> "Host: localhost:38029[\r][\n]"
8320 [Forwarding findChildElements on session 79884c66-605f-4a8c-9556-5013692f6c33 to remote] DEBUG org.apache.http.wire  - >> "Connection: Keep-Alive[\r][\n]"
8320 [Forwarding findChildElements on session 79884c66-605f-4a8c-9556-5013692f6c33 to remote] DEBUG org.apache.http.wire  - >> "[\r][\n]"
8320 [Forwarding findChildElements on session 79884c66-605f-4a8c-9556-5013692f6c33 to remote] DEBUG org.apache.http.headers  - >> POST /session/79884c66-605f-4a8c-9556-5013692f6c33/element/639892f5-c056-4aee-8f50-6b8872757555/elements HTTP/1.1
8320 [Forwarding findChildElements on session 79884c66-605f-4a8c-9556-5013692f6c33 to remote] DEBUG org.apache.http.headers  - >> Accept: application/json, image/png
8320 [Forwarding findChildElements on session 79884c66-605f-4a8c-9556-5013692f6c33 to remote] DEBUG org.apache.http.headers  - >> Content-Type: application/json; charset=utf-8
8320 [Forwarding findChildElements on session 79884c66-605f-4a8c-9556-5013692f6c33 to remote] DEBUG org.apache.http.headers  - >> Content-Length: 122
8320 [Forwarding findChildElements on session 79884c66-605f-4a8c-9556-5013692f6c33 to remote] DEBUG org.apache.http.headers  - >> Host: localhost:38029
8320 [Forwarding findChildElements on session 79884c66-605f-4a8c-9556-5013692f6c33 to remote] DEBUG org.apache.http.headers  - >> Connection: Keep-Alive
8320 [Forwarding findChildElements on session 79884c66-605f-4a8c-9556-5013692f6c33 to remote] DEBUG org.apache.http.wire  - >> "{"id":"639892f5-c056-4aee-8f50-6b8872757555","using":"xpath","value":".//option[normalize-space(.) = \"Standalone URL\"]"}"
8507 [Forwarding findChildElements on session 79884c66-605f-4a8c-9556-5013692f6c33 to remote] DEBUG org.apache.http.wire  - << "HTTP/1.1 200 OK[\r][\n]"
8507 [Forwarding findChildElements on session 79884c66-605f-4a8c-9556-5013692f6c33 to remote] DEBUG org.apache.http.wire  - << "Content-Length: 125[\r][\n]"
8507 [Forwarding findChildElements on session 79884c66-605f-4a8c-9556-5013692f6c33 to remote] DEBUG org.apache.http.wire  - << "Content-Type: application/json; charset=UTF-8[\r][\n]"
8507 [Forwarding findChildElements on session 79884c66-605f-4a8c-9556-5013692f6c33 to remote] DEBUG org.apache.http.wire  - << "Vary: Accept-Charset, Accept-Encoding, Accept-Language, Accept[\r][\n]"
8507 [Forwarding findChildElements on session 79884c66-605f-4a8c-9556-5013692f6c33 to remote] DEBUG org.apache.http.wire  - << "Accept-Ranges: bytes[\r][\n]"
8507 [Forwarding findChildElements on session 79884c66-605f-4a8c-9556-5013692f6c33 to remote] DEBUG org.apache.http.wire  - << "Connection: close[\r][\n]"
8507 [Forwarding findChildElements on session 79884c66-605f-4a8c-9556-5013692f6c33 to remote] DEBUG org.apache.http.wire  - << "[\r][\n]"
8507 [Forwarding findChildElements on session 79884c66-605f-4a8c-9556-5013692f6c33 to remote] DEBUG org.apache.http.impl.conn.DefaultClientConnection  - Receiving response: HTTP/1.1 200 OK
8507 [Forwarding findChildElements on session 79884c66-605f-4a8c-9556-5013692f6c33 to remote] DEBUG org.apache.http.headers  - << HTTP/1.1 200 OK
8507 [Forwarding findChildElements on session 79884c66-605f-4a8c-9556-5013692f6c33 to remote] DEBUG org.apache.http.headers  - << Content-Length: 125
8507 [Forwarding findChildElements on session 79884c66-605f-4a8c-9556-5013692f6c33 to remote] DEBUG org.apache.http.headers  - << Content-Type: application/json; charset=UTF-8
8507 [Forwarding findChildElements on session 79884c66-605f-4a8c-9556-5013692f6c33 to remote] DEBUG org.apache.http.headers  - << Vary: Accept-Charset, Accept-Encoding, Accept-Language, Accept
8507 [Forwarding findChildElements on session 79884c66-605f-4a8c-9556-5013692f6c33 to remote] DEBUG org.apache.http.headers  - << Accept-Ranges: bytes
8507 [Forwarding findChildElements on session 79884c66-605f-4a8c-9556-5013692f6c33 to remote] DEBUG org.apache.http.headers  - << Connection: close
8507 [Forwarding findChildElements on session 79884c66-605f-4a8c-9556-5013692f6c33 to remote] DEBUG org.apache.http.wire  - << "{"sessionId":"79884c66-605f-4a8c-9556-5013692f6c33","status":0,"value":[{"ELEMENT":"b7e5ff63-ad50-4053-b980-caeb59c0f280"}]}[\n]"
8507 [Forwarding findChildElements on session 79884c66-605f-4a8c-9556-5013692f6c33 to remote] DEBUG org.apache.http.impl.conn.DefaultClientConnection  - Connection 0.0.0.0:4034<->127.0.0.1:38029 shut down
8507 [Forwarding findChildElements on session 79884c66-605f-4a8c-9556-5013692f6c33 to remote] DEBUG org.apache.http.impl.conn.tsccm.ThreadSafeClientConnManager  - Released connection is not reusable.
8507 [Forwarding findChildElements on session 79884c66-605f-4a8c-9556-5013692f6c33 to remote] DEBUG org.apache.http.impl.conn.tsccm.ConnPoolByRoute  - Releasing connection [{}->http://localhost:38029][null]
8507 [Forwarding findChildElements on session 79884c66-605f-4a8c-9556-5013692f6c33 to remote] DEBUG org.apache.http.impl.conn.DefaultClientConnection  - Connection 0.0.0.0:4034<->127.0.0.1:38029 closed
8507 [Forwarding findChildElements on session 79884c66-605f-4a8c-9556-5013692f6c33 to remote] DEBUG org.apache.http.impl.conn.tsccm.ConnPoolByRoute  - Notifying no-one, there are no waiting threads
8507 [Forwarding isElementSelected on session 79884c66-605f-4a8c-9556-5013692f6c33 to remote] DEBUG org.apache.http.impl.conn.tsccm.ThreadSafeClientConnManager  - Get connection: {}->http://localhost:38029, timeout = 120000
8507 [Forwarding isElementSelected on session 79884c66-605f-4a8c-9556-5013692f6c33 to remote] DEBUG org.apache.http.impl.conn.tsccm.ConnPoolByRoute  - [{}->http://localhost:38029] total kept alive: 0, total issued: 0, total allocated: 0 out of 2000
8507 [Forwarding isElementSelected on session 79884c66-605f-4a8c-9556-5013692f6c33 to remote] DEBUG org.apache.http.impl.conn.tsccm.ConnPoolByRoute  - No free connections [{}->http://localhost:38029][null]
8507 [Forwarding isElementSelected on session 79884c66-605f-4a8c-9556-5013692f6c33 to remote] DEBUG org.apache.http.impl.conn.tsccm.ConnPoolByRoute  - Available capacity: 2000 out of 2000 [{}->http://localhost:38029][null]
8507 [Forwarding isElementSelected on session 79884c66-605f-4a8c-9556-5013692f6c33 to remote] DEBUG org.apache.http.impl.conn.tsccm.ConnPoolByRoute  - Creating new connection [{}->http://localhost:38029]
8507 [Forwarding isElementSelected on session 79884c66-605f-4a8c-9556-5013692f6c33 to remote] DEBUG org.apache.http.impl.conn.DefaultClientConnectionOperator  - Connecting to localhost:38029
8507 [Forwarding isElementSelected on session 79884c66-605f-4a8c-9556-5013692f6c33 to remote] DEBUG org.apache.http.client.protocol.RequestAddCookies  - CookieSpec selected: best-match
8507 [Forwarding isElementSelected on session 79884c66-605f-4a8c-9556-5013692f6c33 to remote] DEBUG org.apache.http.client.protocol.RequestAuthCache  - Auth cache not set in the context
8507 [Forwarding isElementSelected on session 79884c66-605f-4a8c-9556-5013692f6c33 to remote] DEBUG org.apache.http.client.protocol.RequestTargetAuthentication  - Target auth state: UNCHALLENGED
8507 [Forwarding isElementSelected on session 79884c66-605f-4a8c-9556-5013692f6c33 to remote] DEBUG org.apache.http.client.protocol.RequestProxyAuthentication  - Proxy auth state: UNCHALLENGED
8507 [Forwarding isElementSelected on session 79884c66-605f-4a8c-9556-5013692f6c33 to remote] DEBUG org.apache.http.impl.client.DefaultHttpClient  - Attempt 1 to execute request
8507 [Forwarding isElementSelected on session 79884c66-605f-4a8c-9556-5013692f6c33 to remote] DEBUG org.apache.http.impl.conn.DefaultClientConnection  - Sending request: GET /session/79884c66-605f-4a8c-9556-5013692f6c33/element/b7e5ff63-ad50-4053-b980-caeb59c0f280/selected HTTP/1.1
8507 [Forwarding isElementSelected on session 79884c66-605f-4a8c-9556-5013692f6c33 to remote] DEBUG org.apache.http.wire  - >> "GET /session/79884c66-605f-4a8c-9556-5013692f6c33/element/b7e5ff63-ad50-4053-b980-caeb59c0f280/selected HTTP/1.1[\r][\n]"
8507 [Forwarding isElementSelected on session 79884c66-605f-4a8c-9556-5013692f6c33 to remote] DEBUG org.apache.http.wire  - >> "Accept: application/json, image/png[\r][\n]"
8507 [Forwarding isElementSelected on session 79884c66-605f-4a8c-9556-5013692f6c33 to remote] DEBUG org.apache.http.wire  - >> "Cache-Control: no-cache[\r][\n]"
8507 [Forwarding isElementSelected on session 79884c66-605f-4a8c-9556-5013692f6c33 to remote] DEBUG org.apache.http.wire  - >> "Host: localhost:38029[\r][\n]"
8507 [Forwarding isElementSelected on session 79884c66-605f-4a8c-9556-5013692f6c33 to remote] DEBUG org.apache.http.wire  - >> "Connection: Keep-Alive[\r][\n]"
8507 [Forwarding isElementSelected on session 79884c66-605f-4a8c-9556-5013692f6c33 to remote] DEBUG org.apache.http.wire  - >> "[\r][\n]"
8507 [Forwarding isElementSelected on session 79884c66-605f-4a8c-9556-5013692f6c33 to remote] DEBUG org.apache.http.headers  - >> GET /session/79884c66-605f-4a8c-9556-5013692f6c33/element/b7e5ff63-ad50-4053-b980-caeb59c0f280/selected HTTP/1.1
8507 [Forwarding isElementSelected on session 79884c66-605f-4a8c-9556-5013692f6c33 to remote] DEBUG org.apache.http.headers  - >> Accept: application/json, image/png
8507 [Forwarding isElementSelected on session 79884c66-605f-4a8c-9556-5013692f6c33 to remote] DEBUG org.apache.http.headers  - >> Cache-Control: no-cache
8507 [Forwarding isElementSelected on session 79884c66-605f-4a8c-9556-5013692f6c33 to remote] DEBUG org.apache.http.headers  - >> Host: localhost:38029
8507 [Forwarding isElementSelected on session 79884c66-605f-4a8c-9556-5013692f6c33 to remote] DEBUG org.apache.http.headers  - >> Connection: Keep-Alive
8570 [Forwarding isElementSelected on session 79884c66-605f-4a8c-9556-5013692f6c33 to remote] DEBUG org.apache.http.wire  - << "HTTP/1.1 200 OK[\r][\n]"
8570 [Forwarding isElementSelected on session 79884c66-605f-4a8c-9556-5013692f6c33 to remote] DEBUG org.apache.http.wire  - << "Content-Length: 78[\r][\n]"
8570 [Forwarding isElementSelected on session 79884c66-605f-4a8c-9556-5013692f6c33 to remote] DEBUG org.apache.http.wire  - << "Content-Type: application/json; charset=UTF-8[\r][\n]"
8570 [Forwarding isElementSelected on session 79884c66-605f-4a8c-9556-5013692f6c33 to remote] DEBUG org.apache.http.wire  - << "Vary: Accept-Charset, Accept-Encoding, Accept-Language, Accept[\r][\n]"
8570 [Forwarding isElementSelected on session 79884c66-605f-4a8c-9556-5013692f6c33 to remote] DEBUG org.apache.http.wire  - << "Accept-Ranges: bytes[\r][\n]"
8570 [Forwarding isElementSelected on session 79884c66-605f-4a8c-9556-5013692f6c33 to remote] DEBUG org.apache.http.wire  - << "Connection: close[\r][\n]"
8570 [Forwarding isElementSelected on session 79884c66-605f-4a8c-9556-5013692f6c33 to remote] DEBUG org.apache.http.wire  - << "[\r][\n]"
8570 [Forwarding isElementSelected on session 79884c66-605f-4a8c-9556-5013692f6c33 to remote] DEBUG org.apache.http.impl.conn.DefaultClientConnection  - Receiving response: HTTP/1.1 200 OK
8570 [Forwarding isElementSelected on session 79884c66-605f-4a8c-9556-5013692f6c33 to remote] DEBUG org.apache.http.headers  - << HTTP/1.1 200 OK
8570 [Forwarding isElementSelected on session 79884c66-605f-4a8c-9556-5013692f6c33 to remote] DEBUG org.apache.http.headers  - << Content-Length: 78
8570 [Forwarding isElementSelected on session 79884c66-605f-4a8c-9556-5013692f6c33 to remote] DEBUG org.apache.http.headers  - << Content-Type: application/json; charset=UTF-8
8570 [Forwarding isElementSelected on session 79884c66-605f-4a8c-9556-5013692f6c33 to remote] DEBUG org.apache.http.headers  - << Vary: Accept-Charset, Accept-Encoding, Accept-Language, Accept
8570 [Forwarding isElementSelected on session 79884c66-605f-4a8c-9556-5013692f6c33 to remote] DEBUG org.apache.http.headers  - << Accept-Ranges: bytes
8570 [Forwarding isElementSelected on session 79884c66-605f-4a8c-9556-5013692f6c33 to remote] DEBUG org.apache.http.headers  - << Connection: close
8570 [Forwarding isElementSelected on session 79884c66-605f-4a8c-9556-5013692f6c33 to remote] DEBUG org.apache.http.wire  - << "{"sessionId":"79884c66-605f-4a8c-9556-5013692f6c33","status":0,"value":false}[\n]"
8570 [Forwarding isElementSelected on session 79884c66-605f-4a8c-9556-5013692f6c33 to remote] DEBUG org.apache.http.impl.conn.DefaultClientConnection  - Connection 0.0.0.0:4035<->127.0.0.1:38029 shut down
8570 [Forwarding isElementSelected on session 79884c66-605f-4a8c-9556-5013692f6c33 to remote] DEBUG org.apache.http.impl.conn.tsccm.ThreadSafeClientConnManager  - Released connection is not reusable.
8570 [Forwarding isElementSelected on session 79884c66-605f-4a8c-9556-5013692f6c33 to remote] DEBUG org.apache.http.impl.conn.tsccm.ConnPoolByRoute  - Releasing connection [{}->http://localhost:38029][null]
8570 [Forwarding isElementSelected on session 79884c66-605f-4a8c-9556-5013692f6c33 to remote] DEBUG org.apache.http.impl.conn.DefaultClientConnection  - Connection 0.0.0.0:4035<->127.0.0.1:38029 closed
8570 [Forwarding isElementSelected on session 79884c66-605f-4a8c-9556-5013692f6c33 to remote] DEBUG org.apache.http.impl.conn.tsccm.ConnPoolByRoute  - Notifying no-one, there are no waiting threads
8570 [Forwarding clickElement on session 79884c66-605f-4a8c-9556-5013692f6c33 to remote] DEBUG org.apache.http.impl.conn.tsccm.ThreadSafeClientConnManager  - Get connection: {}->http://localhost:38029, timeout = 120000
8570 [Forwarding clickElement on session 79884c66-605f-4a8c-9556-5013692f6c33 to remote] DEBUG org.apache.http.impl.conn.tsccm.ConnPoolByRoute  - [{}->http://localhost:38029] total kept alive: 0, total issued: 0, total allocated: 0 out of 2000
8570 [Forwarding clickElement on session 79884c66-605f-4a8c-9556-5013692f6c33 to remote] DEBUG org.apache.http.impl.conn.tsccm.ConnPoolByRoute  - No free connections [{}->http://localhost:38029][null]
8570 [Forwarding clickElement on session 79884c66-605f-4a8c-9556-5013692f6c33 to remote] DEBUG org.apache.http.impl.conn.tsccm.ConnPoolByRoute  - Available capacity: 2000 out of 2000 [{}->http://localhost:38029][null]
8570 [Forwarding clickElement on session 79884c66-605f-4a8c-9556-5013692f6c33 to remote] DEBUG org.apache.http.impl.conn.tsccm.ConnPoolByRoute  - Creating new connection [{}->http://localhost:38029]
8570 [Forwarding clickElement on session 79884c66-605f-4a8c-9556-5013692f6c33 to remote] DEBUG org.apache.http.impl.conn.DefaultClientConnectionOperator  - Connecting to localhost:38029
8570 [Forwarding clickElement on session 79884c66-605f-4a8c-9556-5013692f6c33 to remote] DEBUG org.apache.http.client.protocol.RequestAddCookies  - CookieSpec selected: best-match
8570 [Forwarding clickElement on session 79884c66-605f-4a8c-9556-5013692f6c33 to remote] DEBUG org.apache.http.client.protocol.RequestAuthCache  - Auth cache not set in the context
8570 [Forwarding clickElement on session 79884c66-605f-4a8c-9556-5013692f6c33 to remote] DEBUG org.apache.http.client.protocol.RequestTargetAuthentication  - Target auth state: UNCHALLENGED
8570 [Forwarding clickElement on session 79884c66-605f-4a8c-9556-5013692f6c33 to remote] DEBUG org.apache.http.client.protocol.RequestProxyAuthentication  - Proxy auth state: UNCHALLENGED
8570 [Forwarding clickElement on session 79884c66-605f-4a8c-9556-5013692f6c33 to remote] DEBUG org.apache.http.impl.client.DefaultHttpClient  - Attempt 1 to execute request
8570 [Forwarding clickElement on session 79884c66-605f-4a8c-9556-5013692f6c33 to remote] DEBUG org.apache.http.impl.conn.DefaultClientConnection  - Sending request: POST /session/79884c66-605f-4a8c-9556-5013692f6c33/element/b7e5ff63-ad50-4053-b980-caeb59c0f280/click HTTP/1.1
8570 [Forwarding clickElement on session 79884c66-605f-4a8c-9556-5013692f6c33 to remote] DEBUG org.apache.http.wire  - >> "POST /session/79884c66-605f-4a8c-9556-5013692f6c33/element/b7e5ff63-ad50-4053-b980-caeb59c0f280/click HTTP/1.1[\r][\n]"
8570 [Forwarding clickElement on session 79884c66-605f-4a8c-9556-5013692f6c33 to remote] DEBUG org.apache.http.wire  - >> "Accept: application/json, image/png[\r][\n]"
8570 [Forwarding clickElement on session 79884c66-605f-4a8c-9556-5013692f6c33 to remote] DEBUG org.apache.http.wire  - >> "Content-Type: application/json; charset=utf-8[\r][\n]"
8570 [Forwarding clickElement on session 79884c66-605f-4a8c-9556-5013692f6c33 to remote] DEBUG org.apache.http.wire  - >> "Content-Length: 45[\r][\n]"
8570 [Forwarding clickElement on session 79884c66-605f-4a8c-9556-5013692f6c33 to remote] DEBUG org.apache.http.wire  - >> "Host: localhost:38029[\r][\n]"
8570 [Forwarding clickElement on session 79884c66-605f-4a8c-9556-5013692f6c33 to remote] DEBUG org.apache.http.wire  - >> "Connection: Keep-Alive[\r][\n]"
8570 [Forwarding clickElement on session 79884c66-605f-4a8c-9556-5013692f6c33 to remote] DEBUG org.apache.http.wire  - >> "[\r][\n]"
8570 [Forwarding clickElement on session 79884c66-605f-4a8c-9556-5013692f6c33 to remote] DEBUG org.apache.http.headers  - >> POST /session/79884c66-605f-4a8c-9556-5013692f6c33/element/b7e5ff63-ad50-4053-b980-caeb59c0f280/click HTTP/1.1
8570 [Forwarding clickElement on session 79884c66-605f-4a8c-9556-5013692f6c33 to remote] DEBUG org.apache.http.headers  - >> Accept: application/json, image/png
8570 [Forwarding clickElement on session 79884c66-605f-4a8c-9556-5013692f6c33 to remote] DEBUG org.apache.http.headers  - >> Content-Type: application/json; charset=utf-8
8570 [Forwarding clickElement on session 79884c66-605f-4a8c-9556-5013692f6c33 to remote] DEBUG org.apache.http.headers  - >> Content-Length: 45
8570 [Forwarding clickElement on session 79884c66-605f-4a8c-9556-5013692f6c33 to remote] DEBUG org.apache.http.headers  - >> Host: localhost:38029
8570 [Forwarding clickElement on session 79884c66-605f-4a8c-9556-5013692f6c33 to remote] DEBUG org.apache.http.headers  - >> Connection: Keep-Alive
8570 [Forwarding clickElement on session 79884c66-605f-4a8c-9556-5013692f6c33 to remote] DEBUG org.apache.http.wire  - >> "{"id":"b7e5ff63-ad50-4053-b980-caeb59c0f280"}"
8710 [Forwarding clickElement on session 79884c66-605f-4a8c-9556-5013692f6c33 to remote] DEBUG org.apache.http.wire  - << "HTTP/1.1 200 OK[\r][\n]"
8710 [Forwarding clickElement on session 79884c66-605f-4a8c-9556-5013692f6c33 to remote] DEBUG org.apache.http.wire  - << "Content-Length: 77[\r][\n]"
8710 [Forwarding clickElement on session 79884c66-605f-4a8c-9556-5013692f6c33 to remote] DEBUG org.apache.http.wire  - << "Content-Type: application/json; charset=UTF-8[\r][\n]"
8710 [Forwarding clickElement on session 79884c66-605f-4a8c-9556-5013692f6c33 to remote] DEBUG org.apache.http.wire  - << "Vary: Accept-Charset, Accept-Encoding, Accept-Language, Accept[\r][\n]"
8710 [Forwarding clickElement on session 79884c66-605f-4a8c-9556-5013692f6c33 to remote] DEBUG org.apache.http.wire  - << "Accept-Ranges: bytes[\r][\n]"
8710 [Forwarding clickElement on session 79884c66-605f-4a8c-9556-5013692f6c33 to remote] DEBUG org.apache.http.wire  - << "Connection: close[\r][\n]"
8710 [Forwarding clickElement on session 79884c66-605f-4a8c-9556-5013692f6c33 to remote] DEBUG org.apache.http.wire  - << "[\r][\n]"
8710 [Forwarding clickElement on session 79884c66-605f-4a8c-9556-5013692f6c33 to remote] DEBUG org.apache.http.impl.conn.DefaultClientConnection  - Receiving response: HTTP/1.1 200 OK
8710 [Forwarding clickElement on session 79884c66-605f-4a8c-9556-5013692f6c33 to remote] DEBUG org.apache.http.headers  - << HTTP/1.1 200 OK
8710 [Forwarding clickElement on session 79884c66-605f-4a8c-9556-5013692f6c33 to remote] DEBUG org.apache.http.headers  - << Content-Length: 77
8710 [Forwarding clickElement on session 79884c66-605f-4a8c-9556-5013692f6c33 to remote] DEBUG org.apache.http.headers  - << Content-Type: application/json; charset=UTF-8
8710 [Forwarding clickElement on session 79884c66-605f-4a8c-9556-5013692f6c33 to remote] DEBUG org.apache.http.headers  - << Vary: Accept-Charset, Accept-Encoding, Accept-Language, Accept
8710 [Forwarding clickElement on session 79884c66-605f-4a8c-9556-5013692f6c33 to remote] DEBUG org.apache.http.headers  - << Accept-Ranges: bytes
8710 [Forwarding clickElement on session 79884c66-605f-4a8c-9556-5013692f6c33 to remote] DEBUG org.apache.http.headers  - << Connection: close
8710 [Forwarding clickElement on session 79884c66-605f-4a8c-9556-5013692f6c33 to remote] DEBUG org.apache.http.wire  - << "{"sessionId":"79884c66-605f-4a8c-9556-5013692f6c33","status":0,"value":null}[\n]"
8710 [Forwarding clickElement on session 79884c66-605f-4a8c-9556-5013692f6c33 to remote] DEBUG org.apache.http.impl.conn.DefaultClientConnection  - Connection 0.0.0.0:4036<->127.0.0.1:38029 shut down
8710 [Forwarding clickElement on session 79884c66-605f-4a8c-9556-5013692f6c33 to remote] DEBUG org.apache.http.impl.conn.tsccm.ThreadSafeClientConnManager  - Released connection is not reusable.
8710 [Forwarding clickElement on session 79884c66-605f-4a8c-9556-5013692f6c33 to remote] DEBUG org.apache.http.impl.conn.tsccm.ConnPoolByRoute  - Releasing connection [{}->http://localhost:38029][null]
8710 [Forwarding clickElement on session 79884c66-605f-4a8c-9556-5013692f6c33 to remote] DEBUG org.apache.http.impl.conn.DefaultClientConnection  - Connection 0.0.0.0:4036<->127.0.0.1:38029 closed
8710 [Forwarding clickElement on session 79884c66-605f-4a8c-9556-5013692f6c33 to remote] DEBUG org.apache.http.impl.conn.tsccm.ConnPoolByRoute  - Notifying no-one, there are no waiting threads
8710 [Forwarding findElement on session 79884c66-605f-4a8c-9556-5013692f6c33 to remote] DEBUG org.apache.http.impl.conn.tsccm.ThreadSafeClientConnManager  - Get connection: {}->http://localhost:38029, timeout = 120000
8710 [Forwarding findElement on session 79884c66-605f-4a8c-9556-5013692f6c33 to remote] DEBUG org.apache.http.impl.conn.tsccm.ConnPoolByRoute  - [{}->http://localhost:38029] total kept alive: 0, total issued: 0, total allocated: 0 out of 2000
8710 [Forwarding findElement on session 79884c66-605f-4a8c-9556-5013692f6c33 to remote] DEBUG org.apache.http.impl.conn.tsccm.ConnPoolByRoute  - No free connections [{}->http://localhost:38029][null]
8710 [Forwarding findElement on session 79884c66-605f-4a8c-9556-5013692f6c33 to remote] DEBUG org.apache.http.impl.conn.tsccm.ConnPoolByRoute  - Available capacity: 2000 out of 2000 [{}->http://localhost:38029][null]
8710 [Forwarding findElement on session 79884c66-605f-4a8c-9556-5013692f6c33 to remote] DEBUG org.apache.http.impl.conn.tsccm.ConnPoolByRoute  - Creating new connection [{}->http://localhost:38029]
8710 [Forwarding findElement on session 79884c66-605f-4a8c-9556-5013692f6c33 to remote] DEBUG org.apache.http.impl.conn.DefaultClientConnectionOperator  - Connecting to localhost:38029
8710 [Forwarding findElement on session 79884c66-605f-4a8c-9556-5013692f6c33 to remote] DEBUG org.apache.http.client.protocol.RequestAddCookies  - CookieSpec selected: best-match
8710 [Forwarding findElement on session 79884c66-605f-4a8c-9556-5013692f6c33 to remote] DEBUG org.apache.http.client.protocol.RequestAuthCache  - Auth cache not set in the context
8710 [Forwarding findElement on session 79884c66-605f-4a8c-9556-5013692f6c33 to remote] DEBUG org.apache.http.client.protocol.RequestTargetAuthentication  - Target auth state: UNCHALLENGED
8710 [Forwarding findElement on session 79884c66-605f-4a8c-9556-5013692f6c33 to remote] DEBUG org.apache.http.client.protocol.RequestProxyAuthentication  - Proxy auth state: UNCHALLENGED
8710 [Forwarding findElement on session 79884c66-605f-4a8c-9556-5013692f6c33 to remote] DEBUG org.apache.http.impl.client.DefaultHttpClient  - Attempt 1 to execute request
8710 [Forwarding findElement on session 79884c66-605f-4a8c-9556-5013692f6c33 to remote] DEBUG org.apache.http.impl.conn.DefaultClientConnection  - Sending request: POST /session/79884c66-605f-4a8c-9556-5013692f6c33/element HTTP/1.1
8710 [Forwarding findElement on session 79884c66-605f-4a8c-9556-5013692f6c33 to remote] DEBUG org.apache.http.wire  - >> "POST /session/79884c66-605f-4a8c-9556-5013692f6c33/element HTTP/1.1[\r][\n]"
8710 [Forwarding findElement on session 79884c66-605f-4a8c-9556-5013692f6c33 to remote] DEBUG org.apache.http.wire  - >> "Accept: application/json, image/png[\r][\n]"
8710 [Forwarding findElement on session 79884c66-605f-4a8c-9556-5013692f6c33 to remote] DEBUG org.apache.http.wire  - >> "Content-Type: application/json; charset=utf-8[\r][\n]"
8710 [Forwarding findElement on session 79884c66-605f-4a8c-9556-5013692f6c33 to remote] DEBUG org.apache.http.wire  - >> "Content-Length: 31[\r][\n]"
8710 [Forwarding findElement on session 79884c66-605f-4a8c-9556-5013692f6c33 to remote] DEBUG org.apache.http.wire  - >> "Host: localhost:38029[\r][\n]"
8710 [Forwarding findElement on session 79884c66-605f-4a8c-9556-5013692f6c33 to remote] DEBUG org.apache.http.wire  - >> "Connection: Keep-Alive[\r][\n]"
8710 [Forwarding findElement on session 79884c66-605f-4a8c-9556-5013692f6c33 to remote] DEBUG org.apache.http.wire  - >> "[\r][\n]"
8710 [Forwarding findElement on session 79884c66-605f-4a8c-9556-5013692f6c33 to remote] DEBUG org.apache.http.headers  - >> POST /session/79884c66-605f-4a8c-9556-5013692f6c33/element HTTP/1.1
8710 [Forwarding findElement on session 79884c66-605f-4a8c-9556-5013692f6c33 to remote] DEBUG org.apache.http.headers  - >> Accept: application/json, image/png
8710 [Forwarding findElement on session 79884c66-605f-4a8c-9556-5013692f6c33 to remote] DEBUG org.apache.http.headers  - >> Content-Type: application/json; charset=utf-8
8710 [Forwarding findElement on session 79884c66-605f-4a8c-9556-5013692f6c33 to remote] DEBUG org.apache.http.headers  - >> Content-Length: 31
8710 [Forwarding findElement on session 79884c66-605f-4a8c-9556-5013692f6c33 to remote] DEBUG org.apache.http.headers  - >> Host: localhost:38029
8710 [Forwarding findElement on session 79884c66-605f-4a8c-9556-5013692f6c33 to remote] DEBUG org.apache.http.headers  - >> Connection: Keep-Alive
8710 [Forwarding findElement on session 79884c66-605f-4a8c-9556-5013692f6c33 to remote] DEBUG org.apache.http.wire  - >> "{"using":"name","value":"role"}"
9241 [Forwarding findElement on session 79884c66-605f-4a8c-9556-5013692f6c33 to remote] DEBUG org.apache.http.wire  - << "HTTP/1.1 200 OK[\r][\n]"
9241 [Forwarding findElement on session 79884c66-605f-4a8c-9556-5013692f6c33 to remote] DEBUG org.apache.http.wire  - << "Content-Length: 123[\r][\n]"
9241 [Forwarding findElement on session 79884c66-605f-4a8c-9556-5013692f6c33 to remote] DEBUG org.apache.http.wire  - << "Content-Type: application/json; charset=UTF-8[\r][\n]"
9241 [Forwarding findElement on session 79884c66-605f-4a8c-9556-5013692f6c33 to remote] DEBUG org.apache.http.wire  - << "Vary: Accept-Charset, Accept-Encoding, Accept-Language, Accept[\r][\n]"
9241 [Forwarding findElement on session 79884c66-605f-4a8c-9556-5013692f6c33 to remote] DEBUG org.apache.http.wire  - << "Accept-Ranges: bytes[\r][\n]"
9241 [Forwarding findElement on session 79884c66-605f-4a8c-9556-5013692f6c33 to remote] DEBUG org.apache.http.wire  - << "Connection: close[\r][\n]"
9241 [Forwarding findElement on session 79884c66-605f-4a8c-9556-5013692f6c33 to remote] DEBUG org.apache.http.wire  - << "[\r][\n]"
9241 [Forwarding findElement on session 79884c66-605f-4a8c-9556-5013692f6c33 to remote] DEBUG org.apache.http.impl.conn.DefaultClientConnection  - Receiving response: HTTP/1.1 200 OK
9241 [Forwarding findElement on session 79884c66-605f-4a8c-9556-5013692f6c33 to remote] DEBUG org.apache.http.headers  - << HTTP/1.1 200 OK
9241 [Forwarding findElement on session 79884c66-605f-4a8c-9556-5013692f6c33 to remote] DEBUG org.apache.http.headers  - << Content-Length: 123
9241 [Forwarding findElement on session 79884c66-605f-4a8c-9556-5013692f6c33 to remote] DEBUG org.apache.http.headers  - << Content-Type: application/json; charset=UTF-8
9241 [Forwarding findElement on session 79884c66-605f-4a8c-9556-5013692f6c33 to remote] DEBUG org.apache.http.headers  - << Vary: Accept-Charset, Accept-Encoding, Accept-Language, Accept
9241 [Forwarding findElement on session 79884c66-605f-4a8c-9556-5013692f6c33 to remote] DEBUG org.apache.http.headers  - << Accept-Ranges: bytes
9241 [Forwarding findElement on session 79884c66-605f-4a8c-9556-5013692f6c33 to remote] DEBUG org.apache.http.headers  - << Connection: close
9241 [Forwarding findElement on session 79884c66-605f-4a8c-9556-5013692f6c33 to remote] DEBUG org.apache.http.wire  - << "{"sessionId":"79884c66-605f-4a8c-9556-5013692f6c33","status":0,"value":{"ELEMENT":"5df5aacc-c5b3-4986-9f58-6cbaef1e6a57"}}[\n]"
9241 [Forwarding findElement on session 79884c66-605f-4a8c-9556-5013692f6c33 to remote] DEBUG org.apache.http.impl.conn.DefaultClientConnection  - Connection 0.0.0.0:4037<->127.0.0.1:38029 shut down
9241 [Forwarding findElement on session 79884c66-605f-4a8c-9556-5013692f6c33 to remote] DEBUG org.apache.http.impl.conn.tsccm.ThreadSafeClientConnManager  - Released connection is not reusable.
9241 [Forwarding findElement on session 79884c66-605f-4a8c-9556-5013692f6c33 to remote] DEBUG org.apache.http.impl.conn.tsccm.ConnPoolByRoute  - Releasing connection [{}->http://localhost:38029][null]
9241 [Forwarding findElement on session 79884c66-605f-4a8c-9556-5013692f6c33 to remote] DEBUG org.apache.http.impl.conn.DefaultClientConnection  - Connection 0.0.0.0:4037<->127.0.0.1:38029 closed
9241 [Forwarding findElement on session 79884c66-605f-4a8c-9556-5013692f6c33 to remote] DEBUG org.apache.http.impl.conn.tsccm.ConnPoolByRoute  - Notifying no-one, there are no waiting threads
10240 [Forwarding getElementTagName on session 79884c66-605f-4a8c-9556-5013692f6c33 to remote] DEBUG org.apache.http.impl.conn.tsccm.ThreadSafeClientConnManager  - Get connection: {}->http://localhost:38029, timeout = 120000
10240 [Forwarding getElementTagName on session 79884c66-605f-4a8c-9556-5013692f6c33 to remote] DEBUG org.apache.http.impl.conn.tsccm.ConnPoolByRoute  - [{}->http://localhost:38029] total kept alive: 0, total issued: 0, total allocated: 0 out of 2000
10240 [Forwarding getElementTagName on session 79884c66-605f-4a8c-9556-5013692f6c33 to remote] DEBUG org.apache.http.impl.conn.tsccm.ConnPoolByRoute  - No free connections [{}->http://localhost:38029][null]
10240 [Forwarding getElementTagName on session 79884c66-605f-4a8c-9556-5013692f6c33 to remote] DEBUG org.apache.http.impl.conn.tsccm.ConnPoolByRoute  - Available capacity: 2000 out of 2000 [{}->http://localhost:38029][null]
10240 [Forwarding getElementTagName on session 79884c66-605f-4a8c-9556-5013692f6c33 to remote] DEBUG org.apache.http.impl.conn.tsccm.ConnPoolByRoute  - Creating new connection [{}->http://localhost:38029]
10240 [Forwarding getElementTagName on session 79884c66-605f-4a8c-9556-5013692f6c33 to remote] DEBUG org.apache.http.impl.conn.DefaultClientConnectionOperator  - Connecting to localhost:38029
10240 [Forwarding getElementTagName on session 79884c66-605f-4a8c-9556-5013692f6c33 to remote] DEBUG org.apache.http.client.protocol.RequestAddCookies  - CookieSpec selected: best-match
10240 [Forwarding getElementTagName on session 79884c66-605f-4a8c-9556-5013692f6c33 to remote] DEBUG org.apache.http.client.protocol.RequestAuthCache  - Auth cache not set in the context
10240 [Forwarding getElementTagName on session 79884c66-605f-4a8c-9556-5013692f6c33 to remote] DEBUG org.apache.http.client.protocol.RequestTargetAuthentication  - Target auth state: UNCHALLENGED
10240 [Forwarding getElementTagName on session 79884c66-605f-4a8c-9556-5013692f6c33 to remote] DEBUG org.apache.http.client.protocol.RequestProxyAuthentication  - Proxy auth state: UNCHALLENGED
10240 [Forwarding getElementTagName on session 79884c66-605f-4a8c-9556-5013692f6c33 to remote] DEBUG org.apache.http.impl.client.DefaultHttpClient  - Attempt 1 to execute request
10240 [Forwarding getElementTagName on session 79884c66-605f-4a8c-9556-5013692f6c33 to remote] DEBUG org.apache.http.impl.conn.DefaultClientConnection  - Sending request: GET /session/79884c66-605f-4a8c-9556-5013692f6c33/element/5df5aacc-c5b3-4986-9f58-6cbaef1e6a57/name HTTP/1.1
10240 [Forwarding getElementTagName on session 79884c66-605f-4a8c-9556-5013692f6c33 to remote] DEBUG org.apache.http.wire  - >> "GET /session/79884c66-605f-4a8c-9556-5013692f6c33/element/5df5aacc-c5b3-4986-9f58-6cbaef1e6a57/name HTTP/1.1[\r][\n]"
10240 [Forwarding getElementTagName on session 79884c66-605f-4a8c-9556-5013692f6c33 to remote] DEBUG org.apache.http.wire  - >> "Accept: application/json, image/png[\r][\n]"
10240 [Forwarding getElementTagName on session 79884c66-605f-4a8c-9556-5013692f6c33 to remote] DEBUG org.apache.http.wire  - >> "Cache-Control: no-cache[\r][\n]"
10240 [Forwarding getElementTagName on session 79884c66-605f-4a8c-9556-5013692f6c33 to remote] DEBUG org.apache.http.wire  - >> "Host: localhost:38029[\r][\n]"
10240 [Forwarding getElementTagName on session 79884c66-605f-4a8c-9556-5013692f6c33 to remote] DEBUG org.apache.http.wire  - >> "Connection: Keep-Alive[\r][\n]"
10240 [Forwarding getElementTagName on session 79884c66-605f-4a8c-9556-5013692f6c33 to remote] DEBUG org.apache.http.wire  - >> "[\r][\n]"
10240 [Forwarding getElementTagName on session 79884c66-605f-4a8c-9556-5013692f6c33 to remote] DEBUG org.apache.http.headers  - >> GET /session/79884c66-605f-4a8c-9556-5013692f6c33/element/5df5aacc-c5b3-4986-9f58-6cbaef1e6a57/name HTTP/1.1
10240 [Forwarding getElementTagName on session 79884c66-605f-4a8c-9556-5013692f6c33 to remote] DEBUG org.apache.http.headers  - >> Accept: application/json, image/png
10240 [Forwarding getElementTagName on session 79884c66-605f-4a8c-9556-5013692f6c33 to remote] DEBUG org.apache.http.headers  - >> Cache-Control: no-cache
10240 [Forwarding getElementTagName on session 79884c66-605f-4a8c-9556-5013692f6c33 to remote] DEBUG org.apache.http.headers  - >> Host: localhost:38029
10240 [Forwarding getElementTagName on session 79884c66-605f-4a8c-9556-5013692f6c33 to remote] DEBUG org.apache.http.headers  - >> Connection: Keep-Alive
10287 [Forwarding getElementTagName on session 79884c66-605f-4a8c-9556-5013692f6c33 to remote] DEBUG org.apache.http.wire  - << "HTTP/1.1 200 OK[\r][\n]"
10287 [Forwarding getElementTagName on session 79884c66-605f-4a8c-9556-5013692f6c33 to remote] DEBUG org.apache.http.wire  - << "Content-Length: 81[\r][\n]"
10287 [Forwarding getElementTagName on session 79884c66-605f-4a8c-9556-5013692f6c33 to remote] DEBUG org.apache.http.wire  - << "Content-Type: application/json; charset=UTF-8[\r][\n]"
10287 [Forwarding getElementTagName on session 79884c66-605f-4a8c-9556-5013692f6c33 to remote] DEBUG org.apache.http.wire  - << "Vary: Accept-Charset, Accept-Encoding, Accept-Language, Accept[\r][\n]"
10287 [Forwarding getElementTagName on session 79884c66-605f-4a8c-9556-5013692f6c33 to remote] DEBUG org.apache.http.wire  - << "Accept-Ranges: bytes[\r][\n]"
10287 [Forwarding getElementTagName on session 79884c66-605f-4a8c-9556-5013692f6c33 to remote] DEBUG org.apache.http.wire  - << "Connection: close[\r][\n]"
10287 [Forwarding getElementTagName on session 79884c66-605f-4a8c-9556-5013692f6c33 to remote] DEBUG org.apache.http.wire  - << "[\r][\n]"
10287 [Forwarding getElementTagName on session 79884c66-605f-4a8c-9556-5013692f6c33 to remote] DEBUG org.apache.http.impl.conn.DefaultClientConnection  - Receiving response: HTTP/1.1 200 OK
10287 [Forwarding getElementTagName on session 79884c66-605f-4a8c-9556-5013692f6c33 to remote] DEBUG org.apache.http.headers  - << HTTP/1.1 200 OK
10287 [Forwarding getElementTagName on session 79884c66-605f-4a8c-9556-5013692f6c33 to remote] DEBUG org.apache.http.headers  - << Content-Length: 81
10287 [Forwarding getElementTagName on session 79884c66-605f-4a8c-9556-5013692f6c33 to remote] DEBUG org.apache.http.headers  - << Content-Type: application/json; charset=UTF-8
10287 [Forwarding getElementTagName on session 79884c66-605f-4a8c-9556-5013692f6c33 to remote] DEBUG org.apache.http.headers  - << Vary: Accept-Charset, Accept-Encoding, Accept-Language, Accept
10287 [Forwarding getElementTagName on session 79884c66-605f-4a8c-9556-5013692f6c33 to remote] DEBUG org.apache.http.headers  - << Accept-Ranges: bytes
10287 [Forwarding getElementTagName on session 79884c66-605f-4a8c-9556-5013692f6c33 to remote] DEBUG org.apache.http.headers  - << Connection: close
10287 [Forwarding getElementTagName on session 79884c66-605f-4a8c-9556-5013692f6c33 to remote] DEBUG org.apache.http.wire  - << "{"sessionId":"79884c66-605f-4a8c-9556-5013692f6c33","status":0,"value":"select"}[\n]"
10287 [Forwarding getElementTagName on session 79884c66-605f-4a8c-9556-5013692f6c33 to remote] DEBUG org.apache.http.impl.conn.DefaultClientConnection  - Connection 0.0.0.0:4043<->127.0.0.1:38029 shut down
10287 [Forwarding getElementTagName on session 79884c66-605f-4a8c-9556-5013692f6c33 to remote] DEBUG org.apache.http.impl.conn.tsccm.ThreadSafeClientConnManager  - Released connection is not reusable.
10287 [Forwarding getElementTagName on session 79884c66-605f-4a8c-9556-5013692f6c33 to remote] DEBUG org.apache.http.impl.conn.tsccm.ConnPoolByRoute  - Releasing connection [{}->http://localhost:38029][null]
10287 [Forwarding getElementTagName on session 79884c66-605f-4a8c-9556-5013692f6c33 to remote] DEBUG org.apache.http.impl.conn.DefaultClientConnection  - Connection 0.0.0.0:4043<->127.0.0.1:38029 closed
10287 [Forwarding getElementTagName on session 79884c66-605f-4a8c-9556-5013692f6c33 to remote] DEBUG org.apache.http.impl.conn.tsccm.ConnPoolByRoute  - Notifying no-one, there are no waiting threads
10287 [Forwarding getElementAttribute on session 79884c66-605f-4a8c-9556-5013692f6c33 to remote] DEBUG org.apache.http.impl.conn.tsccm.ThreadSafeClientConnManager  - Get connection: {}->http://localhost:38029, timeout = 120000
10287 [Forwarding getElementAttribute on session 79884c66-605f-4a8c-9556-5013692f6c33 to remote] DEBUG org.apache.http.impl.conn.tsccm.ConnPoolByRoute  - [{}->http://localhost:38029] total kept alive: 0, total issued: 0, total allocated: 0 out of 2000
10287 [Forwarding getElementAttribute on session 79884c66-605f-4a8c-9556-5013692f6c33 to remote] DEBUG org.apache.http.impl.conn.tsccm.ConnPoolByRoute  - No free connections [{}->http://localhost:38029][null]
10287 [Forwarding getElementAttribute on session 79884c66-605f-4a8c-9556-5013692f6c33 to remote] DEBUG org.apache.http.impl.conn.tsccm.ConnPoolByRoute  - Available capacity: 2000 out of 2000 [{}->http://localhost:38029][null]
10287 [Forwarding getElementAttribute on session 79884c66-605f-4a8c-9556-5013692f6c33 to remote] DEBUG org.apache.http.impl.conn.tsccm.ConnPoolByRoute  - Creating new connection [{}->http://localhost:38029]
10287 [Forwarding getElementAttribute on session 79884c66-605f-4a8c-9556-5013692f6c33 to remote] DEBUG org.apache.http.impl.conn.DefaultClientConnectionOperator  - Connecting to localhost:38029
10287 [Forwarding getElementAttribute on session 79884c66-605f-4a8c-9556-5013692f6c33 to remote] DEBUG org.apache.http.client.protocol.RequestAddCookies  - CookieSpec selected: best-match
10287 [Forwarding getElementAttribute on session 79884c66-605f-4a8c-9556-5013692f6c33 to remote] DEBUG org.apache.http.client.protocol.RequestAuthCache  - Auth cache not set in the context
10287 [Forwarding getElementAttribute on session 79884c66-605f-4a8c-9556-5013692f6c33 to remote] DEBUG org.apache.http.client.protocol.RequestTargetAuthentication  - Target auth state: UNCHALLENGED
10287 [Forwarding getElementAttribute on session 79884c66-605f-4a8c-9556-5013692f6c33 to remote] DEBUG org.apache.http.client.protocol.RequestProxyAuthentication  - Proxy auth state: UNCHALLENGED
10287 [Forwarding getElementAttribute on session 79884c66-605f-4a8c-9556-5013692f6c33 to remote] DEBUG org.apache.http.impl.client.DefaultHttpClient  - Attempt 1 to execute request
10287 [Forwarding getElementAttribute on session 79884c66-605f-4a8c-9556-5013692f6c33 to remote] DEBUG org.apache.http.impl.conn.DefaultClientConnection  - Sending request: GET /session/79884c66-605f-4a8c-9556-5013692f6c33/element/5df5aacc-c5b3-4986-9f58-6cbaef1e6a57/attribute/multiple HTTP/1.1
10287 [Forwarding getElementAttribute on session 79884c66-605f-4a8c-9556-5013692f6c33 to remote] DEBUG org.apache.http.wire  - >> "GET /session/79884c66-605f-4a8c-9556-5013692f6c33/element/5df5aacc-c5b3-4986-9f58-6cbaef1e6a57/attribute/multiple HTTP/1.1[\r][\n]"
10287 [Forwarding getElementAttribute on session 79884c66-605f-4a8c-9556-5013692f6c33 to remote] DEBUG org.apache.http.wire  - >> "Accept: application/json, image/png[\r][\n]"
10287 [Forwarding getElementAttribute on session 79884c66-605f-4a8c-9556-5013692f6c33 to remote] DEBUG org.apache.http.wire  - >> "Cache-Control: no-cache[\r][\n]"
10287 [Forwarding getElementAttribute on session 79884c66-605f-4a8c-9556-5013692f6c33 to remote] DEBUG org.apache.http.wire  - >> "Host: localhost:38029[\r][\n]"
10287 [Forwarding getElementAttribute on session 79884c66-605f-4a8c-9556-5013692f6c33 to remote] DEBUG org.apache.http.wire  - >> "Connection: Keep-Alive[\r][\n]"
10287 [Forwarding getElementAttribute on session 79884c66-605f-4a8c-9556-5013692f6c33 to remote] DEBUG org.apache.http.wire  - >> "[\r][\n]"
10287 [Forwarding getElementAttribute on session 79884c66-605f-4a8c-9556-5013692f6c33 to remote] DEBUG org.apache.http.headers  - >> GET /session/79884c66-605f-4a8c-9556-5013692f6c33/element/5df5aacc-c5b3-4986-9f58-6cbaef1e6a57/attribute/multiple HTTP/1.1
10287 [Forwarding getElementAttribute on session 79884c66-605f-4a8c-9556-5013692f6c33 to remote] DEBUG org.apache.http.headers  - >> Accept: application/json, image/png
10287 [Forwarding getElementAttribute on session 79884c66-605f-4a8c-9556-5013692f6c33 to remote] DEBUG org.apache.http.headers  - >> Cache-Control: no-cache
10287 [Forwarding getElementAttribute on session 79884c66-605f-4a8c-9556-5013692f6c33 to remote] DEBUG org.apache.http.headers  - >> Host: localhost:38029
10287 [Forwarding getElementAttribute on session 79884c66-605f-4a8c-9556-5013692f6c33 to remote] DEBUG org.apache.http.headers  - >> Connection: Keep-Alive
10349 [Forwarding getElementAttribute on session 79884c66-605f-4a8c-9556-5013692f6c33 to remote] DEBUG org.apache.http.wire  - << "HTTP/1.1 200 OK[\r][\n]"
10349 [Forwarding getElementAttribute on session 79884c66-605f-4a8c-9556-5013692f6c33 to remote] DEBUG org.apache.http.wire  - << "Content-Length: 77[\r][\n]"
10349 [Forwarding getElementAttribute on session 79884c66-605f-4a8c-9556-5013692f6c33 to remote] DEBUG org.apache.http.wire  - << "Content-Type: application/json; charset=UTF-8[\r][\n]"
10349 [Forwarding getElementAttribute on session 79884c66-605f-4a8c-9556-5013692f6c33 to remote] DEBUG org.apache.http.wire  - << "Vary: Accept-Charset, Accept-Encoding, Accept-Language, Accept[\r][\n]"
10349 [Forwarding getElementAttribute on session 79884c66-605f-4a8c-9556-5013692f6c33 to remote] DEBUG org.apache.http.wire  - << "Accept-Ranges: bytes[\r][\n]"
10349 [Forwarding getElementAttribute on session 79884c66-605f-4a8c-9556-5013692f6c33 to remote] DEBUG org.apache.http.wire  - << "Connection: close[\r][\n]"
10349 [Forwarding getElementAttribute on session 79884c66-605f-4a8c-9556-5013692f6c33 to remote] DEBUG org.apache.http.wire  - << "[\r][\n]"
10349 [Forwarding getElementAttribute on session 79884c66-605f-4a8c-9556-5013692f6c33 to remote] DEBUG org.apache.http.impl.conn.DefaultClientConnection  - Receiving response: HTTP/1.1 200 OK
10349 [Forwarding getElementAttribute on session 79884c66-605f-4a8c-9556-5013692f6c33 to remote] DEBUG org.apache.http.headers  - << HTTP/1.1 200 OK
10349 [Forwarding getElementAttribute on session 79884c66-605f-4a8c-9556-5013692f6c33 to remote] DEBUG org.apache.http.headers  - << Content-Length: 77
10349 [Forwarding getElementAttribute on session 79884c66-605f-4a8c-9556-5013692f6c33 to remote] DEBUG org.apache.http.headers  - << Content-Type: application/json; charset=UTF-8
10349 [Forwarding getElementAttribute on session 79884c66-605f-4a8c-9556-5013692f6c33 to remote] DEBUG org.apache.http.headers  - << Vary: Accept-Charset, Accept-Encoding, Accept-Language, Accept
10349 [Forwarding getElementAttribute on session 79884c66-605f-4a8c-9556-5013692f6c33 to remote] DEBUG org.apache.http.headers  - << Accept-Ranges: bytes
10349 [Forwarding getElementAttribute on session 79884c66-605f-4a8c-9556-5013692f6c33 to remote] DEBUG org.apache.http.headers  - << Connection: close
10349 [Forwarding getElementAttribute on session 79884c66-605f-4a8c-9556-5013692f6c33 to remote] DEBUG org.apache.http.wire  - << "{"sessionId":"79884c66-605f-4a8c-9556-5013692f6c33","status":0,"value":null}[\n]"
10349 [Forwarding getElementAttribute on session 79884c66-605f-4a8c-9556-5013692f6c33 to remote] DEBUG org.apache.http.impl.conn.DefaultClientConnection  - Connection 0.0.0.0:4044<->127.0.0.1:38029 shut down
10349 [Forwarding getElementAttribute on session 79884c66-605f-4a8c-9556-5013692f6c33 to remote] DEBUG org.apache.http.impl.conn.tsccm.ThreadSafeClientConnManager  - Released connection is not reusable.
10349 [Forwarding getElementAttribute on session 79884c66-605f-4a8c-9556-5013692f6c33 to remote] DEBUG org.apache.http.impl.conn.tsccm.ConnPoolByRoute  - Releasing connection [{}->http://localhost:38029][null]
10349 [Forwarding getElementAttribute on session 79884c66-605f-4a8c-9556-5013692f6c33 to remote] DEBUG org.apache.http.impl.conn.DefaultClientConnection  - Connection 0.0.0.0:4044<->127.0.0.1:38029 closed
10349 [Forwarding getElementAttribute on session 79884c66-605f-4a8c-9556-5013692f6c33 to remote] DEBUG org.apache.http.impl.conn.tsccm.ConnPoolByRoute  - Notifying no-one, there are no waiting threads
10349 [Forwarding findChildElements on session 79884c66-605f-4a8c-9556-5013692f6c33 to remote] DEBUG org.apache.http.impl.conn.tsccm.ThreadSafeClientConnManager  - Get connection: {}->http://localhost:38029, timeout = 120000
10349 [Forwarding findChildElements on session 79884c66-605f-4a8c-9556-5013692f6c33 to remote] DEBUG org.apache.http.impl.conn.tsccm.ConnPoolByRoute  - [{}->http://localhost:38029] total kept alive: 0, total issued: 0, total allocated: 0 out of 2000
10349 [Forwarding findChildElements on session 79884c66-605f-4a8c-9556-5013692f6c33 to remote] DEBUG org.apache.http.impl.conn.tsccm.ConnPoolByRoute  - No free connections [{}->http://localhost:38029][null]
10349 [Forwarding findChildElements on session 79884c66-605f-4a8c-9556-5013692f6c33 to remote] DEBUG org.apache.http.impl.conn.tsccm.ConnPoolByRoute  - Available capacity: 2000 out of 2000 [{}->http://localhost:38029][null]
10349 [Forwarding findChildElements on session 79884c66-605f-4a8c-9556-5013692f6c33 to remote] DEBUG org.apache.http.impl.conn.tsccm.ConnPoolByRoute  - Creating new connection [{}->http://localhost:38029]
10349 [Forwarding findChildElements on session 79884c66-605f-4a8c-9556-5013692f6c33 to remote] DEBUG org.apache.http.impl.conn.DefaultClientConnectionOperator  - Connecting to localhost:38029
10349 [Forwarding findChildElements on session 79884c66-605f-4a8c-9556-5013692f6c33 to remote] DEBUG org.apache.http.client.protocol.RequestAddCookies  - CookieSpec selected: best-match
10349 [Forwarding findChildElements on session 79884c66-605f-4a8c-9556-5013692f6c33 to remote] DEBUG org.apache.http.client.protocol.RequestAuthCache  - Auth cache not set in the context
10349 [Forwarding findChildElements on session 79884c66-605f-4a8c-9556-5013692f6c33 to remote] DEBUG org.apache.http.client.protocol.RequestTargetAuthentication  - Target auth state: UNCHALLENGED
10349 [Forwarding findChildElements on session 79884c66-605f-4a8c-9556-5013692f6c33 to remote] DEBUG org.apache.http.client.protocol.RequestProxyAuthentication  - Proxy auth state: UNCHALLENGED
10349 [Forwarding findChildElements on session 79884c66-605f-4a8c-9556-5013692f6c33 to remote] DEBUG org.apache.http.impl.client.DefaultHttpClient  - Attempt 1 to execute request
10349 [Forwarding findChildElements on session 79884c66-605f-4a8c-9556-5013692f6c33 to remote] DEBUG org.apache.http.impl.conn.DefaultClientConnection  - Sending request: POST /session/79884c66-605f-4a8c-9556-5013692f6c33/element/5df5aacc-c5b3-4986-9f58-6cbaef1e6a57/elements HTTP/1.1
10349 [Forwarding findChildElements on session 79884c66-605f-4a8c-9556-5013692f6c33 to remote] DEBUG org.apache.http.wire  - >> "POST /session/79884c66-605f-4a8c-9556-5013692f6c33/element/5df5aacc-c5b3-4986-9f58-6cbaef1e6a57/elements HTTP/1.1[\r][\n]"
10349 [Forwarding findChildElements on session 79884c66-605f-4a8c-9556-5013692f6c33 to remote] DEBUG org.apache.http.wire  - >> "Accept: application/json, image/png[\r][\n]"
10349 [Forwarding findChildElements on session 79884c66-605f-4a8c-9556-5013692f6c33 to remote] DEBUG org.apache.http.wire  - >> "Content-Type: application/json; charset=utf-8[\r][\n]"
10349 [Forwarding findChildElements on session 79884c66-605f-4a8c-9556-5013692f6c33 to remote] DEBUG org.apache.http.wire  - >> "Content-Length: 122[\r][\n]"
10349 [Forwarding findChildElements on session 79884c66-605f-4a8c-9556-5013692f6c33 to remote] DEBUG org.apache.http.wire  - >> "Host: localhost:38029[\r][\n]"
10349 [Forwarding findChildElements on session 79884c66-605f-4a8c-9556-5013692f6c33 to remote] DEBUG org.apache.http.wire  - >> "Connection: Keep-Alive[\r][\n]"
10349 [Forwarding findChildElements on session 79884c66-605f-4a8c-9556-5013692f6c33 to remote] DEBUG org.apache.http.wire  - >> "[\r][\n]"
10349 [Forwarding findChildElements on session 79884c66-605f-4a8c-9556-5013692f6c33 to remote] DEBUG org.apache.http.headers  - >> POST /session/79884c66-605f-4a8c-9556-5013692f6c33/element/5df5aacc-c5b3-4986-9f58-6cbaef1e6a57/elements HTTP/1.1
10349 [Forwarding findChildElements on session 79884c66-605f-4a8c-9556-5013692f6c33 to remote] DEBUG org.apache.http.headers  - >> Accept: application/json, image/png
10349 [Forwarding findChildElements on session 79884c66-605f-4a8c-9556-5013692f6c33 to remote] DEBUG org.apache.http.headers  - >> Content-Type: application/json; charset=utf-8
10349 [Forwarding findChildElements on session 79884c66-605f-4a8c-9556-5013692f6c33 to remote] DEBUG org.apache.http.headers  - >> Content-Length: 122
10349 [Forwarding findChildElements on session 79884c66-605f-4a8c-9556-5013692f6c33 to remote] DEBUG org.apache.http.headers  - >> Host: localhost:38029
10349 [Forwarding findChildElements on session 79884c66-605f-4a8c-9556-5013692f6c33 to remote] DEBUG org.apache.http.headers  - >> Connection: Keep-Alive
10349 [Forwarding findChildElements on session 79884c66-605f-4a8c-9556-5013692f6c33 to remote] DEBUG org.apache.http.wire  - >> "{"id":"5df5aacc-c5b3-4986-9f58-6cbaef1e6a57","using":"xpath","value":".//option[normalize-space(.) = \"EA - Solicitor\"]"}"
10521 [Forwarding findChildElements on session 79884c66-605f-4a8c-9556-5013692f6c33 to remote] DEBUG org.apache.http.wire  - << "HTTP/1.1 200 OK[\r][\n]"
10521 [Forwarding findChildElements on session 79884c66-605f-4a8c-9556-5013692f6c33 to remote] DEBUG org.apache.http.wire  - << "Content-Length: 125[\r][\n]"
10521 [Forwarding findChildElements on session 79884c66-605f-4a8c-9556-5013692f6c33 to remote] DEBUG org.apache.http.wire  - << "Content-Type: application/json; charset=UTF-8[\r][\n]"
10521 [Forwarding findChildElements on session 79884c66-605f-4a8c-9556-5013692f6c33 to remote] DEBUG org.apache.http.wire  - << "Vary: Accept-Charset, Accept-Encoding, Accept-Language, Accept[\r][\n]"
10521 [Forwarding findChildElements on session 79884c66-605f-4a8c-9556-5013692f6c33 to remote] DEBUG org.apache.http.wire  - << "Accept-Ranges: bytes[\r][\n]"
10521 [Forwarding findChildElements on session 79884c66-605f-4a8c-9556-5013692f6c33 to remote] DEBUG org.apache.http.wire  - << "Connection: close[\r][\n]"
10521 [Forwarding findChildElements on session 79884c66-605f-4a8c-9556-5013692f6c33 to remote] DEBUG org.apache.http.wire  - << "[\r][\n]"
10521 [Forwarding findChildElements on session 79884c66-605f-4a8c-9556-5013692f6c33 to remote] DEBUG org.apache.http.impl.conn.DefaultClientConnection  - Receiving response: HTTP/1.1 200 OK
10521 [Forwarding findChildElements on session 79884c66-605f-4a8c-9556-5013692f6c33 to remote] DEBUG org.apache.http.headers  - << HTTP/1.1 200 OK
10521 [Forwarding findChildElements on session 79884c66-605f-4a8c-9556-5013692f6c33 to remote] DEBUG org.apache.http.headers  - << Content-Length: 125
10521 [Forwarding findChildElements on session 79884c66-605f-4a8c-9556-5013692f6c33 to remote] DEBUG org.apache.http.headers  - << Content-Type: application/json; charset=UTF-8
10521 [Forwarding findChildElements on session 79884c66-605f-4a8c-9556-5013692f6c33 to remote] DEBUG org.apache.http.headers  - << Vary: Accept-Charset, Accept-Encoding, Accept-Language, Accept
10521 [Forwarding findChildElements on session 79884c66-605f-4a8c-9556-5013692f6c33 to remote] DEBUG org.apache.http.headers  - << Accept-Ranges: bytes
10521 [Forwarding findChildElements on session 79884c66-605f-4a8c-9556-5013692f6c33 to remote] DEBUG org.apache.http.headers  - << Connection: close
10521 [Forwarding findChildElements on session 79884c66-605f-4a8c-9556-5013692f6c33 to remote] DEBUG org.apache.http.wire  - << "{"sessionId":"79884c66-605f-4a8c-9556-5013692f6c33","status":0,"value":[{"ELEMENT":"eb8b3fef-1972-440a-ab3c-95126aafcf8f"}]}[\n]"
10521 [Forwarding findChildElements on session 79884c66-605f-4a8c-9556-5013692f6c33 to remote] DEBUG org.apache.http.impl.conn.DefaultClientConnection  - Connection 0.0.0.0:4045<->127.0.0.1:38029 shut down
10521 [Forwarding findChildElements on session 79884c66-605f-4a8c-9556-5013692f6c33 to remote] DEBUG org.apache.http.impl.conn.tsccm.ThreadSafeClientConnManager  - Released connection is not reusable.
10521 [Forwarding findChildElements on session 79884c66-605f-4a8c-9556-5013692f6c33 to remote] DEBUG org.apache.http.impl.conn.tsccm.ConnPoolByRoute  - Releasing connection [{}->http://localhost:38029][null]
10521 [Forwarding findChildElements on session 79884c66-605f-4a8c-9556-5013692f6c33 to remote] DEBUG org.apache.http.impl.conn.DefaultClientConnection  - Connection 0.0.0.0:4045<->127.0.0.1:38029 closed
10521 [Forwarding findChildElements on session 79884c66-605f-4a8c-9556-5013692f6c33 to remote] DEBUG org.apache.http.impl.conn.tsccm.ConnPoolByRoute  - Notifying no-one, there are no waiting threads
10521 [Forwarding isElementSelected on session 79884c66-605f-4a8c-9556-5013692f6c33 to remote] DEBUG org.apache.http.impl.conn.tsccm.ThreadSafeClientConnManager  - Get connection: {}->http://localhost:38029, timeout = 120000
10521 [Forwarding isElementSelected on session 79884c66-605f-4a8c-9556-5013692f6c33 to remote] DEBUG org.apache.http.impl.conn.tsccm.ConnPoolByRoute  - [{}->http://localhost:38029] total kept alive: 0, total issued: 0, total allocated: 0 out of 2000
10521 [Forwarding isElementSelected on session 79884c66-605f-4a8c-9556-5013692f6c33 to remote] DEBUG org.apache.http.impl.conn.tsccm.ConnPoolByRoute  - No free connections [{}->http://localhost:38029][null]
10521 [Forwarding isElementSelected on session 79884c66-605f-4a8c-9556-5013692f6c33 to remote] DEBUG org.apache.http.impl.conn.tsccm.ConnPoolByRoute  - Available capacity: 2000 out of 2000 [{}->http://localhost:38029][null]
10521 [Forwarding isElementSelected on session 79884c66-605f-4a8c-9556-5013692f6c33 to remote] DEBUG org.apache.http.impl.conn.tsccm.ConnPoolByRoute  - Creating new connection [{}->http://localhost:38029]
10521 [Forwarding isElementSelected on session 79884c66-605f-4a8c-9556-5013692f6c33 to remote] DEBUG org.apache.http.impl.conn.DefaultClientConnectionOperator  - Connecting to localhost:38029
10521 [Forwarding isElementSelected on session 79884c66-605f-4a8c-9556-5013692f6c33 to remote] DEBUG org.apache.http.client.protocol.RequestAddCookies  - CookieSpec selected: best-match
10521 [Forwarding isElementSelected on session 79884c66-605f-4a8c-9556-5013692f6c33 to remote] DEBUG org.apache.http.client.protocol.RequestAuthCache  - Auth cache not set in the context
10521 [Forwarding isElementSelected on session 79884c66-605f-4a8c-9556-5013692f6c33 to remote] DEBUG org.apache.http.client.protocol.RequestTargetAuthentication  - Target auth state: UNCHALLENGED
10521 [Forwarding isElementSelected on session 79884c66-605f-4a8c-9556-5013692f6c33 to remote] DEBUG org.apache.http.client.protocol.RequestProxyAuthentication  - Proxy auth state: UNCHALLENGED
10521 [Forwarding isElementSelected on session 79884c66-605f-4a8c-9556-5013692f6c33 to remote] DEBUG org.apache.http.impl.client.DefaultHttpClient  - Attempt 1 to execute request
10521 [Forwarding isElementSelected on session 79884c66-605f-4a8c-9556-5013692f6c33 to remote] DEBUG org.apache.http.impl.conn.DefaultClientConnection  - Sending request: GET /session/79884c66-605f-4a8c-9556-5013692f6c33/element/eb8b3fef-1972-440a-ab3c-95126aafcf8f/selected HTTP/1.1
10521 [Forwarding isElementSelected on session 79884c66-605f-4a8c-9556-5013692f6c33 to remote] DEBUG org.apache.http.wire  - >> "GET /session/79884c66-605f-4a8c-9556-5013692f6c33/element/eb8b3fef-1972-440a-ab3c-95126aafcf8f/selected HTTP/1.1[\r][\n]"
10521 [Forwarding isElementSelected on session 79884c66-605f-4a8c-9556-5013692f6c33 to remote] DEBUG org.apache.http.wire  - >> "Accept: application/json, image/png[\r][\n]"
10521 [Forwarding isElementSelected on session 79884c66-605f-4a8c-9556-5013692f6c33 to remote] DEBUG org.apache.http.wire  - >> "Cache-Control: no-cache[\r][\n]"
10521 [Forwarding isElementSelected on session 79884c66-605f-4a8c-9556-5013692f6c33 to remote] DEBUG org.apache.http.wire  - >> "Host: localhost:38029[\r][\n]"
10521 [Forwarding isElementSelected on session 79884c66-605f-4a8c-9556-5013692f6c33 to remote] DEBUG org.apache.http.wire  - >> "Connection: Keep-Alive[\r][\n]"
10521 [Forwarding isElementSelected on session 79884c66-605f-4a8c-9556-5013692f6c33 to remote] DEBUG org.apache.http.wire  - >> "[\r][\n]"
10521 [Forwarding isElementSelected on session 79884c66-605f-4a8c-9556-5013692f6c33 to remote] DEBUG org.apache.http.headers  - >> GET /session/79884c66-605f-4a8c-9556-5013692f6c33/element/eb8b3fef-1972-440a-ab3c-95126aafcf8f/selected HTTP/1.1
10521 [Forwarding isElementSelected on session 79884c66-605f-4a8c-9556-5013692f6c33 to remote] DEBUG org.apache.http.headers  - >> Accept: application/json, image/png
10521 [Forwarding isElementSelected on session 79884c66-605f-4a8c-9556-5013692f6c33 to remote] DEBUG org.apache.http.headers  - >> Cache-Control: no-cache
10521 [Forwarding isElementSelected on session 79884c66-605f-4a8c-9556-5013692f6c33 to remote] DEBUG org.apache.http.headers  - >> Host: localhost:38029
10521 [Forwarding isElementSelected on session 79884c66-605f-4a8c-9556-5013692f6c33 to remote] DEBUG org.apache.http.headers  - >> Connection: Keep-Alive
10584 [Forwarding isElementSelected on session 79884c66-605f-4a8c-9556-5013692f6c33 to remote] DEBUG org.apache.http.wire  - << "HTTP/1.1 200 OK[\r][\n]"
10584 [Forwarding isElementSelected on session 79884c66-605f-4a8c-9556-5013692f6c33 to remote] DEBUG org.apache.http.wire  - << "Content-Length: 78[\r][\n]"
10584 [Forwarding isElementSelected on session 79884c66-605f-4a8c-9556-5013692f6c33 to remote] DEBUG org.apache.http.wire  - << "Content-Type: application/json; charset=UTF-8[\r][\n]"
10584 [Forwarding isElementSelected on session 79884c66-605f-4a8c-9556-5013692f6c33 to remote] DEBUG org.apache.http.wire  - << "Vary: Accept-Charset, Accept-Encoding, Accept-Language, Accept[\r][\n]"
10584 [Forwarding isElementSelected on session 79884c66-605f-4a8c-9556-5013692f6c33 to remote] DEBUG org.apache.http.wire  - << "Accept-Ranges: bytes[\r][\n]"
10584 [Forwarding isElementSelected on session 79884c66-605f-4a8c-9556-5013692f6c33 to remote] DEBUG org.apache.http.wire  - << "Connection: close[\r][\n]"
10584 [Forwarding isElementSelected on session 79884c66-605f-4a8c-9556-5013692f6c33 to remote] DEBUG org.apache.http.wire  - << "[\r][\n]"
10584 [Forwarding isElementSelected on session 79884c66-605f-4a8c-9556-5013692f6c33 to remote] DEBUG org.apache.http.impl.conn.DefaultClientConnection  - Receiving response: HTTP/1.1 200 OK
10584 [Forwarding isElementSelected on session 79884c66-605f-4a8c-9556-5013692f6c33 to remote] DEBUG org.apache.http.headers  - << HTTP/1.1 200 OK
10584 [Forwarding isElementSelected on session 79884c66-605f-4a8c-9556-5013692f6c33 to remote] DEBUG org.apache.http.headers  - << Content-Length: 78
10584 [Forwarding isElementSelected on session 79884c66-605f-4a8c-9556-5013692f6c33 to remote] DEBUG org.apache.http.headers  - << Content-Type: application/json; charset=UTF-8
10584 [Forwarding isElementSelected on session 79884c66-605f-4a8c-9556-5013692f6c33 to remote] DEBUG org.apache.http.headers  - << Vary: Accept-Charset, Accept-Encoding, Accept-Language, Accept
10584 [Forwarding isElementSelected on session 79884c66-605f-4a8c-9556-5013692f6c33 to remote] DEBUG org.apache.http.headers  - << Accept-Ranges: bytes
10584 [Forwarding isElementSelected on session 79884c66-605f-4a8c-9556-5013692f6c33 to remote] DEBUG org.apache.http.headers  - << Connection: close
10584 [Forwarding isElementSelected on session 79884c66-605f-4a8c-9556-5013692f6c33 to remote] DEBUG org.apache.http.wire  - << "{"sessionId":"79884c66-605f-4a8c-9556-5013692f6c33","status":0,"value":false}[\n]"
10584 [Forwarding isElementSelected on session 79884c66-605f-4a8c-9556-5013692f6c33 to remote] DEBUG org.apache.http.impl.conn.DefaultClientConnection  - Connection 0.0.0.0:4046<->127.0.0.1:38029 shut down
10584 [Forwarding isElementSelected on session 79884c66-605f-4a8c-9556-5013692f6c33 to remote] DEBUG org.apache.http.impl.conn.tsccm.ThreadSafeClientConnManager  - Released connection is not reusable.
10584 [Forwarding isElementSelected on session 79884c66-605f-4a8c-9556-5013692f6c33 to remote] DEBUG org.apache.http.impl.conn.tsccm.ConnPoolByRoute  - Releasing connection [{}->http://localhost:38029][null]
10584 [Forwarding isElementSelected on session 79884c66-605f-4a8c-9556-5013692f6c33 to remote] DEBUG org.apache.http.impl.conn.DefaultClientConnection  - Connection 0.0.0.0:4046<->127.0.0.1:38029 closed
10584 [Forwarding isElementSelected on session 79884c66-605f-4a8c-9556-5013692f6c33 to remote] DEBUG org.apache.http.impl.conn.tsccm.ConnPoolByRoute  - Notifying no-one, there are no waiting threads
10584 [Forwarding clickElement on session 79884c66-605f-4a8c-9556-5013692f6c33 to remote] DEBUG org.apache.http.impl.conn.tsccm.ThreadSafeClientConnManager  - Get connection: {}->http://localhost:38029, timeout = 120000
10584 [Forwarding clickElement on session 79884c66-605f-4a8c-9556-5013692f6c33 to remote] DEBUG org.apache.http.impl.conn.tsccm.ConnPoolByRoute  - [{}->http://localhost:38029] total kept alive: 0, total issued: 0, total allocated: 0 out of 2000
10584 [Forwarding clickElement on session 79884c66-605f-4a8c-9556-5013692f6c33 to remote] DEBUG org.apache.http.impl.conn.tsccm.ConnPoolByRoute  - No free connections [{}->http://localhost:38029][null]
10584 [Forwarding clickElement on session 79884c66-605f-4a8c-9556-5013692f6c33 to remote] DEBUG org.apache.http.impl.conn.tsccm.ConnPoolByRoute  - Available capacity: 2000 out of 2000 [{}->http://localhost:38029][null]
10584 [Forwarding clickElement on session 79884c66-605f-4a8c-9556-5013692f6c33 to remote] DEBUG org.apache.http.impl.conn.tsccm.ConnPoolByRoute  - Creating new connection [{}->http://localhost:38029]
10584 [Forwarding clickElement on session 79884c66-605f-4a8c-9556-5013692f6c33 to remote] DEBUG org.apache.http.impl.conn.DefaultClientConnectionOperator  - Connecting to localhost:38029
10584 [Forwarding clickElement on session 79884c66-605f-4a8c-9556-5013692f6c33 to remote] DEBUG org.apache.http.client.protocol.RequestAddCookies  - CookieSpec selected: best-match
10584 [Forwarding clickElement on session 79884c66-605f-4a8c-9556-5013692f6c33 to remote] DEBUG org.apache.http.client.protocol.RequestAuthCache  - Auth cache not set in the context
10584 [Forwarding clickElement on session 79884c66-605f-4a8c-9556-5013692f6c33 to remote] DEBUG org.apache.http.client.protocol.RequestTargetAuthentication  - Target auth state: UNCHALLENGED
10584 [Forwarding clickElement on session 79884c66-605f-4a8c-9556-5013692f6c33 to remote] DEBUG org.apache.http.client.protocol.RequestProxyAuthentication  - Proxy auth state: UNCHALLENGED
10584 [Forwarding clickElement on session 79884c66-605f-4a8c-9556-5013692f6c33 to remote] DEBUG org.apache.http.impl.client.DefaultHttpClient  - Attempt 1 to execute request
10584 [Forwarding clickElement on session 79884c66-605f-4a8c-9556-5013692f6c33 to remote] DEBUG org.apache.http.impl.conn.DefaultClientConnection  - Sending request: POST /session/79884c66-605f-4a8c-9556-5013692f6c33/element/eb8b3fef-1972-440a-ab3c-95126aafcf8f/click HTTP/1.1
10584 [Forwarding clickElement on session 79884c66-605f-4a8c-9556-5013692f6c33 to remote] DEBUG org.apache.http.wire  - >> "POST /session/79884c66-605f-4a8c-9556-5013692f6c33/element/eb8b3fef-1972-440a-ab3c-95126aafcf8f/click HTTP/1.1[\r][\n]"
10584 [Forwarding clickElement on session 79884c66-605f-4a8c-9556-5013692f6c33 to remote] DEBUG org.apache.http.wire  - >> "Accept: application/json, image/png[\r][\n]"
10584 [Forwarding clickElement on session 79884c66-605f-4a8c-9556-5013692f6c33 to remote] DEBUG org.apache.http.wire  - >> "Content-Type: application/json; charset=utf-8[\r][\n]"
10584 [Forwarding clickElement on session 79884c66-605f-4a8c-9556-5013692f6c33 to remote] DEBUG org.apache.http.wire  - >> "Content-Length: 45[\r][\n]"
10584 [Forwarding clickElement on session 79884c66-605f-4a8c-9556-5013692f6c33 to remote] DEBUG org.apache.http.wire  - >> "Host: localhost:38029[\r][\n]"
10584 [Forwarding clickElement on session 79884c66-605f-4a8c-9556-5013692f6c33 to remote] DEBUG org.apache.http.wire  - >> "Connection: Keep-Alive[\r][\n]"
10584 [Forwarding clickElement on session 79884c66-605f-4a8c-9556-5013692f6c33 to remote] DEBUG org.apache.http.wire  - >> "[\r][\n]"
10584 [Forwarding clickElement on session 79884c66-605f-4a8c-9556-5013692f6c33 to remote] DEBUG org.apache.http.headers  - >> POST /session/79884c66-605f-4a8c-9556-5013692f6c33/element/eb8b3fef-1972-440a-ab3c-95126aafcf8f/click HTTP/1.1
10584 [Forwarding clickElement on session 79884c66-605f-4a8c-9556-5013692f6c33 to remote] DEBUG org.apache.http.headers  - >> Accept: application/json, image/png
10584 [Forwarding clickElement on session 79884c66-605f-4a8c-9556-5013692f6c33 to remote] DEBUG org.apache.http.headers  - >> Content-Type: application/json; charset=utf-8
10584 [Forwarding clickElement on session 79884c66-605f-4a8c-9556-5013692f6c33 to remote] DEBUG org.apache.http.headers  - >> Content-Length: 45
10584 [Forwarding clickElement on session 79884c66-605f-4a8c-9556-5013692f6c33 to remote] DEBUG org.apache.http.headers  - >> Host: localhost:38029
10584 [Forwarding clickElement on session 79884c66-605f-4a8c-9556-5013692f6c33 to remote] DEBUG org.apache.http.headers  - >> Connection: Keep-Alive
10584 [Forwarding clickElement on session 79884c66-605f-4a8c-9556-5013692f6c33 to remote] DEBUG org.apache.http.wire  - >> "{"id":"eb8b3fef-1972-440a-ab3c-95126aafcf8f"}"
10724 [Forwarding clickElement on session 79884c66-605f-4a8c-9556-5013692f6c33 to remote] DEBUG org.apache.http.wire  - << "HTTP/1.1 200 OK[\r][\n]"
10724 [Forwarding clickElement on session 79884c66-605f-4a8c-9556-5013692f6c33 to remote] DEBUG org.apache.http.wire  - << "Content-Length: 77[\r][\n]"
10724 [Forwarding clickElement on session 79884c66-605f-4a8c-9556-5013692f6c33 to remote] DEBUG org.apache.http.wire  - << "Content-Type: application/json; charset=UTF-8[\r][\n]"
10724 [Forwarding clickElement on session 79884c66-605f-4a8c-9556-5013692f6c33 to remote] DEBUG org.apache.http.wire  - << "Vary: Accept-Charset, Accept-Encoding, Accept-Language, Accept[\r][\n]"
10724 [Forwarding clickElement on session 79884c66-605f-4a8c-9556-5013692f6c33 to remote] DEBUG org.apache.http.wire  - << "Accept-Ranges: bytes[\r][\n]"
10724 [Forwarding clickElement on session 79884c66-605f-4a8c-9556-5013692f6c33 to remote] DEBUG org.apache.http.wire  - << "Connection: close[\r][\n]"
10724 [Forwarding clickElement on session 79884c66-605f-4a8c-9556-5013692f6c33 to remote] DEBUG org.apache.http.wire  - << "[\r][\n]"
10724 [Forwarding clickElement on session 79884c66-605f-4a8c-9556-5013692f6c33 to remote] DEBUG org.apache.http.impl.conn.DefaultClientConnection  - Receiving response: HTTP/1.1 200 OK
10724 [Forwarding clickElement on session 79884c66-605f-4a8c-9556-5013692f6c33 to remote] DEBUG org.apache.http.headers  - << HTTP/1.1 200 OK
10724 [Forwarding clickElement on session 79884c66-605f-4a8c-9556-5013692f6c33 to remote] DEBUG org.apache.http.headers  - << Content-Length: 77
10724 [Forwarding clickElement on session 79884c66-605f-4a8c-9556-5013692f6c33 to remote] DEBUG org.apache.http.headers  - << Content-Type: application/json; charset=UTF-8
10724 [Forwarding clickElement on session 79884c66-605f-4a8c-9556-5013692f6c33 to remote] DEBUG org.apache.http.headers  - << Vary: Accept-Charset, Accept-Encoding, Accept-Language, Accept
10724 [Forwarding clickElement on session 79884c66-605f-4a8c-9556-5013692f6c33 to remote] DEBUG org.apache.http.headers  - << Accept-Ranges: bytes
10724 [Forwarding clickElement on session 79884c66-605f-4a8c-9556-5013692f6c33 to remote] DEBUG org.apache.http.headers  - << Connection: close
10724 [Forwarding clickElement on session 79884c66-605f-4a8c-9556-5013692f6c33 to remote] DEBUG org.apache.http.wire  - << "{"sessionId":"79884c66-605f-4a8c-9556-5013692f6c33","status":0,"value":null}[\n]"
10724 [Forwarding clickElement on session 79884c66-605f-4a8c-9556-5013692f6c33 to remote] DEBUG org.apache.http.impl.conn.DefaultClientConnection  - Connection 0.0.0.0:4047<->127.0.0.1:38029 shut down
10724 [Forwarding clickElement on session 79884c66-605f-4a8c-9556-5013692f6c33 to remote] DEBUG org.apache.http.impl.conn.tsccm.ThreadSafeClientConnManager  - Released connection is not reusable.
10724 [Forwarding clickElement on session 79884c66-605f-4a8c-9556-5013692f6c33 to remote] DEBUG org.apache.http.impl.conn.tsccm.ConnPoolByRoute  - Releasing connection [{}->http://localhost:38029][null]
10724 [Forwarding clickElement on session 79884c66-605f-4a8c-9556-5013692f6c33 to remote] DEBUG org.apache.http.impl.conn.DefaultClientConnection  - Connection 0.0.0.0:4047<->127.0.0.1:38029 closed
10724 [Forwarding clickElement on session 79884c66-605f-4a8c-9556-5013692f6c33 to remote] DEBUG org.apache.http.impl.conn.tsccm.ConnPoolByRoute  - Notifying no-one, there are no waiting threads
10724 [Forwarding findElement on session 79884c66-605f-4a8c-9556-5013692f6c33 to remote] DEBUG org.apache.http.impl.conn.tsccm.ThreadSafeClientConnManager  - Get connection: {}->http://localhost:38029, timeout = 120000
10724 [Forwarding findElement on session 79884c66-605f-4a8c-9556-5013692f6c33 to remote] DEBUG org.apache.http.impl.conn.tsccm.ConnPoolByRoute  - [{}->http://localhost:38029] total kept alive: 0, total issued: 0, total allocated: 0 out of 2000
10724 [Forwarding findElement on session 79884c66-605f-4a8c-9556-5013692f6c33 to remote] DEBUG org.apache.http.impl.conn.tsccm.ConnPoolByRoute  - No free connections [{}->http://localhost:38029][null]
10724 [Forwarding findElement on session 79884c66-605f-4a8c-9556-5013692f6c33 to remote] DEBUG org.apache.http.impl.conn.tsccm.ConnPoolByRoute  - Available capacity: 2000 out of 2000 [{}->http://localhost:38029][null]
10724 [Forwarding findElement on session 79884c66-605f-4a8c-9556-5013692f6c33 to remote] DEBUG org.apache.http.impl.conn.tsccm.ConnPoolByRoute  - Creating new connection [{}->http://localhost:38029]
10724 [Forwarding findElement on session 79884c66-605f-4a8c-9556-5013692f6c33 to remote] DEBUG org.apache.http.impl.conn.DefaultClientConnectionOperator  - Connecting to localhost:38029
10724 [Forwarding findElement on session 79884c66-605f-4a8c-9556-5013692f6c33 to remote] DEBUG org.apache.http.client.protocol.RequestAddCookies  - CookieSpec selected: best-match
10724 [Forwarding findElement on session 79884c66-605f-4a8c-9556-5013692f6c33 to remote] DEBUG org.apache.http.client.protocol.RequestAuthCache  - Auth cache not set in the context
10724 [Forwarding findElement on session 79884c66-605f-4a8c-9556-5013692f6c33 to remote] DEBUG org.apache.http.client.protocol.RequestTargetAuthentication  - Target auth state: UNCHALLENGED
10724 [Forwarding findElement on session 79884c66-605f-4a8c-9556-5013692f6c33 to remote] DEBUG org.apache.http.client.protocol.RequestProxyAuthentication  - Proxy auth state: UNCHALLENGED
10724 [Forwarding findElement on session 79884c66-605f-4a8c-9556-5013692f6c33 to remote] DEBUG org.apache.http.impl.client.DefaultHttpClient  - Attempt 1 to execute request
10724 [Forwarding findElement on session 79884c66-605f-4a8c-9556-5013692f6c33 to remote] DEBUG org.apache.http.impl.conn.DefaultClientConnection  - Sending request: POST /session/79884c66-605f-4a8c-9556-5013692f6c33/element HTTP/1.1
10724 [Forwarding findElement on session 79884c66-605f-4a8c-9556-5013692f6c33 to remote] DEBUG org.apache.http.wire  - >> "POST /session/79884c66-605f-4a8c-9556-5013692f6c33/element HTTP/1.1[\r][\n]"
10724 [Forwarding findElement on session 79884c66-605f-4a8c-9556-5013692f6c33 to remote] DEBUG org.apache.http.wire  - >> "Accept: application/json, image/png[\r][\n]"
10724 [Forwarding findElement on session 79884c66-605f-4a8c-9556-5013692f6c33 to remote] DEBUG org.apache.http.wire  - >> "Content-Type: application/json; charset=utf-8[\r][\n]"
10724 [Forwarding findElement on session 79884c66-605f-4a8c-9556-5013692f6c33 to remote] DEBUG org.apache.http.wire  - >> "Content-Length: 32[\r][\n]"
10724 [Forwarding findElement on session 79884c66-605f-4a8c-9556-5013692f6c33 to remote] DEBUG org.apache.http.wire  - >> "Host: localhost:38029[\r][\n]"
10724 [Forwarding findElement on session 79884c66-605f-4a8c-9556-5013692f6c33 to remote] DEBUG org.apache.http.wire  - >> "Connection: Keep-Alive[\r][\n]"
10724 [Forwarding findElement on session 79884c66-605f-4a8c-9556-5013692f6c33 to remote] DEBUG org.apache.http.wire  - >> "[\r][\n]"
10724 [Forwarding findElement on session 79884c66-605f-4a8c-9556-5013692f6c33 to remote] DEBUG org.apache.http.headers  - >> POST /session/79884c66-605f-4a8c-9556-5013692f6c33/element HTTP/1.1
10724 [Forwarding findElement on session 79884c66-605f-4a8c-9556-5013692f6c33 to remote] DEBUG org.apache.http.headers  - >> Accept: application/json, image/png
10724 [Forwarding findElement on session 79884c66-605f-4a8c-9556-5013692f6c33 to remote] DEBUG org.apache.http.headers  - >> Content-Type: application/json; charset=utf-8
10724 [Forwarding findElement on session 79884c66-605f-4a8c-9556-5013692f6c33 to remote] DEBUG org.apache.http.headers  - >> Content-Length: 32
10724 [Forwarding findElement on session 79884c66-605f-4a8c-9556-5013692f6c33 to remote] DEBUG org.apache.http.headers  - >> Host: localhost:38029
10724 [Forwarding findElement on session 79884c66-605f-4a8c-9556-5013692f6c33 to remote] DEBUG org.apache.http.headers  - >> Connection: Keep-Alive
10724 [Forwarding findElement on session 79884c66-605f-4a8c-9556-5013692f6c33 to remote] DEBUG org.apache.http.wire  - >> "{"using":"name","value":"state"}"
10958 [Forwarding findElement on session 79884c66-605f-4a8c-9556-5013692f6c33 to remote] DEBUG org.apache.http.wire  - << "HTTP/1.1 200 OK[\r][\n]"
10958 [Forwarding findElement on session 79884c66-605f-4a8c-9556-5013692f6c33 to remote] DEBUG org.apache.http.wire  - << "Content-Length: 123[\r][\n]"
10958 [Forwarding findElement on session 79884c66-605f-4a8c-9556-5013692f6c33 to remote] DEBUG org.apache.http.wire  - << "Content-Type: application/json; charset=UTF-8[\r][\n]"
10958 [Forwarding findElement on session 79884c66-605f-4a8c-9556-5013692f6c33 to remote] DEBUG org.apache.http.wire  - << "Vary: Accept-Charset, Accept-Encoding, Accept-Language, Accept[\r][\n]"
10958 [Forwarding findElement on session 79884c66-605f-4a8c-9556-5013692f6c33 to remote] DEBUG org.apache.http.wire  - << "Accept-Ranges: bytes[\r][\n]"
10958 [Forwarding findElement on session 79884c66-605f-4a8c-9556-5013692f6c33 to remote] DEBUG org.apache.http.wire  - << "Connection: close[\r][\n]"
10958 [Forwarding findElement on session 79884c66-605f-4a8c-9556-5013692f6c33 to remote] DEBUG org.apache.http.wire  - << "[\r][\n]"
10958 [Forwarding findElement on session 79884c66-605f-4a8c-9556-5013692f6c33 to remote] DEBUG org.apache.http.impl.conn.DefaultClientConnection  - Receiving response: HTTP/1.1 200 OK
10958 [Forwarding findElement on session 79884c66-605f-4a8c-9556-5013692f6c33 to remote] DEBUG org.apache.http.headers  - << HTTP/1.1 200 OK
10958 [Forwarding findElement on session 79884c66-605f-4a8c-9556-5013692f6c33 to remote] DEBUG org.apache.http.headers  - << Content-Length: 123
10958 [Forwarding findElement on session 79884c66-605f-4a8c-9556-5013692f6c33 to remote] DEBUG org.apache.http.headers  - << Content-Type: application/json; charset=UTF-8
10958 [Forwarding findElement on session 79884c66-605f-4a8c-9556-5013692f6c33 to remote] DEBUG org.apache.http.headers  - << Vary: Accept-Charset, Accept-Encoding, Accept-Language, Accept
10958 [Forwarding findElement on session 79884c66-605f-4a8c-9556-5013692f6c33 to remote] DEBUG org.apache.http.headers  - << Accept-Ranges: bytes
10958 [Forwarding findElement on session 79884c66-605f-4a8c-9556-5013692f6c33 to remote] DEBUG org.apache.http.headers  - << Connection: close
10958 [Forwarding findElement on session 79884c66-605f-4a8c-9556-5013692f6c33 to remote] DEBUG org.apache.http.wire  - << "{"sessionId":"79884c66-605f-4a8c-9556-5013692f6c33","status":0,"value":{"ELEMENT":"97698a09-3d7b-4f21-817b-43905e2e70d8"}}[\n]"
10958 [Forwarding findElement on session 79884c66-605f-4a8c-9556-5013692f6c33 to remote] DEBUG org.apache.http.impl.conn.DefaultClientConnection  - Connection 0.0.0.0:4048<->127.0.0.1:38029 shut down
10958 [Forwarding findElement on session 79884c66-605f-4a8c-9556-5013692f6c33 to remote] DEBUG org.apache.http.impl.conn.tsccm.ThreadSafeClientConnManager  - Released connection is not reusable.
10958 [Forwarding findElement on session 79884c66-605f-4a8c-9556-5013692f6c33 to remote] DEBUG org.apache.http.impl.conn.tsccm.ConnPoolByRoute  - Releasing connection [{}->http://localhost:38029][null]
10958 [Forwarding findElement on session 79884c66-605f-4a8c-9556-5013692f6c33 to remote] DEBUG org.apache.http.impl.conn.DefaultClientConnection  - Connection 0.0.0.0:4048<->127.0.0.1:38029 closed
10958 [Forwarding findElement on session 79884c66-605f-4a8c-9556-5013692f6c33 to remote] DEBUG org.apache.http.impl.conn.tsccm.ConnPoolByRoute  - Notifying no-one, there are no waiting threads
11957 [Forwarding getElementTagName on session 79884c66-605f-4a8c-9556-5013692f6c33 to remote] DEBUG org.apache.http.impl.conn.tsccm.ThreadSafeClientConnManager  - Get connection: {}->http://localhost:38029, timeout = 120000
11957 [Forwarding getElementTagName on session 79884c66-605f-4a8c-9556-5013692f6c33 to remote] DEBUG org.apache.http.impl.conn.tsccm.ConnPoolByRoute  - [{}->http://localhost:38029] total kept alive: 0, total issued: 0, total allocated: 0 out of 2000
11957 [Forwarding getElementTagName on session 79884c66-605f-4a8c-9556-5013692f6c33 to remote] DEBUG org.apache.http.impl.conn.tsccm.ConnPoolByRoute  - No free connections [{}->http://localhost:38029][null]
11957 [Forwarding getElementTagName on session 79884c66-605f-4a8c-9556-5013692f6c33 to remote] DEBUG org.apache.http.impl.conn.tsccm.ConnPoolByRoute  - Available capacity: 2000 out of 2000 [{}->http://localhost:38029][null]
11957 [Forwarding getElementTagName on session 79884c66-605f-4a8c-9556-5013692f6c33 to remote] DEBUG org.apache.http.impl.conn.tsccm.ConnPoolByRoute  - Creating new connection [{}->http://localhost:38029]
11957 [Forwarding getElementTagName on session 79884c66-605f-4a8c-9556-5013692f6c33 to remote] DEBUG org.apache.http.impl.conn.DefaultClientConnectionOperator  - Connecting to localhost:38029
11957 [Forwarding getElementTagName on session 79884c66-605f-4a8c-9556-5013692f6c33 to remote] DEBUG org.apache.http.client.protocol.RequestAddCookies  - CookieSpec selected: best-match
11957 [Forwarding getElementTagName on session 79884c66-605f-4a8c-9556-5013692f6c33 to remote] DEBUG org.apache.http.client.protocol.RequestAuthCache  - Auth cache not set in the context
11957 [Forwarding getElementTagName on session 79884c66-605f-4a8c-9556-5013692f6c33 to remote] DEBUG org.apache.http.client.protocol.RequestTargetAuthentication  - Target auth state: UNCHALLENGED
11957 [Forwarding getElementTagName on session 79884c66-605f-4a8c-9556-5013692f6c33 to remote] DEBUG org.apache.http.client.protocol.RequestProxyAuthentication  - Proxy auth state: UNCHALLENGED
11957 [Forwarding getElementTagName on session 79884c66-605f-4a8c-9556-5013692f6c33 to remote] DEBUG org.apache.http.impl.client.DefaultHttpClient  - Attempt 1 to execute request
11957 [Forwarding getElementTagName on session 79884c66-605f-4a8c-9556-5013692f6c33 to remote] DEBUG org.apache.http.impl.conn.DefaultClientConnection  - Sending request: GET /session/79884c66-605f-4a8c-9556-5013692f6c33/element/97698a09-3d7b-4f21-817b-43905e2e70d8/name HTTP/1.1
11957 [Forwarding getElementTagName on session 79884c66-605f-4a8c-9556-5013692f6c33 to remote] DEBUG org.apache.http.wire  - >> "GET /session/79884c66-605f-4a8c-9556-5013692f6c33/element/97698a09-3d7b-4f21-817b-43905e2e70d8/name HTTP/1.1[\r][\n]"
11957 [Forwarding getElementTagName on session 79884c66-605f-4a8c-9556-5013692f6c33 to remote] DEBUG org.apache.http.wire  - >> "Accept: application/json, image/png[\r][\n]"
11957 [Forwarding getElementTagName on session 79884c66-605f-4a8c-9556-5013692f6c33 to remote] DEBUG org.apache.http.wire  - >> "Cache-Control: no-cache[\r][\n]"
11957 [Forwarding getElementTagName on session 79884c66-605f-4a8c-9556-5013692f6c33 to remote] DEBUG org.apache.http.wire  - >> "Host: localhost:38029[\r][\n]"
11957 [Forwarding getElementTagName on session 79884c66-605f-4a8c-9556-5013692f6c33 to remote] DEBUG org.apache.http.wire  - >> "Connection: Keep-Alive[\r][\n]"
11957 [Forwarding getElementTagName on session 79884c66-605f-4a8c-9556-5013692f6c33 to remote] DEBUG org.apache.http.wire  - >> "[\r][\n]"
11957 [Forwarding getElementTagName on session 79884c66-605f-4a8c-9556-5013692f6c33 to remote] DEBUG org.apache.http.headers  - >> GET /session/79884c66-605f-4a8c-9556-5013692f6c33/element/97698a09-3d7b-4f21-817b-43905e2e70d8/name HTTP/1.1
11957 [Forwarding getElementTagName on session 79884c66-605f-4a8c-9556-5013692f6c33 to remote] DEBUG org.apache.http.headers  - >> Accept: application/json, image/png
11957 [Forwarding getElementTagName on session 79884c66-605f-4a8c-9556-5013692f6c33 to remote] DEBUG org.apache.http.headers  - >> Cache-Control: no-cache
11957 [Forwarding getElementTagName on session 79884c66-605f-4a8c-9556-5013692f6c33 to remote] DEBUG org.apache.http.headers  - >> Host: localhost:38029
11957 [Forwarding getElementTagName on session 79884c66-605f-4a8c-9556-5013692f6c33 to remote] DEBUG org.apache.http.headers  - >> Connection: Keep-Alive
12004 [Forwarding getElementTagName on session 79884c66-605f-4a8c-9556-5013692f6c33 to remote] DEBUG org.apache.http.wire  - << "HTTP/1.1 200 OK[\r][\n]"
12004 [Forwarding getElementTagName on session 79884c66-605f-4a8c-9556-5013692f6c33 to remote] DEBUG org.apache.http.wire  - << "Content-Length: 81[\r][\n]"
12004 [Forwarding getElementTagName on session 79884c66-605f-4a8c-9556-5013692f6c33 to remote] DEBUG org.apache.http.wire  - << "Content-Type: application/json; charset=UTF-8[\r][\n]"
12004 [Forwarding getElementTagName on session 79884c66-605f-4a8c-9556-5013692f6c33 to remote] DEBUG org.apache.http.wire  - << "Vary: Accept-Charset, Accept-Encoding, Accept-Language, Accept[\r][\n]"
12004 [Forwarding getElementTagName on session 79884c66-605f-4a8c-9556-5013692f6c33 to remote] DEBUG org.apache.http.wire  - << "Accept-Ranges: bytes[\r][\n]"
12004 [Forwarding getElementTagName on session 79884c66-605f-4a8c-9556-5013692f6c33 to remote] DEBUG org.apache.http.wire  - << "Connection: close[\r][\n]"
12004 [Forwarding getElementTagName on session 79884c66-605f-4a8c-9556-5013692f6c33 to remote] DEBUG org.apache.http.wire  - << "[\r][\n]"
12004 [Forwarding getElementTagName on session 79884c66-605f-4a8c-9556-5013692f6c33 to remote] DEBUG org.apache.http.impl.conn.DefaultClientConnection  - Receiving response: HTTP/1.1 200 OK
12004 [Forwarding getElementTagName on session 79884c66-605f-4a8c-9556-5013692f6c33 to remote] DEBUG org.apache.http.headers  - << HTTP/1.1 200 OK
12004 [Forwarding getElementTagName on session 79884c66-605f-4a8c-9556-5013692f6c33 to remote] DEBUG org.apache.http.headers  - << Content-Length: 81
12004 [Forwarding getElementTagName on session 79884c66-605f-4a8c-9556-5013692f6c33 to remote] DEBUG org.apache.http.headers  - << Content-Type: application/json; charset=UTF-8
12004 [Forwarding getElementTagName on session 79884c66-605f-4a8c-9556-5013692f6c33 to remote] DEBUG org.apache.http.headers  - << Vary: Accept-Charset, Accept-Encoding, Accept-Language, Accept
12004 [Forwarding getElementTagName on session 79884c66-605f-4a8c-9556-5013692f6c33 to remote] DEBUG org.apache.http.headers  - << Accept-Ranges: bytes
12004 [Forwarding getElementTagName on session 79884c66-605f-4a8c-9556-5013692f6c33 to remote] DEBUG org.apache.http.headers  - << Connection: close
12004 [Forwarding getElementTagName on session 79884c66-605f-4a8c-9556-5013692f6c33 to remote] DEBUG org.apache.http.wire  - << "{"sessionId":"79884c66-605f-4a8c-9556-5013692f6c33","status":0,"value":"select"}[\n]"
12004 [Forwarding getElementTagName on session 79884c66-605f-4a8c-9556-5013692f6c33 to remote] DEBUG org.apache.http.impl.conn.DefaultClientConnection  - Connection 0.0.0.0:4049<->127.0.0.1:38029 shut down
12004 [Forwarding getElementTagName on session 79884c66-605f-4a8c-9556-5013692f6c33 to remote] DEBUG org.apache.http.impl.conn.tsccm.ThreadSafeClientConnManager  - Released connection is not reusable.
12004 [Forwarding getElementTagName on session 79884c66-605f-4a8c-9556-5013692f6c33 to remote] DEBUG org.apache.http.impl.conn.tsccm.ConnPoolByRoute  - Releasing connection [{}->http://localhost:38029][null]
12004 [Forwarding getElementTagName on session 79884c66-605f-4a8c-9556-5013692f6c33 to remote] DEBUG org.apache.http.impl.conn.DefaultClientConnection  - Connection 0.0.0.0:4049<->127.0.0.1:38029 closed
12004 [Forwarding getElementTagName on session 79884c66-605f-4a8c-9556-5013692f6c33 to remote] DEBUG org.apache.http.impl.conn.tsccm.ConnPoolByRoute  - Notifying no-one, there are no waiting threads
12004 [Forwarding getElementAttribute on session 79884c66-605f-4a8c-9556-5013692f6c33 to remote] DEBUG org.apache.http.impl.conn.tsccm.ThreadSafeClientConnManager  - Get connection: {}->http://localhost:38029, timeout = 120000
12004 [Forwarding getElementAttribute on session 79884c66-605f-4a8c-9556-5013692f6c33 to remote] DEBUG org.apache.http.impl.conn.tsccm.ConnPoolByRoute  - [{}->http://localhost:38029] total kept alive: 0, total issued: 0, total allocated: 0 out of 2000
12004 [Forwarding getElementAttribute on session 79884c66-605f-4a8c-9556-5013692f6c33 to remote] DEBUG org.apache.http.impl.conn.tsccm.ConnPoolByRoute  - No free connections [{}->http://localhost:38029][null]
12004 [Forwarding getElementAttribute on session 79884c66-605f-4a8c-9556-5013692f6c33 to remote] DEBUG org.apache.http.impl.conn.tsccm.ConnPoolByRoute  - Available capacity: 2000 out of 2000 [{}->http://localhost:38029][null]
12004 [Forwarding getElementAttribute on session 79884c66-605f-4a8c-9556-5013692f6c33 to remote] DEBUG org.apache.http.impl.conn.tsccm.ConnPoolByRoute  - Creating new connection [{}->http://localhost:38029]
12004 [Forwarding getElementAttribute on session 79884c66-605f-4a8c-9556-5013692f6c33 to remote] DEBUG org.apache.http.impl.conn.DefaultClientConnectionOperator  - Connecting to localhost:38029
12004 [Forwarding getElementAttribute on session 79884c66-605f-4a8c-9556-5013692f6c33 to remote] DEBUG org.apache.http.client.protocol.RequestAddCookies  - CookieSpec selected: best-match
12004 [Forwarding getElementAttribute on session 79884c66-605f-4a8c-9556-5013692f6c33 to remote] DEBUG org.apache.http.client.protocol.RequestAuthCache  - Auth cache not set in the context
12004 [Forwarding getElementAttribute on session 79884c66-605f-4a8c-9556-5013692f6c33 to remote] DEBUG org.apache.http.client.protocol.RequestTargetAuthentication  - Target auth state: UNCHALLENGED
12004 [Forwarding getElementAttribute on session 79884c66-605f-4a8c-9556-5013692f6c33 to remote] DEBUG org.apache.http.client.protocol.RequestProxyAuthentication  - Proxy auth state: UNCHALLENGED
12004 [Forwarding getElementAttribute on session 79884c66-605f-4a8c-9556-5013692f6c33 to remote] DEBUG org.apache.http.impl.client.DefaultHttpClient  - Attempt 1 to execute request
12004 [Forwarding getElementAttribute on session 79884c66-605f-4a8c-9556-5013692f6c33 to remote] DEBUG org.apache.http.impl.conn.DefaultClientConnection  - Sending request: GET /session/79884c66-605f-4a8c-9556-5013692f6c33/element/97698a09-3d7b-4f21-817b-43905e2e70d8/attribute/multiple HTTP/1.1
12004 [Forwarding getElementAttribute on session 79884c66-605f-4a8c-9556-5013692f6c33 to remote] DEBUG org.apache.http.wire  - >> "GET /session/79884c66-605f-4a8c-9556-5013692f6c33/element/97698a09-3d7b-4f21-817b-43905e2e70d8/attribute/multiple HTTP/1.1[\r][\n]"
12004 [Forwarding getElementAttribute on session 79884c66-605f-4a8c-9556-5013692f6c33 to remote] DEBUG org.apache.http.wire  - >> "Accept: application/json, image/png[\r][\n]"
12004 [Forwarding getElementAttribute on session 79884c66-605f-4a8c-9556-5013692f6c33 to remote] DEBUG org.apache.http.wire  - >> "Cache-Control: no-cache[\r][\n]"
12004 [Forwarding getElementAttribute on session 79884c66-605f-4a8c-9556-5013692f6c33 to remote] DEBUG org.apache.http.wire  - >> "Host: localhost:38029[\r][\n]"
12004 [Forwarding getElementAttribute on session 79884c66-605f-4a8c-9556-5013692f6c33 to remote] DEBUG org.apache.http.wire  - >> "Connection: Keep-Alive[\r][\n]"
12004 [Forwarding getElementAttribute on session 79884c66-605f-4a8c-9556-5013692f6c33 to remote] DEBUG org.apache.http.wire  - >> "[\r][\n]"
12004 [Forwarding getElementAttribute on session 79884c66-605f-4a8c-9556-5013692f6c33 to remote] DEBUG org.apache.http.headers  - >> GET /session/79884c66-605f-4a8c-9556-5013692f6c33/element/97698a09-3d7b-4f21-817b-43905e2e70d8/attribute/multiple HTTP/1.1
12004 [Forwarding getElementAttribute on session 79884c66-605f-4a8c-9556-5013692f6c33 to remote] DEBUG org.apache.http.headers  - >> Accept: application/json, image/png
12004 [Forwarding getElementAttribute on session 79884c66-605f-4a8c-9556-5013692f6c33 to remote] DEBUG org.apache.http.headers  - >> Cache-Control: no-cache
12004 [Forwarding getElementAttribute on session 79884c66-605f-4a8c-9556-5013692f6c33 to remote] DEBUG org.apache.http.headers  - >> Host: localhost:38029
12004 [Forwarding getElementAttribute on session 79884c66-605f-4a8c-9556-5013692f6c33 to remote] DEBUG org.apache.http.headers  - >> Connection: Keep-Alive
12067 [Forwarding getElementAttribute on session 79884c66-605f-4a8c-9556-5013692f6c33 to remote] DEBUG org.apache.http.wire  - << "HTTP/1.1 200 OK[\r][\n]"
12067 [Forwarding getElementAttribute on session 79884c66-605f-4a8c-9556-5013692f6c33 to remote] DEBUG org.apache.http.wire  - << "Content-Length: 77[\r][\n]"
12067 [Forwarding getElementAttribute on session 79884c66-605f-4a8c-9556-5013692f6c33 to remote] DEBUG org.apache.http.wire  - << "Content-Type: application/json; charset=UTF-8[\r][\n]"
12067 [Forwarding getElementAttribute on session 79884c66-605f-4a8c-9556-5013692f6c33 to remote] DEBUG org.apache.http.wire  - << "Vary: Accept-Charset, Accept-Encoding, Accept-Language, Accept[\r][\n]"
12067 [Forwarding getElementAttribute on session 79884c66-605f-4a8c-9556-5013692f6c33 to remote] DEBUG org.apache.http.wire  - << "Accept-Ranges: bytes[\r][\n]"
12067 [Forwarding getElementAttribute on session 79884c66-605f-4a8c-9556-5013692f6c33 to remote] DEBUG org.apache.http.wire  - << "Connection: close[\r][\n]"
12067 [Forwarding getElementAttribute on session 79884c66-605f-4a8c-9556-5013692f6c33 to remote] DEBUG org.apache.http.wire  - << "[\r][\n]"
12067 [Forwarding getElementAttribute on session 79884c66-605f-4a8c-9556-5013692f6c33 to remote] DEBUG org.apache.http.impl.conn.DefaultClientConnection  - Receiving response: HTTP/1.1 200 OK
12067 [Forwarding getElementAttribute on session 79884c66-605f-4a8c-9556-5013692f6c33 to remote] DEBUG org.apache.http.headers  - << HTTP/1.1 200 OK
12067 [Forwarding getElementAttribute on session 79884c66-605f-4a8c-9556-5013692f6c33 to remote] DEBUG org.apache.http.headers  - << Content-Length: 77
12067 [Forwarding getElementAttribute on session 79884c66-605f-4a8c-9556-5013692f6c33 to remote] DEBUG org.apache.http.headers  - << Content-Type: application/json; charset=UTF-8
12067 [Forwarding getElementAttribute on session 79884c66-605f-4a8c-9556-5013692f6c33 to remote] DEBUG org.apache.http.headers  - << Vary: Accept-Charset, Accept-Encoding, Accept-Language, Accept
12067 [Forwarding getElementAttribute on session 79884c66-605f-4a8c-9556-5013692f6c33 to remote] DEBUG org.apache.http.headers  - << Accept-Ranges: bytes
12067 [Forwarding getElementAttribute on session 79884c66-605f-4a8c-9556-5013692f6c33 to remote] DEBUG org.apache.http.headers  - << Connection: close
12067 [Forwarding getElementAttribute on session 79884c66-605f-4a8c-9556-5013692f6c33 to remote] DEBUG org.apache.http.wire  - << "{"sessionId":"79884c66-605f-4a8c-9556-5013692f6c33","status":0,"value":null}[\n]"
12067 [Forwarding getElementAttribute on session 79884c66-605f-4a8c-9556-5013692f6c33 to remote] DEBUG org.apache.http.impl.conn.DefaultClientConnection  - Connection 0.0.0.0:4050<->127.0.0.1:38029 shut down
12067 [Forwarding getElementAttribute on session 79884c66-605f-4a8c-9556-5013692f6c33 to remote] DEBUG org.apache.http.impl.conn.tsccm.ThreadSafeClientConnManager  - Released connection is not reusable.
12067 [Forwarding getElementAttribute on session 79884c66-605f-4a8c-9556-5013692f6c33 to remote] DEBUG org.apache.http.impl.conn.tsccm.ConnPoolByRoute  - Releasing connection [{}->http://localhost:38029][null]
12067 [Forwarding getElementAttribute on session 79884c66-605f-4a8c-9556-5013692f6c33 to remote] DEBUG org.apache.http.impl.conn.DefaultClientConnection  - Connection 0.0.0.0:4050<->127.0.0.1:38029 closed
12067 [Forwarding getElementAttribute on session 79884c66-605f-4a8c-9556-5013692f6c33 to remote] DEBUG org.apache.http.impl.conn.tsccm.ConnPoolByRoute  - Notifying no-one, there are no waiting threads
12067 [Forwarding findChildElements on session 79884c66-605f-4a8c-9556-5013692f6c33 to remote] DEBUG org.apache.http.impl.conn.tsccm.ThreadSafeClientConnManager  - Get connection: {}->http://localhost:38029, timeout = 120000
12067 [Forwarding findChildElements on session 79884c66-605f-4a8c-9556-5013692f6c33 to remote] DEBUG org.apache.http.impl.conn.tsccm.ConnPoolByRoute  - [{}->http://localhost:38029] total kept alive: 0, total issued: 0, total allocated: 0 out of 2000
12067 [Forwarding findChildElements on session 79884c66-605f-4a8c-9556-5013692f6c33 to remote] DEBUG org.apache.http.impl.conn.tsccm.ConnPoolByRoute  - No free connections [{}->http://localhost:38029][null]
12067 [Forwarding findChildElements on session 79884c66-605f-4a8c-9556-5013692f6c33 to remote] DEBUG org.apache.http.impl.conn.tsccm.ConnPoolByRoute  - Available capacity: 2000 out of 2000 [{}->http://localhost:38029][null]
12067 [Forwarding findChildElements on session 79884c66-605f-4a8c-9556-5013692f6c33 to remote] DEBUG org.apache.http.impl.conn.tsccm.ConnPoolByRoute  - Creating new connection [{}->http://localhost:38029]
12067 [Forwarding findChildElements on session 79884c66-605f-4a8c-9556-5013692f6c33 to remote] DEBUG org.apache.http.impl.conn.DefaultClientConnectionOperator  - Connecting to localhost:38029
12067 [Forwarding findChildElements on session 79884c66-605f-4a8c-9556-5013692f6c33 to remote] DEBUG org.apache.http.client.protocol.RequestAddCookies  - CookieSpec selected: best-match
12067 [Forwarding findChildElements on session 79884c66-605f-4a8c-9556-5013692f6c33 to remote] DEBUG org.apache.http.client.protocol.RequestAuthCache  - Auth cache not set in the context
12067 [Forwarding findChildElements on session 79884c66-605f-4a8c-9556-5013692f6c33 to remote] DEBUG org.apache.http.client.protocol.RequestTargetAuthentication  - Target auth state: UNCHALLENGED
12067 [Forwarding findChildElements on session 79884c66-605f-4a8c-9556-5013692f6c33 to remote] DEBUG org.apache.http.client.protocol.RequestProxyAuthentication  - Proxy auth state: UNCHALLENGED
12067 [Forwarding findChildElements on session 79884c66-605f-4a8c-9556-5013692f6c33 to remote] DEBUG org.apache.http.impl.client.DefaultHttpClient  - Attempt 1 to execute request
12067 [Forwarding findChildElements on session 79884c66-605f-4a8c-9556-5013692f6c33 to remote] DEBUG org.apache.http.impl.conn.DefaultClientConnection  - Sending request: POST /session/79884c66-605f-4a8c-9556-5013692f6c33/element/97698a09-3d7b-4f21-817b-43905e2e70d8/elements HTTP/1.1
12067 [Forwarding findChildElements on session 79884c66-605f-4a8c-9556-5013692f6c33 to remote] DEBUG org.apache.http.wire  - >> "POST /session/79884c66-605f-4a8c-9556-5013692f6c33/element/97698a09-3d7b-4f21-817b-43905e2e70d8/elements HTTP/1.1[\r][\n]"
12067 [Forwarding findChildElements on session 79884c66-605f-4a8c-9556-5013692f6c33 to remote] DEBUG org.apache.http.wire  - >> "Accept: application/json, image/png[\r][\n]"
12067 [Forwarding findChildElements on session 79884c66-605f-4a8c-9556-5013692f6c33 to remote] DEBUG org.apache.http.wire  - >> "Content-Type: application/json; charset=utf-8[\r][\n]"
12067 [Forwarding findChildElements on session 79884c66-605f-4a8c-9556-5013692f6c33 to remote] DEBUG org.apache.http.wire  - >> "Content-Length: 119[\r][\n]"
12067 [Forwarding findChildElements on session 79884c66-605f-4a8c-9556-5013692f6c33 to remote] DEBUG org.apache.http.wire  - >> "Host: localhost:38029[\r][\n]"
12067 [Forwarding findChildElements on session 79884c66-605f-4a8c-9556-5013692f6c33 to remote] DEBUG org.apache.http.wire  - >> "Connection: Keep-Alive[\r][\n]"
12067 [Forwarding findChildElements on session 79884c66-605f-4a8c-9556-5013692f6c33 to remote] DEBUG org.apache.http.wire  - >> "[\r][\n]"
12067 [Forwarding findChildElements on session 79884c66-605f-4a8c-9556-5013692f6c33 to remote] DEBUG org.apache.http.headers  - >> POST /session/79884c66-605f-4a8c-9556-5013692f6c33/element/97698a09-3d7b-4f21-817b-43905e2e70d8/elements HTTP/1.1
12067 [Forwarding findChildElements on session 79884c66-605f-4a8c-9556-5013692f6c33 to remote] DEBUG org.apache.http.headers  - >> Accept: application/json, image/png
12067 [Forwarding findChildElements on session 79884c66-605f-4a8c-9556-5013692f6c33 to remote] DEBUG org.apache.http.headers  - >> Content-Type: application/json; charset=utf-8
12067 [Forwarding findChildElements on session 79884c66-605f-4a8c-9556-5013692f6c33 to remote] DEBUG org.apache.http.headers  - >> Content-Length: 119
12067 [Forwarding findChildElements on session 79884c66-605f-4a8c-9556-5013692f6c33 to remote] DEBUG org.apache.http.headers  - >> Host: localhost:38029
12067 [Forwarding findChildElements on session 79884c66-605f-4a8c-9556-5013692f6c33 to remote] DEBUG org.apache.http.headers  - >> Connection: Keep-Alive
12067 [Forwarding findChildElements on session 79884c66-605f-4a8c-9556-5013692f6c33 to remote] DEBUG org.apache.http.wire  - >> "{"id":"97698a09-3d7b-4f21-817b-43905e2e70d8","using":"xpath","value":".//option[normalize-space(.) = \"OK Oklahoma\"]"}"
12254 [Forwarding findChildElements on session 79884c66-605f-4a8c-9556-5013692f6c33 to remote] DEBUG org.apache.http.wire  - << "HTTP/1.1 200 OK[\r][\n]"
12254 [Forwarding findChildElements on session 79884c66-605f-4a8c-9556-5013692f6c33 to remote] DEBUG org.apache.http.wire  - << "Content-Length: 125[\r][\n]"
12254 [Forwarding findChildElements on session 79884c66-605f-4a8c-9556-5013692f6c33 to remote] DEBUG org.apache.http.wire  - << "Content-Type: application/json; charset=UTF-8[\r][\n]"
12254 [Forwarding findChildElements on session 79884c66-605f-4a8c-9556-5013692f6c33 to remote] DEBUG org.apache.http.wire  - << "Vary: Accept-Charset, Accept-Encoding, Accept-Language, Accept[\r][\n]"
12254 [Forwarding findChildElements on session 79884c66-605f-4a8c-9556-5013692f6c33 to remote] DEBUG org.apache.http.wire  - << "Accept-Ranges: bytes[\r][\n]"
12254 [Forwarding findChildElements on session 79884c66-605f-4a8c-9556-5013692f6c33 to remote] DEBUG org.apache.http.wire  - << "Connection: close[\r][\n]"
12254 [Forwarding findChildElements on session 79884c66-605f-4a8c-9556-5013692f6c33 to remote] DEBUG org.apache.http.wire  - << "[\r][\n]"
12254 [Forwarding findChildElements on session 79884c66-605f-4a8c-9556-5013692f6c33 to remote] DEBUG org.apache.http.impl.conn.DefaultClientConnection  - Receiving response: HTTP/1.1 200 OK
12254 [Forwarding findChildElements on session 79884c66-605f-4a8c-9556-5013692f6c33 to remote] DEBUG org.apache.http.headers  - << HTTP/1.1 200 OK
12254 [Forwarding findChildElements on session 79884c66-605f-4a8c-9556-5013692f6c33 to remote] DEBUG org.apache.http.headers  - << Content-Length: 125
12254 [Forwarding findChildElements on session 79884c66-605f-4a8c-9556-5013692f6c33 to remote] DEBUG org.apache.http.headers  - << Content-Type: application/json; charset=UTF-8
12254 [Forwarding findChildElements on session 79884c66-605f-4a8c-9556-5013692f6c33 to remote] DEBUG org.apache.http.headers  - << Vary: Accept-Charset, Accept-Encoding, Accept-Language, Accept
12254 [Forwarding findChildElements on session 79884c66-605f-4a8c-9556-5013692f6c33 to remote] DEBUG org.apache.http.headers  - << Accept-Ranges: bytes
12254 [Forwarding findChildElements on session 79884c66-605f-4a8c-9556-5013692f6c33 to remote] DEBUG org.apache.http.headers  - << Connection: close
12254 [Forwarding findChildElements on session 79884c66-605f-4a8c-9556-5013692f6c33 to remote] DEBUG org.apache.http.wire  - << "{"sessionId":"79884c66-605f-4a8c-9556-5013692f6c33","status":0,"value":[{"ELEMENT":"9266fb35-a50b-4439-8055-32cf57df7bd7"}]}[\n]"
12254 [Forwarding findChildElements on session 79884c66-605f-4a8c-9556-5013692f6c33 to remote] DEBUG org.apache.http.impl.conn.DefaultClientConnection  - Connection 0.0.0.0:4051<->127.0.0.1:38029 shut down
12254 [Forwarding findChildElements on session 79884c66-605f-4a8c-9556-5013692f6c33 to remote] DEBUG org.apache.http.impl.conn.tsccm.ThreadSafeClientConnManager  - Released connection is not reusable.
12254 [Forwarding findChildElements on session 79884c66-605f-4a8c-9556-5013692f6c33 to remote] DEBUG org.apache.http.impl.conn.tsccm.ConnPoolByRoute  - Releasing connection [{}->http://localhost:38029][null]
12254 [Forwarding findChildElements on session 79884c66-605f-4a8c-9556-5013692f6c33 to remote] DEBUG org.apache.http.impl.conn.DefaultClientConnection  - Connection 0.0.0.0:4051<->127.0.0.1:38029 closed
12254 [Forwarding findChildElements on session 79884c66-605f-4a8c-9556-5013692f6c33 to remote] DEBUG org.apache.http.impl.conn.tsccm.ConnPoolByRoute  - Notifying no-one, there are no waiting threads
12254 [Forwarding isElementSelected on session 79884c66-605f-4a8c-9556-5013692f6c33 to remote] DEBUG org.apache.http.impl.conn.tsccm.ThreadSafeClientConnManager  - Get connection: {}->http://localhost:38029, timeout = 120000
12254 [Forwarding isElementSelected on session 79884c66-605f-4a8c-9556-5013692f6c33 to remote] DEBUG org.apache.http.impl.conn.tsccm.ConnPoolByRoute  - [{}->http://localhost:38029] total kept alive: 0, total issued: 0, total allocated: 0 out of 2000
12254 [Forwarding isElementSelected on session 79884c66-605f-4a8c-9556-5013692f6c33 to remote] DEBUG org.apache.http.impl.conn.tsccm.ConnPoolByRoute  - No free connections [{}->http://localhost:38029][null]
12254 [Forwarding isElementSelected on session 79884c66-605f-4a8c-9556-5013692f6c33 to remote] DEBUG org.apache.http.impl.conn.tsccm.ConnPoolByRoute  - Available capacity: 2000 out of 2000 [{}->http://localhost:38029][null]
12254 [Forwarding isElementSelected on session 79884c66-605f-4a8c-9556-5013692f6c33 to remote] DEBUG org.apache.http.impl.conn.tsccm.ConnPoolByRoute  - Creating new connection [{}->http://localhost:38029]
12254 [Forwarding isElementSelected on session 79884c66-605f-4a8c-9556-5013692f6c33 to remote] DEBUG org.apache.http.impl.conn.DefaultClientConnectionOperator  - Connecting to localhost:38029
12254 [Forwarding isElementSelected on session 79884c66-605f-4a8c-9556-5013692f6c33 to remote] DEBUG org.apache.http.client.protocol.RequestAddCookies  - CookieSpec selected: best-match
12254 [Forwarding isElementSelected on session 79884c66-605f-4a8c-9556-5013692f6c33 to remote] DEBUG org.apache.http.client.protocol.RequestAuthCache  - Auth cache not set in the context
12254 [Forwarding isElementSelected on session 79884c66-605f-4a8c-9556-5013692f6c33 to remote] DEBUG org.apache.http.client.protocol.RequestTargetAuthentication  - Target auth state: UNCHALLENGED
12254 [Forwarding isElementSelected on session 79884c66-605f-4a8c-9556-5013692f6c33 to remote] DEBUG org.apache.http.client.protocol.RequestProxyAuthentication  - Proxy auth state: UNCHALLENGED
12254 [Forwarding isElementSelected on session 79884c66-605f-4a8c-9556-5013692f6c33 to remote] DEBUG org.apache.http.impl.client.DefaultHttpClient  - Attempt 1 to execute request
12254 [Forwarding isElementSelected on session 79884c66-605f-4a8c-9556-5013692f6c33 to remote] DEBUG org.apache.http.impl.conn.DefaultClientConnection  - Sending request: GET /session/79884c66-605f-4a8c-9556-5013692f6c33/element/9266fb35-a50b-4439-8055-32cf57df7bd7/selected HTTP/1.1
12254 [Forwarding isElementSelected on session 79884c66-605f-4a8c-9556-5013692f6c33 to remote] DEBUG org.apache.http.wire  - >> "GET /session/79884c66-605f-4a8c-9556-5013692f6c33/element/9266fb35-a50b-4439-8055-32cf57df7bd7/selected HTTP/1.1[\r][\n]"
12254 [Forwarding isElementSelected on session 79884c66-605f-4a8c-9556-5013692f6c33 to remote] DEBUG org.apache.http.wire  - >> "Accept: application/json, image/png[\r][\n]"
12254 [Forwarding isElementSelected on session 79884c66-605f-4a8c-9556-5013692f6c33 to remote] DEBUG org.apache.http.wire  - >> "Cache-Control: no-cache[\r][\n]"
12254 [Forwarding isElementSelected on session 79884c66-605f-4a8c-9556-5013692f6c33 to remote] DEBUG org.apache.http.wire  - >> "Host: localhost:38029[\r][\n]"
12254 [Forwarding isElementSelected on session 79884c66-605f-4a8c-9556-5013692f6c33 to remote] DEBUG org.apache.http.wire  - >> "Connection: Keep-Alive[\r][\n]"
12254 [Forwarding isElementSelected on session 79884c66-605f-4a8c-9556-5013692f6c33 to remote] DEBUG org.apache.http.wire  - >> "[\r][\n]"
12254 [Forwarding isElementSelected on session 79884c66-605f-4a8c-9556-5013692f6c33 to remote] DEBUG org.apache.http.headers  - >> GET /session/79884c66-605f-4a8c-9556-5013692f6c33/element/9266fb35-a50b-4439-8055-32cf57df7bd7/selected HTTP/1.1
12254 [Forwarding isElementSelected on session 79884c66-605f-4a8c-9556-5013692f6c33 to remote] DEBUG org.apache.http.headers  - >> Accept: application/json, image/png
12254 [Forwarding isElementSelected on session 79884c66-605f-4a8c-9556-5013692f6c33 to remote] DEBUG org.apache.http.headers  - >> Cache-Control: no-cache
12254 [Forwarding isElementSelected on session 79884c66-605f-4a8c-9556-5013692f6c33 to remote] DEBUG org.apache.http.headers  - >> Host: localhost:38029
12254 [Forwarding isElementSelected on session 79884c66-605f-4a8c-9556-5013692f6c33 to remote] DEBUG org.apache.http.headers  - >> Connection: Keep-Alive
12316 [Forwarding isElementSelected on session 79884c66-605f-4a8c-9556-5013692f6c33 to remote] DEBUG org.apache.http.wire  - << "HTTP/1.1 200 OK[\r][\n]"
12316 [Forwarding isElementSelected on session 79884c66-605f-4a8c-9556-5013692f6c33 to remote] DEBUG org.apache.http.wire  - << "Content-Length: 78[\r][\n]"
12316 [Forwarding isElementSelected on session 79884c66-605f-4a8c-9556-5013692f6c33 to remote] DEBUG org.apache.http.wire  - << "Content-Type: application/json; charset=UTF-8[\r][\n]"
12316 [Forwarding isElementSelected on session 79884c66-605f-4a8c-9556-5013692f6c33 to remote] DEBUG org.apache.http.wire  - << "Vary: Accept-Charset, Accept-Encoding, Accept-Language, Accept[\r][\n]"
12316 [Forwarding isElementSelected on session 79884c66-605f-4a8c-9556-5013692f6c33 to remote] DEBUG org.apache.http.wire  - << "Accept-Ranges: bytes[\r][\n]"
12316 [Forwarding isElementSelected on session 79884c66-605f-4a8c-9556-5013692f6c33 to remote] DEBUG org.apache.http.wire  - << "Connection: close[\r][\n]"
12316 [Forwarding isElementSelected on session 79884c66-605f-4a8c-9556-5013692f6c33 to remote] DEBUG org.apache.http.wire  - << "[\r][\n]"
12316 [Forwarding isElementSelected on session 79884c66-605f-4a8c-9556-5013692f6c33 to remote] DEBUG org.apache.http.impl.conn.DefaultClientConnection  - Receiving response: HTTP/1.1 200 OK
12316 [Forwarding isElementSelected on session 79884c66-605f-4a8c-9556-5013692f6c33 to remote] DEBUG org.apache.http.headers  - << HTTP/1.1 200 OK
12316 [Forwarding isElementSelected on session 79884c66-605f-4a8c-9556-5013692f6c33 to remote] DEBUG org.apache.http.headers  - << Content-Length: 78
12316 [Forwarding isElementSelected on session 79884c66-605f-4a8c-9556-5013692f6c33 to remote] DEBUG org.apache.http.headers  - << Content-Type: application/json; charset=UTF-8
12316 [Forwarding isElementSelected on session 79884c66-605f-4a8c-9556-5013692f6c33 to remote] DEBUG org.apache.http.headers  - << Vary: Accept-Charset, Accept-Encoding, Accept-Language, Accept
12316 [Forwarding isElementSelected on session 79884c66-605f-4a8c-9556-5013692f6c33 to remote] DEBUG org.apache.http.headers  - << Accept-Ranges: bytes
12316 [Forwarding isElementSelected on session 79884c66-605f-4a8c-9556-5013692f6c33 to remote] DEBUG org.apache.http.headers  - << Connection: close
12316 [Forwarding isElementSelected on session 79884c66-605f-4a8c-9556-5013692f6c33 to remote] DEBUG org.apache.http.wire  - << "{"sessionId":"79884c66-605f-4a8c-9556-5013692f6c33","status":0,"value":false}[\n]"
12316 [Forwarding isElementSelected on session 79884c66-605f-4a8c-9556-5013692f6c33 to remote] DEBUG org.apache.http.impl.conn.DefaultClientConnection  - Connection 0.0.0.0:4052<->127.0.0.1:38029 shut down
12316 [Forwarding isElementSelected on session 79884c66-605f-4a8c-9556-5013692f6c33 to remote] DEBUG org.apache.http.impl.conn.tsccm.ThreadSafeClientConnManager  - Released connection is not reusable.
12316 [Forwarding isElementSelected on session 79884c66-605f-4a8c-9556-5013692f6c33 to remote] DEBUG org.apache.http.impl.conn.tsccm.ConnPoolByRoute  - Releasing connection [{}->http://localhost:38029][null]
12316 [Forwarding isElementSelected on session 79884c66-605f-4a8c-9556-5013692f6c33 to remote] DEBUG org.apache.http.impl.conn.DefaultClientConnection  - Connection 0.0.0.0:4052<->127.0.0.1:38029 closed
12316 [Forwarding isElementSelected on session 79884c66-605f-4a8c-9556-5013692f6c33 to remote] DEBUG org.apache.http.impl.conn.tsccm.ConnPoolByRoute  - Notifying no-one, there are no waiting threads
12316 [Forwarding clickElement on session 79884c66-605f-4a8c-9556-5013692f6c33 to remote] DEBUG org.apache.http.impl.conn.tsccm.ThreadSafeClientConnManager  - Get connection: {}->http://localhost:38029, timeout = 120000
12316 [Forwarding clickElement on session 79884c66-605f-4a8c-9556-5013692f6c33 to remote] DEBUG org.apache.http.impl.conn.tsccm.ConnPoolByRoute  - [{}->http://localhost:38029] total kept alive: 0, total issued: 0, total allocated: 0 out of 2000
12316 [Forwarding clickElement on session 79884c66-605f-4a8c-9556-5013692f6c33 to remote] DEBUG org.apache.http.impl.conn.tsccm.ConnPoolByRoute  - No free connections [{}->http://localhost:38029][null]
12316 [Forwarding clickElement on session 79884c66-605f-4a8c-9556-5013692f6c33 to remote] DEBUG org.apache.http.impl.conn.tsccm.ConnPoolByRoute  - Available capacity: 2000 out of 2000 [{}->http://localhost:38029][null]
12316 [Forwarding clickElement on session 79884c66-605f-4a8c-9556-5013692f6c33 to remote] DEBUG org.apache.http.impl.conn.tsccm.ConnPoolByRoute  - Creating new connection [{}->http://localhost:38029]
12316 [Forwarding clickElement on session 79884c66-605f-4a8c-9556-5013692f6c33 to remote] DEBUG org.apache.http.impl.conn.DefaultClientConnectionOperator  - Connecting to localhost:38029
12316 [Forwarding clickElement on session 79884c66-605f-4a8c-9556-5013692f6c33 to remote] DEBUG org.apache.http.client.protocol.RequestAddCookies  - CookieSpec selected: best-match
12316 [Forwarding clickElement on session 79884c66-605f-4a8c-9556-5013692f6c33 to remote] DEBUG org.apache.http.client.protocol.RequestAuthCache  - Auth cache not set in the context
12316 [Forwarding clickElement on session 79884c66-605f-4a8c-9556-5013692f6c33 to remote] DEBUG org.apache.http.client.protocol.RequestTargetAuthentication  - Target auth state: UNCHALLENGED
12316 [Forwarding clickElement on session 79884c66-605f-4a8c-9556-5013692f6c33 to remote] DEBUG org.apache.http.client.protocol.RequestProxyAuthentication  - Proxy auth state: UNCHALLENGED
12316 [Forwarding clickElement on session 79884c66-605f-4a8c-9556-5013692f6c33 to remote] DEBUG org.apache.http.impl.client.DefaultHttpClient  - Attempt 1 to execute request
12316 [Forwarding clickElement on session 79884c66-605f-4a8c-9556-5013692f6c33 to remote] DEBUG org.apache.http.impl.conn.DefaultClientConnection  - Sending request: POST /session/79884c66-605f-4a8c-9556-5013692f6c33/element/9266fb35-a50b-4439-8055-32cf57df7bd7/click HTTP/1.1
12316 [Forwarding clickElement on session 79884c66-605f-4a8c-9556-5013692f6c33 to remote] DEBUG org.apache.http.wire  - >> "POST /session/79884c66-605f-4a8c-9556-5013692f6c33/element/9266fb35-a50b-4439-8055-32cf57df7bd7/click HTTP/1.1[\r][\n]"
12316 [Forwarding clickElement on session 79884c66-605f-4a8c-9556-5013692f6c33 to remote] DEBUG org.apache.http.wire  - >> "Accept: application/json, image/png[\r][\n]"
12316 [Forwarding clickElement on session 79884c66-605f-4a8c-9556-5013692f6c33 to remote] DEBUG org.apache.http.wire  - >> "Content-Type: application/json; charset=utf-8[\r][\n]"
12316 [Forwarding clickElement on session 79884c66-605f-4a8c-9556-5013692f6c33 to remote] DEBUG org.apache.http.wire  - >> "Content-Length: 45[\r][\n]"
12316 [Forwarding clickElement on session 79884c66-605f-4a8c-9556-5013692f6c33 to remote] DEBUG org.apache.http.wire  - >> "Host: localhost:38029[\r][\n]"
12316 [Forwarding clickElement on session 79884c66-605f-4a8c-9556-5013692f6c33 to remote] DEBUG org.apache.http.wire  - >> "Connection: Keep-Alive[\r][\n]"
12316 [Forwarding clickElement on session 79884c66-605f-4a8c-9556-5013692f6c33 to remote] DEBUG org.apache.http.wire  - >> "[\r][\n]"
12316 [Forwarding clickElement on session 79884c66-605f-4a8c-9556-5013692f6c33 to remote] DEBUG org.apache.http.headers  - >> POST /session/79884c66-605f-4a8c-9556-5013692f6c33/element/9266fb35-a50b-4439-8055-32cf57df7bd7/click HTTP/1.1
12316 [Forwarding clickElement on session 79884c66-605f-4a8c-9556-5013692f6c33 to remote] DEBUG org.apache.http.headers  - >> Accept: application/json, image/png
12316 [Forwarding clickElement on session 79884c66-605f-4a8c-9556-5013692f6c33 to remote] DEBUG org.apache.http.headers  - >> Content-Type: application/json; charset=utf-8
12316 [Forwarding clickElement on session 79884c66-605f-4a8c-9556-5013692f6c33 to remote] DEBUG org.apache.http.headers  - >> Content-Length: 45
12316 [Forwarding clickElement on session 79884c66-605f-4a8c-9556-5013692f6c33 to remote] DEBUG org.apache.http.headers  - >> Host: localhost:38029
12316 [Forwarding clickElement on session 79884c66-605f-4a8c-9556-5013692f6c33 to remote] DEBUG org.apache.http.headers  - >> Connection: Keep-Alive
12316 [Forwarding clickElement on session 79884c66-605f-4a8c-9556-5013692f6c33 to remote] DEBUG org.apache.http.wire  - >> "{"id":"9266fb35-a50b-4439-8055-32cf57df7bd7"}"
12457 [Forwarding clickElement on session 79884c66-605f-4a8c-9556-5013692f6c33 to remote] DEBUG org.apache.http.wire  - << "HTTP/1.1 200 OK[\r][\n]"
12457 [Forwarding clickElement on session 79884c66-605f-4a8c-9556-5013692f6c33 to remote] DEBUG org.apache.http.wire  - << "Content-Length: 77[\r][\n]"
12457 [Forwarding clickElement on session 79884c66-605f-4a8c-9556-5013692f6c33 to remote] DEBUG org.apache.http.wire  - << "Content-Type: application/json; charset=UTF-8[\r][\n]"
12457 [Forwarding clickElement on session 79884c66-605f-4a8c-9556-5013692f6c33 to remote] DEBUG org.apache.http.wire  - << "Vary: Accept-Charset, Accept-Encoding, Accept-Language, Accept[\r][\n]"
12457 [Forwarding clickElement on session 79884c66-605f-4a8c-9556-5013692f6c33 to remote] DEBUG org.apache.http.wire  - << "Accept-Ranges: bytes[\r][\n]"
12457 [Forwarding clickElement on session 79884c66-605f-4a8c-9556-5013692f6c33 to remote] DEBUG org.apache.http.wire  - << "Connection: close[\r][\n]"
12457 [Forwarding clickElement on session 79884c66-605f-4a8c-9556-5013692f6c33 to remote] DEBUG org.apache.http.wire  - << "[\r][\n]"
12457 [Forwarding clickElement on session 79884c66-605f-4a8c-9556-5013692f6c33 to remote] DEBUG org.apache.http.impl.conn.DefaultClientConnection  - Receiving response: HTTP/1.1 200 OK
12457 [Forwarding clickElement on session 79884c66-605f-4a8c-9556-5013692f6c33 to remote] DEBUG org.apache.http.headers  - << HTTP/1.1 200 OK
12457 [Forwarding clickElement on session 79884c66-605f-4a8c-9556-5013692f6c33 to remote] DEBUG org.apache.http.headers  - << Content-Length: 77
12457 [Forwarding clickElement on session 79884c66-605f-4a8c-9556-5013692f6c33 to remote] DEBUG org.apache.http.headers  - << Content-Type: application/json; charset=UTF-8
12457 [Forwarding clickElement on session 79884c66-605f-4a8c-9556-5013692f6c33 to remote] DEBUG org.apache.http.headers  - << Vary: Accept-Charset, Accept-Encoding, Accept-Language, Accept
12457 [Forwarding clickElement on session 79884c66-605f-4a8c-9556-5013692f6c33 to remote] DEBUG org.apache.http.headers  - << Accept-Ranges: bytes
12457 [Forwarding clickElement on session 79884c66-605f-4a8c-9556-5013692f6c33 to remote] DEBUG org.apache.http.headers  - << Connection: close
12457 [Forwarding clickElement on session 79884c66-605f-4a8c-9556-5013692f6c33 to remote] DEBUG org.apache.http.wire  - << "{"sessionId":"79884c66-605f-4a8c-9556-5013692f6c33","status":0,"value":null}[\n]"
12457 [Forwarding clickElement on session 79884c66-605f-4a8c-9556-5013692f6c33 to remote] DEBUG org.apache.http.impl.conn.DefaultClientConnection  - Connection 0.0.0.0:4053<->127.0.0.1:38029 shut down
12457 [Forwarding clickElement on session 79884c66-605f-4a8c-9556-5013692f6c33 to remote] DEBUG org.apache.http.impl.conn.tsccm.ThreadSafeClientConnManager  - Released connection is not reusable.
12457 [Forwarding clickElement on session 79884c66-605f-4a8c-9556-5013692f6c33 to remote] DEBUG org.apache.http.impl.conn.tsccm.ConnPoolByRoute  - Releasing connection [{}->http://localhost:38029][null]
12457 [Forwarding clickElement on session 79884c66-605f-4a8c-9556-5013692f6c33 to remote] DEBUG org.apache.http.impl.conn.DefaultClientConnection  - Connection 0.0.0.0:4053<->127.0.0.1:38029 closed
12457 [Forwarding clickElement on session 79884c66-605f-4a8c-9556-5013692f6c33 to remote] DEBUG org.apache.http.impl.conn.tsccm.ConnPoolByRoute  - Notifying no-one, there are no waiting threads
12457 [Forwarding findElement on session 79884c66-605f-4a8c-9556-5013692f6c33 to remote] DEBUG org.apache.http.impl.conn.tsccm.ThreadSafeClientConnManager  - Get connection: {}->http://localhost:38029, timeout = 120000
12457 [Forwarding findElement on session 79884c66-605f-4a8c-9556-5013692f6c33 to remote] DEBUG org.apache.http.impl.conn.tsccm.ConnPoolByRoute  - [{}->http://localhost:38029] total kept alive: 0, total issued: 0, total allocated: 0 out of 2000
12457 [Forwarding findElement on session 79884c66-605f-4a8c-9556-5013692f6c33 to remote] DEBUG org.apache.http.impl.conn.tsccm.ConnPoolByRoute  - No free connections [{}->http://localhost:38029][null]
12457 [Forwarding findElement on session 79884c66-605f-4a8c-9556-5013692f6c33 to remote] DEBUG org.apache.http.impl.conn.tsccm.ConnPoolByRoute  - Available capacity: 2000 out of 2000 [{}->http://localhost:38029][null]
12457 [Forwarding findElement on session 79884c66-605f-4a8c-9556-5013692f6c33 to remote] DEBUG org.apache.http.impl.conn.tsccm.ConnPoolByRoute  - Creating new connection [{}->http://localhost:38029]
12457 [Forwarding findElement on session 79884c66-605f-4a8c-9556-5013692f6c33 to remote] DEBUG org.apache.http.impl.conn.DefaultClientConnectionOperator  - Connecting to localhost:38029
12457 [Forwarding findElement on session 79884c66-605f-4a8c-9556-5013692f6c33 to remote] DEBUG org.apache.http.client.protocol.RequestAddCookies  - CookieSpec selected: best-match
12457 [Forwarding findElement on session 79884c66-605f-4a8c-9556-5013692f6c33 to remote] DEBUG org.apache.http.client.protocol.RequestAuthCache  - Auth cache not set in the context
12457 [Forwarding findElement on session 79884c66-605f-4a8c-9556-5013692f6c33 to remote] DEBUG org.apache.http.client.protocol.RequestTargetAuthentication  - Target auth state: UNCHALLENGED
12457 [Forwarding findElement on session 79884c66-605f-4a8c-9556-5013692f6c33 to remote] DEBUG org.apache.http.client.protocol.RequestProxyAuthentication  - Proxy auth state: UNCHALLENGED
12457 [Forwarding findElement on session 79884c66-605f-4a8c-9556-5013692f6c33 to remote] DEBUG org.apache.http.impl.client.DefaultHttpClient  - Attempt 1 to execute request
12457 [Forwarding findElement on session 79884c66-605f-4a8c-9556-5013692f6c33 to remote] DEBUG org.apache.http.impl.conn.DefaultClientConnection  - Sending request: POST /session/79884c66-605f-4a8c-9556-5013692f6c33/element HTTP/1.1
12457 [Forwarding findElement on session 79884c66-605f-4a8c-9556-5013692f6c33 to remote] DEBUG org.apache.http.wire  - >> "POST /session/79884c66-605f-4a8c-9556-5013692f6c33/element HTTP/1.1[\r][\n]"
12457 [Forwarding findElement on session 79884c66-605f-4a8c-9556-5013692f6c33 to remote] DEBUG org.apache.http.wire  - >> "Accept: application/json, image/png[\r][\n]"
12457 [Forwarding findElement on session 79884c66-605f-4a8c-9556-5013692f6c33 to remote] DEBUG org.apache.http.wire  - >> "Content-Type: application/json; charset=utf-8[\r][\n]"
12457 [Forwarding findElement on session 79884c66-605f-4a8c-9556-5013692f6c33 to remote] DEBUG org.apache.http.wire  - >> "Content-Length: 35[\r][\n]"
12457 [Forwarding findElement on session 79884c66-605f-4a8c-9556-5013692f6c33 to remote] DEBUG org.apache.http.wire  - >> "Host: localhost:38029[\r][\n]"
12457 [Forwarding findElement on session 79884c66-605f-4a8c-9556-5013692f6c33 to remote] DEBUG org.apache.http.wire  - >> "Connection: Keep-Alive[\r][\n]"
12457 [Forwarding findElement on session 79884c66-605f-4a8c-9556-5013692f6c33 to remote] DEBUG org.apache.http.wire  - >> "[\r][\n]"
12457 [Forwarding findElement on session 79884c66-605f-4a8c-9556-5013692f6c33 to remote] DEBUG org.apache.http.headers  - >> POST /session/79884c66-605f-4a8c-9556-5013692f6c33/element HTTP/1.1
12457 [Forwarding findElement on session 79884c66-605f-4a8c-9556-5013692f6c33 to remote] DEBUG org.apache.http.headers  - >> Accept: application/json, image/png
12457 [Forwarding findElement on session 79884c66-605f-4a8c-9556-5013692f6c33 to remote] DEBUG org.apache.http.headers  - >> Content-Type: application/json; charset=utf-8
12457 [Forwarding findElement on session 79884c66-605f-4a8c-9556-5013692f6c33 to remote] DEBUG org.apache.http.headers  - >> Content-Length: 35
12457 [Forwarding findElement on session 79884c66-605f-4a8c-9556-5013692f6c33 to remote] DEBUG org.apache.http.headers  - >> Host: localhost:38029
12457 [Forwarding findElement on session 79884c66-605f-4a8c-9556-5013692f6c33 to remote] DEBUG org.apache.http.headers  - >> Connection: Keep-Alive
12457 [Forwarding findElement on session 79884c66-605f-4a8c-9556-5013692f6c33 to remote] DEBUG org.apache.http.wire  - >> "{"using":"name","value":"userNTID"}"
12582 [Forwarding findElement on session 79884c66-605f-4a8c-9556-5013692f6c33 to remote] DEBUG org.apache.http.wire  - << "HTTP/1.1 200 OK[\r][\n]"
12582 [Forwarding findElement on session 79884c66-605f-4a8c-9556-5013692f6c33 to remote] DEBUG org.apache.http.wire  - << "Content-Length: 123[\r][\n]"
12582 [Forwarding findElement on session 79884c66-605f-4a8c-9556-5013692f6c33 to remote] DEBUG org.apache.http.wire  - << "Content-Type: application/json; charset=UTF-8[\r][\n]"
12582 [Forwarding findElement on session 79884c66-605f-4a8c-9556-5013692f6c33 to remote] DEBUG org.apache.http.wire  - << "Vary: Accept-Charset, Accept-Encoding, Accept-Language, Accept[\r][\n]"
12582 [Forwarding findElement on session 79884c66-605f-4a8c-9556-5013692f6c33 to remote] DEBUG org.apache.http.wire  - << "Accept-Ranges: bytes[\r][\n]"
12582 [Forwarding findElement on session 79884c66-605f-4a8c-9556-5013692f6c33 to remote] DEBUG org.apache.http.wire  - << "Connection: close[\r][\n]"
12582 [Forwarding findElement on session 79884c66-605f-4a8c-9556-5013692f6c33 to remote] DEBUG org.apache.http.wire  - << "[\r][\n]"
12582 [Forwarding findElement on session 79884c66-605f-4a8c-9556-5013692f6c33 to remote] DEBUG org.apache.http.impl.conn.DefaultClientConnection  - Receiving response: HTTP/1.1 200 OK
12582 [Forwarding findElement on session 79884c66-605f-4a8c-9556-5013692f6c33 to remote] DEBUG org.apache.http.headers  - << HTTP/1.1 200 OK
12582 [Forwarding findElement on session 79884c66-605f-4a8c-9556-5013692f6c33 to remote] DEBUG org.apache.http.headers  - << Content-Length: 123
12582 [Forwarding findElement on session 79884c66-605f-4a8c-9556-5013692f6c33 to remote] DEBUG org.apache.http.headers  - << Content-Type: application/json; charset=UTF-8
12582 [Forwarding findElement on session 79884c66-605f-4a8c-9556-5013692f6c33 to remote] DEBUG org.apache.http.headers  - << Vary: Accept-Charset, Accept-Encoding, Accept-Language, Accept
12582 [Forwarding findElement on session 79884c66-605f-4a8c-9556-5013692f6c33 to remote] DEBUG org.apache.http.headers  - << Accept-Ranges: bytes
12582 [Forwarding findElement on session 79884c66-605f-4a8c-9556-5013692f6c33 to remote] DEBUG org.apache.http.headers  - << Connection: close
12582 [Forwarding findElement on session 79884c66-605f-4a8c-9556-5013692f6c33 to remote] DEBUG org.apache.http.wire  - << "{"sessionId":"79884c66-605f-4a8c-9556-5013692f6c33","status":0,"value":{"ELEMENT":"21d342e2-99d7-4b13-8bac-eeb34a23d7d7"}}[\n]"
12582 [Forwarding findElement on session 79884c66-605f-4a8c-9556-5013692f6c33 to remote] DEBUG org.apache.http.impl.conn.DefaultClientConnection  - Connection 0.0.0.0:4054<->127.0.0.1:38029 shut down
12582 [Forwarding findElement on session 79884c66-605f-4a8c-9556-5013692f6c33 to remote] DEBUG org.apache.http.impl.conn.tsccm.ThreadSafeClientConnManager  - Released connection is not reusable.
12582 [Forwarding findElement on session 79884c66-605f-4a8c-9556-5013692f6c33 to remote] DEBUG org.apache.http.impl.conn.tsccm.ConnPoolByRoute  - Releasing connection [{}->http://localhost:38029][null]
12582 [Forwarding findElement on session 79884c66-605f-4a8c-9556-5013692f6c33 to remote] DEBUG org.apache.http.impl.conn.DefaultClientConnection  - Connection 0.0.0.0:4054<->127.0.0.1:38029 closed
12582 [Forwarding findElement on session 79884c66-605f-4a8c-9556-5013692f6c33 to remote] DEBUG org.apache.http.impl.conn.tsccm.ConnPoolByRoute  - Notifying no-one, there are no waiting threads
13581 [Forwarding getElementTagName on session 79884c66-605f-4a8c-9556-5013692f6c33 to remote] DEBUG org.apache.http.impl.conn.tsccm.ThreadSafeClientConnManager  - Get connection: {}->http://localhost:38029, timeout = 120000
13581 [Forwarding getElementTagName on session 79884c66-605f-4a8c-9556-5013692f6c33 to remote] DEBUG org.apache.http.impl.conn.tsccm.ConnPoolByRoute  - [{}->http://localhost:38029] total kept alive: 0, total issued: 0, total allocated: 0 out of 2000
13581 [Forwarding getElementTagName on session 79884c66-605f-4a8c-9556-5013692f6c33 to remote] DEBUG org.apache.http.impl.conn.tsccm.ConnPoolByRoute  - No free connections [{}->http://localhost:38029][null]
13581 [Forwarding getElementTagName on session 79884c66-605f-4a8c-9556-5013692f6c33 to remote] DEBUG org.apache.http.impl.conn.tsccm.ConnPoolByRoute  - Available capacity: 2000 out of 2000 [{}->http://localhost:38029][null]
13581 [Forwarding getElementTagName on session 79884c66-605f-4a8c-9556-5013692f6c33 to remote] DEBUG org.apache.http.impl.conn.tsccm.ConnPoolByRoute  - Creating new connection [{}->http://localhost:38029]
13581 [Forwarding getElementTagName on session 79884c66-605f-4a8c-9556-5013692f6c33 to remote] DEBUG org.apache.http.impl.conn.DefaultClientConnectionOperator  - Connecting to localhost:38029
13581 [Forwarding getElementTagName on session 79884c66-605f-4a8c-9556-5013692f6c33 to remote] DEBUG org.apache.http.client.protocol.RequestAddCookies  - CookieSpec selected: best-match
13581 [Forwarding getElementTagName on session 79884c66-605f-4a8c-9556-5013692f6c33 to remote] DEBUG org.apache.http.client.protocol.RequestAuthCache  - Auth cache not set in the context
13581 [Forwarding getElementTagName on session 79884c66-605f-4a8c-9556-5013692f6c33 to remote] DEBUG org.apache.http.client.protocol.RequestTargetAuthentication  - Target auth state: UNCHALLENGED
13581 [Forwarding getElementTagName on session 79884c66-605f-4a8c-9556-5013692f6c33 to remote] DEBUG org.apache.http.client.protocol.RequestProxyAuthentication  - Proxy auth state: UNCHALLENGED
13581 [Forwarding getElementTagName on session 79884c66-605f-4a8c-9556-5013692f6c33 to remote] DEBUG org.apache.http.impl.client.DefaultHttpClient  - Attempt 1 to execute request
13581 [Forwarding getElementTagName on session 79884c66-605f-4a8c-9556-5013692f6c33 to remote] DEBUG org.apache.http.impl.conn.DefaultClientConnection  - Sending request: GET /session/79884c66-605f-4a8c-9556-5013692f6c33/element/21d342e2-99d7-4b13-8bac-eeb34a23d7d7/name HTTP/1.1
13581 [Forwarding getElementTagName on session 79884c66-605f-4a8c-9556-5013692f6c33 to remote] DEBUG org.apache.http.wire  - >> "GET /session/79884c66-605f-4a8c-9556-5013692f6c33/element/21d342e2-99d7-4b13-8bac-eeb34a23d7d7/name HTTP/1.1[\r][\n]"
13581 [Forwarding getElementTagName on session 79884c66-605f-4a8c-9556-5013692f6c33 to remote] DEBUG org.apache.http.wire  - >> "Accept: application/json, image/png[\r][\n]"
13581 [Forwarding getElementTagName on session 79884c66-605f-4a8c-9556-5013692f6c33 to remote] DEBUG org.apache.http.wire  - >> "Cache-Control: no-cache[\r][\n]"
13581 [Forwarding getElementTagName on session 79884c66-605f-4a8c-9556-5013692f6c33 to remote] DEBUG org.apache.http.wire  - >> "Host: localhost:38029[\r][\n]"
13581 [Forwarding getElementTagName on session 79884c66-605f-4a8c-9556-5013692f6c33 to remote] DEBUG org.apache.http.wire  - >> "Connection: Keep-Alive[\r][\n]"
13581 [Forwarding getElementTagName on session 79884c66-605f-4a8c-9556-5013692f6c33 to remote] DEBUG org.apache.http.wire  - >> "[\r][\n]"
13581 [Forwarding getElementTagName on session 79884c66-605f-4a8c-9556-5013692f6c33 to remote] DEBUG org.apache.http.headers  - >> GET /session/79884c66-605f-4a8c-9556-5013692f6c33/element/21d342e2-99d7-4b13-8bac-eeb34a23d7d7/name HTTP/1.1
13581 [Forwarding getElementTagName on session 79884c66-605f-4a8c-9556-5013692f6c33 to remote] DEBUG org.apache.http.headers  - >> Accept: application/json, image/png
13581 [Forwarding getElementTagName on session 79884c66-605f-4a8c-9556-5013692f6c33 to remote] DEBUG org.apache.http.headers  - >> Cache-Control: no-cache
13581 [Forwarding getElementTagName on session 79884c66-605f-4a8c-9556-5013692f6c33 to remote] DEBUG org.apache.http.headers  - >> Host: localhost:38029
13581 [Forwarding getElementTagName on session 79884c66-605f-4a8c-9556-5013692f6c33 to remote] DEBUG org.apache.http.headers  - >> Connection: Keep-Alive
13596 [Forwarding getElementTagName on session 79884c66-605f-4a8c-9556-5013692f6c33 to remote] DEBUG org.apache.http.wire  - << "HTTP/1.1 500 Internal Server Error[\r][\n]"
13596 [Forwarding getElementTagName on session 79884c66-605f-4a8c-9556-5013692f6c33 to remote] DEBUG org.apache.http.wire  - << "Content-Length: 114[\r][\n]"
13596 [Forwarding getElementTagName on session 79884c66-605f-4a8c-9556-5013692f6c33 to remote] DEBUG org.apache.http.wire  - << "Content-Type: application/json; charset=UTF-8[\r][\n]"
13596 [Forwarding getElementTagName on session 79884c66-605f-4a8c-9556-5013692f6c33 to remote] DEBUG org.apache.http.wire  - << "Vary: Accept-Charset, Accept-Encoding, Accept-Language, Accept[\r][\n]"
13596 [Forwarding getElementTagName on session 79884c66-605f-4a8c-9556-5013692f6c33 to remote] DEBUG org.apache.http.wire  - << "Accept-Ranges: bytes[\r][\n]"
13596 [Forwarding getElementTagName on session 79884c66-605f-4a8c-9556-5013692f6c33 to remote] DEBUG org.apache.http.wire  - << "Connection: close[\r][\n]"
13596 [Forwarding getElementTagName on session 79884c66-605f-4a8c-9556-5013692f6c33 to remote] DEBUG org.apache.http.wire  - << "[\r][\n]"
13596 [Forwarding getElementTagName on session 79884c66-605f-4a8c-9556-5013692f6c33 to remote] DEBUG org.apache.http.impl.conn.DefaultClientConnection  - Receiving response: HTTP/1.1 500 Internal Server Error
13596 [Forwarding getElementTagName on session 79884c66-605f-4a8c-9556-5013692f6c33 to remote] DEBUG org.apache.http.headers  - << HTTP/1.1 500 Internal Server Error
13596 [Forwarding getElementTagName on session 79884c66-605f-4a8c-9556-5013692f6c33 to remote] DEBUG org.apache.http.headers  - << Content-Length: 114
13596 [Forwarding getElementTagName on session 79884c66-605f-4a8c-9556-5013692f6c33 to remote] DEBUG org.apache.http.headers  - << Content-Type: application/json; charset=UTF-8
13596 [Forwarding getElementTagName on session 79884c66-605f-4a8c-9556-5013692f6c33 to remote] DEBUG org.apache.http.headers  - << Vary: Accept-Charset, Accept-Encoding, Accept-Language, Accept
13596 [Forwarding getElementTagName on session 79884c66-605f-4a8c-9556-5013692f6c33 to remote] DEBUG org.apache.http.headers  - << Accept-Ranges: bytes
13596 [Forwarding getElementTagName on session 79884c66-605f-4a8c-9556-5013692f6c33 to remote] DEBUG org.apache.http.headers  - << Connection: close
13596 [Forwarding getElementTagName on session 79884c66-605f-4a8c-9556-5013692f6c33 to remote] DEBUG org.apache.http.wire  - << "{"sessionId":"79884c66-605f-4a8c-9556-5013692f6c33","status":10,"value":{"message":"Element is no longer valid"}}[\n]"
13596 [Forwarding getElementTagName on session 79884c66-605f-4a8c-9556-5013692f6c33 to remote] DEBUG org.apache.http.impl.conn.DefaultClientConnection  - Connection 0.0.0.0:4055<->127.0.0.1:38029 shut down
13596 [Forwarding getElementTagName on session 79884c66-605f-4a8c-9556-5013692f6c33 to remote] DEBUG org.apache.http.impl.conn.tsccm.ThreadSafeClientConnManager  - Released connection is not reusable.
13596 [Forwarding getElementTagName on session 79884c66-605f-4a8c-9556-5013692f6c33 to remote] DEBUG org.apache.http.impl.conn.tsccm.ConnPoolByRoute  - Releasing connection [{}->http://localhost:38029][null]
13596 [Forwarding getElementTagName on session 79884c66-605f-4a8c-9556-5013692f6c33 to remote] DEBUG org.apache.http.impl.conn.DefaultClientConnection  - Connection 0.0.0.0:4055<->127.0.0.1:38029 closed
13596 [Forwarding getElementTagName on session 79884c66-605f-4a8c-9556-5013692f6c33 to remote] DEBUG org.apache.http.impl.conn.tsccm.ConnPoolByRoute  - Notifying no-one, there are no waiting threads
13596 [Forwarding findElement on session 79884c66-605f-4a8c-9556-5013692f6c33 to remote] DEBUG org.apache.http.impl.conn.tsccm.ThreadSafeClientConnManager  - Get connection: {}->http://localhost:38029, timeout = 120000
13596 [Forwarding findElement on session 79884c66-605f-4a8c-9556-5013692f6c33 to remote] DEBUG org.apache.http.impl.conn.tsccm.ConnPoolByRoute  - [{}->http://localhost:38029] total kept alive: 0, total issued: 0, total allocated: 0 out of 2000
13596 [Forwarding findElement on session 79884c66-605f-4a8c-9556-5013692f6c33 to remote] DEBUG org.apache.http.impl.conn.tsccm.ConnPoolByRoute  - No free connections [{}->http://localhost:38029][null]
13596 [Forwarding findElement on session 79884c66-605f-4a8c-9556-5013692f6c33 to remote] DEBUG org.apache.http.impl.conn.tsccm.ConnPoolByRoute  - Available capacity: 2000 out of 2000 [{}->http://localhost:38029][null]
13596 [Forwarding findElement on session 79884c66-605f-4a8c-9556-5013692f6c33 to remote] DEBUG org.apache.http.impl.conn.tsccm.ConnPoolByRoute  - Creating new connection [{}->http://localhost:38029]
13596 [Forwarding findElement on session 79884c66-605f-4a8c-9556-5013692f6c33 to remote] DEBUG org.apache.http.impl.conn.DefaultClientConnectionOperator  - Connecting to localhost:38029
13596 [Forwarding findElement on session 79884c66-605f-4a8c-9556-5013692f6c33 to remote] DEBUG org.apache.http.client.protocol.RequestAddCookies  - CookieSpec selected: best-match
13596 [Forwarding findElement on session 79884c66-605f-4a8c-9556-5013692f6c33 to remote] DEBUG org.apache.http.client.protocol.RequestAuthCache  - Auth cache not set in the context
13596 [Forwarding findElement on session 79884c66-605f-4a8c-9556-5013692f6c33 to remote] DEBUG org.apache.http.client.protocol.RequestTargetAuthentication  - Target auth state: UNCHALLENGED
13596 [Forwarding findElement on session 79884c66-605f-4a8c-9556-5013692f6c33 to remote] DEBUG org.apache.http.client.protocol.RequestProxyAuthentication  - Proxy auth state: UNCHALLENGED
13596 [Forwarding findElement on session 79884c66-605f-4a8c-9556-5013692f6c33 to remote] DEBUG org.apache.http.impl.client.DefaultHttpClient  - Attempt 1 to execute request
13596 [Forwarding findElement on session 79884c66-605f-4a8c-9556-5013692f6c33 to remote] DEBUG org.apache.http.impl.conn.DefaultClientConnection  - Sending request: POST /session/79884c66-605f-4a8c-9556-5013692f6c33/element HTTP/1.1
13596 [Forwarding findElement on session 79884c66-605f-4a8c-9556-5013692f6c33 to remote] DEBUG org.apache.http.wire  - >> "POST /session/79884c66-605f-4a8c-9556-5013692f6c33/element HTTP/1.1[\r][\n]"
13596 [Forwarding findElement on session 79884c66-605f-4a8c-9556-5013692f6c33 to remote] DEBUG org.apache.http.wire  - >> "Accept: application/json, image/png[\r][\n]"
13596 [Forwarding findElement on session 79884c66-605f-4a8c-9556-5013692f6c33 to remote] DEBUG org.apache.http.wire  - >> "Content-Type: application/json; charset=utf-8[\r][\n]"
13596 [Forwarding findElement on session 79884c66-605f-4a8c-9556-5013692f6c33 to remote] DEBUG org.apache.http.wire  - >> "Content-Length: 35[\r][\n]"
13596 [Forwarding findElement on session 79884c66-605f-4a8c-9556-5013692f6c33 to remote] DEBUG org.apache.http.wire  - >> "Host: localhost:38029[\r][\n]"
13596 [Forwarding findElement on session 79884c66-605f-4a8c-9556-5013692f6c33 to remote] DEBUG org.apache.http.wire  - >> "Connection: Keep-Alive[\r][\n]"
13596 [Forwarding findElement on session 79884c66-605f-4a8c-9556-5013692f6c33 to remote] DEBUG org.apache.http.wire  - >> "[\r][\n]"
13596 [Forwarding findElement on session 79884c66-605f-4a8c-9556-5013692f6c33 to remote] DEBUG org.apache.http.headers  - >> POST /session/79884c66-605f-4a8c-9556-5013692f6c33/element HTTP/1.1
13596 [Forwarding findElement on session 79884c66-605f-4a8c-9556-5013692f6c33 to remote] DEBUG org.apache.http.headers  - >> Accept: application/json, image/png
13596 [Forwarding findElement on session 79884c66-605f-4a8c-9556-5013692f6c33 to remote] DEBUG org.apache.http.headers  - >> Content-Type: application/json; charset=utf-8
13596 [Forwarding findElement on session 79884c66-605f-4a8c-9556-5013692f6c33 to remote] DEBUG org.apache.http.headers  - >> Content-Length: 35
13596 [Forwarding findElement on session 79884c66-605f-4a8c-9556-5013692f6c33 to remote] DEBUG org.apache.http.headers  - >> Host: localhost:38029
13596 [Forwarding findElement on session 79884c66-605f-4a8c-9556-5013692f6c33 to remote] DEBUG org.apache.http.headers  - >> Connection: Keep-Alive
13596 [Forwarding findElement on session 79884c66-605f-4a8c-9556-5013692f6c33 to remote] DEBUG org.apache.http.wire  - >> "{"using":"name","value":"userNTID"}"
13659 [Forwarding findElement on session 79884c66-605f-4a8c-9556-5013692f6c33 to remote] DEBUG org.apache.http.wire  - << "HTTP/1.1 200 OK[\r][\n]"
13659 [Forwarding findElement on session 79884c66-605f-4a8c-9556-5013692f6c33 to remote] DEBUG org.apache.http.wire  - << "Content-Length: 123[\r][\n]"
13659 [Forwarding findElement on session 79884c66-605f-4a8c-9556-5013692f6c33 to remote] DEBUG org.apache.http.wire  - << "Content-Type: application/json; charset=UTF-8[\r][\n]"
13659 [Forwarding findElement on session 79884c66-605f-4a8c-9556-5013692f6c33 to remote] DEBUG org.apache.http.wire  - << "Vary: Accept-Charset, Accept-Encoding, Accept-Language, Accept[\r][\n]"
13659 [Forwarding findElement on session 79884c66-605f-4a8c-9556-5013692f6c33 to remote] DEBUG org.apache.http.wire  - << "Accept-Ranges: bytes[\r][\n]"
13659 [Forwarding findElement on session 79884c66-605f-4a8c-9556-5013692f6c33 to remote] DEBUG org.apache.http.wire  - << "Connection: close[\r][\n]"
13659 [Forwarding findElement on session 79884c66-605f-4a8c-9556-5013692f6c33 to remote] DEBUG org.apache.http.wire  - << "[\r][\n]"
13659 [Forwarding findElement on session 79884c66-605f-4a8c-9556-5013692f6c33 to remote] DEBUG org.apache.http.impl.conn.DefaultClientConnection  - Receiving response: HTTP/1.1 200 OK
13659 [Forwarding findElement on session 79884c66-605f-4a8c-9556-5013692f6c33 to remote] DEBUG org.apache.http.headers  - << HTTP/1.1 200 OK
13659 [Forwarding findElement on session 79884c66-605f-4a8c-9556-5013692f6c33 to remote] DEBUG org.apache.http.headers  - << Content-Length: 123
13659 [Forwarding findElement on session 79884c66-605f-4a8c-9556-5013692f6c33 to remote] DEBUG org.apache.http.headers  - << Content-Type: application/json; charset=UTF-8
13659 [Forwarding findElement on session 79884c66-605f-4a8c-9556-5013692f6c33 to remote] DEBUG org.apache.http.headers  - << Vary: Accept-Charset, Accept-Encoding, Accept-Language, Accept
13659 [Forwarding findElement on session 79884c66-605f-4a8c-9556-5013692f6c33 to remote] DEBUG org.apache.http.headers  - << Accept-Ranges: bytes
13659 [Forwarding findElement on session 79884c66-605f-4a8c-9556-5013692f6c33 to remote] DEBUG org.apache.http.headers  - << Connection: close
13659 [Forwarding findElement on session 79884c66-605f-4a8c-9556-5013692f6c33 to remote] DEBUG org.apache.http.wire  - << "{"sessionId":"79884c66-605f-4a8c-9556-5013692f6c33","status":0,"value":{"ELEMENT":"f6c6d0f2-2147-4108-ac52-dbd5c310c3fa"}}[\n]"
13659 [Forwarding findElement on session 79884c66-605f-4a8c-9556-5013692f6c33 to remote] DEBUG org.apache.http.impl.conn.DefaultClientConnection  - Connection 0.0.0.0:4056<->127.0.0.1:38029 shut down
13659 [Forwarding findElement on session 79884c66-605f-4a8c-9556-5013692f6c33 to remote] DEBUG org.apache.http.impl.conn.tsccm.ThreadSafeClientConnManager  - Released connection is not reusable.
13659 [Forwarding findElement on session 79884c66-605f-4a8c-9556-5013692f6c33 to remote] DEBUG org.apache.http.impl.conn.tsccm.ConnPoolByRoute  - Releasing connection [{}->http://localhost:38029][null]
13659 [Forwarding findElement on session 79884c66-605f-4a8c-9556-5013692f6c33 to remote] DEBUG org.apache.http.impl.conn.DefaultClientConnection  - Connection 0.0.0.0:4056<->127.0.0.1:38029 closed
13659 [Forwarding findElement on session 79884c66-605f-4a8c-9556-5013692f6c33 to remote] DEBUG org.apache.http.impl.conn.tsccm.ConnPoolByRoute  - Notifying no-one, there are no waiting threads
14658 [Forwarding getElementTagName on session 79884c66-605f-4a8c-9556-5013692f6c33 to remote] DEBUG org.apache.http.impl.conn.tsccm.ThreadSafeClientConnManager  - Get connection: {}->http://localhost:38029, timeout = 120000
14658 [Forwarding getElementTagName on session 79884c66-605f-4a8c-9556-5013692f6c33 to remote] DEBUG org.apache.http.impl.conn.tsccm.ConnPoolByRoute  - [{}->http://localhost:38029] total kept alive: 0, total issued: 0, total allocated: 0 out of 2000
14658 [Forwarding getElementTagName on session 79884c66-605f-4a8c-9556-5013692f6c33 to remote] DEBUG org.apache.http.impl.conn.tsccm.ConnPoolByRoute  - No free connections [{}->http://localhost:38029][null]
14658 [Forwarding getElementTagName on session 79884c66-605f-4a8c-9556-5013692f6c33 to remote] DEBUG org.apache.http.impl.conn.tsccm.ConnPoolByRoute  - Available capacity: 2000 out of 2000 [{}->http://localhost:38029][null]
14658 [Forwarding getElementTagName on session 79884c66-605f-4a8c-9556-5013692f6c33 to remote] DEBUG org.apache.http.impl.conn.tsccm.ConnPoolByRoute  - Creating new connection [{}->http://localhost:38029]
14658 [Forwarding getElementTagName on session 79884c66-605f-4a8c-9556-5013692f6c33 to remote] DEBUG org.apache.http.impl.conn.DefaultClientConnectionOperator  - Connecting to localhost:38029
14658 [Forwarding getElementTagName on session 79884c66-605f-4a8c-9556-5013692f6c33 to remote] DEBUG org.apache.http.client.protocol.RequestAddCookies  - CookieSpec selected: best-match
14658 [Forwarding getElementTagName on session 79884c66-605f-4a8c-9556-5013692f6c33 to remote] DEBUG org.apache.http.client.protocol.RequestAuthCache  - Auth cache not set in the context
14658 [Forwarding getElementTagName on session 79884c66-605f-4a8c-9556-5013692f6c33 to remote] DEBUG org.apache.http.client.protocol.RequestTargetAuthentication  - Target auth state: UNCHALLENGED
14658 [Forwarding getElementTagName on session 79884c66-605f-4a8c-9556-5013692f6c33 to remote] DEBUG org.apache.http.client.protocol.RequestProxyAuthentication  - Proxy auth state: UNCHALLENGED
14658 [Forwarding getElementTagName on session 79884c66-605f-4a8c-9556-5013692f6c33 to remote] DEBUG org.apache.http.impl.client.DefaultHttpClient  - Attempt 1 to execute request
14658 [Forwarding getElementTagName on session 79884c66-605f-4a8c-9556-5013692f6c33 to remote] DEBUG org.apache.http.impl.conn.DefaultClientConnection  - Sending request: GET /session/79884c66-605f-4a8c-9556-5013692f6c33/element/f6c6d0f2-2147-4108-ac52-dbd5c310c3fa/name HTTP/1.1
14658 [Forwarding getElementTagName on session 79884c66-605f-4a8c-9556-5013692f6c33 to remote] DEBUG org.apache.http.wire  - >> "GET /session/79884c66-605f-4a8c-9556-5013692f6c33/element/f6c6d0f2-2147-4108-ac52-dbd5c310c3fa/name HTTP/1.1[\r][\n]"
14658 [Forwarding getElementTagName on session 79884c66-605f-4a8c-9556-5013692f6c33 to remote] DEBUG org.apache.http.wire  - >> "Accept: application/json, image/png[\r][\n]"
14658 [Forwarding getElementTagName on session 79884c66-605f-4a8c-9556-5013692f6c33 to remote] DEBUG org.apache.http.wire  - >> "Cache-Control: no-cache[\r][\n]"
14658 [Forwarding getElementTagName on session 79884c66-605f-4a8c-9556-5013692f6c33 to remote] DEBUG org.apache.http.wire  - >> "Host: localhost:38029[\r][\n]"
14658 [Forwarding getElementTagName on session 79884c66-605f-4a8c-9556-5013692f6c33 to remote] DEBUG org.apache.http.wire  - >> "Connection: Keep-Alive[\r][\n]"
14658 [Forwarding getElementTagName on session 79884c66-605f-4a8c-9556-5013692f6c33 to remote] DEBUG org.apache.http.wire  - >> "[\r][\n]"
14658 [Forwarding getElementTagName on session 79884c66-605f-4a8c-9556-5013692f6c33 to remote] DEBUG org.apache.http.headers  - >> GET /session/79884c66-605f-4a8c-9556-5013692f6c33/element/f6c6d0f2-2147-4108-ac52-dbd5c310c3fa/name HTTP/1.1
14658 [Forwarding getElementTagName on session 79884c66-605f-4a8c-9556-5013692f6c33 to remote] DEBUG org.apache.http.headers  - >> Accept: application/json, image/png
14658 [Forwarding getElementTagName on session 79884c66-605f-4a8c-9556-5013692f6c33 to remote] DEBUG org.apache.http.headers  - >> Cache-Control: no-cache
14658 [Forwarding getElementTagName on session 79884c66-605f-4a8c-9556-5013692f6c33 to remote] DEBUG org.apache.http.headers  - >> Host: localhost:38029
14658 [Forwarding getElementTagName on session 79884c66-605f-4a8c-9556-5013692f6c33 to remote] DEBUG org.apache.http.headers  - >> Connection: Keep-Alive
14705 [Forwarding getElementTagName on session 79884c66-605f-4a8c-9556-5013692f6c33 to remote] DEBUG org.apache.http.wire  - << "HTTP/1.1 200 OK[\r][\n]"
14705 [Forwarding getElementTagName on session 79884c66-605f-4a8c-9556-5013692f6c33 to remote] DEBUG org.apache.http.wire  - << "Content-Length: 81[\r][\n]"
14705 [Forwarding getElementTagName on session 79884c66-605f-4a8c-9556-5013692f6c33 to remote] DEBUG org.apache.http.wire  - << "Content-Type: application/json; charset=UTF-8[\r][\n]"
14705 [Forwarding getElementTagName on session 79884c66-605f-4a8c-9556-5013692f6c33 to remote] DEBUG org.apache.http.wire  - << "Vary: Accept-Charset, Accept-Encoding, Accept-Language, Accept[\r][\n]"
14705 [Forwarding getElementTagName on session 79884c66-605f-4a8c-9556-5013692f6c33 to remote] DEBUG org.apache.http.wire  - << "Accept-Ranges: bytes[\r][\n]"
14705 [Forwarding getElementTagName on session 79884c66-605f-4a8c-9556-5013692f6c33 to remote] DEBUG org.apache.http.wire  - << "Connection: close[\r][\n]"
14705 [Forwarding getElementTagName on session 79884c66-605f-4a8c-9556-5013692f6c33 to remote] DEBUG org.apache.http.wire  - << "[\r][\n]"
14705 [Forwarding getElementTagName on session 79884c66-605f-4a8c-9556-5013692f6c33 to remote] DEBUG org.apache.http.impl.conn.DefaultClientConnection  - Receiving response: HTTP/1.1 200 OK
14705 [Forwarding getElementTagName on session 79884c66-605f-4a8c-9556-5013692f6c33 to remote] DEBUG org.apache.http.headers  - << HTTP/1.1 200 OK
14705 [Forwarding getElementTagName on session 79884c66-605f-4a8c-9556-5013692f6c33 to remote] DEBUG org.apache.http.headers  - << Content-Length: 81
14705 [Forwarding getElementTagName on session 79884c66-605f-4a8c-9556-5013692f6c33 to remote] DEBUG org.apache.http.headers  - << Content-Type: application/json; charset=UTF-8
14705 [Forwarding getElementTagName on session 79884c66-605f-4a8c-9556-5013692f6c33 to remote] DEBUG org.apache.http.headers  - << Vary: Accept-Charset, Accept-Encoding, Accept-Language, Accept
14705 [Forwarding getElementTagName on session 79884c66-605f-4a8c-9556-5013692f6c33 to remote] DEBUG org.apache.http.headers  - << Accept-Ranges: bytes
14705 [Forwarding getElementTagName on session 79884c66-605f-4a8c-9556-5013692f6c33 to remote] DEBUG org.apache.http.headers  - << Connection: close
14705 [Forwarding getElementTagName on session 79884c66-605f-4a8c-9556-5013692f6c33 to remote] DEBUG org.apache.http.wire  - << "{"sessionId":"79884c66-605f-4a8c-9556-5013692f6c33","status":0,"value":"select"}[\n]"
14705 [Forwarding getElementTagName on session 79884c66-605f-4a8c-9556-5013692f6c33 to remote] DEBUG org.apache.http.impl.conn.DefaultClientConnection  - Connection 0.0.0.0:4057<->127.0.0.1:38029 shut down
14705 [Forwarding getElementTagName on session 79884c66-605f-4a8c-9556-5013692f6c33 to remote] DEBUG org.apache.http.impl.conn.tsccm.ThreadSafeClientConnManager  - Released connection is not reusable.
14705 [Forwarding getElementTagName on session 79884c66-605f-4a8c-9556-5013692f6c33 to remote] DEBUG org.apache.http.impl.conn.tsccm.ConnPoolByRoute  - Releasing connection [{}->http://localhost:38029][null]
14705 [Forwarding getElementTagName on session 79884c66-605f-4a8c-9556-5013692f6c33 to remote] DEBUG org.apache.http.impl.conn.DefaultClientConnection  - Connection 0.0.0.0:4057<->127.0.0.1:38029 closed
14705 [Forwarding getElementTagName on session 79884c66-605f-4a8c-9556-5013692f6c33 to remote] DEBUG org.apache.http.impl.conn.tsccm.ConnPoolByRoute  - Notifying no-one, there are no waiting threads
14705 [Forwarding getElementAttribute on session 79884c66-605f-4a8c-9556-5013692f6c33 to remote] DEBUG org.apache.http.impl.conn.tsccm.ThreadSafeClientConnManager  - Get connection: {}->http://localhost:38029, timeout = 120000
14705 [Forwarding getElementAttribute on session 79884c66-605f-4a8c-9556-5013692f6c33 to remote] DEBUG org.apache.http.impl.conn.tsccm.ConnPoolByRoute  - [{}->http://localhost:38029] total kept alive: 0, total issued: 0, total allocated: 0 out of 2000
14705 [Forwarding getElementAttribute on session 79884c66-605f-4a8c-9556-5013692f6c33 to remote] DEBUG org.apache.http.impl.conn.tsccm.ConnPoolByRoute  - No free connections [{}->http://localhost:38029][null]
14705 [Forwarding getElementAttribute on session 79884c66-605f-4a8c-9556-5013692f6c33 to remote] DEBUG org.apache.http.impl.conn.tsccm.ConnPoolByRoute  - Available capacity: 2000 out of 2000 [{}->http://localhost:38029][null]
14705 [Forwarding getElementAttribute on session 79884c66-605f-4a8c-9556-5013692f6c33 to remote] DEBUG org.apache.http.impl.conn.tsccm.ConnPoolByRoute  - Creating new connection [{}->http://localhost:38029]
14705 [Forwarding getElementAttribute on session 79884c66-605f-4a8c-9556-5013692f6c33 to remote] DEBUG org.apache.http.impl.conn.DefaultClientConnectionOperator  - Connecting to localhost:38029
14705 [Forwarding getElementAttribute on session 79884c66-605f-4a8c-9556-5013692f6c33 to remote] DEBUG org.apache.http.client.protocol.RequestAddCookies  - CookieSpec selected: best-match
14705 [Forwarding getElementAttribute on session 79884c66-605f-4a8c-9556-5013692f6c33 to remote] DEBUG org.apache.http.client.protocol.RequestAuthCache  - Auth cache not set in the context
14705 [Forwarding getElementAttribute on session 79884c66-605f-4a8c-9556-5013692f6c33 to remote] DEBUG org.apache.http.client.protocol.RequestTargetAuthentication  - Target auth state: UNCHALLENGED
14705 [Forwarding getElementAttribute on session 79884c66-605f-4a8c-9556-5013692f6c33 to remote] DEBUG org.apache.http.client.protocol.RequestProxyAuthentication  - Proxy auth state: UNCHALLENGED
14705 [Forwarding getElementAttribute on session 79884c66-605f-4a8c-9556-5013692f6c33 to remote] DEBUG org.apache.http.impl.client.DefaultHttpClient  - Attempt 1 to execute request
14705 [Forwarding getElementAttribute on session 79884c66-605f-4a8c-9556-5013692f6c33 to remote] DEBUG org.apache.http.impl.conn.DefaultClientConnection  - Sending request: GET /session/79884c66-605f-4a8c-9556-5013692f6c33/element/f6c6d0f2-2147-4108-ac52-dbd5c310c3fa/attribute/multiple HTTP/1.1
14705 [Forwarding getElementAttribute on session 79884c66-605f-4a8c-9556-5013692f6c33 to remote] DEBUG org.apache.http.wire  - >> "GET /session/79884c66-605f-4a8c-9556-5013692f6c33/element/f6c6d0f2-2147-4108-ac52-dbd5c310c3fa/attribute/multiple HTTP/1.1[\r][\n]"
14705 [Forwarding getElementAttribute on session 79884c66-605f-4a8c-9556-5013692f6c33 to remote] DEBUG org.apache.http.wire  - >> "Accept: application/json, image/png[\r][\n]"
14705 [Forwarding getElementAttribute on session 79884c66-605f-4a8c-9556-5013692f6c33 to remote] DEBUG org.apache.http.wire  - >> "Cache-Control: no-cache[\r][\n]"
14705 [Forwarding getElementAttribute on session 79884c66-605f-4a8c-9556-5013692f6c33 to remote] DEBUG org.apache.http.wire  - >> "Host: localhost:38029[\r][\n]"
14705 [Forwarding getElementAttribute on session 79884c66-605f-4a8c-9556-5013692f6c33 to remote] DEBUG org.apache.http.wire  - >> "Connection: Keep-Alive[\r][\n]"
14705 [Forwarding getElementAttribute on session 79884c66-605f-4a8c-9556-5013692f6c33 to remote] DEBUG org.apache.http.wire  - >> "[\r][\n]"
14705 [Forwarding getElementAttribute on session 79884c66-605f-4a8c-9556-5013692f6c33 to remote] DEBUG org.apache.http.headers  - >> GET /session/79884c66-605f-4a8c-9556-5013692f6c33/element/f6c6d0f2-2147-4108-ac52-dbd5c310c3fa/attribute/multiple HTTP/1.1
14705 [Forwarding getElementAttribute on session 79884c66-605f-4a8c-9556-5013692f6c33 to remote] DEBUG org.apache.http.headers  - >> Accept: application/json, image/png
14705 [Forwarding getElementAttribute on session 79884c66-605f-4a8c-9556-5013692f6c33 to remote] DEBUG org.apache.http.headers  - >> Cache-Control: no-cache
14705 [Forwarding getElementAttribute on session 79884c66-605f-4a8c-9556-5013692f6c33 to remote] DEBUG org.apache.http.headers  - >> Host: localhost:38029
14705 [Forwarding getElementAttribute on session 79884c66-605f-4a8c-9556-5013692f6c33 to remote] DEBUG org.apache.http.headers  - >> Connection: Keep-Alive
14767 [Forwarding getElementAttribute on session 79884c66-605f-4a8c-9556-5013692f6c33 to remote] DEBUG org.apache.http.wire  - << "HTTP/1.1 200 OK[\r][\n]"
14767 [Forwarding getElementAttribute on session 79884c66-605f-4a8c-9556-5013692f6c33 to remote] DEBUG org.apache.http.wire  - << "Content-Length: 77[\r][\n]"
14767 [Forwarding getElementAttribute on session 79884c66-605f-4a8c-9556-5013692f6c33 to remote] DEBUG org.apache.http.wire  - << "Content-Type: application/json; charset=UTF-8[\r][\n]"
14767 [Forwarding getElementAttribute on session 79884c66-605f-4a8c-9556-5013692f6c33 to remote] DEBUG org.apache.http.wire  - << "Vary: Accept-Charset, Accept-Encoding, Accept-Language, Accept[\r][\n]"
14767 [Forwarding getElementAttribute on session 79884c66-605f-4a8c-9556-5013692f6c33 to remote] DEBUG org.apache.http.wire  - << "Accept-Ranges: bytes[\r][\n]"
14767 [Forwarding getElementAttribute on session 79884c66-605f-4a8c-9556-5013692f6c33 to remote] DEBUG org.apache.http.wire  - << "Connection: close[\r][\n]"
14767 [Forwarding getElementAttribute on session 79884c66-605f-4a8c-9556-5013692f6c33 to remote] DEBUG org.apache.http.wire  - << "[\r][\n]"
14767 [Forwarding getElementAttribute on session 79884c66-605f-4a8c-9556-5013692f6c33 to remote] DEBUG org.apache.http.impl.conn.DefaultClientConnection  - Receiving response: HTTP/1.1 200 OK
14767 [Forwarding getElementAttribute on session 79884c66-605f-4a8c-9556-5013692f6c33 to remote] DEBUG org.apache.http.headers  - << HTTP/1.1 200 OK
14767 [Forwarding getElementAttribute on session 79884c66-605f-4a8c-9556-5013692f6c33 to remote] DEBUG org.apache.http.headers  - << Content-Length: 77
14767 [Forwarding getElementAttribute on session 79884c66-605f-4a8c-9556-5013692f6c33 to remote] DEBUG org.apache.http.headers  - << Content-Type: application/json; charset=UTF-8
14767 [Forwarding getElementAttribute on session 79884c66-605f-4a8c-9556-5013692f6c33 to remote] DEBUG org.apache.http.headers  - << Vary: Accept-Charset, Accept-Encoding, Accept-Language, Accept
14767 [Forwarding getElementAttribute on session 79884c66-605f-4a8c-9556-5013692f6c33 to remote] DEBUG org.apache.http.headers  - << Accept-Ranges: bytes
14767 [Forwarding getElementAttribute on session 79884c66-605f-4a8c-9556-5013692f6c33 to remote] DEBUG org.apache.http.headers  - << Connection: close
14767 [Forwarding getElementAttribute on session 79884c66-605f-4a8c-9556-5013692f6c33 to remote] DEBUG org.apache.http.wire  - << "{"sessionId":"79884c66-605f-4a8c-9556-5013692f6c33","status":0,"value":null}[\n]"
14767 [Forwarding getElementAttribute on session 79884c66-605f-4a8c-9556-5013692f6c33 to remote] DEBUG org.apache.http.impl.conn.DefaultClientConnection  - Connection 0.0.0.0:4058<->127.0.0.1:38029 shut down
14767 [Forwarding getElementAttribute on session 79884c66-605f-4a8c-9556-5013692f6c33 to remote] DEBUG org.apache.http.impl.conn.tsccm.ThreadSafeClientConnManager  - Released connection is not reusable.
14767 [Forwarding getElementAttribute on session 79884c66-605f-4a8c-9556-5013692f6c33 to remote] DEBUG org.apache.http.impl.conn.tsccm.ConnPoolByRoute  - Releasing connection [{}->http://localhost:38029][null]
14767 [Forwarding getElementAttribute on session 79884c66-605f-4a8c-9556-5013692f6c33 to remote] DEBUG org.apache.http.impl.conn.DefaultClientConnection  - Connection 0.0.0.0:4058<->127.0.0.1:38029 closed
14767 [Forwarding getElementAttribute on session 79884c66-605f-4a8c-9556-5013692f6c33 to remote] DEBUG org.apache.http.impl.conn.tsccm.ConnPoolByRoute  - Notifying no-one, there are no waiting threads
14767 [Forwarding findChildElements on session 79884c66-605f-4a8c-9556-5013692f6c33 to remote] DEBUG org.apache.http.impl.conn.tsccm.ThreadSafeClientConnManager  - Get connection: {}->http://localhost:38029, timeout = 120000
14767 [Forwarding findChildElements on session 79884c66-605f-4a8c-9556-5013692f6c33 to remote] DEBUG org.apache.http.impl.conn.tsccm.ConnPoolByRoute  - [{}->http://localhost:38029] total kept alive: 0, total issued: 0, total allocated: 0 out of 2000
14767 [Forwarding findChildElements on session 79884c66-605f-4a8c-9556-5013692f6c33 to remote] DEBUG org.apache.http.impl.conn.tsccm.ConnPoolByRoute  - No free connections [{}->http://localhost:38029][null]
14767 [Forwarding findChildElements on session 79884c66-605f-4a8c-9556-5013692f6c33 to remote] DEBUG org.apache.http.impl.conn.tsccm.ConnPoolByRoute  - Available capacity: 2000 out of 2000 [{}->http://localhost:38029][null]
14767 [Forwarding findChildElements on session 79884c66-605f-4a8c-9556-5013692f6c33 to remote] DEBUG org.apache.http.impl.conn.tsccm.ConnPoolByRoute  - Creating new connection [{}->http://localhost:38029]
14767 [Forwarding findChildElements on session 79884c66-605f-4a8c-9556-5013692f6c33 to remote] DEBUG org.apache.http.impl.conn.DefaultClientConnectionOperator  - Connecting to localhost:38029
14767 [Forwarding findChildElements on session 79884c66-605f-4a8c-9556-5013692f6c33 to remote] DEBUG org.apache.http.client.protocol.RequestAddCookies  - CookieSpec selected: best-match
14767 [Forwarding findChildElements on session 79884c66-605f-4a8c-9556-5013692f6c33 to remote] DEBUG org.apache.http.client.protocol.RequestAuthCache  - Auth cache not set in the context
14767 [Forwarding findChildElements on session 79884c66-605f-4a8c-9556-5013692f6c33 to remote] DEBUG org.apache.http.client.protocol.RequestTargetAuthentication  - Target auth state: UNCHALLENGED
14767 [Forwarding findChildElements on session 79884c66-605f-4a8c-9556-5013692f6c33 to remote] DEBUG org.apache.http.client.protocol.RequestProxyAuthentication  - Proxy auth state: UNCHALLENGED
14767 [Forwarding findChildElements on session 79884c66-605f-4a8c-9556-5013692f6c33 to remote] DEBUG org.apache.http.impl.client.DefaultHttpClient  - Attempt 1 to execute request
14767 [Forwarding findChildElements on session 79884c66-605f-4a8c-9556-5013692f6c33 to remote] DEBUG org.apache.http.impl.conn.DefaultClientConnection  - Sending request: POST /session/79884c66-605f-4a8c-9556-5013692f6c33/element/f6c6d0f2-2147-4108-ac52-dbd5c310c3fa/elements HTTP/1.1
14767 [Forwarding findChildElements on session 79884c66-605f-4a8c-9556-5013692f6c33 to remote] DEBUG org.apache.http.wire  - >> "POST /session/79884c66-605f-4a8c-9556-5013692f6c33/element/f6c6d0f2-2147-4108-ac52-dbd5c310c3fa/elements HTTP/1.1[\r][\n]"
14767 [Forwarding findChildElements on session 79884c66-605f-4a8c-9556-5013692f6c33 to remote] DEBUG org.apache.http.wire  - >> "Accept: application/json, image/png[\r][\n]"
14767 [Forwarding findChildElements on session 79884c66-605f-4a8c-9556-5013692f6c33 to remote] DEBUG org.apache.http.wire  - >> "Content-Type: application/json; charset=utf-8[\r][\n]"
14767 [Forwarding findChildElements on session 79884c66-605f-4a8c-9556-5013692f6c33 to remote] DEBUG org.apache.http.wire  - >> "Content-Length: 139[\r][\n]"
14767 [Forwarding findChildElements on session 79884c66-605f-4a8c-9556-5013692f6c33 to remote] DEBUG org.apache.http.wire  - >> "Host: localhost:38029[\r][\n]"
14767 [Forwarding findChildElements on session 79884c66-605f-4a8c-9556-5013692f6c33 to remote] DEBUG org.apache.http.wire  - >> "Connection: Keep-Alive[\r][\n]"
14767 [Forwarding findChildElements on session 79884c66-605f-4a8c-9556-5013692f6c33 to remote] DEBUG org.apache.http.wire  - >> "[\r][\n]"
14767 [Forwarding findChildElements on session 79884c66-605f-4a8c-9556-5013692f6c33 to remote] DEBUG org.apache.http.headers  - >> POST /session/79884c66-605f-4a8c-9556-5013692f6c33/element/f6c6d0f2-2147-4108-ac52-dbd5c310c3fa/elements HTTP/1.1
14767 [Forwarding findChildElements on session 79884c66-605f-4a8c-9556-5013692f6c33 to remote] DEBUG org.apache.http.headers  - >> Accept: application/json, image/png
14767 [Forwarding findChildElements on session 79884c66-605f-4a8c-9556-5013692f6c33 to remote] DEBUG org.apache.http.headers  - >> Content-Type: application/json; charset=utf-8
14767 [Forwarding findChildElements on session 79884c66-605f-4a8c-9556-5013692f6c33 to remote] DEBUG org.apache.http.headers  - >> Content-Length: 139
14767 [Forwarding findChildElements on session 79884c66-605f-4a8c-9556-5013692f6c33 to remote] DEBUG org.apache.http.headers  - >> Host: localhost:38029
14767 [Forwarding findChildElements on session 79884c66-605f-4a8c-9556-5013692f6c33 to remote] DEBUG org.apache.http.headers  - >> Connection: Keep-Alive
14767 [Forwarding findChildElements on session 79884c66-605f-4a8c-9556-5013692f6c33 to remote] DEBUG org.apache.http.wire  - >> "{"id":"f6c6d0f2-2147-4108-ac52-dbd5c310c3fa","using":"xpath","value":".//option[normalize-space(.) = \"SHOA0201 - EA-SUP [ANB+CML+PNB]\"]"}"
14954 [Forwarding findChildElements on session 79884c66-605f-4a8c-9556-5013692f6c33 to remote] DEBUG org.apache.http.wire  - << "HTTP/1.1 200 OK[\r][\n]"
14954 [Forwarding findChildElements on session 79884c66-605f-4a8c-9556-5013692f6c33 to remote] DEBUG org.apache.http.wire  - << "Content-Length: 125[\r][\n]"
14954 [Forwarding findChildElements on session 79884c66-605f-4a8c-9556-5013692f6c33 to remote] DEBUG org.apache.http.wire  - << "Content-Type: application/json; charset=UTF-8[\r][\n]"
14954 [Forwarding findChildElements on session 79884c66-605f-4a8c-9556-5013692f6c33 to remote] DEBUG org.apache.http.wire  - << "Vary: Accept-Charset, Accept-Encoding, Accept-Language, Accept[\r][\n]"
14954 [Forwarding findChildElements on session 79884c66-605f-4a8c-9556-5013692f6c33 to remote] DEBUG org.apache.http.wire  - << "Accept-Ranges: bytes[\r][\n]"
14954 [Forwarding findChildElements on session 79884c66-605f-4a8c-9556-5013692f6c33 to remote] DEBUG org.apache.http.wire  - << "Connection: close[\r][\n]"
14954 [Forwarding findChildElements on session 79884c66-605f-4a8c-9556-5013692f6c33 to remote] DEBUG org.apache.http.wire  - << "[\r][\n]"
14954 [Forwarding findChildElements on session 79884c66-605f-4a8c-9556-5013692f6c33 to remote] DEBUG org.apache.http.impl.conn.DefaultClientConnection  - Receiving response: HTTP/1.1 200 OK
14954 [Forwarding findChildElements on session 79884c66-605f-4a8c-9556-5013692f6c33 to remote] DEBUG org.apache.http.headers  - << HTTP/1.1 200 OK
14954 [Forwarding findChildElements on session 79884c66-605f-4a8c-9556-5013692f6c33 to remote] DEBUG org.apache.http.headers  - << Content-Length: 125
14954 [Forwarding findChildElements on session 79884c66-605f-4a8c-9556-5013692f6c33 to remote] DEBUG org.apache.http.headers  - << Content-Type: application/json; charset=UTF-8
14954 [Forwarding findChildElements on session 79884c66-605f-4a8c-9556-5013692f6c33 to remote] DEBUG org.apache.http.headers  - << Vary: Accept-Charset, Accept-Encoding, Accept-Language, Accept
14954 [Forwarding findChildElements on session 79884c66-605f-4a8c-9556-5013692f6c33 to remote] DEBUG org.apache.http.headers  - << Accept-Ranges: bytes
14954 [Forwarding findChildElements on session 79884c66-605f-4a8c-9556-5013692f6c33 to remote] DEBUG org.apache.http.headers  - << Connection: close
14954 [Forwarding findChildElements on session 79884c66-605f-4a8c-9556-5013692f6c33 to remote] DEBUG org.apache.http.wire  - << "{"sessionId":"79884c66-605f-4a8c-9556-5013692f6c33","status":0,"value":[{"ELEMENT":"31264009-3a77-4562-81fd-bed76c05dd5d"}]}[\n]"
14954 [Forwarding findChildElements on session 79884c66-605f-4a8c-9556-5013692f6c33 to remote] DEBUG org.apache.http.impl.conn.DefaultClientConnection  - Connection 0.0.0.0:4059<->127.0.0.1:38029 shut down
14954 [Forwarding findChildElements on session 79884c66-605f-4a8c-9556-5013692f6c33 to remote] DEBUG org.apache.http.impl.conn.tsccm.ThreadSafeClientConnManager  - Released connection is not reusable.
14954 [Forwarding findChildElements on session 79884c66-605f-4a8c-9556-5013692f6c33 to remote] DEBUG org.apache.http.impl.conn.tsccm.ConnPoolByRoute  - Releasing connection [{}->http://localhost:38029][null]
14954 [Forwarding findChildElements on session 79884c66-605f-4a8c-9556-5013692f6c33 to remote] DEBUG org.apache.http.impl.conn.DefaultClientConnection  - Connection 0.0.0.0:4059<->127.0.0.1:38029 closed
14954 [Forwarding findChildElements on session 79884c66-605f-4a8c-9556-5013692f6c33 to remote] DEBUG org.apache.http.impl.conn.tsccm.ConnPoolByRoute  - Notifying no-one, there are no waiting threads
14954 [Forwarding isElementSelected on session 79884c66-605f-4a8c-9556-5013692f6c33 to remote] DEBUG org.apache.http.impl.conn.tsccm.ThreadSafeClientConnManager  - Get connection: {}->http://localhost:38029, timeout = 120000
14954 [Forwarding isElementSelected on session 79884c66-605f-4a8c-9556-5013692f6c33 to remote] DEBUG org.apache.http.impl.conn.tsccm.ConnPoolByRoute  - [{}->http://localhost:38029] total kept alive: 0, total issued: 0, total allocated: 0 out of 2000
14954 [Forwarding isElementSelected on session 79884c66-605f-4a8c-9556-5013692f6c33 to remote] DEBUG org.apache.http.impl.conn.tsccm.ConnPoolByRoute  - No free connections [{}->http://localhost:38029][null]
14954 [Forwarding isElementSelected on session 79884c66-605f-4a8c-9556-5013692f6c33 to remote] DEBUG org.apache.http.impl.conn.tsccm.ConnPoolByRoute  - Available capacity: 2000 out of 2000 [{}->http://localhost:38029][null]
14954 [Forwarding isElementSelected on session 79884c66-605f-4a8c-9556-5013692f6c33 to remote] DEBUG org.apache.http.impl.conn.tsccm.ConnPoolByRoute  - Creating new connection [{}->http://localhost:38029]
14954 [Forwarding isElementSelected on session 79884c66-605f-4a8c-9556-5013692f6c33 to remote] DEBUG org.apache.http.impl.conn.DefaultClientConnectionOperator  - Connecting to localhost:38029
14954 [Forwarding isElementSelected on session 79884c66-605f-4a8c-9556-5013692f6c33 to remote] DEBUG org.apache.http.client.protocol.RequestAddCookies  - CookieSpec selected: best-match
14954 [Forwarding isElementSelected on session 79884c66-605f-4a8c-9556-5013692f6c33 to remote] DEBUG org.apache.http.client.protocol.RequestAuthCache  - Auth cache not set in the context
14954 [Forwarding isElementSelected on session 79884c66-605f-4a8c-9556-5013692f6c33 to remote] DEBUG org.apache.http.client.protocol.RequestTargetAuthentication  - Target auth state: UNCHALLENGED
14954 [Forwarding isElementSelected on session 79884c66-605f-4a8c-9556-5013692f6c33 to remote] DEBUG org.apache.http.client.protocol.RequestProxyAuthentication  - Proxy auth state: UNCHALLENGED
14954 [Forwarding isElementSelected on session 79884c66-605f-4a8c-9556-5013692f6c33 to remote] DEBUG org.apache.http.impl.client.DefaultHttpClient  - Attempt 1 to execute request
14954 [Forwarding isElementSelected on session 79884c66-605f-4a8c-9556-5013692f6c33 to remote] DEBUG org.apache.http.impl.conn.DefaultClientConnection  - Sending request: GET /session/79884c66-605f-4a8c-9556-5013692f6c33/element/31264009-3a77-4562-81fd-bed76c05dd5d/selected HTTP/1.1
14954 [Forwarding isElementSelected on session 79884c66-605f-4a8c-9556-5013692f6c33 to remote] DEBUG org.apache.http.wire  - >> "GET /session/79884c66-605f-4a8c-9556-5013692f6c33/element/31264009-3a77-4562-81fd-bed76c05dd5d/selected HTTP/1.1[\r][\n]"
14954 [Forwarding isElementSelected on session 79884c66-605f-4a8c-9556-5013692f6c33 to remote] DEBUG org.apache.http.wire  - >> "Accept: application/json, image/png[\r][\n]"
14954 [Forwarding isElementSelected on session 79884c66-605f-4a8c-9556-5013692f6c33 to remote] DEBUG org.apache.http.wire  - >> "Cache-Control: no-cache[\r][\n]"
14954 [Forwarding isElementSelected on session 79884c66-605f-4a8c-9556-5013692f6c33 to remote] DEBUG org.apache.http.wire  - >> "Host: localhost:38029[\r][\n]"
14954 [Forwarding isElementSelected on session 79884c66-605f-4a8c-9556-5013692f6c33 to remote] DEBUG org.apache.http.wire  - >> "Connection: Keep-Alive[\r][\n]"
14954 [Forwarding isElementSelected on session 79884c66-605f-4a8c-9556-5013692f6c33 to remote] DEBUG org.apache.http.wire  - >> "[\r][\n]"
14954 [Forwarding isElementSelected on session 79884c66-605f-4a8c-9556-5013692f6c33 to remote] DEBUG org.apache.http.headers  - >> GET /session/79884c66-605f-4a8c-9556-5013692f6c33/element/31264009-3a77-4562-81fd-bed76c05dd5d/selected HTTP/1.1
14954 [Forwarding isElementSelected on session 79884c66-605f-4a8c-9556-5013692f6c33 to remote] DEBUG org.apache.http.headers  - >> Accept: application/json, image/png
14954 [Forwarding isElementSelected on session 79884c66-605f-4a8c-9556-5013692f6c33 to remote] DEBUG org.apache.http.headers  - >> Cache-Control: no-cache
14954 [Forwarding isElementSelected on session 79884c66-605f-4a8c-9556-5013692f6c33 to remote] DEBUG org.apache.http.headers  - >> Host: localhost:38029
14954 [Forwarding isElementSelected on session 79884c66-605f-4a8c-9556-5013692f6c33 to remote] DEBUG org.apache.http.headers  - >> Connection: Keep-Alive
15017 [Forwarding isElementSelected on session 79884c66-605f-4a8c-9556-5013692f6c33 to remote] DEBUG org.apache.http.wire  - << "HTTP/1.1 200 OK[\r][\n]"
15017 [Forwarding isElementSelected on session 79884c66-605f-4a8c-9556-5013692f6c33 to remote] DEBUG org.apache.http.wire  - << "Content-Length: 78[\r][\n]"
15017 [Forwarding isElementSelected on session 79884c66-605f-4a8c-9556-5013692f6c33 to remote] DEBUG org.apache.http.wire  - << "Content-Type: application/json; charset=UTF-8[\r][\n]"
15017 [Forwarding isElementSelected on session 79884c66-605f-4a8c-9556-5013692f6c33 to remote] DEBUG org.apache.http.wire  - << "Vary: Accept-Charset, Accept-Encoding, Accept-Language, Accept[\r][\n]"
15017 [Forwarding isElementSelected on session 79884c66-605f-4a8c-9556-5013692f6c33 to remote] DEBUG org.apache.http.wire  - << "Accept-Ranges: bytes[\r][\n]"
15017 [Forwarding isElementSelected on session 79884c66-605f-4a8c-9556-5013692f6c33 to remote] DEBUG org.apache.http.wire  - << "Connection: close[\r][\n]"
15017 [Forwarding isElementSelected on session 79884c66-605f-4a8c-9556-5013692f6c33 to remote] DEBUG org.apache.http.wire  - << "[\r][\n]"
15017 [Forwarding isElementSelected on session 79884c66-605f-4a8c-9556-5013692f6c33 to remote] DEBUG org.apache.http.impl.conn.DefaultClientConnection  - Receiving response: HTTP/1.1 200 OK
15017 [Forwarding isElementSelected on session 79884c66-605f-4a8c-9556-5013692f6c33 to remote] DEBUG org.apache.http.headers  - << HTTP/1.1 200 OK
15017 [Forwarding isElementSelected on session 79884c66-605f-4a8c-9556-5013692f6c33 to remote] DEBUG org.apache.http.headers  - << Content-Length: 78
15017 [Forwarding isElementSelected on session 79884c66-605f-4a8c-9556-5013692f6c33 to remote] DEBUG org.apache.http.headers  - << Content-Type: application/json; charset=UTF-8
15017 [Forwarding isElementSelected on session 79884c66-605f-4a8c-9556-5013692f6c33 to remote] DEBUG org.apache.http.headers  - << Vary: Accept-Charset, Accept-Encoding, Accept-Language, Accept
15017 [Forwarding isElementSelected on session 79884c66-605f-4a8c-9556-5013692f6c33 to remote] DEBUG org.apache.http.headers  - << Accept-Ranges: bytes
15017 [Forwarding isElementSelected on session 79884c66-605f-4a8c-9556-5013692f6c33 to remote] DEBUG org.apache.http.headers  - << Connection: close
15017 [Forwarding isElementSelected on session 79884c66-605f-4a8c-9556-5013692f6c33 to remote] DEBUG org.apache.http.wire  - << "{"sessionId":"79884c66-605f-4a8c-9556-5013692f6c33","status":0,"value":false}[\n]"
15017 [Forwarding isElementSelected on session 79884c66-605f-4a8c-9556-5013692f6c33 to remote] DEBUG org.apache.http.impl.conn.DefaultClientConnection  - Connection 0.0.0.0:4060<->127.0.0.1:38029 shut down
15017 [Forwarding isElementSelected on session 79884c66-605f-4a8c-9556-5013692f6c33 to remote] DEBUG org.apache.http.impl.conn.tsccm.ThreadSafeClientConnManager  - Released connection is not reusable.
15017 [Forwarding isElementSelected on session 79884c66-605f-4a8c-9556-5013692f6c33 to remote] DEBUG org.apache.http.impl.conn.tsccm.ConnPoolByRoute  - Releasing connection [{}->http://localhost:38029][null]
15017 [Forwarding isElementSelected on session 79884c66-605f-4a8c-9556-5013692f6c33 to remote] DEBUG org.apache.http.impl.conn.DefaultClientConnection  - Connection 0.0.0.0:4060<->127.0.0.1:38029 closed
15017 [Forwarding isElementSelected on session 79884c66-605f-4a8c-9556-5013692f6c33 to remote] DEBUG org.apache.http.impl.conn.tsccm.ConnPoolByRoute  - Notifying no-one, there are no waiting threads
15017 [Forwarding clickElement on session 79884c66-605f-4a8c-9556-5013692f6c33 to remote] DEBUG org.apache.http.impl.conn.tsccm.ThreadSafeClientConnManager  - Get connection: {}->http://localhost:38029, timeout = 120000
15017 [Forwarding clickElement on session 79884c66-605f-4a8c-9556-5013692f6c33 to remote] DEBUG org.apache.http.impl.conn.tsccm.ConnPoolByRoute  - [{}->http://localhost:38029] total kept alive: 0, total issued: 0, total allocated: 0 out of 2000
15017 [Forwarding clickElement on session 79884c66-605f-4a8c-9556-5013692f6c33 to remote] DEBUG org.apache.http.impl.conn.tsccm.ConnPoolByRoute  - No free connections [{}->http://localhost:38029][null]
15017 [Forwarding clickElement on session 79884c66-605f-4a8c-9556-5013692f6c33 to remote] DEBUG org.apache.http.impl.conn.tsccm.ConnPoolByRoute  - Available capacity: 2000 out of 2000 [{}->http://localhost:38029][null]
15017 [Forwarding clickElement on session 79884c66-605f-4a8c-9556-5013692f6c33 to remote] DEBUG org.apache.http.impl.conn.tsccm.ConnPoolByRoute  - Creating new connection [{}->http://localhost:38029]
15017 [Forwarding clickElement on session 79884c66-605f-4a8c-9556-5013692f6c33 to remote] DEBUG org.apache.http.impl.conn.DefaultClientConnectionOperator  - Connecting to localhost:38029
15017 [Forwarding clickElement on session 79884c66-605f-4a8c-9556-5013692f6c33 to remote] DEBUG org.apache.http.client.protocol.RequestAddCookies  - CookieSpec selected: best-match
15017 [Forwarding clickElement on session 79884c66-605f-4a8c-9556-5013692f6c33 to remote] DEBUG org.apache.http.client.protocol.RequestAuthCache  - Auth cache not set in the context
15017 [Forwarding clickElement on session 79884c66-605f-4a8c-9556-5013692f6c33 to remote] DEBUG org.apache.http.client.protocol.RequestTargetAuthentication  - Target auth state: UNCHALLENGED
15017 [Forwarding clickElement on session 79884c66-605f-4a8c-9556-5013692f6c33 to remote] DEBUG org.apache.http.client.protocol.RequestProxyAuthentication  - Proxy auth state: UNCHALLENGED
15017 [Forwarding clickElement on session 79884c66-605f-4a8c-9556-5013692f6c33 to remote] DEBUG org.apache.http.impl.client.DefaultHttpClient  - Attempt 1 to execute request
15017 [Forwarding clickElement on session 79884c66-605f-4a8c-9556-5013692f6c33 to remote] DEBUG org.apache.http.impl.conn.DefaultClientConnection  - Sending request: POST /session/79884c66-605f-4a8c-9556-5013692f6c33/element/31264009-3a77-4562-81fd-bed76c05dd5d/click HTTP/1.1
15017 [Forwarding clickElement on session 79884c66-605f-4a8c-9556-5013692f6c33 to remote] DEBUG org.apache.http.wire  - >> "POST /session/79884c66-605f-4a8c-9556-5013692f6c33/element/31264009-3a77-4562-81fd-bed76c05dd5d/click HTTP/1.1[\r][\n]"
15017 [Forwarding clickElement on session 79884c66-605f-4a8c-9556-5013692f6c33 to remote] DEBUG org.apache.http.wire  - >> "Accept: application/json, image/png[\r][\n]"
15017 [Forwarding clickElement on session 79884c66-605f-4a8c-9556-5013692f6c33 to remote] DEBUG org.apache.http.wire  - >> "Content-Type: application/json; charset=utf-8[\r][\n]"
15017 [Forwarding clickElement on session 79884c66-605f-4a8c-9556-5013692f6c33 to remote] DEBUG org.apache.http.wire  - >> "Content-Length: 45[\r][\n]"
15017 [Forwarding clickElement on session 79884c66-605f-4a8c-9556-5013692f6c33 to remote] DEBUG org.apache.http.wire  - >> "Host: localhost:38029[\r][\n]"
15017 [Forwarding clickElement on session 79884c66-605f-4a8c-9556-5013692f6c33 to remote] DEBUG org.apache.http.wire  - >> "Connection: Keep-Alive[\r][\n]"
15017 [Forwarding clickElement on session 79884c66-605f-4a8c-9556-5013692f6c33 to remote] DEBUG org.apache.http.wire  - >> "[\r][\n]"
15017 [Forwarding clickElement on session 79884c66-605f-4a8c-9556-5013692f6c33 to remote] DEBUG org.apache.http.headers  - >> POST /session/79884c66-605f-4a8c-9556-5013692f6c33/element/31264009-3a77-4562-81fd-bed76c05dd5d/click HTTP/1.1
15017 [Forwarding clickElement on session 79884c66-605f-4a8c-9556-5013692f6c33 to remote] DEBUG org.apache.http.headers  - >> Accept: application/json, image/png
15017 [Forwarding clickElement on session 79884c66-605f-4a8c-9556-5013692f6c33 to remote] DEBUG org.apache.http.headers  - >> Content-Type: application/json; charset=utf-8
15017 [Forwarding clickElement on session 79884c66-605f-4a8c-9556-5013692f6c33 to remote] DEBUG org.apache.http.headers  - >> Content-Length: 45
15017 [Forwarding clickElement on session 79884c66-605f-4a8c-9556-5013692f6c33 to remote] DEBUG org.apache.http.headers  - >> Host: localhost:38029
15017 [Forwarding clickElement on session 79884c66-605f-4a8c-9556-5013692f6c33 to remote] DEBUG org.apache.http.headers  - >> Connection: Keep-Alive
15017 [Forwarding clickElement on session 79884c66-605f-4a8c-9556-5013692f6c33 to remote] DEBUG org.apache.http.wire  - >> "{"id":"31264009-3a77-4562-81fd-bed76c05dd5d"}"
15157 [Forwarding clickElement on session 79884c66-605f-4a8c-9556-5013692f6c33 to remote] DEBUG org.apache.http.wire  - << "HTTP/1.1 200 OK[\r][\n]"
15157 [Forwarding clickElement on session 79884c66-605f-4a8c-9556-5013692f6c33 to remote] DEBUG org.apache.http.wire  - << "Content-Length: 77[\r][\n]"
15157 [Forwarding clickElement on session 79884c66-605f-4a8c-9556-5013692f6c33 to remote] DEBUG org.apache.http.wire  - << "Content-Type: application/json; charset=UTF-8[\r][\n]"
15157 [Forwarding clickElement on session 79884c66-605f-4a8c-9556-5013692f6c33 to remote] DEBUG org.apache.http.wire  - << "Vary: Accept-Charset, Accept-Encoding, Accept-Language, Accept[\r][\n]"
15157 [Forwarding clickElement on session 79884c66-605f-4a8c-9556-5013692f6c33 to remote] DEBUG org.apache.http.wire  - << "Accept-Ranges: bytes[\r][\n]"
15157 [Forwarding clickElement on session 79884c66-605f-4a8c-9556-5013692f6c33 to remote] DEBUG org.apache.http.wire  - << "Connection: close[\r][\n]"
15157 [Forwarding clickElement on session 79884c66-605f-4a8c-9556-5013692f6c33 to remote] DEBUG org.apache.http.wire  - << "[\r][\n]"
15157 [Forwarding clickElement on session 79884c66-605f-4a8c-9556-5013692f6c33 to remote] DEBUG org.apache.http.impl.conn.DefaultClientConnection  - Receiving response: HTTP/1.1 200 OK
15157 [Forwarding clickElement on session 79884c66-605f-4a8c-9556-5013692f6c33 to remote] DEBUG org.apache.http.headers  - << HTTP/1.1 200 OK
15157 [Forwarding clickElement on session 79884c66-605f-4a8c-9556-5013692f6c33 to remote] DEBUG org.apache.http.headers  - << Content-Length: 77
15157 [Forwarding clickElement on session 79884c66-605f-4a8c-9556-5013692f6c33 to remote] DEBUG org.apache.http.headers  - << Content-Type: application/json; charset=UTF-8
15157 [Forwarding clickElement on session 79884c66-605f-4a8c-9556-5013692f6c33 to remote] DEBUG org.apache.http.headers  - << Vary: Accept-Charset, Accept-Encoding, Accept-Language, Accept
15157 [Forwarding clickElement on session 79884c66-605f-4a8c-9556-5013692f6c33 to remote] DEBUG org.apache.http.headers  - << Accept-Ranges: bytes
15157 [Forwarding clickElement on session 79884c66-605f-4a8c-9556-5013692f6c33 to remote] DEBUG org.apache.http.headers  - << Connection: close
15157 [Forwarding clickElement on session 79884c66-605f-4a8c-9556-5013692f6c33 to remote] DEBUG org.apache.http.wire  - << "{"sessionId":"79884c66-605f-4a8c-9556-5013692f6c33","status":0,"value":null}[\n]"
15157 [Forwarding clickElement on session 79884c66-605f-4a8c-9556-5013692f6c33 to remote] DEBUG org.apache.http.impl.conn.DefaultClientConnection  - Connection 0.0.0.0:4061<->127.0.0.1:38029 shut down
15157 [Forwarding clickElement on session 79884c66-605f-4a8c-9556-5013692f6c33 to remote] DEBUG org.apache.http.impl.conn.tsccm.ThreadSafeClientConnManager  - Released connection is not reusable.
15157 [Forwarding clickElement on session 79884c66-605f-4a8c-9556-5013692f6c33 to remote] DEBUG org.apache.http.impl.conn.tsccm.ConnPoolByRoute  - Releasing connection [{}->http://localhost:38029][null]
15157 [Forwarding clickElement on session 79884c66-605f-4a8c-9556-5013692f6c33 to remote] DEBUG org.apache.http.impl.conn.DefaultClientConnection  - Connection 0.0.0.0:4061<->127.0.0.1:38029 closed
15157 [Forwarding clickElement on session 79884c66-605f-4a8c-9556-5013692f6c33 to remote] DEBUG org.apache.http.impl.conn.tsccm.ConnPoolByRoute  - Notifying no-one, there are no waiting threads
15157 [Forwarding findElement on session 79884c66-605f-4a8c-9556-5013692f6c33 to remote] DEBUG org.apache.http.impl.conn.tsccm.ThreadSafeClientConnManager  - Get connection: {}->http://localhost:38029, timeout = 120000
15157 [Forwarding findElement on session 79884c66-605f-4a8c-9556-5013692f6c33 to remote] DEBUG org.apache.http.impl.conn.tsccm.ConnPoolByRoute  - [{}->http://localhost:38029] total kept alive: 0, total issued: 0, total allocated: 0 out of 2000
15157 [Forwarding findElement on session 79884c66-605f-4a8c-9556-5013692f6c33 to remote] DEBUG org.apache.http.impl.conn.tsccm.ConnPoolByRoute  - No free connections [{}->http://localhost:38029][null]
15157 [Forwarding findElement on session 79884c66-605f-4a8c-9556-5013692f6c33 to remote] DEBUG org.apache.http.impl.conn.tsccm.ConnPoolByRoute  - Available capacity: 2000 out of 2000 [{}->http://localhost:38029][null]
15157 [Forwarding findElement on session 79884c66-605f-4a8c-9556-5013692f6c33 to remote] DEBUG org.apache.http.impl.conn.tsccm.ConnPoolByRoute  - Creating new connection [{}->http://localhost:38029]
15157 [Forwarding findElement on session 79884c66-605f-4a8c-9556-5013692f6c33 to remote] DEBUG org.apache.http.impl.conn.DefaultClientConnectionOperator  - Connecting to localhost:38029
15157 [Forwarding findElement on session 79884c66-605f-4a8c-9556-5013692f6c33 to remote] DEBUG org.apache.http.client.protocol.RequestAddCookies  - CookieSpec selected: best-match
15157 [Forwarding findElement on session 79884c66-605f-4a8c-9556-5013692f6c33 to remote] DEBUG org.apache.http.client.protocol.RequestAuthCache  - Auth cache not set in the context
15157 [Forwarding findElement on session 79884c66-605f-4a8c-9556-5013692f6c33 to remote] DEBUG org.apache.http.client.protocol.RequestTargetAuthentication  - Target auth state: UNCHALLENGED
15157 [Forwarding findElement on session 79884c66-605f-4a8c-9556-5013692f6c33 to remote] DEBUG org.apache.http.client.protocol.RequestProxyAuthentication  - Proxy auth state: UNCHALLENGED
15157 [Forwarding findElement on session 79884c66-605f-4a8c-9556-5013692f6c33 to remote] DEBUG org.apache.http.impl.client.DefaultHttpClient  - Attempt 1 to execute request
15157 [Forwarding findElement on session 79884c66-605f-4a8c-9556-5013692f6c33 to remote] DEBUG org.apache.http.impl.conn.DefaultClientConnection  - Sending request: POST /session/79884c66-605f-4a8c-9556-5013692f6c33/element HTTP/1.1
15157 [Forwarding findElement on session 79884c66-605f-4a8c-9556-5013692f6c33 to remote] DEBUG org.apache.http.wire  - >> "POST /session/79884c66-605f-4a8c-9556-5013692f6c33/element HTTP/1.1[\r][\n]"
15157 [Forwarding findElement on session 79884c66-605f-4a8c-9556-5013692f6c33 to remote] DEBUG org.apache.http.wire  - >> "Accept: application/json, image/png[\r][\n]"
15157 [Forwarding findElement on session 79884c66-605f-4a8c-9556-5013692f6c33 to remote] DEBUG org.apache.http.wire  - >> "Content-Type: application/json; charset=utf-8[\r][\n]"
15157 [Forwarding findElement on session 79884c66-605f-4a8c-9556-5013692f6c33 to remote] DEBUG org.apache.http.wire  - >> "Content-Length: 39[\r][\n]"
15157 [Forwarding findElement on session 79884c66-605f-4a8c-9556-5013692f6c33 to remote] DEBUG org.apache.http.wire  - >> "Host: localhost:38029[\r][\n]"
15157 [Forwarding findElement on session 79884c66-605f-4a8c-9556-5013692f6c33 to remote] DEBUG org.apache.http.wire  - >> "Connection: Keep-Alive[\r][\n]"
15157 [Forwarding findElement on session 79884c66-605f-4a8c-9556-5013692f6c33 to remote] DEBUG org.apache.http.wire  - >> "[\r][\n]"
15157 [Forwarding findElement on session 79884c66-605f-4a8c-9556-5013692f6c33 to remote] DEBUG org.apache.http.headers  - >> POST /session/79884c66-605f-4a8c-9556-5013692f6c33/element HTTP/1.1
15157 [Forwarding findElement on session 79884c66-605f-4a8c-9556-5013692f6c33 to remote] DEBUG org.apache.http.headers  - >> Accept: application/json, image/png
15157 [Forwarding findElement on session 79884c66-605f-4a8c-9556-5013692f6c33 to remote] DEBUG org.apache.http.headers  - >> Content-Type: application/json; charset=utf-8
15157 [Forwarding findElement on session 79884c66-605f-4a8c-9556-5013692f6c33 to remote] DEBUG org.apache.http.headers  - >> Content-Length: 39
15157 [Forwarding findElement on session 79884c66-605f-4a8c-9556-5013692f6c33 to remote] DEBUG org.apache.http.headers  - >> Host: localhost:38029
15157 [Forwarding findElement on session 79884c66-605f-4a8c-9556-5013692f6c33 to remote] DEBUG org.apache.http.headers  - >> Connection: Keep-Alive
15157 [Forwarding findElement on session 79884c66-605f-4a8c-9556-5013692f6c33 to remote] DEBUG org.apache.http.wire  - >> "{"using":"name","value":"functionType"}"
15235 [Forwarding findElement on session 79884c66-605f-4a8c-9556-5013692f6c33 to remote] DEBUG org.apache.http.wire  - << "HTTP/1.1 200 OK[\r][\n]"
15235 [Forwarding findElement on session 79884c66-605f-4a8c-9556-5013692f6c33 to remote] DEBUG org.apache.http.wire  - << "Content-Length: 123[\r][\n]"
15235 [Forwarding findElement on session 79884c66-605f-4a8c-9556-5013692f6c33 to remote] DEBUG org.apache.http.wire  - << "Content-Type: application/json; charset=UTF-8[\r][\n]"
15235 [Forwarding findElement on session 79884c66-605f-4a8c-9556-5013692f6c33 to remote] DEBUG org.apache.http.wire  - << "Vary: Accept-Charset, Accept-Encoding, Accept-Language, Accept[\r][\n]"
15235 [Forwarding findElement on session 79884c66-605f-4a8c-9556-5013692f6c33 to remote] DEBUG org.apache.http.wire  - << "Accept-Ranges: bytes[\r][\n]"
15235 [Forwarding findElement on session 79884c66-605f-4a8c-9556-5013692f6c33 to remote] DEBUG org.apache.http.wire  - << "Connection: close[\r][\n]"
15235 [Forwarding findElement on session 79884c66-605f-4a8c-9556-5013692f6c33 to remote] DEBUG org.apache.http.wire  - << "[\r][\n]"
15235 [Forwarding findElement on session 79884c66-605f-4a8c-9556-5013692f6c33 to remote] DEBUG org.apache.http.impl.conn.DefaultClientConnection  - Receiving response: HTTP/1.1 200 OK
15235 [Forwarding findElement on session 79884c66-605f-4a8c-9556-5013692f6c33 to remote] DEBUG org.apache.http.headers  - << HTTP/1.1 200 OK
15235 [Forwarding findElement on session 79884c66-605f-4a8c-9556-5013692f6c33 to remote] DEBUG org.apache.http.headers  - << Content-Length: 123
15235 [Forwarding findElement on session 79884c66-605f-4a8c-9556-5013692f6c33 to remote] DEBUG org.apache.http.headers  - << Content-Type: application/json; charset=UTF-8
15235 [Forwarding findElement on session 79884c66-605f-4a8c-9556-5013692f6c33 to remote] DEBUG org.apache.http.headers  - << Vary: Accept-Charset, Accept-Encoding, Accept-Language, Accept
15235 [Forwarding findElement on session 79884c66-605f-4a8c-9556-5013692f6c33 to remote] DEBUG org.apache.http.headers  - << Accept-Ranges: bytes
15235 [Forwarding findElement on session 79884c66-605f-4a8c-9556-5013692f6c33 to remote] DEBUG org.apache.http.headers  - << Connection: close
15235 [Forwarding findElement on session 79884c66-605f-4a8c-9556-5013692f6c33 to remote] DEBUG org.apache.http.wire  - << "{"sessionId":"79884c66-605f-4a8c-9556-5013692f6c33","status":0,"value":{"ELEMENT":"a062ad1b-e7ce-4133-bde5-4e8b96ba5f32"}}[\n]"
15235 [Forwarding findElement on session 79884c66-605f-4a8c-9556-5013692f6c33 to remote] DEBUG org.apache.http.impl.conn.DefaultClientConnection  - Connection 0.0.0.0:4062<->127.0.0.1:38029 shut down
15235 [Forwarding findElement on session 79884c66-605f-4a8c-9556-5013692f6c33 to remote] DEBUG org.apache.http.impl.conn.tsccm.ThreadSafeClientConnManager  - Released connection is not reusable.
15235 [Forwarding findElement on session 79884c66-605f-4a8c-9556-5013692f6c33 to remote] DEBUG org.apache.http.impl.conn.tsccm.ConnPoolByRoute  - Releasing connection [{}->http://localhost:38029][null]
15235 [Forwarding findElement on session 79884c66-605f-4a8c-9556-5013692f6c33 to remote] DEBUG org.apache.http.impl.conn.DefaultClientConnection  - Connection 0.0.0.0:4062<->127.0.0.1:38029 closed
15235 [Forwarding findElement on session 79884c66-605f-4a8c-9556-5013692f6c33 to remote] DEBUG org.apache.http.impl.conn.tsccm.ConnPoolByRoute  - Notifying no-one, there are no waiting threads
16234 [Forwarding getElementTagName on session 79884c66-605f-4a8c-9556-5013692f6c33 to remote] DEBUG org.apache.http.impl.conn.tsccm.ThreadSafeClientConnManager  - Get connection: {}->http://localhost:38029, timeout = 120000
16234 [Forwarding getElementTagName on session 79884c66-605f-4a8c-9556-5013692f6c33 to remote] DEBUG org.apache.http.impl.conn.tsccm.ConnPoolByRoute  - [{}->http://localhost:38029] total kept alive: 0, total issued: 0, total allocated: 0 out of 2000
16234 [Forwarding getElementTagName on session 79884c66-605f-4a8c-9556-5013692f6c33 to remote] DEBUG org.apache.http.impl.conn.tsccm.ConnPoolByRoute  - No free connections [{}->http://localhost:38029][null]
16234 [Forwarding getElementTagName on session 79884c66-605f-4a8c-9556-5013692f6c33 to remote] DEBUG org.apache.http.impl.conn.tsccm.ConnPoolByRoute  - Available capacity: 2000 out of 2000 [{}->http://localhost:38029][null]
16234 [Forwarding getElementTagName on session 79884c66-605f-4a8c-9556-5013692f6c33 to remote] DEBUG org.apache.http.impl.conn.tsccm.ConnPoolByRoute  - Creating new connection [{}->http://localhost:38029]
16234 [Forwarding getElementTagName on session 79884c66-605f-4a8c-9556-5013692f6c33 to remote] DEBUG org.apache.http.impl.conn.DefaultClientConnectionOperator  - Connecting to localhost:38029
16234 [Forwarding getElementTagName on session 79884c66-605f-4a8c-9556-5013692f6c33 to remote] DEBUG org.apache.http.client.protocol.RequestAddCookies  - CookieSpec selected: best-match
16234 [Forwarding getElementTagName on session 79884c66-605f-4a8c-9556-5013692f6c33 to remote] DEBUG org.apache.http.client.protocol.RequestAuthCache  - Auth cache not set in the context
16234 [Forwarding getElementTagName on session 79884c66-605f-4a8c-9556-5013692f6c33 to remote] DEBUG org.apache.http.client.protocol.RequestTargetAuthentication  - Target auth state: UNCHALLENGED
16234 [Forwarding getElementTagName on session 79884c66-605f-4a8c-9556-5013692f6c33 to remote] DEBUG org.apache.http.client.protocol.RequestProxyAuthentication  - Proxy auth state: UNCHALLENGED
16234 [Forwarding getElementTagName on session 79884c66-605f-4a8c-9556-5013692f6c33 to remote] DEBUG org.apache.http.impl.client.DefaultHttpClient  - Attempt 1 to execute request
16234 [Forwarding getElementTagName on session 79884c66-605f-4a8c-9556-5013692f6c33 to remote] DEBUG org.apache.http.impl.conn.DefaultClientConnection  - Sending request: GET /session/79884c66-605f-4a8c-9556-5013692f6c33/element/a062ad1b-e7ce-4133-bde5-4e8b96ba5f32/name HTTP/1.1
16234 [Forwarding getElementTagName on session 79884c66-605f-4a8c-9556-5013692f6c33 to remote] DEBUG org.apache.http.wire  - >> "GET /session/79884c66-605f-4a8c-9556-5013692f6c33/element/a062ad1b-e7ce-4133-bde5-4e8b96ba5f32/name HTTP/1.1[\r][\n]"
16234 [Forwarding getElementTagName on session 79884c66-605f-4a8c-9556-5013692f6c33 to remote] DEBUG org.apache.http.wire  - >> "Accept: application/json, image/png[\r][\n]"
16234 [Forwarding getElementTagName on session 79884c66-605f-4a8c-9556-5013692f6c33 to remote] DEBUG org.apache.http.wire  - >> "Cache-Control: no-cache[\r][\n]"
16234 [Forwarding getElementTagName on session 79884c66-605f-4a8c-9556-5013692f6c33 to remote] DEBUG org.apache.http.wire  - >> "Host: localhost:38029[\r][\n]"
16234 [Forwarding getElementTagName on session 79884c66-605f-4a8c-9556-5013692f6c33 to remote] DEBUG org.apache.http.wire  - >> "Connection: Keep-Alive[\r][\n]"
16234 [Forwarding getElementTagName on session 79884c66-605f-4a8c-9556-5013692f6c33 to remote] DEBUG org.apache.http.wire  - >> "[\r][\n]"
16234 [Forwarding getElementTagName on session 79884c66-605f-4a8c-9556-5013692f6c33 to remote] DEBUG org.apache.http.headers  - >> GET /session/79884c66-605f-4a8c-9556-5013692f6c33/element/a062ad1b-e7ce-4133-bde5-4e8b96ba5f32/name HTTP/1.1
16234 [Forwarding getElementTagName on session 79884c66-605f-4a8c-9556-5013692f6c33 to remote] DEBUG org.apache.http.headers  - >> Accept: application/json, image/png
16234 [Forwarding getElementTagName on session 79884c66-605f-4a8c-9556-5013692f6c33 to remote] DEBUG org.apache.http.headers  - >> Cache-Control: no-cache
16234 [Forwarding getElementTagName on session 79884c66-605f-4a8c-9556-5013692f6c33 to remote] DEBUG org.apache.http.headers  - >> Host: localhost:38029
16234 [Forwarding getElementTagName on session 79884c66-605f-4a8c-9556-5013692f6c33 to remote] DEBUG org.apache.http.headers  - >> Connection: Keep-Alive
16281 [Forwarding getElementTagName on session 79884c66-605f-4a8c-9556-5013692f6c33 to remote] DEBUG org.apache.http.wire  - << "HTTP/1.1 200 OK[\r][\n]"
16281 [Forwarding getElementTagName on session 79884c66-605f-4a8c-9556-5013692f6c33 to remote] DEBUG org.apache.http.wire  - << "Content-Length: 81[\r][\n]"
16281 [Forwarding getElementTagName on session 79884c66-605f-4a8c-9556-5013692f6c33 to remote] DEBUG org.apache.http.wire  - << "Content-Type: application/json; charset=UTF-8[\r][\n]"
16281 [Forwarding getElementTagName on session 79884c66-605f-4a8c-9556-5013692f6c33 to remote] DEBUG org.apache.http.wire  - << "Vary: Accept-Charset, Accept-Encoding, Accept-Language, Accept[\r][\n]"
16281 [Forwarding getElementTagName on session 79884c66-605f-4a8c-9556-5013692f6c33 to remote] DEBUG org.apache.http.wire  - << "Accept-Ranges: bytes[\r][\n]"
16281 [Forwarding getElementTagName on session 79884c66-605f-4a8c-9556-5013692f6c33 to remote] DEBUG org.apache.http.wire  - << "Connection: close[\r][\n]"
16281 [Forwarding getElementTagName on session 79884c66-605f-4a8c-9556-5013692f6c33 to remote] DEBUG org.apache.http.wire  - << "[\r][\n]"
16281 [Forwarding getElementTagName on session 79884c66-605f-4a8c-9556-5013692f6c33 to remote] DEBUG org.apache.http.impl.conn.DefaultClientConnection  - Receiving response: HTTP/1.1 200 OK
16281 [Forwarding getElementTagName on session 79884c66-605f-4a8c-9556-5013692f6c33 to remote] DEBUG org.apache.http.headers  - << HTTP/1.1 200 OK
16281 [Forwarding getElementTagName on session 79884c66-605f-4a8c-9556-5013692f6c33 to remote] DEBUG org.apache.http.headers  - << Content-Length: 81
16281 [Forwarding getElementTagName on session 79884c66-605f-4a8c-9556-5013692f6c33 to remote] DEBUG org.apache.http.headers  - << Content-Type: application/json; charset=UTF-8
16281 [Forwarding getElementTagName on session 79884c66-605f-4a8c-9556-5013692f6c33 to remote] DEBUG org.apache.http.headers  - << Vary: Accept-Charset, Accept-Encoding, Accept-Language, Accept
16281 [Forwarding getElementTagName on session 79884c66-605f-4a8c-9556-5013692f6c33 to remote] DEBUG org.apache.http.headers  - << Accept-Ranges: bytes
16281 [Forwarding getElementTagName on session 79884c66-605f-4a8c-9556-5013692f6c33 to remote] DEBUG org.apache.http.headers  - << Connection: close
16281 [Forwarding getElementTagName on session 79884c66-605f-4a8c-9556-5013692f6c33 to remote] DEBUG org.apache.http.wire  - << "{"sessionId":"79884c66-605f-4a8c-9556-5013692f6c33","status":0,"value":"select"}[\n]"
16281 [Forwarding getElementTagName on session 79884c66-605f-4a8c-9556-5013692f6c33 to remote] DEBUG org.apache.http.impl.conn.DefaultClientConnection  - Connection 0.0.0.0:4063<->127.0.0.1:38029 shut down
16281 [Forwarding getElementTagName on session 79884c66-605f-4a8c-9556-5013692f6c33 to remote] DEBUG org.apache.http.impl.conn.tsccm.ThreadSafeClientConnManager  - Released connection is not reusable.
16281 [Forwarding getElementTagName on session 79884c66-605f-4a8c-9556-5013692f6c33 to remote] DEBUG org.apache.http.impl.conn.tsccm.ConnPoolByRoute  - Releasing connection [{}->http://localhost:38029][null]
16281 [Forwarding getElementTagName on session 79884c66-605f-4a8c-9556-5013692f6c33 to remote] DEBUG org.apache.http.impl.conn.DefaultClientConnection  - Connection 0.0.0.0:4063<->127.0.0.1:38029 closed
16281 [Forwarding getElementTagName on session 79884c66-605f-4a8c-9556-5013692f6c33 to remote] DEBUG org.apache.http.impl.conn.tsccm.ConnPoolByRoute  - Notifying no-one, there are no waiting threads
16281 [Forwarding getElementAttribute on session 79884c66-605f-4a8c-9556-5013692f6c33 to remote] DEBUG org.apache.http.impl.conn.tsccm.ThreadSafeClientConnManager  - Get connection: {}->http://localhost:38029, timeout = 120000
16281 [Forwarding getElementAttribute on session 79884c66-605f-4a8c-9556-5013692f6c33 to remote] DEBUG org.apache.http.impl.conn.tsccm.ConnPoolByRoute  - [{}->http://localhost:38029] total kept alive: 0, total issued: 0, total allocated: 0 out of 2000
16281 [Forwarding getElementAttribute on session 79884c66-605f-4a8c-9556-5013692f6c33 to remote] DEBUG org.apache.http.impl.conn.tsccm.ConnPoolByRoute  - No free connections [{}->http://localhost:38029][null]
16281 [Forwarding getElementAttribute on session 79884c66-605f-4a8c-9556-5013692f6c33 to remote] DEBUG org.apache.http.impl.conn.tsccm.ConnPoolByRoute  - Available capacity: 2000 out of 2000 [{}->http://localhost:38029][null]
16281 [Forwarding getElementAttribute on session 79884c66-605f-4a8c-9556-5013692f6c33 to remote] DEBUG org.apache.http.impl.conn.tsccm.ConnPoolByRoute  - Creating new connection [{}->http://localhost:38029]
16281 [Forwarding getElementAttribute on session 79884c66-605f-4a8c-9556-5013692f6c33 to remote] DEBUG org.apache.http.impl.conn.DefaultClientConnectionOperator  - Connecting to localhost:38029
16281 [Forwarding getElementAttribute on session 79884c66-605f-4a8c-9556-5013692f6c33 to remote] DEBUG org.apache.http.client.protocol.RequestAddCookies  - CookieSpec selected: best-match
16281 [Forwarding getElementAttribute on session 79884c66-605f-4a8c-9556-5013692f6c33 to remote] DEBUG org.apache.http.client.protocol.RequestAuthCache  - Auth cache not set in the context
16281 [Forwarding getElementAttribute on session 79884c66-605f-4a8c-9556-5013692f6c33 to remote] DEBUG org.apache.http.client.protocol.RequestTargetAuthentication  - Target auth state: UNCHALLENGED
16281 [Forwarding getElementAttribute on session 79884c66-605f-4a8c-9556-5013692f6c33 to remote] DEBUG org.apache.http.client.protocol.RequestProxyAuthentication  - Proxy auth state: UNCHALLENGED
16281 [Forwarding getElementAttribute on session 79884c66-605f-4a8c-9556-5013692f6c33 to remote] DEBUG org.apache.http.impl.client.DefaultHttpClient  - Attempt 1 to execute request
16281 [Forwarding getElementAttribute on session 79884c66-605f-4a8c-9556-5013692f6c33 to remote] DEBUG org.apache.http.impl.conn.DefaultClientConnection  - Sending request: GET /session/79884c66-605f-4a8c-9556-5013692f6c33/element/a062ad1b-e7ce-4133-bde5-4e8b96ba5f32/attribute/multiple HTTP/1.1
16281 [Forwarding getElementAttribute on session 79884c66-605f-4a8c-9556-5013692f6c33 to remote] DEBUG org.apache.http.wire  - >> "GET /session/79884c66-605f-4a8c-9556-5013692f6c33/element/a062ad1b-e7ce-4133-bde5-4e8b96ba5f32/attribute/multiple HTTP/1.1[\r][\n]"
16281 [Forwarding getElementAttribute on session 79884c66-605f-4a8c-9556-5013692f6c33 to remote] DEBUG org.apache.http.wire  - >> "Accept: application/json, image/png[\r][\n]"
16281 [Forwarding getElementAttribute on session 79884c66-605f-4a8c-9556-5013692f6c33 to remote] DEBUG org.apache.http.wire  - >> "Cache-Control: no-cache[\r][\n]"
16281 [Forwarding getElementAttribute on session 79884c66-605f-4a8c-9556-5013692f6c33 to remote] DEBUG org.apache.http.wire  - >> "Host: localhost:38029[\r][\n]"
16281 [Forwarding getElementAttribute on session 79884c66-605f-4a8c-9556-5013692f6c33 to remote] DEBUG org.apache.http.wire  - >> "Connection: Keep-Alive[\r][\n]"
16281 [Forwarding getElementAttribute on session 79884c66-605f-4a8c-9556-5013692f6c33 to remote] DEBUG org.apache.http.wire  - >> "[\r][\n]"
16281 [Forwarding getElementAttribute on session 79884c66-605f-4a8c-9556-5013692f6c33 to remote] DEBUG org.apache.http.headers  - >> GET /session/79884c66-605f-4a8c-9556-5013692f6c33/element/a062ad1b-e7ce-4133-bde5-4e8b96ba5f32/attribute/multiple HTTP/1.1
16281 [Forwarding getElementAttribute on session 79884c66-605f-4a8c-9556-5013692f6c33 to remote] DEBUG org.apache.http.headers  - >> Accept: application/json, image/png
16281 [Forwarding getElementAttribute on session 79884c66-605f-4a8c-9556-5013692f6c33 to remote] DEBUG org.apache.http.headers  - >> Cache-Control: no-cache
16281 [Forwarding getElementAttribute on session 79884c66-605f-4a8c-9556-5013692f6c33 to remote] DEBUG org.apache.http.headers  - >> Host: localhost:38029
16281 [Forwarding getElementAttribute on session 79884c66-605f-4a8c-9556-5013692f6c33 to remote] DEBUG org.apache.http.headers  - >> Connection: Keep-Alive
16344 [Forwarding getElementAttribute on session 79884c66-605f-4a8c-9556-5013692f6c33 to remote] DEBUG org.apache.http.wire  - << "HTTP/1.1 200 OK[\r][\n]"
16344 [Forwarding getElementAttribute on session 79884c66-605f-4a8c-9556-5013692f6c33 to remote] DEBUG org.apache.http.wire  - << "Content-Length: 77[\r][\n]"
16344 [Forwarding getElementAttribute on session 79884c66-605f-4a8c-9556-5013692f6c33 to remote] DEBUG org.apache.http.wire  - << "Content-Type: application/json; charset=UTF-8[\r][\n]"
16344 [Forwarding getElementAttribute on session 79884c66-605f-4a8c-9556-5013692f6c33 to remote] DEBUG org.apache.http.wire  - << "Vary: Accept-Charset, Accept-Encoding, Accept-Language, Accept[\r][\n]"
16344 [Forwarding getElementAttribute on session 79884c66-605f-4a8c-9556-5013692f6c33 to remote] DEBUG org.apache.http.wire  - << "Accept-Ranges: bytes[\r][\n]"
16344 [Forwarding getElementAttribute on session 79884c66-605f-4a8c-9556-5013692f6c33 to remote] DEBUG org.apache.http.wire  - << "Connection: close[\r][\n]"
16344 [Forwarding getElementAttribute on session 79884c66-605f-4a8c-9556-5013692f6c33 to remote] DEBUG org.apache.http.wire  - << "[\r][\n]"
16344 [Forwarding getElementAttribute on session 79884c66-605f-4a8c-9556-5013692f6c33 to remote] DEBUG org.apache.http.impl.conn.DefaultClientConnection  - Receiving response: HTTP/1.1 200 OK
16344 [Forwarding getElementAttribute on session 79884c66-605f-4a8c-9556-5013692f6c33 to remote] DEBUG org.apache.http.headers  - << HTTP/1.1 200 OK
16344 [Forwarding getElementAttribute on session 79884c66-605f-4a8c-9556-5013692f6c33 to remote] DEBUG org.apache.http.headers  - << Content-Length: 77
16344 [Forwarding getElementAttribute on session 79884c66-605f-4a8c-9556-5013692f6c33 to remote] DEBUG org.apache.http.headers  - << Content-Type: application/json; charset=UTF-8
16344 [Forwarding getElementAttribute on session 79884c66-605f-4a8c-9556-5013692f6c33 to remote] DEBUG org.apache.http.headers  - << Vary: Accept-Charset, Accept-Encoding, Accept-Language, Accept
16344 [Forwarding getElementAttribute on session 79884c66-605f-4a8c-9556-5013692f6c33 to remote] DEBUG org.apache.http.headers  - << Accept-Ranges: bytes
16344 [Forwarding getElementAttribute on session 79884c66-605f-4a8c-9556-5013692f6c33 to remote] DEBUG org.apache.http.headers  - << Connection: close
16344 [Forwarding getElementAttribute on session 79884c66-605f-4a8c-9556-5013692f6c33 to remote] DEBUG org.apache.http.wire  - << "{"sessionId":"79884c66-605f-4a8c-9556-5013692f6c33","status":0,"value":null}[\n]"
16344 [Forwarding getElementAttribute on session 79884c66-605f-4a8c-9556-5013692f6c33 to remote] DEBUG org.apache.http.impl.conn.DefaultClientConnection  - Connection 0.0.0.0:4064<->127.0.0.1:38029 shut down
16344 [Forwarding getElementAttribute on session 79884c66-605f-4a8c-9556-5013692f6c33 to remote] DEBUG org.apache.http.impl.conn.tsccm.ThreadSafeClientConnManager  - Released connection is not reusable.
16344 [Forwarding getElementAttribute on session 79884c66-605f-4a8c-9556-5013692f6c33 to remote] DEBUG org.apache.http.impl.conn.tsccm.ConnPoolByRoute  - Releasing connection [{}->http://localhost:38029][null]
16344 [Forwarding getElementAttribute on session 79884c66-605f-4a8c-9556-5013692f6c33 to remote] DEBUG org.apache.http.impl.conn.DefaultClientConnection  - Connection 0.0.0.0:4064<->127.0.0.1:38029 closed
16344 [Forwarding getElementAttribute on session 79884c66-605f-4a8c-9556-5013692f6c33 to remote] DEBUG org.apache.http.impl.conn.tsccm.ConnPoolByRoute  - Notifying no-one, there are no waiting threads
16344 [Forwarding findChildElements on session 79884c66-605f-4a8c-9556-5013692f6c33 to remote] DEBUG org.apache.http.impl.conn.tsccm.ThreadSafeClientConnManager  - Get connection: {}->http://localhost:38029, timeout = 120000
16344 [Forwarding findChildElements on session 79884c66-605f-4a8c-9556-5013692f6c33 to remote] DEBUG org.apache.http.impl.conn.tsccm.ConnPoolByRoute  - [{}->http://localhost:38029] total kept alive: 0, total issued: 0, total allocated: 0 out of 2000
16344 [Forwarding findChildElements on session 79884c66-605f-4a8c-9556-5013692f6c33 to remote] DEBUG org.apache.http.impl.conn.tsccm.ConnPoolByRoute  - No free connections [{}->http://localhost:38029][null]
16344 [Forwarding findChildElements on session 79884c66-605f-4a8c-9556-5013692f6c33 to remote] DEBUG org.apache.http.impl.conn.tsccm.ConnPoolByRoute  - Available capacity: 2000 out of 2000 [{}->http://localhost:38029][null]
16344 [Forwarding findChildElements on session 79884c66-605f-4a8c-9556-5013692f6c33 to remote] DEBUG org.apache.http.impl.conn.tsccm.ConnPoolByRoute  - Creating new connection [{}->http://localhost:38029]
16344 [Forwarding findChildElements on session 79884c66-605f-4a8c-9556-5013692f6c33 to remote] DEBUG org.apache.http.impl.conn.DefaultClientConnectionOperator  - Connecting to localhost:38029
16344 [Forwarding findChildElements on session 79884c66-605f-4a8c-9556-5013692f6c33 to remote] DEBUG org.apache.http.client.protocol.RequestAddCookies  - CookieSpec selected: best-match
16344 [Forwarding findChildElements on session 79884c66-605f-4a8c-9556-5013692f6c33 to remote] DEBUG org.apache.http.client.protocol.RequestAuthCache  - Auth cache not set in the context
16344 [Forwarding findChildElements on session 79884c66-605f-4a8c-9556-5013692f6c33 to remote] DEBUG org.apache.http.client.protocol.RequestTargetAuthentication  - Target auth state: UNCHALLENGED
16344 [Forwarding findChildElements on session 79884c66-605f-4a8c-9556-5013692f6c33 to remote] DEBUG org.apache.http.client.protocol.RequestProxyAuthentication  - Proxy auth state: UNCHALLENGED
16344 [Forwarding findChildElements on session 79884c66-605f-4a8c-9556-5013692f6c33 to remote] DEBUG org.apache.http.impl.client.DefaultHttpClient  - Attempt 1 to execute request
16344 [Forwarding findChildElements on session 79884c66-605f-4a8c-9556-5013692f6c33 to remote] DEBUG org.apache.http.impl.conn.DefaultClientConnection  - Sending request: POST /session/79884c66-605f-4a8c-9556-5013692f6c33/element/a062ad1b-e7ce-4133-bde5-4e8b96ba5f32/elements HTTP/1.1
16344 [Forwarding findChildElements on session 79884c66-605f-4a8c-9556-5013692f6c33 to remote] DEBUG org.apache.http.wire  - >> "POST /session/79884c66-605f-4a8c-9556-5013692f6c33/element/a062ad1b-e7ce-4133-bde5-4e8b96ba5f32/elements HTTP/1.1[\r][\n]"
16344 [Forwarding findChildElements on session 79884c66-605f-4a8c-9556-5013692f6c33 to remote] DEBUG org.apache.http.wire  - >> "Accept: application/json, image/png[\r][\n]"
16344 [Forwarding findChildElements on session 79884c66-605f-4a8c-9556-5013692f6c33 to remote] DEBUG org.apache.http.wire  - >> "Content-Type: application/json; charset=utf-8[\r][\n]"
16344 [Forwarding findChildElements on session 79884c66-605f-4a8c-9556-5013692f6c33 to remote] DEBUG org.apache.http.wire  - >> "Content-Length: 128[\r][\n]"
16344 [Forwarding findChildElements on session 79884c66-605f-4a8c-9556-5013692f6c33 to remote] DEBUG org.apache.http.wire  - >> "Host: localhost:38029[\r][\n]"
16344 [Forwarding findChildElements on session 79884c66-605f-4a8c-9556-5013692f6c33 to remote] DEBUG org.apache.http.wire  - >> "Connection: Keep-Alive[\r][\n]"
16344 [Forwarding findChildElements on session 79884c66-605f-4a8c-9556-5013692f6c33 to remote] DEBUG org.apache.http.wire  - >> "[\r][\n]"
16344 [Forwarding findChildElements on session 79884c66-605f-4a8c-9556-5013692f6c33 to remote] DEBUG org.apache.http.headers  - >> POST /session/79884c66-605f-4a8c-9556-5013692f6c33/element/a062ad1b-e7ce-4133-bde5-4e8b96ba5f32/elements HTTP/1.1
16344 [Forwarding findChildElements on session 79884c66-605f-4a8c-9556-5013692f6c33 to remote] DEBUG org.apache.http.headers  - >> Accept: application/json, image/png
16344 [Forwarding findChildElements on session 79884c66-605f-4a8c-9556-5013692f6c33 to remote] DEBUG org.apache.http.headers  - >> Content-Type: application/json; charset=utf-8
16344 [Forwarding findChildElements on session 79884c66-605f-4a8c-9556-5013692f6c33 to remote] DEBUG org.apache.http.headers  - >> Content-Length: 128
16344 [Forwarding findChildElements on session 79884c66-605f-4a8c-9556-5013692f6c33 to remote] DEBUG org.apache.http.headers  - >> Host: localhost:38029
16344 [Forwarding findChildElements on session 79884c66-605f-4a8c-9556-5013692f6c33 to remote] DEBUG org.apache.http.headers  - >> Connection: Keep-Alive
16344 [Forwarding findChildElements on session 79884c66-605f-4a8c-9556-5013692f6c33 to remote] DEBUG org.apache.http.wire  - >> "{"id":"a062ad1b-e7ce-4133-bde5-4e8b96ba5f32","using":"xpath","value":".//option[normalize-space(.) = \"Homeowner Full Quote\"]"}"
16515 [Forwarding findChildElements on session 79884c66-605f-4a8c-9556-5013692f6c33 to remote] DEBUG org.apache.http.wire  - << "HTTP/1.1 200 OK[\r][\n]"
16515 [Forwarding findChildElements on session 79884c66-605f-4a8c-9556-5013692f6c33 to remote] DEBUG org.apache.http.wire  - << "Content-Length: 125[\r][\n]"
16515 [Forwarding findChildElements on session 79884c66-605f-4a8c-9556-5013692f6c33 to remote] DEBUG org.apache.http.wire  - << "Content-Type: application/json; charset=UTF-8[\r][\n]"
16515 [Forwarding findChildElements on session 79884c66-605f-4a8c-9556-5013692f6c33 to remote] DEBUG org.apache.http.wire  - << "Vary: Accept-Charset, Accept-Encoding, Accept-Language, Accept[\r][\n]"
16515 [Forwarding findChildElements on session 79884c66-605f-4a8c-9556-5013692f6c33 to remote] DEBUG org.apache.http.wire  - << "Accept-Ranges: bytes[\r][\n]"
16515 [Forwarding findChildElements on session 79884c66-605f-4a8c-9556-5013692f6c33 to remote] DEBUG org.apache.http.wire  - << "Connection: close[\r][\n]"
16515 [Forwarding findChildElements on session 79884c66-605f-4a8c-9556-5013692f6c33 to remote] DEBUG org.apache.http.wire  - << "[\r][\n]"
16515 [Forwarding findChildElements on session 79884c66-605f-4a8c-9556-5013692f6c33 to remote] DEBUG org.apache.http.impl.conn.DefaultClientConnection  - Receiving response: HTTP/1.1 200 OK
16515 [Forwarding findChildElements on session 79884c66-605f-4a8c-9556-5013692f6c33 to remote] DEBUG org.apache.http.headers  - << HTTP/1.1 200 OK
16515 [Forwarding findChildElements on session 79884c66-605f-4a8c-9556-5013692f6c33 to remote] DEBUG org.apache.http.headers  - << Content-Length: 125
16515 [Forwarding findChildElements on session 79884c66-605f-4a8c-9556-5013692f6c33 to remote] DEBUG org.apache.http.headers  - << Content-Type: application/json; charset=UTF-8
16515 [Forwarding findChildElements on session 79884c66-605f-4a8c-9556-5013692f6c33 to remote] DEBUG org.apache.http.headers  - << Vary: Accept-Charset, Accept-Encoding, Accept-Language, Accept
16515 [Forwarding findChildElements on session 79884c66-605f-4a8c-9556-5013692f6c33 to remote] DEBUG org.apache.http.headers  - << Accept-Ranges: bytes
16515 [Forwarding findChildElements on session 79884c66-605f-4a8c-9556-5013692f6c33 to remote] DEBUG org.apache.http.headers  - << Connection: close
16515 [Forwarding findChildElements on session 79884c66-605f-4a8c-9556-5013692f6c33 to remote] DEBUG org.apache.http.wire  - << "{"sessionId":"79884c66-605f-4a8c-9556-5013692f6c33","status":0,"value":[{"ELEMENT":"c7317c02-8c7e-450f-a109-0be2cc820725"}]}[\n]"
16515 [Forwarding findChildElements on session 79884c66-605f-4a8c-9556-5013692f6c33 to remote] DEBUG org.apache.http.impl.conn.DefaultClientConnection  - Connection 0.0.0.0:4065<->127.0.0.1:38029 shut down
16515 [Forwarding findChildElements on session 79884c66-605f-4a8c-9556-5013692f6c33 to remote] DEBUG org.apache.http.impl.conn.tsccm.ThreadSafeClientConnManager  - Released connection is not reusable.
16515 [Forwarding findChildElements on session 79884c66-605f-4a8c-9556-5013692f6c33 to remote] DEBUG org.apache.http.impl.conn.tsccm.ConnPoolByRoute  - Releasing connection [{}->http://localhost:38029][null]
16515 [Forwarding findChildElements on session 79884c66-605f-4a8c-9556-5013692f6c33 to remote] DEBUG org.apache.http.impl.conn.DefaultClientConnection  - Connection 0.0.0.0:4065<->127.0.0.1:38029 closed
16515 [Forwarding findChildElements on session 79884c66-605f-4a8c-9556-5013692f6c33 to remote] DEBUG org.apache.http.impl.conn.tsccm.ConnPoolByRoute  - Notifying no-one, there are no waiting threads
16515 [Forwarding isElementSelected on session 79884c66-605f-4a8c-9556-5013692f6c33 to remote] DEBUG org.apache.http.impl.conn.tsccm.ThreadSafeClientConnManager  - Get connection: {}->http://localhost:38029, timeout = 120000
16515 [Forwarding isElementSelected on session 79884c66-605f-4a8c-9556-5013692f6c33 to remote] DEBUG org.apache.http.impl.conn.tsccm.ConnPoolByRoute  - [{}->http://localhost:38029] total kept alive: 0, total issued: 0, total allocated: 0 out of 2000
16515 [Forwarding isElementSelected on session 79884c66-605f-4a8c-9556-5013692f6c33 to remote] DEBUG org.apache.http.impl.conn.tsccm.ConnPoolByRoute  - No free connections [{}->http://localhost:38029][null]
16515 [Forwarding isElementSelected on session 79884c66-605f-4a8c-9556-5013692f6c33 to remote] DEBUG org.apache.http.impl.conn.tsccm.ConnPoolByRoute  - Available capacity: 2000 out of 2000 [{}->http://localhost:38029][null]
16515 [Forwarding isElementSelected on session 79884c66-605f-4a8c-9556-5013692f6c33 to remote] DEBUG org.apache.http.impl.conn.tsccm.ConnPoolByRoute  - Creating new connection [{}->http://localhost:38029]
16515 [Forwarding isElementSelected on session 79884c66-605f-4a8c-9556-5013692f6c33 to remote] DEBUG org.apache.http.impl.conn.DefaultClientConnectionOperator  - Connecting to localhost:38029
16515 [Forwarding isElementSelected on session 79884c66-605f-4a8c-9556-5013692f6c33 to remote] DEBUG org.apache.http.client.protocol.RequestAddCookies  - CookieSpec selected: best-match
16515 [Forwarding isElementSelected on session 79884c66-605f-4a8c-9556-5013692f6c33 to remote] DEBUG org.apache.http.client.protocol.RequestAuthCache  - Auth cache not set in the context
16515 [Forwarding isElementSelected on session 79884c66-605f-4a8c-9556-5013692f6c33 to remote] DEBUG org.apache.http.client.protocol.RequestTargetAuthentication  - Target auth state: UNCHALLENGED
16515 [Forwarding isElementSelected on session 79884c66-605f-4a8c-9556-5013692f6c33 to remote] DEBUG org.apache.http.client.protocol.RequestProxyAuthentication  - Proxy auth state: UNCHALLENGED
16515 [Forwarding isElementSelected on session 79884c66-605f-4a8c-9556-5013692f6c33 to remote] DEBUG org.apache.http.impl.client.DefaultHttpClient  - Attempt 1 to execute request
16515 [Forwarding isElementSelected on session 79884c66-605f-4a8c-9556-5013692f6c33 to remote] DEBUG org.apache.http.impl.conn.DefaultClientConnection  - Sending request: GET /session/79884c66-605f-4a8c-9556-5013692f6c33/element/c7317c02-8c7e-450f-a109-0be2cc820725/selected HTTP/1.1
16515 [Forwarding isElementSelected on session 79884c66-605f-4a8c-9556-5013692f6c33 to remote] DEBUG org.apache.http.wire  - >> "GET /session/79884c66-605f-4a8c-9556-5013692f6c33/element/c7317c02-8c7e-450f-a109-0be2cc820725/selected HTTP/1.1[\r][\n]"
16515 [Forwarding isElementSelected on session 79884c66-605f-4a8c-9556-5013692f6c33 to remote] DEBUG org.apache.http.wire  - >> "Accept: application/json, image/png[\r][\n]"
16515 [Forwarding isElementSelected on session 79884c66-605f-4a8c-9556-5013692f6c33 to remote] DEBUG org.apache.http.wire  - >> "Cache-Control: no-cache[\r][\n]"
16515 [Forwarding isElementSelected on session 79884c66-605f-4a8c-9556-5013692f6c33 to remote] DEBUG org.apache.http.wire  - >> "Host: localhost:38029[\r][\n]"
16515 [Forwarding isElementSelected on session 79884c66-605f-4a8c-9556-5013692f6c33 to remote] DEBUG org.apache.http.wire  - >> "Connection: Keep-Alive[\r][\n]"
16515 [Forwarding isElementSelected on session 79884c66-605f-4a8c-9556-5013692f6c33 to remote] DEBUG org.apache.http.wire  - >> "[\r][\n]"
16515 [Forwarding isElementSelected on session 79884c66-605f-4a8c-9556-5013692f6c33 to remote] DEBUG org.apache.http.headers  - >> GET /session/79884c66-605f-4a8c-9556-5013692f6c33/element/c7317c02-8c7e-450f-a109-0be2cc820725/selected HTTP/1.1
16515 [Forwarding isElementSelected on session 79884c66-605f-4a8c-9556-5013692f6c33 to remote] DEBUG org.apache.http.headers  - >> Accept: application/json, image/png
16515 [Forwarding isElementSelected on session 79884c66-605f-4a8c-9556-5013692f6c33 to remote] DEBUG org.apache.http.headers  - >> Cache-Control: no-cache
16515 [Forwarding isElementSelected on session 79884c66-605f-4a8c-9556-5013692f6c33 to remote] DEBUG org.apache.http.headers  - >> Host: localhost:38029
16515 [Forwarding isElementSelected on session 79884c66-605f-4a8c-9556-5013692f6c33 to remote] DEBUG org.apache.http.headers  - >> Connection: Keep-Alive
16593 [Forwarding isElementSelected on session 79884c66-605f-4a8c-9556-5013692f6c33 to remote] DEBUG org.apache.http.wire  - << "HTTP/1.1 200 OK[\r][\n]"
16593 [Forwarding isElementSelected on session 79884c66-605f-4a8c-9556-5013692f6c33 to remote] DEBUG org.apache.http.wire  - << "Content-Length: 78[\r][\n]"
16593 [Forwarding isElementSelected on session 79884c66-605f-4a8c-9556-5013692f6c33 to remote] DEBUG org.apache.http.wire  - << "Content-Type: application/json; charset=UTF-8[\r][\n]"
16593 [Forwarding isElementSelected on session 79884c66-605f-4a8c-9556-5013692f6c33 to remote] DEBUG org.apache.http.wire  - << "Vary: Accept-Charset, Accept-Encoding, Accept-Language, Accept[\r][\n]"
16593 [Forwarding isElementSelected on session 79884c66-605f-4a8c-9556-5013692f6c33 to remote] DEBUG org.apache.http.wire  - << "Accept-Ranges: bytes[\r][\n]"
16593 [Forwarding isElementSelected on session 79884c66-605f-4a8c-9556-5013692f6c33 to remote] DEBUG org.apache.http.wire  - << "Connection: close[\r][\n]"
16593 [Forwarding isElementSelected on session 79884c66-605f-4a8c-9556-5013692f6c33 to remote] DEBUG org.apache.http.wire  - << "[\r][\n]"
16593 [Forwarding isElementSelected on session 79884c66-605f-4a8c-9556-5013692f6c33 to remote] DEBUG org.apache.http.impl.conn.DefaultClientConnection  - Receiving response: HTTP/1.1 200 OK
16593 [Forwarding isElementSelected on session 79884c66-605f-4a8c-9556-5013692f6c33 to remote] DEBUG org.apache.http.headers  - << HTTP/1.1 200 OK
16593 [Forwarding isElementSelected on session 79884c66-605f-4a8c-9556-5013692f6c33 to remote] DEBUG org.apache.http.headers  - << Content-Length: 78
16593 [Forwarding isElementSelected on session 79884c66-605f-4a8c-9556-5013692f6c33 to remote] DEBUG org.apache.http.headers  - << Content-Type: application/json; charset=UTF-8
16593 [Forwarding isElementSelected on session 79884c66-605f-4a8c-9556-5013692f6c33 to remote] DEBUG org.apache.http.headers  - << Vary: Accept-Charset, Accept-Encoding, Accept-Language, Accept
16593 [Forwarding isElementSelected on session 79884c66-605f-4a8c-9556-5013692f6c33 to remote] DEBUG org.apache.http.headers  - << Accept-Ranges: bytes
16593 [Forwarding isElementSelected on session 79884c66-605f-4a8c-9556-5013692f6c33 to remote] DEBUG org.apache.http.headers  - << Connection: close
16593 [Forwarding isElementSelected on session 79884c66-605f-4a8c-9556-5013692f6c33 to remote] DEBUG org.apache.http.wire  - << "{"sessionId":"79884c66-605f-4a8c-9556-5013692f6c33","status":0,"value":false}[\n]"
16593 [Forwarding isElementSelected on session 79884c66-605f-4a8c-9556-5013692f6c33 to remote] DEBUG org.apache.http.impl.conn.DefaultClientConnection  - Connection 0.0.0.0:4066<->127.0.0.1:38029 shut down
16593 [Forwarding isElementSelected on session 79884c66-605f-4a8c-9556-5013692f6c33 to remote] DEBUG org.apache.http.impl.conn.tsccm.ThreadSafeClientConnManager  - Released connection is not reusable.
16593 [Forwarding isElementSelected on session 79884c66-605f-4a8c-9556-5013692f6c33 to remote] DEBUG org.apache.http.impl.conn.tsccm.ConnPoolByRoute  - Releasing connection [{}->http://localhost:38029][null]
16593 [Forwarding isElementSelected on session 79884c66-605f-4a8c-9556-5013692f6c33 to remote] DEBUG org.apache.http.impl.conn.DefaultClientConnection  - Connection 0.0.0.0:4066<->127.0.0.1:38029 closed
16593 [Forwarding isElementSelected on session 79884c66-605f-4a8c-9556-5013692f6c33 to remote] DEBUG org.apache.http.impl.conn.tsccm.ConnPoolByRoute  - Notifying no-one, there are no waiting threads
16593 [Forwarding clickElement on session 79884c66-605f-4a8c-9556-5013692f6c33 to remote] DEBUG org.apache.http.impl.conn.tsccm.ThreadSafeClientConnManager  - Get connection: {}->http://localhost:38029, timeout = 120000
16593 [Forwarding clickElement on session 79884c66-605f-4a8c-9556-5013692f6c33 to remote] DEBUG org.apache.http.impl.conn.tsccm.ConnPoolByRoute  - [{}->http://localhost:38029] total kept alive: 0, total issued: 0, total allocated: 0 out of 2000
16593 [Forwarding clickElement on session 79884c66-605f-4a8c-9556-5013692f6c33 to remote] DEBUG org.apache.http.impl.conn.tsccm.ConnPoolByRoute  - No free connections [{}->http://localhost:38029][null]
16593 [Forwarding clickElement on session 79884c66-605f-4a8c-9556-5013692f6c33 to remote] DEBUG org.apache.http.impl.conn.tsccm.ConnPoolByRoute  - Available capacity: 2000 out of 2000 [{}->http://localhost:38029][null]
16593 [Forwarding clickElement on session 79884c66-605f-4a8c-9556-5013692f6c33 to remote] DEBUG org.apache.http.impl.conn.tsccm.ConnPoolByRoute  - Creating new connection [{}->http://localhost:38029]
16593 [Forwarding clickElement on session 79884c66-605f-4a8c-9556-5013692f6c33 to remote] DEBUG org.apache.http.impl.conn.DefaultClientConnectionOperator  - Connecting to localhost:38029
16593 [Forwarding clickElement on session 79884c66-605f-4a8c-9556-5013692f6c33 to remote] DEBUG org.apache.http.client.protocol.RequestAddCookies  - CookieSpec selected: best-match
16593 [Forwarding clickElement on session 79884c66-605f-4a8c-9556-5013692f6c33 to remote] DEBUG org.apache.http.client.protocol.RequestAuthCache  - Auth cache not set in the context
16593 [Forwarding clickElement on session 79884c66-605f-4a8c-9556-5013692f6c33 to remote] DEBUG org.apache.http.client.protocol.RequestTargetAuthentication  - Target auth state: UNCHALLENGED
16593 [Forwarding clickElement on session 79884c66-605f-4a8c-9556-5013692f6c33 to remote] DEBUG org.apache.http.client.protocol.RequestProxyAuthentication  - Proxy auth state: UNCHALLENGED
16593 [Forwarding clickElement on session 79884c66-605f-4a8c-9556-5013692f6c33 to remote] DEBUG org.apache.http.impl.client.DefaultHttpClient  - Attempt 1 to execute request
16593 [Forwarding clickElement on session 79884c66-605f-4a8c-9556-5013692f6c33 to remote] DEBUG org.apache.http.impl.conn.DefaultClientConnection  - Sending request: POST /session/79884c66-605f-4a8c-9556-5013692f6c33/element/c7317c02-8c7e-450f-a109-0be2cc820725/click HTTP/1.1
16593 [Forwarding clickElement on session 79884c66-605f-4a8c-9556-5013692f6c33 to remote] DEBUG org.apache.http.wire  - >> "POST /session/79884c66-605f-4a8c-9556-5013692f6c33/element/c7317c02-8c7e-450f-a109-0be2cc820725/click HTTP/1.1[\r][\n]"
16593 [Forwarding clickElement on session 79884c66-605f-4a8c-9556-5013692f6c33 to remote] DEBUG org.apache.http.wire  - >> "Accept: application/json, image/png[\r][\n]"
16593 [Forwarding clickElement on session 79884c66-605f-4a8c-9556-5013692f6c33 to remote] DEBUG org.apache.http.wire  - >> "Content-Type: application/json; charset=utf-8[\r][\n]"
16593 [Forwarding clickElement on session 79884c66-605f-4a8c-9556-5013692f6c33 to remote] DEBUG org.apache.http.wire  - >> "Content-Length: 45[\r][\n]"
16593 [Forwarding clickElement on session 79884c66-605f-4a8c-9556-5013692f6c33 to remote] DEBUG org.apache.http.wire  - >> "Host: localhost:38029[\r][\n]"
16593 [Forwarding clickElement on session 79884c66-605f-4a8c-9556-5013692f6c33 to remote] DEBUG org.apache.http.wire  - >> "Connection: Keep-Alive[\r][\n]"
16593 [Forwarding clickElement on session 79884c66-605f-4a8c-9556-5013692f6c33 to remote] DEBUG org.apache.http.wire  - >> "[\r][\n]"
16593 [Forwarding clickElement on session 79884c66-605f-4a8c-9556-5013692f6c33 to remote] DEBUG org.apache.http.headers  - >> POST /session/79884c66-605f-4a8c-9556-5013692f6c33/element/c7317c02-8c7e-450f-a109-0be2cc820725/click HTTP/1.1
16593 [Forwarding clickElement on session 79884c66-605f-4a8c-9556-5013692f6c33 to remote] DEBUG org.apache.http.headers  - >> Accept: application/json, image/png
16593 [Forwarding clickElement on session 79884c66-605f-4a8c-9556-5013692f6c33 to remote] DEBUG org.apache.http.headers  - >> Content-Type: application/json; charset=utf-8
16593 [Forwarding clickElement on session 79884c66-605f-4a8c-9556-5013692f6c33 to remote] DEBUG org.apache.http.headers  - >> Content-Length: 45
16593 [Forwarding clickElement on session 79884c66-605f-4a8c-9556-5013692f6c33 to remote] DEBUG org.apache.http.headers  - >> Host: localhost:38029
16593 [Forwarding clickElement on session 79884c66-605f-4a8c-9556-5013692f6c33 to remote] DEBUG org.apache.http.headers  - >> Connection: Keep-Alive
16593 [Forwarding clickElement on session 79884c66-605f-4a8c-9556-5013692f6c33 to remote] DEBUG org.apache.http.wire  - >> "{"id":"c7317c02-8c7e-450f-a109-0be2cc820725"}"
16734 [Forwarding clickElement on session 79884c66-605f-4a8c-9556-5013692f6c33 to remote] DEBUG org.apache.http.wire  - << "HTTP/1.1 200 OK[\r][\n]"
16734 [Forwarding clickElement on session 79884c66-605f-4a8c-9556-5013692f6c33 to remote] DEBUG org.apache.http.wire  - << "Content-Length: 77[\r][\n]"
16734 [Forwarding clickElement on session 79884c66-605f-4a8c-9556-5013692f6c33 to remote] DEBUG org.apache.http.wire  - << "Content-Type: application/json; charset=UTF-8[\r][\n]"
16734 [Forwarding clickElement on session 79884c66-605f-4a8c-9556-5013692f6c33 to remote] DEBUG org.apache.http.wire  - << "Vary: Accept-Charset, Accept-Encoding, Accept-Language, Accept[\r][\n]"
16734 [Forwarding clickElement on session 79884c66-605f-4a8c-9556-5013692f6c33 to remote] DEBUG org.apache.http.wire  - << "Accept-Ranges: bytes[\r][\n]"
16734 [Forwarding clickElement on session 79884c66-605f-4a8c-9556-5013692f6c33 to remote] DEBUG org.apache.http.wire  - << "Connection: close[\r][\n]"
16734 [Forwarding clickElement on session 79884c66-605f-4a8c-9556-5013692f6c33 to remote] DEBUG org.apache.http.wire  - << "[\r][\n]"
16734 [Forwarding clickElement on session 79884c66-605f-4a8c-9556-5013692f6c33 to remote] DEBUG org.apache.http.impl.conn.DefaultClientConnection  - Receiving response: HTTP/1.1 200 OK
16734 [Forwarding clickElement on session 79884c66-605f-4a8c-9556-5013692f6c33 to remote] DEBUG org.apache.http.headers  - << HTTP/1.1 200 OK
16734 [Forwarding clickElement on session 79884c66-605f-4a8c-9556-5013692f6c33 to remote] DEBUG org.apache.http.headers  - << Content-Length: 77
16734 [Forwarding clickElement on session 79884c66-605f-4a8c-9556-5013692f6c33 to remote] DEBUG org.apache.http.headers  - << Content-Type: application/json; charset=UTF-8
16734 [Forwarding clickElement on session 79884c66-605f-4a8c-9556-5013692f6c33 to remote] DEBUG org.apache.http.headers  - << Vary: Accept-Charset, Accept-Encoding, Accept-Language, Accept
16734 [Forwarding clickElement on session 79884c66-605f-4a8c-9556-5013692f6c33 to remote] DEBUG org.apache.http.headers  - << Accept-Ranges: bytes
16734 [Forwarding clickElement on session 79884c66-605f-4a8c-9556-5013692f6c33 to remote] DEBUG org.apache.http.headers  - << Connection: close
16734 [Forwarding clickElement on session 79884c66-605f-4a8c-9556-5013692f6c33 to remote] DEBUG org.apache.http.wire  - << "{"sessionId":"79884c66-605f-4a8c-9556-5013692f6c33","status":0,"value":null}[\n]"
16734 [Forwarding clickElement on session 79884c66-605f-4a8c-9556-5013692f6c33 to remote] DEBUG org.apache.http.impl.conn.DefaultClientConnection  - Connection 0.0.0.0:4067<->127.0.0.1:38029 shut down
16734 [Forwarding clickElement on session 79884c66-605f-4a8c-9556-5013692f6c33 to remote] DEBUG org.apache.http.impl.conn.tsccm.ThreadSafeClientConnManager  - Released connection is not reusable.
16734 [Forwarding clickElement on session 79884c66-605f-4a8c-9556-5013692f6c33 to remote] DEBUG org.apache.http.impl.conn.tsccm.ConnPoolByRoute  - Releasing connection [{}->http://localhost:38029][null]
16734 [Forwarding clickElement on session 79884c66-605f-4a8c-9556-5013692f6c33 to remote] DEBUG org.apache.http.impl.conn.DefaultClientConnection  - Connection 0.0.0.0:4067<->127.0.0.1:38029 closed
16734 [Forwarding clickElement on session 79884c66-605f-4a8c-9556-5013692f6c33 to remote] DEBUG org.apache.http.impl.conn.tsccm.ConnPoolByRoute  - Notifying no-one, there are no waiting threads
16734 [Forwarding findElement on session 79884c66-605f-4a8c-9556-5013692f6c33 to remote] DEBUG org.apache.http.impl.conn.tsccm.ThreadSafeClientConnManager  - Get connection: {}->http://localhost:38029, timeout = 120000
16734 [Forwarding findElement on session 79884c66-605f-4a8c-9556-5013692f6c33 to remote] DEBUG org.apache.http.impl.conn.tsccm.ConnPoolByRoute  - [{}->http://localhost:38029] total kept alive: 0, total issued: 0, total allocated: 0 out of 2000
16734 [Forwarding findElement on session 79884c66-605f-4a8c-9556-5013692f6c33 to remote] DEBUG org.apache.http.impl.conn.tsccm.ConnPoolByRoute  - No free connections [{}->http://localhost:38029][null]
16734 [Forwarding findElement on session 79884c66-605f-4a8c-9556-5013692f6c33 to remote] DEBUG org.apache.http.impl.conn.tsccm.ConnPoolByRoute  - Available capacity: 2000 out of 2000 [{}->http://localhost:38029][null]
16734 [Forwarding findElement on session 79884c66-605f-4a8c-9556-5013692f6c33 to remote] DEBUG org.apache.http.impl.conn.tsccm.ConnPoolByRoute  - Creating new connection [{}->http://localhost:38029]
16734 [Forwarding findElement on session 79884c66-605f-4a8c-9556-5013692f6c33 to remote] DEBUG org.apache.http.impl.conn.DefaultClientConnectionOperator  - Connecting to localhost:38029
16734 [Forwarding findElement on session 79884c66-605f-4a8c-9556-5013692f6c33 to remote] DEBUG org.apache.http.client.protocol.RequestAddCookies  - CookieSpec selected: best-match
16734 [Forwarding findElement on session 79884c66-605f-4a8c-9556-5013692f6c33 to remote] DEBUG org.apache.http.client.protocol.RequestAuthCache  - Auth cache not set in the context
16734 [Forwarding findElement on session 79884c66-605f-4a8c-9556-5013692f6c33 to remote] DEBUG org.apache.http.client.protocol.RequestTargetAuthentication  - Target auth state: UNCHALLENGED
16734 [Forwarding findElement on session 79884c66-605f-4a8c-9556-5013692f6c33 to remote] DEBUG org.apache.http.client.protocol.RequestProxyAuthentication  - Proxy auth state: UNCHALLENGED
16734 [Forwarding findElement on session 79884c66-605f-4a8c-9556-5013692f6c33 to remote] DEBUG org.apache.http.impl.client.DefaultHttpClient  - Attempt 1 to execute request
16734 [Forwarding findElement on session 79884c66-605f-4a8c-9556-5013692f6c33 to remote] DEBUG org.apache.http.impl.conn.DefaultClientConnection  - Sending request: POST /session/79884c66-605f-4a8c-9556-5013692f6c33/element HTTP/1.1
16734 [Forwarding findElement on session 79884c66-605f-4a8c-9556-5013692f6c33 to remote] DEBUG org.apache.http.wire  - >> "POST /session/79884c66-605f-4a8c-9556-5013692f6c33/element HTTP/1.1[\r][\n]"
16734 [Forwarding findElement on session 79884c66-605f-4a8c-9556-5013692f6c33 to remote] DEBUG org.apache.http.wire  - >> "Accept: application/json, image/png[\r][\n]"
16734 [Forwarding findElement on session 79884c66-605f-4a8c-9556-5013692f6c33 to remote] DEBUG org.apache.http.wire  - >> "Content-Type: application/json; charset=utf-8[\r][\n]"
16734 [Forwarding findElement on session 79884c66-605f-4a8c-9556-5013692f6c33 to remote] DEBUG org.apache.http.wire  - >> "Content-Length: 38[\r][\n]"
16734 [Forwarding findElement on session 79884c66-605f-4a8c-9556-5013692f6c33 to remote] DEBUG org.apache.http.wire  - >> "Host: localhost:38029[\r][\n]"
16734 [Forwarding findElement on session 79884c66-605f-4a8c-9556-5013692f6c33 to remote] DEBUG org.apache.http.wire  - >> "Connection: Keep-Alive[\r][\n]"
16734 [Forwarding findElement on session 79884c66-605f-4a8c-9556-5013692f6c33 to remote] DEBUG org.apache.http.wire  - >> "[\r][\n]"
16734 [Forwarding findElement on session 79884c66-605f-4a8c-9556-5013692f6c33 to remote] DEBUG org.apache.http.headers  - >> POST /session/79884c66-605f-4a8c-9556-5013692f6c33/element HTTP/1.1
16734 [Forwarding findElement on session 79884c66-605f-4a8c-9556-5013692f6c33 to remote] DEBUG org.apache.http.headers  - >> Accept: application/json, image/png
16734 [Forwarding findElement on session 79884c66-605f-4a8c-9556-5013692f6c33 to remote] DEBUG org.apache.http.headers  - >> Content-Type: application/json; charset=utf-8
16734 [Forwarding findElement on session 79884c66-605f-4a8c-9556-5013692f6c33 to remote] DEBUG org.apache.http.headers  - >> Content-Length: 38
16734 [Forwarding findElement on session 79884c66-605f-4a8c-9556-5013692f6c33 to remote] DEBUG org.apache.http.headers  - >> Host: localhost:38029
16734 [Forwarding findElement on session 79884c66-605f-4a8c-9556-5013692f6c33 to remote] DEBUG org.apache.http.headers  - >> Connection: Keep-Alive
16734 [Forwarding findElement on session 79884c66-605f-4a8c-9556-5013692f6c33 to remote] DEBUG org.apache.http.wire  - >> "{"using":"name","value":"agentNumber"}"
16953 [Forwarding findElement on session 79884c66-605f-4a8c-9556-5013692f6c33 to remote] DEBUG org.apache.http.wire  - << "HTTP/1.1 200 OK[\r][\n]"
16953 [Forwarding findElement on session 79884c66-605f-4a8c-9556-5013692f6c33 to remote] DEBUG org.apache.http.wire  - << "Content-Length: 123[\r][\n]"
16953 [Forwarding findElement on session 79884c66-605f-4a8c-9556-5013692f6c33 to remote] DEBUG org.apache.http.wire  - << "Content-Type: application/json; charset=UTF-8[\r][\n]"
16953 [Forwarding findElement on session 79884c66-605f-4a8c-9556-5013692f6c33 to remote] DEBUG org.apache.http.wire  - << "Vary: Accept-Charset, Accept-Encoding, Accept-Language, Accept[\r][\n]"
16953 [Forwarding findElement on session 79884c66-605f-4a8c-9556-5013692f6c33 to remote] DEBUG org.apache.http.wire  - << "Accept-Ranges: bytes[\r][\n]"
16953 [Forwarding findElement on session 79884c66-605f-4a8c-9556-5013692f6c33 to remote] DEBUG org.apache.http.wire  - << "Connection: close[\r][\n]"
16953 [Forwarding findElement on session 79884c66-605f-4a8c-9556-5013692f6c33 to remote] DEBUG org.apache.http.wire  - << "[\r][\n]"
16953 [Forwarding findElement on session 79884c66-605f-4a8c-9556-5013692f6c33 to remote] DEBUG org.apache.http.impl.conn.DefaultClientConnection  - Receiving response: HTTP/1.1 200 OK
16953 [Forwarding findElement on session 79884c66-605f-4a8c-9556-5013692f6c33 to remote] DEBUG org.apache.http.headers  - << HTTP/1.1 200 OK
16953 [Forwarding findElement on session 79884c66-605f-4a8c-9556-5013692f6c33 to remote] DEBUG org.apache.http.headers  - << Content-Length: 123
16953 [Forwarding findElement on session 79884c66-605f-4a8c-9556-5013692f6c33 to remote] DEBUG org.apache.http.headers  - << Content-Type: application/json; charset=UTF-8
16953 [Forwarding findElement on session 79884c66-605f-4a8c-9556-5013692f6c33 to remote] DEBUG org.apache.http.headers  - << Vary: Accept-Charset, Accept-Encoding, Accept-Language, Accept
16953 [Forwarding findElement on session 79884c66-605f-4a8c-9556-5013692f6c33 to remote] DEBUG org.apache.http.headers  - << Accept-Ranges: bytes
16953 [Forwarding findElement on session 79884c66-605f-4a8c-9556-5013692f6c33 to remote] DEBUG org.apache.http.headers  - << Connection: close
16953 [Forwarding findElement on session 79884c66-605f-4a8c-9556-5013692f6c33 to remote] DEBUG org.apache.http.wire  - << "{"sessionId":"79884c66-605f-4a8c-9556-5013692f6c33","status":0,"value":{"ELEMENT":"aa0a28bb-c902-455b-acc8-85051c695a26"}}[\n]"
16953 [Forwarding findElement on session 79884c66-605f-4a8c-9556-5013692f6c33 to remote] DEBUG org.apache.http.impl.conn.DefaultClientConnection  - Connection 0.0.0.0:4068<->127.0.0.1:38029 shut down
16953 [Forwarding findElement on session 79884c66-605f-4a8c-9556-5013692f6c33 to remote] DEBUG org.apache.http.impl.conn.tsccm.ThreadSafeClientConnManager  - Released connection is not reusable.
16953 [Forwarding findElement on session 79884c66-605f-4a8c-9556-5013692f6c33 to remote] DEBUG org.apache.http.impl.conn.tsccm.ConnPoolByRoute  - Releasing connection [{}->http://localhost:38029][null]
16953 [Forwarding findElement on session 79884c66-605f-4a8c-9556-5013692f6c33 to remote] DEBUG org.apache.http.impl.conn.DefaultClientConnection  - Connection 0.0.0.0:4068<->127.0.0.1:38029 closed
16953 [Forwarding findElement on session 79884c66-605f-4a8c-9556-5013692f6c33 to remote] DEBUG org.apache.http.impl.conn.tsccm.ConnPoolByRoute  - Notifying no-one, there are no waiting threads
16953 [Forwarding sendKeysToElement on session 79884c66-605f-4a8c-9556-5013692f6c33 to remote] DEBUG org.apache.http.impl.conn.tsccm.ThreadSafeClientConnManager  - Get connection: {}->http://localhost:38029, timeout = 120000
16953 [Forwarding sendKeysToElement on session 79884c66-605f-4a8c-9556-5013692f6c33 to remote] DEBUG org.apache.http.impl.conn.tsccm.ConnPoolByRoute  - [{}->http://localhost:38029] total kept alive: 0, total issued: 0, total allocated: 0 out of 2000
16953 [Forwarding sendKeysToElement on session 79884c66-605f-4a8c-9556-5013692f6c33 to remote] DEBUG org.apache.http.impl.conn.tsccm.ConnPoolByRoute  - No free connections [{}->http://localhost:38029][null]
16953 [Forwarding sendKeysToElement on session 79884c66-605f-4a8c-9556-5013692f6c33 to remote] DEBUG org.apache.http.impl.conn.tsccm.ConnPoolByRoute  - Available capacity: 2000 out of 2000 [{}->http://localhost:38029][null]
16953 [Forwarding sendKeysToElement on session 79884c66-605f-4a8c-9556-5013692f6c33 to remote] DEBUG org.apache.http.impl.conn.tsccm.ConnPoolByRoute  - Creating new connection [{}->http://localhost:38029]
16953 [Forwarding sendKeysToElement on session 79884c66-605f-4a8c-9556-5013692f6c33 to remote] DEBUG org.apache.http.impl.conn.DefaultClientConnectionOperator  - Connecting to localhost:38029
16953 [Forwarding sendKeysToElement on session 79884c66-605f-4a8c-9556-5013692f6c33 to remote] DEBUG org.apache.http.client.protocol.RequestAddCookies  - CookieSpec selected: best-match
16953 [Forwarding sendKeysToElement on session 79884c66-605f-4a8c-9556-5013692f6c33 to remote] DEBUG org.apache.http.client.protocol.RequestAuthCache  - Auth cache not set in the context
16953 [Forwarding sendKeysToElement on session 79884c66-605f-4a8c-9556-5013692f6c33 to remote] DEBUG org.apache.http.client.protocol.RequestTargetAuthentication  - Target auth state: UNCHALLENGED
16953 [Forwarding sendKeysToElement on session 79884c66-605f-4a8c-9556-5013692f6c33 to remote] DEBUG org.apache.http.client.protocol.RequestProxyAuthentication  - Proxy auth state: UNCHALLENGED
16953 [Forwarding sendKeysToElement on session 79884c66-605f-4a8c-9556-5013692f6c33 to remote] DEBUG org.apache.http.impl.client.DefaultHttpClient  - Attempt 1 to execute request
16953 [Forwarding sendKeysToElement on session 79884c66-605f-4a8c-9556-5013692f6c33 to remote] DEBUG org.apache.http.impl.conn.DefaultClientConnection  - Sending request: POST /session/79884c66-605f-4a8c-9556-5013692f6c33/element/aa0a28bb-c902-455b-acc8-85051c695a26/value HTTP/1.1
16953 [Forwarding sendKeysToElement on session 79884c66-605f-4a8c-9556-5013692f6c33 to remote] DEBUG org.apache.http.wire  - >> "POST /session/79884c66-605f-4a8c-9556-5013692f6c33/element/aa0a28bb-c902-455b-acc8-85051c695a26/value HTTP/1.1[\r][\n]"
16953 [Forwarding sendKeysToElement on session 79884c66-605f-4a8c-9556-5013692f6c33 to remote] DEBUG org.apache.http.wire  - >> "Accept: application/json, image/png[\r][\n]"
16953 [Forwarding sendKeysToElement on session 79884c66-605f-4a8c-9556-5013692f6c33 to remote] DEBUG org.apache.http.wire  - >> "Content-Type: application/json; charset=utf-8[\r][\n]"
16953 [Forwarding sendKeysToElement on session 79884c66-605f-4a8c-9556-5013692f6c33 to remote] DEBUG org.apache.http.wire  - >> "Content-Length: 63[\r][\n]"
16953 [Forwarding sendKeysToElement on session 79884c66-605f-4a8c-9556-5013692f6c33 to remote] DEBUG org.apache.http.wire  - >> "Host: localhost:38029[\r][\n]"
16953 [Forwarding sendKeysToElement on session 79884c66-605f-4a8c-9556-5013692f6c33 to remote] DEBUG org.apache.http.wire  - >> "Connection: Keep-Alive[\r][\n]"
16953 [Forwarding sendKeysToElement on session 79884c66-605f-4a8c-9556-5013692f6c33 to remote] DEBUG org.apache.http.wire  - >> "[\r][\n]"
16953 [Forwarding sendKeysToElement on session 79884c66-605f-4a8c-9556-5013692f6c33 to remote] DEBUG org.apache.http.headers  - >> POST /session/79884c66-605f-4a8c-9556-5013692f6c33/element/aa0a28bb-c902-455b-acc8-85051c695a26/value HTTP/1.1
16953 [Forwarding sendKeysToElement on session 79884c66-605f-4a8c-9556-5013692f6c33 to remote] DEBUG org.apache.http.headers  - >> Accept: application/json, image/png
16953 [Forwarding sendKeysToElement on session 79884c66-605f-4a8c-9556-5013692f6c33 to remote] DEBUG org.apache.http.headers  - >> Content-Type: application/json; charset=utf-8
16953 [Forwarding sendKeysToElement on session 79884c66-605f-4a8c-9556-5013692f6c33 to remote] DEBUG org.apache.http.headers  - >> Content-Length: 63
16953 [Forwarding sendKeysToElement on session 79884c66-605f-4a8c-9556-5013692f6c33 to remote] DEBUG org.apache.http.headers  - >> Host: localhost:38029
16953 [Forwarding sendKeysToElement on session 79884c66-605f-4a8c-9556-5013692f6c33 to remote] DEBUG org.apache.http.headers  - >> Connection: Keep-Alive
16953 [Forwarding sendKeysToElement on session 79884c66-605f-4a8c-9556-5013692f6c33 to remote] DEBUG org.apache.http.wire  - >> "{"id":"aa0a28bb-c902-455b-acc8-85051c695a26","value":["00263"]}"
17312 [Forwarding sendKeysToElement on session 79884c66-605f-4a8c-9556-5013692f6c33 to remote] DEBUG org.apache.http.wire  - << "HTTP/1.1 200 OK[\r][\n]"
17312 [Forwarding sendKeysToElement on session 79884c66-605f-4a8c-9556-5013692f6c33 to remote] DEBUG org.apache.http.wire  - << "Content-Length: 77[\r][\n]"
17312 [Forwarding sendKeysToElement on session 79884c66-605f-4a8c-9556-5013692f6c33 to remote] DEBUG org.apache.http.wire  - << "Content-Type: application/json; charset=UTF-8[\r][\n]"
17312 [Forwarding sendKeysToElement on session 79884c66-605f-4a8c-9556-5013692f6c33 to remote] DEBUG org.apache.http.wire  - << "Vary: Accept-Charset, Accept-Encoding, Accept-Language, Accept[\r][\n]"
17312 [Forwarding sendKeysToElement on session 79884c66-605f-4a8c-9556-5013692f6c33 to remote] DEBUG org.apache.http.wire  - << "Accept-Ranges: bytes[\r][\n]"
17312 [Forwarding sendKeysToElement on session 79884c66-605f-4a8c-9556-5013692f6c33 to remote] DEBUG org.apache.http.wire  - << "Connection: close[\r][\n]"
17312 [Forwarding sendKeysToElement on session 79884c66-605f-4a8c-9556-5013692f6c33 to remote] DEBUG org.apache.http.wire  - << "[\r][\n]"
17312 [Forwarding sendKeysToElement on session 79884c66-605f-4a8c-9556-5013692f6c33 to remote] DEBUG org.apache.http.impl.conn.DefaultClientConnection  - Receiving response: HTTP/1.1 200 OK
17312 [Forwarding sendKeysToElement on session 79884c66-605f-4a8c-9556-5013692f6c33 to remote] DEBUG org.apache.http.headers  - << HTTP/1.1 200 OK
17312 [Forwarding sendKeysToElement on session 79884c66-605f-4a8c-9556-5013692f6c33 to remote] DEBUG org.apache.http.headers  - << Content-Length: 77
17312 [Forwarding sendKeysToElement on session 79884c66-605f-4a8c-9556-5013692f6c33 to remote] DEBUG org.apache.http.headers  - << Content-Type: application/json; charset=UTF-8
17312 [Forwarding sendKeysToElement on session 79884c66-605f-4a8c-9556-5013692f6c33 to remote] DEBUG org.apache.http.headers  - << Vary: Accept-Charset, Accept-Encoding, Accept-Language, Accept
17312 [Forwarding sendKeysToElement on session 79884c66-605f-4a8c-9556-5013692f6c33 to remote] DEBUG org.apache.http.headers  - << Accept-Ranges: bytes
17312 [Forwarding sendKeysToElement on session 79884c66-605f-4a8c-9556-5013692f6c33 to remote] DEBUG org.apache.http.headers  - << Connection: close
17312 [Forwarding sendKeysToElement on session 79884c66-605f-4a8c-9556-5013692f6c33 to remote] DEBUG org.apache.http.wire  - << "{"sessionId":"79884c66-605f-4a8c-9556-5013692f6c33","status":0,"value":null}[\n]"
17312 [Forwarding sendKeysToElement on session 79884c66-605f-4a8c-9556-5013692f6c33 to remote] DEBUG org.apache.http.impl.conn.DefaultClientConnection  - Connection 0.0.0.0:4069<->127.0.0.1:38029 shut down
17312 [Forwarding sendKeysToElement on session 79884c66-605f-4a8c-9556-5013692f6c33 to remote] DEBUG org.apache.http.impl.conn.tsccm.ThreadSafeClientConnManager  - Released connection is not reusable.
17312 [Forwarding sendKeysToElement on session 79884c66-605f-4a8c-9556-5013692f6c33 to remote] DEBUG org.apache.http.impl.conn.tsccm.ConnPoolByRoute  - Releasing connection [{}->http://localhost:38029][null]
17312 [Forwarding sendKeysToElement on session 79884c66-605f-4a8c-9556-5013692f6c33 to remote] DEBUG org.apache.http.impl.conn.DefaultClientConnection  - Connection 0.0.0.0:4069<->127.0.0.1:38029 closed
17312 [Forwarding sendKeysToElement on session 79884c66-605f-4a8c-9556-5013692f6c33 to remote] DEBUG org.apache.http.impl.conn.tsccm.ConnPoolByRoute  - Notifying no-one, there are no waiting threads
17312 [Forwarding findElement on session 79884c66-605f-4a8c-9556-5013692f6c33 to remote] DEBUG org.apache.http.impl.conn.tsccm.ThreadSafeClientConnManager  - Get connection: {}->http://localhost:38029, timeout = 120000
17312 [Forwarding findElement on session 79884c66-605f-4a8c-9556-5013692f6c33 to remote] DEBUG org.apache.http.impl.conn.tsccm.ConnPoolByRoute  - [{}->http://localhost:38029] total kept alive: 0, total issued: 0, total allocated: 0 out of 2000
17312 [Forwarding findElement on session 79884c66-605f-4a8c-9556-5013692f6c33 to remote] DEBUG org.apache.http.impl.conn.tsccm.ConnPoolByRoute  - No free connections [{}->http://localhost:38029][null]
17312 [Forwarding findElement on session 79884c66-605f-4a8c-9556-5013692f6c33 to remote] DEBUG org.apache.http.impl.conn.tsccm.ConnPoolByRoute  - Available capacity: 2000 out of 2000 [{}->http://localhost:38029][null]
17312 [Forwarding findElement on session 79884c66-605f-4a8c-9556-5013692f6c33 to remote] DEBUG org.apache.http.impl.conn.tsccm.ConnPoolByRoute  - Creating new connection [{}->http://localhost:38029]
17312 [Forwarding findElement on session 79884c66-605f-4a8c-9556-5013692f6c33 to remote] DEBUG org.apache.http.impl.conn.DefaultClientConnectionOperator  - Connecting to localhost:38029
17312 [Forwarding findElement on session 79884c66-605f-4a8c-9556-5013692f6c33 to remote] DEBUG org.apache.http.client.protocol.RequestAddCookies  - CookieSpec selected: best-match
17312 [Forwarding findElement on session 79884c66-605f-4a8c-9556-5013692f6c33 to remote] DEBUG org.apache.http.client.protocol.RequestAuthCache  - Auth cache not set in the context
17312 [Forwarding findElement on session 79884c66-605f-4a8c-9556-5013692f6c33 to remote] DEBUG org.apache.http.client.protocol.RequestTargetAuthentication  - Target auth state: UNCHALLENGED
17312 [Forwarding findElement on session 79884c66-605f-4a8c-9556-5013692f6c33 to remote] DEBUG org.apache.http.client.protocol.RequestProxyAuthentication  - Proxy auth state: UNCHALLENGED
17312 [Forwarding findElement on session 79884c66-605f-4a8c-9556-5013692f6c33 to remote] DEBUG org.apache.http.impl.client.DefaultHttpClient  - Attempt 1 to execute request
17312 [Forwarding findElement on session 79884c66-605f-4a8c-9556-5013692f6c33 to remote] DEBUG org.apache.http.impl.conn.DefaultClientConnection  - Sending request: POST /session/79884c66-605f-4a8c-9556-5013692f6c33/element HTTP/1.1
17312 [Forwarding findElement on session 79884c66-605f-4a8c-9556-5013692f6c33 to remote] DEBUG org.apache.http.wire  - >> "POST /session/79884c66-605f-4a8c-9556-5013692f6c33/element HTTP/1.1[\r][\n]"
17312 [Forwarding findElement on session 79884c66-605f-4a8c-9556-5013692f6c33 to remote] DEBUG org.apache.http.wire  - >> "Accept: application/json, image/png[\r][\n]"
17312 [Forwarding findElement on session 79884c66-605f-4a8c-9556-5013692f6c33 to remote] DEBUG org.apache.http.wire  - >> "Content-Type: application/json; charset=utf-8[\r][\n]"
17312 [Forwarding findElement on session 79884c66-605f-4a8c-9556-5013692f6c33 to remote] DEBUG org.apache.http.wire  - >> "Content-Length: 35[\r][\n]"
17312 [Forwarding findElement on session 79884c66-605f-4a8c-9556-5013692f6c33 to remote] DEBUG org.apache.http.wire  - >> "Host: localhost:38029[\r][\n]"
17312 [Forwarding findElement on session 79884c66-605f-4a8c-9556-5013692f6c33 to remote] DEBUG org.apache.http.wire  - >> "Connection: Keep-Alive[\r][\n]"
17312 [Forwarding findElement on session 79884c66-605f-4a8c-9556-5013692f6c33 to remote] DEBUG org.apache.http.wire  - >> "[\r][\n]"
17312 [Forwarding findElement on session 79884c66-605f-4a8c-9556-5013692f6c33 to remote] DEBUG org.apache.http.headers  - >> POST /session/79884c66-605f-4a8c-9556-5013692f6c33/element HTTP/1.1
17312 [Forwarding findElement on session 79884c66-605f-4a8c-9556-5013692f6c33 to remote] DEBUG org.apache.http.headers  - >> Accept: application/json, image/png
17312 [Forwarding findElement on session 79884c66-605f-4a8c-9556-5013692f6c33 to remote] DEBUG org.apache.http.headers  - >> Content-Type: application/json; charset=utf-8
17312 [Forwarding findElement on session 79884c66-605f-4a8c-9556-5013692f6c33 to remote] DEBUG org.apache.http.headers  - >> Content-Length: 35
17312 [Forwarding findElement on session 79884c66-605f-4a8c-9556-5013692f6c33 to remote] DEBUG org.apache.http.headers  - >> Host: localhost:38029
17312 [Forwarding findElement on session 79884c66-605f-4a8c-9556-5013692f6c33 to remote] DEBUG org.apache.http.headers  - >> Connection: Keep-Alive
17312 [Forwarding findElement on session 79884c66-605f-4a8c-9556-5013692f6c33 to remote] DEBUG org.apache.http.wire  - >> "{"using":"name","value":"libLevel"}"
17390 [Forwarding findElement on session 79884c66-605f-4a8c-9556-5013692f6c33 to remote] DEBUG org.apache.http.wire  - << "HTTP/1.1 200 OK[\r][\n]"
17390 [Forwarding findElement on session 79884c66-605f-4a8c-9556-5013692f6c33 to remote] DEBUG org.apache.http.wire  - << "Content-Length: 123[\r][\n]"
17390 [Forwarding findElement on session 79884c66-605f-4a8c-9556-5013692f6c33 to remote] DEBUG org.apache.http.wire  - << "Content-Type: application/json; charset=UTF-8[\r][\n]"
17390 [Forwarding findElement on session 79884c66-605f-4a8c-9556-5013692f6c33 to remote] DEBUG org.apache.http.wire  - << "Vary: Accept-Charset, Accept-Encoding, Accept-Language, Accept[\r][\n]"
17390 [Forwarding findElement on session 79884c66-605f-4a8c-9556-5013692f6c33 to remote] DEBUG org.apache.http.wire  - << "Accept-Ranges: bytes[\r][\n]"
17390 [Forwarding findElement on session 79884c66-605f-4a8c-9556-5013692f6c33 to remote] DEBUG org.apache.http.wire  - << "Connection: close[\r][\n]"
17390 [Forwarding findElement on session 79884c66-605f-4a8c-9556-5013692f6c33 to remote] DEBUG org.apache.http.wire  - << "[\r][\n]"
17390 [Forwarding findElement on session 79884c66-605f-4a8c-9556-5013692f6c33 to remote] DEBUG org.apache.http.impl.conn.DefaultClientConnection  - Receiving response: HTTP/1.1 200 OK
17390 [Forwarding findElement on session 79884c66-605f-4a8c-9556-5013692f6c33 to remote] DEBUG org.apache.http.headers  - << HTTP/1.1 200 OK
17390 [Forwarding findElement on session 79884c66-605f-4a8c-9556-5013692f6c33 to remote] DEBUG org.apache.http.headers  - << Content-Length: 123
17390 [Forwarding findElement on session 79884c66-605f-4a8c-9556-5013692f6c33 to remote] DEBUG org.apache.http.headers  - << Content-Type: application/json; charset=UTF-8
17390 [Forwarding findElement on session 79884c66-605f-4a8c-9556-5013692f6c33 to remote] DEBUG org.apache.http.headers  - << Vary: Accept-Charset, Accept-Encoding, Accept-Language, Accept
17390 [Forwarding findElement on session 79884c66-605f-4a8c-9556-5013692f6c33 to remote] DEBUG org.apache.http.headers  - << Accept-Ranges: bytes
17390 [Forwarding findElement on session 79884c66-605f-4a8c-9556-5013692f6c33 to remote] DEBUG org.apache.http.headers  - << Connection: close
17390 [Forwarding findElement on session 79884c66-605f-4a8c-9556-5013692f6c33 to remote] DEBUG org.apache.http.wire  - << "{"sessionId":"79884c66-605f-4a8c-9556-5013692f6c33","status":0,"value":{"ELEMENT":"7d3d67b6-b158-4545-9630-ff2cccb1eea1"}}[\n]"
17390 [Forwarding findElement on session 79884c66-605f-4a8c-9556-5013692f6c33 to remote] DEBUG org.apache.http.impl.conn.DefaultClientConnection  - Connection 0.0.0.0:4071<->127.0.0.1:38029 shut down
17390 [Forwarding findElement on session 79884c66-605f-4a8c-9556-5013692f6c33 to remote] DEBUG org.apache.http.impl.conn.tsccm.ThreadSafeClientConnManager  - Released connection is not reusable.
17390 [Forwarding findElement on session 79884c66-605f-4a8c-9556-5013692f6c33 to remote] DEBUG org.apache.http.impl.conn.tsccm.ConnPoolByRoute  - Releasing connection [{}->http://localhost:38029][null]
17390 [Forwarding findElement on session 79884c66-605f-4a8c-9556-5013692f6c33 to remote] DEBUG org.apache.http.impl.conn.DefaultClientConnection  - Connection 0.0.0.0:4071<->127.0.0.1:38029 closed
17390 [Forwarding findElement on session 79884c66-605f-4a8c-9556-5013692f6c33 to remote] DEBUG org.apache.http.impl.conn.tsccm.ConnPoolByRoute  - Notifying no-one, there are no waiting threads
18389 [Forwarding getElementTagName on session 79884c66-605f-4a8c-9556-5013692f6c33 to remote] DEBUG org.apache.http.impl.conn.tsccm.ThreadSafeClientConnManager  - Get connection: {}->http://localhost:38029, timeout = 120000
18389 [Forwarding getElementTagName on session 79884c66-605f-4a8c-9556-5013692f6c33 to remote] DEBUG org.apache.http.impl.conn.tsccm.ConnPoolByRoute  - [{}->http://localhost:38029] total kept alive: 0, total issued: 0, total allocated: 0 out of 2000
18389 [Forwarding getElementTagName on session 79884c66-605f-4a8c-9556-5013692f6c33 to remote] DEBUG org.apache.http.impl.conn.tsccm.ConnPoolByRoute  - No free connections [{}->http://localhost:38029][null]
18389 [Forwarding getElementTagName on session 79884c66-605f-4a8c-9556-5013692f6c33 to remote] DEBUG org.apache.http.impl.conn.tsccm.ConnPoolByRoute  - Available capacity: 2000 out of 2000 [{}->http://localhost:38029][null]
18389 [Forwarding getElementTagName on session 79884c66-605f-4a8c-9556-5013692f6c33 to remote] DEBUG org.apache.http.impl.conn.tsccm.ConnPoolByRoute  - Creating new connection [{}->http://localhost:38029]
18389 [Forwarding getElementTagName on session 79884c66-605f-4a8c-9556-5013692f6c33 to remote] DEBUG org.apache.http.impl.conn.DefaultClientConnectionOperator  - Connecting to localhost:38029
18389 [Forwarding getElementTagName on session 79884c66-605f-4a8c-9556-5013692f6c33 to remote] DEBUG org.apache.http.client.protocol.RequestAddCookies  - CookieSpec selected: best-match
18389 [Forwarding getElementTagName on session 79884c66-605f-4a8c-9556-5013692f6c33 to remote] DEBUG org.apache.http.client.protocol.RequestAuthCache  - Auth cache not set in the context
18389 [Forwarding getElementTagName on session 79884c66-605f-4a8c-9556-5013692f6c33 to remote] DEBUG org.apache.http.client.protocol.RequestTargetAuthentication  - Target auth state: UNCHALLENGED
18389 [Forwarding getElementTagName on session 79884c66-605f-4a8c-9556-5013692f6c33 to remote] DEBUG org.apache.http.client.protocol.RequestProxyAuthentication  - Proxy auth state: UNCHALLENGED
18389 [Forwarding getElementTagName on session 79884c66-605f-4a8c-9556-5013692f6c33 to remote] DEBUG org.apache.http.impl.client.DefaultHttpClient  - Attempt 1 to execute request
18389 [Forwarding getElementTagName on session 79884c66-605f-4a8c-9556-5013692f6c33 to remote] DEBUG org.apache.http.impl.conn.DefaultClientConnection  - Sending request: GET /session/79884c66-605f-4a8c-9556-5013692f6c33/element/7d3d67b6-b158-4545-9630-ff2cccb1eea1/name HTTP/1.1
18389 [Forwarding getElementTagName on session 79884c66-605f-4a8c-9556-5013692f6c33 to remote] DEBUG org.apache.http.wire  - >> "GET /session/79884c66-605f-4a8c-9556-5013692f6c33/element/7d3d67b6-b158-4545-9630-ff2cccb1eea1/name HTTP/1.1[\r][\n]"
18389 [Forwarding getElementTagName on session 79884c66-605f-4a8c-9556-5013692f6c33 to remote] DEBUG org.apache.http.wire  - >> "Accept: application/json, image/png[\r][\n]"
18389 [Forwarding getElementTagName on session 79884c66-605f-4a8c-9556-5013692f6c33 to remote] DEBUG org.apache.http.wire  - >> "Cache-Control: no-cache[\r][\n]"
18389 [Forwarding getElementTagName on session 79884c66-605f-4a8c-9556-5013692f6c33 to remote] DEBUG org.apache.http.wire  - >> "Host: localhost:38029[\r][\n]"
18389 [Forwarding getElementTagName on session 79884c66-605f-4a8c-9556-5013692f6c33 to remote] DEBUG org.apache.http.wire  - >> "Connection: Keep-Alive[\r][\n]"
18389 [Forwarding getElementTagName on session 79884c66-605f-4a8c-9556-5013692f6c33 to remote] DEBUG org.apache.http.wire  - >> "[\r][\n]"
18389 [Forwarding getElementTagName on session 79884c66-605f-4a8c-9556-5013692f6c33 to remote] DEBUG org.apache.http.headers  - >> GET /session/79884c66-605f-4a8c-9556-5013692f6c33/element/7d3d67b6-b158-4545-9630-ff2cccb1eea1/name HTTP/1.1
18389 [Forwarding getElementTagName on session 79884c66-605f-4a8c-9556-5013692f6c33 to remote] DEBUG org.apache.http.headers  - >> Accept: application/json, image/png
18389 [Forwarding getElementTagName on session 79884c66-605f-4a8c-9556-5013692f6c33 to remote] DEBUG org.apache.http.headers  - >> Cache-Control: no-cache
18389 [Forwarding getElementTagName on session 79884c66-605f-4a8c-9556-5013692f6c33 to remote] DEBUG org.apache.http.headers  - >> Host: localhost:38029
18389 [Forwarding getElementTagName on session 79884c66-605f-4a8c-9556-5013692f6c33 to remote] DEBUG org.apache.http.headers  - >> Connection: Keep-Alive
18435 [Forwarding getElementTagName on session 79884c66-605f-4a8c-9556-5013692f6c33 to remote] DEBUG org.apache.http.wire  - << "HTTP/1.1 200 OK[\r][\n]"
18435 [Forwarding getElementTagName on session 79884c66-605f-4a8c-9556-5013692f6c33 to remote] DEBUG org.apache.http.wire  - << "Content-Length: 81[\r][\n]"
18435 [Forwarding getElementTagName on session 79884c66-605f-4a8c-9556-5013692f6c33 to remote] DEBUG org.apache.http.wire  - << "Content-Type: application/json; charset=UTF-8[\r][\n]"
18435 [Forwarding getElementTagName on session 79884c66-605f-4a8c-9556-5013692f6c33 to remote] DEBUG org.apache.http.wire  - << "Vary: Accept-Charset, Accept-Encoding, Accept-Language, Accept[\r][\n]"
18435 [Forwarding getElementTagName on session 79884c66-605f-4a8c-9556-5013692f6c33 to remote] DEBUG org.apache.http.wire  - << "Accept-Ranges: bytes[\r][\n]"
18435 [Forwarding getElementTagName on session 79884c66-605f-4a8c-9556-5013692f6c33 to remote] DEBUG org.apache.http.wire  - << "Connection: close[\r][\n]"
18435 [Forwarding getElementTagName on session 79884c66-605f-4a8c-9556-5013692f6c33 to remote] DEBUG org.apache.http.wire  - << "[\r][\n]"
18435 [Forwarding getElementTagName on session 79884c66-605f-4a8c-9556-5013692f6c33 to remote] DEBUG org.apache.http.impl.conn.DefaultClientConnection  - Receiving response: HTTP/1.1 200 OK
18435 [Forwarding getElementTagName on session 79884c66-605f-4a8c-9556-5013692f6c33 to remote] DEBUG org.apache.http.headers  - << HTTP/1.1 200 OK
18435 [Forwarding getElementTagName on session 79884c66-605f-4a8c-9556-5013692f6c33 to remote] DEBUG org.apache.http.headers  - << Content-Length: 81
18435 [Forwarding getElementTagName on session 79884c66-605f-4a8c-9556-5013692f6c33 to remote] DEBUG org.apache.http.headers  - << Content-Type: application/json; charset=UTF-8
18435 [Forwarding getElementTagName on session 79884c66-605f-4a8c-9556-5013692f6c33 to remote] DEBUG org.apache.http.headers  - << Vary: Accept-Charset, Accept-Encoding, Accept-Language, Accept
18435 [Forwarding getElementTagName on session 79884c66-605f-4a8c-9556-5013692f6c33 to remote] DEBUG org.apache.http.headers  - << Accept-Ranges: bytes
18435 [Forwarding getElementTagName on session 79884c66-605f-4a8c-9556-5013692f6c33 to remote] DEBUG org.apache.http.headers  - << Connection: close
18435 [Forwarding getElementTagName on session 79884c66-605f-4a8c-9556-5013692f6c33 to remote] DEBUG org.apache.http.wire  - << "{"sessionId":"79884c66-605f-4a8c-9556-5013692f6c33","status":0,"value":"select"}[\n]"
18435 [Forwarding getElementTagName on session 79884c66-605f-4a8c-9556-5013692f6c33 to remote] DEBUG org.apache.http.impl.conn.DefaultClientConnection  - Connection 0.0.0.0:4078<->127.0.0.1:38029 shut down
18435 [Forwarding getElementTagName on session 79884c66-605f-4a8c-9556-5013692f6c33 to remote] DEBUG org.apache.http.impl.conn.tsccm.ThreadSafeClientConnManager  - Released connection is not reusable.
18435 [Forwarding getElementTagName on session 79884c66-605f-4a8c-9556-5013692f6c33 to remote] DEBUG org.apache.http.impl.conn.tsccm.ConnPoolByRoute  - Releasing connection [{}->http://localhost:38029][null]
18435 [Forwarding getElementTagName on session 79884c66-605f-4a8c-9556-5013692f6c33 to remote] DEBUG org.apache.http.impl.conn.DefaultClientConnection  - Connection 0.0.0.0:4078<->127.0.0.1:38029 closed
18435 [Forwarding getElementTagName on session 79884c66-605f-4a8c-9556-5013692f6c33 to remote] DEBUG org.apache.http.impl.conn.tsccm.ConnPoolByRoute  - Notifying no-one, there are no waiting threads
18435 [Forwarding getElementAttribute on session 79884c66-605f-4a8c-9556-5013692f6c33 to remote] DEBUG org.apache.http.impl.conn.tsccm.ThreadSafeClientConnManager  - Get connection: {}->http://localhost:38029, timeout = 120000
18435 [Forwarding getElementAttribute on session 79884c66-605f-4a8c-9556-5013692f6c33 to remote] DEBUG org.apache.http.impl.conn.tsccm.ConnPoolByRoute  - [{}->http://localhost:38029] total kept alive: 0, total issued: 0, total allocated: 0 out of 2000
18435 [Forwarding getElementAttribute on session 79884c66-605f-4a8c-9556-5013692f6c33 to remote] DEBUG org.apache.http.impl.conn.tsccm.ConnPoolByRoute  - No free connections [{}->http://localhost:38029][null]
18435 [Forwarding getElementAttribute on session 79884c66-605f-4a8c-9556-5013692f6c33 to remote] DEBUG org.apache.http.impl.conn.tsccm.ConnPoolByRoute  - Available capacity: 2000 out of 2000 [{}->http://localhost:38029][null]
18435 [Forwarding getElementAttribute on session 79884c66-605f-4a8c-9556-5013692f6c33 to remote] DEBUG org.apache.http.impl.conn.tsccm.ConnPoolByRoute  - Creating new connection [{}->http://localhost:38029]
18435 [Forwarding getElementAttribute on session 79884c66-605f-4a8c-9556-5013692f6c33 to remote] DEBUG org.apache.http.impl.conn.DefaultClientConnectionOperator  - Connecting to localhost:38029
18435 [Forwarding getElementAttribute on session 79884c66-605f-4a8c-9556-5013692f6c33 to remote] DEBUG org.apache.http.client.protocol.RequestAddCookies  - CookieSpec selected: best-match
18435 [Forwarding getElementAttribute on session 79884c66-605f-4a8c-9556-5013692f6c33 to remote] DEBUG org.apache.http.client.protocol.RequestAuthCache  - Auth cache not set in the context
18435 [Forwarding getElementAttribute on session 79884c66-605f-4a8c-9556-5013692f6c33 to remote] DEBUG org.apache.http.client.protocol.RequestTargetAuthentication  - Target auth state: UNCHALLENGED
18435 [Forwarding getElementAttribute on session 79884c66-605f-4a8c-9556-5013692f6c33 to remote] DEBUG org.apache.http.client.protocol.RequestProxyAuthentication  - Proxy auth state: UNCHALLENGED
18435 [Forwarding getElementAttribute on session 79884c66-605f-4a8c-9556-5013692f6c33 to remote] DEBUG org.apache.http.impl.client.DefaultHttpClient  - Attempt 1 to execute request
18435 [Forwarding getElementAttribute on session 79884c66-605f-4a8c-9556-5013692f6c33 to remote] DEBUG org.apache.http.impl.conn.DefaultClientConnection  - Sending request: GET /session/79884c66-605f-4a8c-9556-5013692f6c33/element/7d3d67b6-b158-4545-9630-ff2cccb1eea1/attribute/multiple HTTP/1.1
18435 [Forwarding getElementAttribute on session 79884c66-605f-4a8c-9556-5013692f6c33 to remote] DEBUG org.apache.http.wire  - >> "GET /session/79884c66-605f-4a8c-9556-5013692f6c33/element/7d3d67b6-b158-4545-9630-ff2cccb1eea1/attribute/multiple HTTP/1.1[\r][\n]"
18435 [Forwarding getElementAttribute on session 79884c66-605f-4a8c-9556-5013692f6c33 to remote] DEBUG org.apache.http.wire  - >> "Accept: application/json, image/png[\r][\n]"
18435 [Forwarding getElementAttribute on session 79884c66-605f-4a8c-9556-5013692f6c33 to remote] DEBUG org.apache.http.wire  - >> "Cache-Control: no-cache[\r][\n]"
18435 [Forwarding getElementAttribute on session 79884c66-605f-4a8c-9556-5013692f6c33 to remote] DEBUG org.apache.http.wire  - >> "Host: localhost:38029[\r][\n]"
18435 [Forwarding getElementAttribute on session 79884c66-605f-4a8c-9556-5013692f6c33 to remote] DEBUG org.apache.http.wire  - >> "Connection: Keep-Alive[\r][\n]"
18435 [Forwarding getElementAttribute on session 79884c66-605f-4a8c-9556-5013692f6c33 to remote] DEBUG org.apache.http.wire  - >> "[\r][\n]"
18435 [Forwarding getElementAttribute on session 79884c66-605f-4a8c-9556-5013692f6c33 to remote] DEBUG org.apache.http.headers  - >> GET /session/79884c66-605f-4a8c-9556-5013692f6c33/element/7d3d67b6-b158-4545-9630-ff2cccb1eea1/attribute/multiple HTTP/1.1
18435 [Forwarding getElementAttribute on session 79884c66-605f-4a8c-9556-5013692f6c33 to remote] DEBUG org.apache.http.headers  - >> Accept: application/json, image/png
18435 [Forwarding getElementAttribute on session 79884c66-605f-4a8c-9556-5013692f6c33 to remote] DEBUG org.apache.http.headers  - >> Cache-Control: no-cache
18435 [Forwarding getElementAttribute on session 79884c66-605f-4a8c-9556-5013692f6c33 to remote] DEBUG org.apache.http.headers  - >> Host: localhost:38029
18435 [Forwarding getElementAttribute on session 79884c66-605f-4a8c-9556-5013692f6c33 to remote] DEBUG org.apache.http.headers  - >> Connection: Keep-Alive
18498 [Forwarding getElementAttribute on session 79884c66-605f-4a8c-9556-5013692f6c33 to remote] DEBUG org.apache.http.wire  - << "HTTP/1.1 200 OK[\r][\n]"
18498 [Forwarding getElementAttribute on session 79884c66-605f-4a8c-9556-5013692f6c33 to remote] DEBUG org.apache.http.wire  - << "Content-Length: 77[\r][\n]"
18498 [Forwarding getElementAttribute on session 79884c66-605f-4a8c-9556-5013692f6c33 to remote] DEBUG org.apache.http.wire  - << "Content-Type: application/json; charset=UTF-8[\r][\n]"
18498 [Forwarding getElementAttribute on session 79884c66-605f-4a8c-9556-5013692f6c33 to remote] DEBUG org.apache.http.wire  - << "Vary: Accept-Charset, Accept-Encoding, Accept-Language, Accept[\r][\n]"
18498 [Forwarding getElementAttribute on session 79884c66-605f-4a8c-9556-5013692f6c33 to remote] DEBUG org.apache.http.wire  - << "Accept-Ranges: bytes[\r][\n]"
18498 [Forwarding getElementAttribute on session 79884c66-605f-4a8c-9556-5013692f6c33 to remote] DEBUG org.apache.http.wire  - << "Connection: close[\r][\n]"
18498 [Forwarding getElementAttribute on session 79884c66-605f-4a8c-9556-5013692f6c33 to remote] DEBUG org.apache.http.wire  - << "[\r][\n]"
18498 [Forwarding getElementAttribute on session 79884c66-605f-4a8c-9556-5013692f6c33 to remote] DEBUG org.apache.http.impl.conn.DefaultClientConnection  - Receiving response: HTTP/1.1 200 OK
18498 [Forwarding getElementAttribute on session 79884c66-605f-4a8c-9556-5013692f6c33 to remote] DEBUG org.apache.http.headers  - << HTTP/1.1 200 OK
18498 [Forwarding getElementAttribute on session 79884c66-605f-4a8c-9556-5013692f6c33 to remote] DEBUG org.apache.http.headers  - << Content-Length: 77
18498 [Forwarding getElementAttribute on session 79884c66-605f-4a8c-9556-5013692f6c33 to remote] DEBUG org.apache.http.headers  - << Content-Type: application/json; charset=UTF-8
18498 [Forwarding getElementAttribute on session 79884c66-605f-4a8c-9556-5013692f6c33 to remote] DEBUG org.apache.http.headers  - << Vary: Accept-Charset, Accept-Encoding, Accept-Language, Accept
18498 [Forwarding getElementAttribute on session 79884c66-605f-4a8c-9556-5013692f6c33 to remote] DEBUG org.apache.http.headers  - << Accept-Ranges: bytes
18498 [Forwarding getElementAttribute on session 79884c66-605f-4a8c-9556-5013692f6c33 to remote] DEBUG org.apache.http.headers  - << Connection: close
18498 [Forwarding getElementAttribute on session 79884c66-605f-4a8c-9556-5013692f6c33 to remote] DEBUG org.apache.http.wire  - << "{"sessionId":"79884c66-605f-4a8c-9556-5013692f6c33","status":0,"value":null}[\n]"
18498 [Forwarding getElementAttribute on session 79884c66-605f-4a8c-9556-5013692f6c33 to remote] DEBUG org.apache.http.impl.conn.DefaultClientConnection  - Connection 0.0.0.0:4079<->127.0.0.1:38029 shut down
18498 [Forwarding getElementAttribute on session 79884c66-605f-4a8c-9556-5013692f6c33 to remote] DEBUG org.apache.http.impl.conn.tsccm.ThreadSafeClientConnManager  - Released connection is not reusable.
18498 [Forwarding getElementAttribute on session 79884c66-605f-4a8c-9556-5013692f6c33 to remote] DEBUG org.apache.http.impl.conn.tsccm.ConnPoolByRoute  - Releasing connection [{}->http://localhost:38029][null]
18498 [Forwarding getElementAttribute on session 79884c66-605f-4a8c-9556-5013692f6c33 to remote] DEBUG org.apache.http.impl.conn.DefaultClientConnection  - Connection 0.0.0.0:4079<->127.0.0.1:38029 closed
18498 [Forwarding getElementAttribute on session 79884c66-605f-4a8c-9556-5013692f6c33 to remote] DEBUG org.apache.http.impl.conn.tsccm.ConnPoolByRoute  - Notifying no-one, there are no waiting threads
18498 [Forwarding findChildElements on session 79884c66-605f-4a8c-9556-5013692f6c33 to remote] DEBUG org.apache.http.impl.conn.tsccm.ThreadSafeClientConnManager  - Get connection: {}->http://localhost:38029, timeout = 120000
18498 [Forwarding findChildElements on session 79884c66-605f-4a8c-9556-5013692f6c33 to remote] DEBUG org.apache.http.impl.conn.tsccm.ConnPoolByRoute  - [{}->http://localhost:38029] total kept alive: 0, total issued: 0, total allocated: 0 out of 2000
18498 [Forwarding findChildElements on session 79884c66-605f-4a8c-9556-5013692f6c33 to remote] DEBUG org.apache.http.impl.conn.tsccm.ConnPoolByRoute  - No free connections [{}->http://localhost:38029][null]
18498 [Forwarding findChildElements on session 79884c66-605f-4a8c-9556-5013692f6c33 to remote] DEBUG org.apache.http.impl.conn.tsccm.ConnPoolByRoute  - Available capacity: 2000 out of 2000 [{}->http://localhost:38029][null]
18498 [Forwarding findChildElements on session 79884c66-605f-4a8c-9556-5013692f6c33 to remote] DEBUG org.apache.http.impl.conn.tsccm.ConnPoolByRoute  - Creating new connection [{}->http://localhost:38029]
18498 [Forwarding findChildElements on session 79884c66-605f-4a8c-9556-5013692f6c33 to remote] DEBUG org.apache.http.impl.conn.DefaultClientConnectionOperator  - Connecting to localhost:38029
18498 [Forwarding findChildElements on session 79884c66-605f-4a8c-9556-5013692f6c33 to remote] DEBUG org.apache.http.client.protocol.RequestAddCookies  - CookieSpec selected: best-match
18498 [Forwarding findChildElements on session 79884c66-605f-4a8c-9556-5013692f6c33 to remote] DEBUG org.apache.http.client.protocol.RequestAuthCache  - Auth cache not set in the context
18498 [Forwarding findChildElements on session 79884c66-605f-4a8c-9556-5013692f6c33 to remote] DEBUG org.apache.http.client.protocol.RequestTargetAuthentication  - Target auth state: UNCHALLENGED
18498 [Forwarding findChildElements on session 79884c66-605f-4a8c-9556-5013692f6c33 to remote] DEBUG org.apache.http.client.protocol.RequestProxyAuthentication  - Proxy auth state: UNCHALLENGED
18498 [Forwarding findChildElements on session 79884c66-605f-4a8c-9556-5013692f6c33 to remote] DEBUG org.apache.http.impl.client.DefaultHttpClient  - Attempt 1 to execute request
18498 [Forwarding findChildElements on session 79884c66-605f-4a8c-9556-5013692f6c33 to remote] DEBUG org.apache.http.impl.conn.DefaultClientConnection  - Sending request: POST /session/79884c66-605f-4a8c-9556-5013692f6c33/element/7d3d67b6-b158-4545-9630-ff2cccb1eea1/elements HTTP/1.1
18498 [Forwarding findChildElements on session 79884c66-605f-4a8c-9556-5013692f6c33 to remote] DEBUG org.apache.http.wire  - >> "POST /session/79884c66-605f-4a8c-9556-5013692f6c33/element/7d3d67b6-b158-4545-9630-ff2cccb1eea1/elements HTTP/1.1[\r][\n]"
18498 [Forwarding findChildElements on session 79884c66-605f-4a8c-9556-5013692f6c33 to remote] DEBUG org.apache.http.wire  - >> "Accept: application/json, image/png[\r][\n]"
18498 [Forwarding findChildElements on session 79884c66-605f-4a8c-9556-5013692f6c33 to remote] DEBUG org.apache.http.wire  - >> "Content-Type: application/json; charset=utf-8[\r][\n]"
18498 [Forwarding findChildElements on session 79884c66-605f-4a8c-9556-5013692f6c33 to remote] DEBUG org.apache.http.wire  - >> "Content-Length: 119[\r][\n]"
18498 [Forwarding findChildElements on session 79884c66-605f-4a8c-9556-5013692f6c33 to remote] DEBUG org.apache.http.wire  - >> "Host: localhost:38029[\r][\n]"
18498 [Forwarding findChildElements on session 79884c66-605f-4a8c-9556-5013692f6c33 to remote] DEBUG org.apache.http.wire  - >> "Connection: Keep-Alive[\r][\n]"
18498 [Forwarding findChildElements on session 79884c66-605f-4a8c-9556-5013692f6c33 to remote] DEBUG org.apache.http.wire  - >> "[\r][\n]"
18498 [Forwarding findChildElements on session 79884c66-605f-4a8c-9556-5013692f6c33 to remote] DEBUG org.apache.http.headers  - >> POST /session/79884c66-605f-4a8c-9556-5013692f6c33/element/7d3d67b6-b158-4545-9630-ff2cccb1eea1/elements HTTP/1.1
18498 [Forwarding findChildElements on session 79884c66-605f-4a8c-9556-5013692f6c33 to remote] DEBUG org.apache.http.headers  - >> Accept: application/json, image/png
18498 [Forwarding findChildElements on session 79884c66-605f-4a8c-9556-5013692f6c33 to remote] DEBUG org.apache.http.headers  - >> Content-Type: application/json; charset=utf-8
18498 [Forwarding findChildElements on session 79884c66-605f-4a8c-9556-5013692f6c33 to remote] DEBUG org.apache.http.headers  - >> Content-Length: 119
18498 [Forwarding findChildElements on session 79884c66-605f-4a8c-9556-5013692f6c33 to remote] DEBUG org.apache.http.headers  - >> Host: localhost:38029
18498 [Forwarding findChildElements on session 79884c66-605f-4a8c-9556-5013692f6c33 to remote] DEBUG org.apache.http.headers  - >> Connection: Keep-Alive
18498 [Forwarding findChildElements on session 79884c66-605f-4a8c-9556-5013692f6c33 to remote] DEBUG org.apache.http.wire  - >> "{"id":"7d3d67b6-b158-4545-9630-ff2cccb1eea1","using":"xpath","value":".//option[normalize-space(.) = \"Integration\"]"}"
18685 [Forwarding findChildElements on session 79884c66-605f-4a8c-9556-5013692f6c33 to remote] DEBUG org.apache.http.wire  - << "HTTP/1.1 200 OK[\r][\n]"
18685 [Forwarding findChildElements on session 79884c66-605f-4a8c-9556-5013692f6c33 to remote] DEBUG org.apache.http.wire  - << "Content-Length: 125[\r][\n]"
18685 [Forwarding findChildElements on session 79884c66-605f-4a8c-9556-5013692f6c33 to remote] DEBUG org.apache.http.wire  - << "Content-Type: application/json; charset=UTF-8[\r][\n]"
18685 [Forwarding findChildElements on session 79884c66-605f-4a8c-9556-5013692f6c33 to remote] DEBUG org.apache.http.wire  - << "Vary: Accept-Charset, Accept-Encoding, Accept-Language, Accept[\r][\n]"
18685 [Forwarding findChildElements on session 79884c66-605f-4a8c-9556-5013692f6c33 to remote] DEBUG org.apache.http.wire  - << "Accept-Ranges: bytes[\r][\n]"
18685 [Forwarding findChildElements on session 79884c66-605f-4a8c-9556-5013692f6c33 to remote] DEBUG org.apache.http.wire  - << "Connection: close[\r][\n]"
18685 [Forwarding findChildElements on session 79884c66-605f-4a8c-9556-5013692f6c33 to remote] DEBUG org.apache.http.wire  - << "[\r][\n]"
18685 [Forwarding findChildElements on session 79884c66-605f-4a8c-9556-5013692f6c33 to remote] DEBUG org.apache.http.impl.conn.DefaultClientConnection  - Receiving response: HTTP/1.1 200 OK
18685 [Forwarding findChildElements on session 79884c66-605f-4a8c-9556-5013692f6c33 to remote] DEBUG org.apache.http.headers  - << HTTP/1.1 200 OK
18685 [Forwarding findChildElements on session 79884c66-605f-4a8c-9556-5013692f6c33 to remote] DEBUG org.apache.http.headers  - << Content-Length: 125
18685 [Forwarding findChildElements on session 79884c66-605f-4a8c-9556-5013692f6c33 to remote] DEBUG org.apache.http.headers  - << Content-Type: application/json; charset=UTF-8
18685 [Forwarding findChildElements on session 79884c66-605f-4a8c-9556-5013692f6c33 to remote] DEBUG org.apache.http.headers  - << Vary: Accept-Charset, Accept-Encoding, Accept-Language, Accept
18685 [Forwarding findChildElements on session 79884c66-605f-4a8c-9556-5013692f6c33 to remote] DEBUG org.apache.http.headers  - << Accept-Ranges: bytes
18685 [Forwarding findChildElements on session 79884c66-605f-4a8c-9556-5013692f6c33 to remote] DEBUG org.apache.http.headers  - << Connection: close
18685 [Forwarding findChildElements on session 79884c66-605f-4a8c-9556-5013692f6c33 to remote] DEBUG org.apache.http.wire  - << "{"sessionId":"79884c66-605f-4a8c-9556-5013692f6c33","status":0,"value":[{"ELEMENT":"2596af45-1e94-426c-900f-f6525f624393"}]}[\n]"
18685 [Forwarding findChildElements on session 79884c66-605f-4a8c-9556-5013692f6c33 to remote] DEBUG org.apache.http.impl.conn.DefaultClientConnection  - Connection 0.0.0.0:4080<->127.0.0.1:38029 shut down
18685 [Forwarding findChildElements on session 79884c66-605f-4a8c-9556-5013692f6c33 to remote] DEBUG org.apache.http.impl.conn.tsccm.ThreadSafeClientConnManager  - Released connection is not reusable.
18685 [Forwarding findChildElements on session 79884c66-605f-4a8c-9556-5013692f6c33 to remote] DEBUG org.apache.http.impl.conn.tsccm.ConnPoolByRoute  - Releasing connection [{}->http://localhost:38029][null]
18685 [Forwarding findChildElements on session 79884c66-605f-4a8c-9556-5013692f6c33 to remote] DEBUG org.apache.http.impl.conn.DefaultClientConnection  - Connection 0.0.0.0:4080<->127.0.0.1:38029 closed
18685 [Forwarding findChildElements on session 79884c66-605f-4a8c-9556-5013692f6c33 to remote] DEBUG org.apache.http.impl.conn.tsccm.ConnPoolByRoute  - Notifying no-one, there are no waiting threads
18685 [Forwarding isElementSelected on session 79884c66-605f-4a8c-9556-5013692f6c33 to remote] DEBUG org.apache.http.impl.conn.tsccm.ThreadSafeClientConnManager  - Get connection: {}->http://localhost:38029, timeout = 120000
18685 [Forwarding isElementSelected on session 79884c66-605f-4a8c-9556-5013692f6c33 to remote] DEBUG org.apache.http.impl.conn.tsccm.ConnPoolByRoute  - [{}->http://localhost:38029] total kept alive: 0, total issued: 0, total allocated: 0 out of 2000
18685 [Forwarding isElementSelected on session 79884c66-605f-4a8c-9556-5013692f6c33 to remote] DEBUG org.apache.http.impl.conn.tsccm.ConnPoolByRoute  - No free connections [{}->http://localhost:38029][null]
18685 [Forwarding isElementSelected on session 79884c66-605f-4a8c-9556-5013692f6c33 to remote] DEBUG org.apache.http.impl.conn.tsccm.ConnPoolByRoute  - Available capacity: 2000 out of 2000 [{}->http://localhost:38029][null]
18685 [Forwarding isElementSelected on session 79884c66-605f-4a8c-9556-5013692f6c33 to remote] DEBUG org.apache.http.impl.conn.tsccm.ConnPoolByRoute  - Creating new connection [{}->http://localhost:38029]
18685 [Forwarding isElementSelected on session 79884c66-605f-4a8c-9556-5013692f6c33 to remote] DEBUG org.apache.http.impl.conn.DefaultClientConnectionOperator  - Connecting to localhost:38029
18685 [Forwarding isElementSelected on session 79884c66-605f-4a8c-9556-5013692f6c33 to remote] DEBUG org.apache.http.client.protocol.RequestAddCookies  - CookieSpec selected: best-match
18685 [Forwarding isElementSelected on session 79884c66-605f-4a8c-9556-5013692f6c33 to remote] DEBUG org.apache.http.client.protocol.RequestAuthCache  - Auth cache not set in the context
18685 [Forwarding isElementSelected on session 79884c66-605f-4a8c-9556-5013692f6c33 to remote] DEBUG org.apache.http.client.protocol.RequestTargetAuthentication  - Target auth state: UNCHALLENGED
18685 [Forwarding isElementSelected on session 79884c66-605f-4a8c-9556-5013692f6c33 to remote] DEBUG org.apache.http.client.protocol.RequestProxyAuthentication  - Proxy auth state: UNCHALLENGED
18685 [Forwarding isElementSelected on session 79884c66-605f-4a8c-9556-5013692f6c33 to remote] DEBUG org.apache.http.impl.client.DefaultHttpClient  - Attempt 1 to execute request
18685 [Forwarding isElementSelected on session 79884c66-605f-4a8c-9556-5013692f6c33 to remote] DEBUG org.apache.http.impl.conn.DefaultClientConnection  - Sending request: GET /session/79884c66-605f-4a8c-9556-5013692f6c33/element/2596af45-1e94-426c-900f-f6525f624393/selected HTTP/1.1
18685 [Forwarding isElementSelected on session 79884c66-605f-4a8c-9556-5013692f6c33 to remote] DEBUG org.apache.http.wire  - >> "GET /session/79884c66-605f-4a8c-9556-5013692f6c33/element/2596af45-1e94-426c-900f-f6525f624393/selected HTTP/1.1[\r][\n]"
18685 [Forwarding isElementSelected on session 79884c66-605f-4a8c-9556-5013692f6c33 to remote] DEBUG org.apache.http.wire  - >> "Accept: application/json, image/png[\r][\n]"
18685 [Forwarding isElementSelected on session 79884c66-605f-4a8c-9556-5013692f6c33 to remote] DEBUG org.apache.http.wire  - >> "Cache-Control: no-cache[\r][\n]"
18685 [Forwarding isElementSelected on session 79884c66-605f-4a8c-9556-5013692f6c33 to remote] DEBUG org.apache.http.wire  - >> "Host: localhost:38029[\r][\n]"
18685 [Forwarding isElementSelected on session 79884c66-605f-4a8c-9556-5013692f6c33 to remote] DEBUG org.apache.http.wire  - >> "Connection: Keep-Alive[\r][\n]"
18685 [Forwarding isElementSelected on session 79884c66-605f-4a8c-9556-5013692f6c33 to remote] DEBUG org.apache.http.wire  - >> "[\r][\n]"
18685 [Forwarding isElementSelected on session 79884c66-605f-4a8c-9556-5013692f6c33 to remote] DEBUG org.apache.http.headers  - >> GET /session/79884c66-605f-4a8c-9556-5013692f6c33/element/2596af45-1e94-426c-900f-f6525f624393/selected HTTP/1.1
18685 [Forwarding isElementSelected on session 79884c66-605f-4a8c-9556-5013692f6c33 to remote] DEBUG org.apache.http.headers  - >> Accept: application/json, image/png
18685 [Forwarding isElementSelected on session 79884c66-605f-4a8c-9556-5013692f6c33 to remote] DEBUG org.apache.http.headers  - >> Cache-Control: no-cache
18685 [Forwarding isElementSelected on session 79884c66-605f-4a8c-9556-5013692f6c33 to remote] DEBUG org.apache.http.headers  - >> Host: localhost:38029
18685 [Forwarding isElementSelected on session 79884c66-605f-4a8c-9556-5013692f6c33 to remote] DEBUG org.apache.http.headers  - >> Connection: Keep-Alive
18748 [Forwarding isElementSelected on session 79884c66-605f-4a8c-9556-5013692f6c33 to remote] DEBUG org.apache.http.wire  - << "HTTP/1.1 200 OK[\r][\n]"
18748 [Forwarding isElementSelected on session 79884c66-605f-4a8c-9556-5013692f6c33 to remote] DEBUG org.apache.http.wire  - << "Content-Length: 77[\r][\n]"
18748 [Forwarding isElementSelected on session 79884c66-605f-4a8c-9556-5013692f6c33 to remote] DEBUG org.apache.http.wire  - << "Content-Type: application/json; charset=UTF-8[\r][\n]"
18748 [Forwarding isElementSelected on session 79884c66-605f-4a8c-9556-5013692f6c33 to remote] DEBUG org.apache.http.wire  - << "Vary: Accept-Charset, Accept-Encoding, Accept-Language, Accept[\r][\n]"
18748 [Forwarding isElementSelected on session 79884c66-605f-4a8c-9556-5013692f6c33 to remote] DEBUG org.apache.http.wire  - << "Accept-Ranges: bytes[\r][\n]"
18748 [Forwarding isElementSelected on session 79884c66-605f-4a8c-9556-5013692f6c33 to remote] DEBUG org.apache.http.wire  - << "Connection: close[\r][\n]"
18748 [Forwarding isElementSelected on session 79884c66-605f-4a8c-9556-5013692f6c33 to remote] DEBUG org.apache.http.wire  - << "[\r][\n]"
18748 [Forwarding isElementSelected on session 79884c66-605f-4a8c-9556-5013692f6c33 to remote] DEBUG org.apache.http.impl.conn.DefaultClientConnection  - Receiving response: HTTP/1.1 200 OK
18748 [Forwarding isElementSelected on session 79884c66-605f-4a8c-9556-5013692f6c33 to remote] DEBUG org.apache.http.headers  - << HTTP/1.1 200 OK
18748 [Forwarding isElementSelected on session 79884c66-605f-4a8c-9556-5013692f6c33 to remote] DEBUG org.apache.http.headers  - << Content-Length: 77
18748 [Forwarding isElementSelected on session 79884c66-605f-4a8c-9556-5013692f6c33 to remote] DEBUG org.apache.http.headers  - << Content-Type: application/json; charset=UTF-8
18748 [Forwarding isElementSelected on session 79884c66-605f-4a8c-9556-5013692f6c33 to remote] DEBUG org.apache.http.headers  - << Vary: Accept-Charset, Accept-Encoding, Accept-Language, Accept
18748 [Forwarding isElementSelected on session 79884c66-605f-4a8c-9556-5013692f6c33 to remote] DEBUG org.apache.http.headers  - << Accept-Ranges: bytes
18748 [Forwarding isElementSelected on session 79884c66-605f-4a8c-9556-5013692f6c33 to remote] DEBUG org.apache.http.headers  - << Connection: close
18748 [Forwarding isElementSelected on session 79884c66-605f-4a8c-9556-5013692f6c33 to remote] DEBUG org.apache.http.wire  - << "{"sessionId":"79884c66-605f-4a8c-9556-5013692f6c33","status":0,"value":true}[\n]"
18748 [Forwarding isElementSelected on session 79884c66-605f-4a8c-9556-5013692f6c33 to remote] DEBUG org.apache.http.impl.conn.DefaultClientConnection  - Connection 0.0.0.0:4081<->127.0.0.1:38029 shut down
18748 [Forwarding isElementSelected on session 79884c66-605f-4a8c-9556-5013692f6c33 to remote] DEBUG org.apache.http.impl.conn.tsccm.ThreadSafeClientConnManager  - Released connection is not reusable.
18748 [Forwarding isElementSelected on session 79884c66-605f-4a8c-9556-5013692f6c33 to remote] DEBUG org.apache.http.impl.conn.tsccm.ConnPoolByRoute  - Releasing connection [{}->http://localhost:38029][null]
18748 [Forwarding isElementSelected on session 79884c66-605f-4a8c-9556-5013692f6c33 to remote] DEBUG org.apache.http.impl.conn.DefaultClientConnection  - Connection 0.0.0.0:4081<->127.0.0.1:38029 closed
18748 [Forwarding isElementSelected on session 79884c66-605f-4a8c-9556-5013692f6c33 to remote] DEBUG org.apache.http.impl.conn.tsccm.ConnPoolByRoute  - Notifying no-one, there are no waiting threads
18748 [Forwarding findElement on session 79884c66-605f-4a8c-9556-5013692f6c33 to remote] DEBUG org.apache.http.impl.conn.tsccm.ThreadSafeClientConnManager  - Get connection: {}->http://localhost:38029, timeout = 120000
18748 [Forwarding findElement on session 79884c66-605f-4a8c-9556-5013692f6c33 to remote] DEBUG org.apache.http.impl.conn.tsccm.ConnPoolByRoute  - [{}->http://localhost:38029] total kept alive: 0, total issued: 0, total allocated: 0 out of 2000
18748 [Forwarding findElement on session 79884c66-605f-4a8c-9556-5013692f6c33 to remote] DEBUG org.apache.http.impl.conn.tsccm.ConnPoolByRoute  - No free connections [{}->http://localhost:38029][null]
18748 [Forwarding findElement on session 79884c66-605f-4a8c-9556-5013692f6c33 to remote] DEBUG org.apache.http.impl.conn.tsccm.ConnPoolByRoute  - Available capacity: 2000 out of 2000 [{}->http://localhost:38029][null]
18748 [Forwarding findElement on session 79884c66-605f-4a8c-9556-5013692f6c33 to remote] DEBUG org.apache.http.impl.conn.tsccm.ConnPoolByRoute  - Creating new connection [{}->http://localhost:38029]
18748 [Forwarding findElement on session 79884c66-605f-4a8c-9556-5013692f6c33 to remote] DEBUG org.apache.http.impl.conn.DefaultClientConnectionOperator  - Connecting to localhost:38029
18748 [Forwarding findElement on session 79884c66-605f-4a8c-9556-5013692f6c33 to remote] DEBUG org.apache.http.client.protocol.RequestAddCookies  - CookieSpec selected: best-match
18748 [Forwarding findElement on session 79884c66-605f-4a8c-9556-5013692f6c33 to remote] DEBUG org.apache.http.client.protocol.RequestAuthCache  - Auth cache not set in the context
18748 [Forwarding findElement on session 79884c66-605f-4a8c-9556-5013692f6c33 to remote] DEBUG org.apache.http.client.protocol.RequestTargetAuthentication  - Target auth state: UNCHALLENGED
18748 [Forwarding findElement on session 79884c66-605f-4a8c-9556-5013692f6c33 to remote] DEBUG org.apache.http.client.protocol.RequestProxyAuthentication  - Proxy auth state: UNCHALLENGED
18748 [Forwarding findElement on session 79884c66-605f-4a8c-9556-5013692f6c33 to remote] DEBUG org.apache.http.impl.client.DefaultHttpClient  - Attempt 1 to execute request
18748 [Forwarding findElement on session 79884c66-605f-4a8c-9556-5013692f6c33 to remote] DEBUG org.apache.http.impl.conn.DefaultClientConnection  - Sending request: POST /session/79884c66-605f-4a8c-9556-5013692f6c33/element HTTP/1.1
18748 [Forwarding findElement on session 79884c66-605f-4a8c-9556-5013692f6c33 to remote] DEBUG org.apache.http.wire  - >> "POST /session/79884c66-605f-4a8c-9556-5013692f6c33/element HTTP/1.1[\r][\n]"
18748 [Forwarding findElement on session 79884c66-605f-4a8c-9556-5013692f6c33 to remote] DEBUG org.apache.http.wire  - >> "Accept: application/json, image/png[\r][\n]"
18748 [Forwarding findElement on session 79884c66-605f-4a8c-9556-5013692f6c33 to remote] DEBUG org.apache.http.wire  - >> "Content-Type: application/json; charset=utf-8[\r][\n]"
18748 [Forwarding findElement on session 79884c66-605f-4a8c-9556-5013692f6c33 to remote] DEBUG org.apache.http.wire  - >> "Content-Length: 33[\r][\n]"
18748 [Forwarding findElement on session 79884c66-605f-4a8c-9556-5013692f6c33 to remote] DEBUG org.apache.http.wire  - >> "Host: localhost:38029[\r][\n]"
18748 [Forwarding findElement on session 79884c66-605f-4a8c-9556-5013692f6c33 to remote] DEBUG org.apache.http.wire  - >> "Connection: Keep-Alive[\r][\n]"
18748 [Forwarding findElement on session 79884c66-605f-4a8c-9556-5013692f6c33 to remote] DEBUG org.apache.http.wire  - >> "[\r][\n]"
18748 [Forwarding findElement on session 79884c66-605f-4a8c-9556-5013692f6c33 to remote] DEBUG org.apache.http.headers  - >> POST /session/79884c66-605f-4a8c-9556-5013692f6c33/element HTTP/1.1
18748 [Forwarding findElement on session 79884c66-605f-4a8c-9556-5013692f6c33 to remote] DEBUG org.apache.http.headers  - >> Accept: application/json, image/png
18748 [Forwarding findElement on session 79884c66-605f-4a8c-9556-5013692f6c33 to remote] DEBUG org.apache.http.headers  - >> Content-Type: application/json; charset=utf-8
18748 [Forwarding findElement on session 79884c66-605f-4a8c-9556-5013692f6c33 to remote] DEBUG org.apache.http.headers  - >> Content-Length: 33
18748 [Forwarding findElement on session 79884c66-605f-4a8c-9556-5013692f6c33 to remote] DEBUG org.apache.http.headers  - >> Host: localhost:38029
18748 [Forwarding findElement on session 79884c66-605f-4a8c-9556-5013692f6c33 to remote] DEBUG org.apache.http.headers  - >> Connection: Keep-Alive
18748 [Forwarding findElement on session 79884c66-605f-4a8c-9556-5013692f6c33 to remote] DEBUG org.apache.http.wire  - >> "{"using":"name","value":"launch"}"
18826 [Forwarding findElement on session 79884c66-605f-4a8c-9556-5013692f6c33 to remote] DEBUG org.apache.http.wire  - << "HTTP/1.1 200 OK[\r][\n]"
18826 [Forwarding findElement on session 79884c66-605f-4a8c-9556-5013692f6c33 to remote] DEBUG org.apache.http.wire  - << "Content-Length: 123[\r][\n]"
18826 [Forwarding findElement on session 79884c66-605f-4a8c-9556-5013692f6c33 to remote] DEBUG org.apache.http.wire  - << "Content-Type: application/json; charset=UTF-8[\r][\n]"
18826 [Forwarding findElement on session 79884c66-605f-4a8c-9556-5013692f6c33 to remote] DEBUG org.apache.http.wire  - << "Vary: Accept-Charset, Accept-Encoding, Accept-Language, Accept[\r][\n]"
18826 [Forwarding findElement on session 79884c66-605f-4a8c-9556-5013692f6c33 to remote] DEBUG org.apache.http.wire  - << "Accept-Ranges: bytes[\r][\n]"
18826 [Forwarding findElement on session 79884c66-605f-4a8c-9556-5013692f6c33 to remote] DEBUG org.apache.http.wire  - << "Connection: close[\r][\n]"
18826 [Forwarding findElement on session 79884c66-605f-4a8c-9556-5013692f6c33 to remote] DEBUG org.apache.http.wire  - << "[\r][\n]"
18826 [Forwarding findElement on session 79884c66-605f-4a8c-9556-5013692f6c33 to remote] DEBUG org.apache.http.impl.conn.DefaultClientConnection  - Receiving response: HTTP/1.1 200 OK
18826 [Forwarding findElement on session 79884c66-605f-4a8c-9556-5013692f6c33 to remote] DEBUG org.apache.http.headers  - << HTTP/1.1 200 OK
18826 [Forwarding findElement on session 79884c66-605f-4a8c-9556-5013692f6c33 to remote] DEBUG org.apache.http.headers  - << Content-Length: 123
18826 [Forwarding findElement on session 79884c66-605f-4a8c-9556-5013692f6c33 to remote] DEBUG org.apache.http.headers  - << Content-Type: application/json; charset=UTF-8
18826 [Forwarding findElement on session 79884c66-605f-4a8c-9556-5013692f6c33 to remote] DEBUG org.apache.http.headers  - << Vary: Accept-Charset, Accept-Encoding, Accept-Language, Accept
18826 [Forwarding findElement on session 79884c66-605f-4a8c-9556-5013692f6c33 to remote] DEBUG org.apache.http.headers  - << Accept-Ranges: bytes
18826 [Forwarding findElement on session 79884c66-605f-4a8c-9556-5013692f6c33 to remote] DEBUG org.apache.http.headers  - << Connection: close
18826 [Forwarding findElement on session 79884c66-605f-4a8c-9556-5013692f6c33 to remote] DEBUG org.apache.http.wire  - << "{"sessionId":"79884c66-605f-4a8c-9556-5013692f6c33","status":0,"value":{"ELEMENT":"bb8fc305-512b-4959-8229-baabcb85a7ca"}}[\n]"
18826 [Forwarding findElement on session 79884c66-605f-4a8c-9556-5013692f6c33 to remote] DEBUG org.apache.http.impl.conn.DefaultClientConnection  - Connection 0.0.0.0:4082<->127.0.0.1:38029 shut down
18826 [Forwarding findElement on session 79884c66-605f-4a8c-9556-5013692f6c33 to remote] DEBUG org.apache.http.impl.conn.tsccm.ThreadSafeClientConnManager  - Released connection is not reusable.
18826 [Forwarding findElement on session 79884c66-605f-4a8c-9556-5013692f6c33 to remote] DEBUG org.apache.http.impl.conn.tsccm.ConnPoolByRoute  - Releasing connection [{}->http://localhost:38029][null]
18826 [Forwarding findElement on session 79884c66-605f-4a8c-9556-5013692f6c33 to remote] DEBUG org.apache.http.impl.conn.DefaultClientConnection  - Connection 0.0.0.0:4082<->127.0.0.1:38029 closed
18826 [Forwarding findElement on session 79884c66-605f-4a8c-9556-5013692f6c33 to remote] DEBUG org.apache.http.impl.conn.tsccm.ConnPoolByRoute  - Notifying no-one, there are no waiting threads
18826 [Forwarding clickElement on session 79884c66-605f-4a8c-9556-5013692f6c33 to remote] DEBUG org.apache.http.impl.conn.tsccm.ThreadSafeClientConnManager  - Get connection: {}->http://localhost:38029, timeout = 120000
18826 [Forwarding clickElement on session 79884c66-605f-4a8c-9556-5013692f6c33 to remote] DEBUG org.apache.http.impl.conn.tsccm.ConnPoolByRoute  - [{}->http://localhost:38029] total kept alive: 0, total issued: 0, total allocated: 0 out of 2000
18826 [Forwarding clickElement on session 79884c66-605f-4a8c-9556-5013692f6c33 to remote] DEBUG org.apache.http.impl.conn.tsccm.ConnPoolByRoute  - No free connections [{}->http://localhost:38029][null]
18826 [Forwarding clickElement on session 79884c66-605f-4a8c-9556-5013692f6c33 to remote] DEBUG org.apache.http.impl.conn.tsccm.ConnPoolByRoute  - Available capacity: 2000 out of 2000 [{}->http://localhost:38029][null]
18826 [Forwarding clickElement on session 79884c66-605f-4a8c-9556-5013692f6c33 to remote] DEBUG org.apache.http.impl.conn.tsccm.ConnPoolByRoute  - Creating new connection [{}->http://localhost:38029]
18826 [Forwarding clickElement on session 79884c66-605f-4a8c-9556-5013692f6c33 to remote] DEBUG org.apache.http.impl.conn.DefaultClientConnectionOperator  - Connecting to localhost:38029
18826 [Forwarding clickElement on session 79884c66-605f-4a8c-9556-5013692f6c33 to remote] DEBUG org.apache.http.client.protocol.RequestAddCookies  - CookieSpec selected: best-match
18826 [Forwarding clickElement on session 79884c66-605f-4a8c-9556-5013692f6c33 to remote] DEBUG org.apache.http.client.protocol.RequestAuthCache  - Auth cache not set in the context
18826 [Forwarding clickElement on session 79884c66-605f-4a8c-9556-5013692f6c33 to remote] DEBUG org.apache.http.client.protocol.RequestTargetAuthentication  - Target auth state: UNCHALLENGED
18826 [Forwarding clickElement on session 79884c66-605f-4a8c-9556-5013692f6c33 to remote] DEBUG org.apache.http.client.protocol.RequestProxyAuthentication  - Proxy auth state: UNCHALLENGED
18826 [Forwarding clickElement on session 79884c66-605f-4a8c-9556-5013692f6c33 to remote] DEBUG org.apache.http.impl.client.DefaultHttpClient  - Attempt 1 to execute request
18826 [Forwarding clickElement on session 79884c66-605f-4a8c-9556-5013692f6c33 to remote] DEBUG org.apache.http.impl.conn.DefaultClientConnection  - Sending request: POST /session/79884c66-605f-4a8c-9556-5013692f6c33/element/bb8fc305-512b-4959-8229-baabcb85a7ca/click HTTP/1.1
18826 [Forwarding clickElement on session 79884c66-605f-4a8c-9556-5013692f6c33 to remote] DEBUG org.apache.http.wire  - >> "POST /session/79884c66-605f-4a8c-9556-5013692f6c33/element/bb8fc305-512b-4959-8229-baabcb85a7ca/click HTTP/1.1[\r][\n]"
18826 [Forwarding clickElement on session 79884c66-605f-4a8c-9556-5013692f6c33 to remote] DEBUG org.apache.http.wire  - >> "Accept: application/json, image/png[\r][\n]"
18826 [Forwarding clickElement on session 79884c66-605f-4a8c-9556-5013692f6c33 to remote] DEBUG org.apache.http.wire  - >> "Content-Type: application/json; charset=utf-8[\r][\n]"
18826 [Forwarding clickElement on session 79884c66-605f-4a8c-9556-5013692f6c33 to remote] DEBUG org.apache.http.wire  - >> "Content-Length: 45[\r][\n]"
18826 [Forwarding clickElement on session 79884c66-605f-4a8c-9556-5013692f6c33 to remote] DEBUG org.apache.http.wire  - >> "Host: localhost:38029[\r][\n]"
18826 [Forwarding clickElement on session 79884c66-605f-4a8c-9556-5013692f6c33 to remote] DEBUG org.apache.http.wire  - >> "Connection: Keep-Alive[\r][\n]"
18826 [Forwarding clickElement on session 79884c66-605f-4a8c-9556-5013692f6c33 to remote] DEBUG org.apache.http.wire  - >> "[\r][\n]"
18826 [Forwarding clickElement on session 79884c66-605f-4a8c-9556-5013692f6c33 to remote] DEBUG org.apache.http.headers  - >> POST /session/79884c66-605f-4a8c-9556-5013692f6c33/element/bb8fc305-512b-4959-8229-baabcb85a7ca/click HTTP/1.1
18826 [Forwarding clickElement on session 79884c66-605f-4a8c-9556-5013692f6c33 to remote] DEBUG org.apache.http.headers  - >> Accept: application/json, image/png
18826 [Forwarding clickElement on session 79884c66-605f-4a8c-9556-5013692f6c33 to remote] DEBUG org.apache.http.headers  - >> Content-Type: application/json; charset=utf-8
18826 [Forwarding clickElement on session 79884c66-605f-4a8c-9556-5013692f6c33 to remote] DEBUG org.apache.http.headers  - >> Content-Length: 45
18826 [Forwarding clickElement on session 79884c66-605f-4a8c-9556-5013692f6c33 to remote] DEBUG org.apache.http.headers  - >> Host: localhost:38029
18826 [Forwarding clickElement on session 79884c66-605f-4a8c-9556-5013692f6c33 to remote] DEBUG org.apache.http.headers  - >> Connection: Keep-Alive
18826 [Forwarding clickElement on session 79884c66-605f-4a8c-9556-5013692f6c33 to remote] DEBUG org.apache.http.wire  - >> "{"id":"bb8fc305-512b-4959-8229-baabcb85a7ca"}"
19138 [Forwarding clickElement on session 79884c66-605f-4a8c-9556-5013692f6c33 to remote] DEBUG org.apache.http.wire  - << "HTTP/1.1 200 OK[\r][\n]"
19138 [Forwarding clickElement on session 79884c66-605f-4a8c-9556-5013692f6c33 to remote] DEBUG org.apache.http.wire  - << "Content-Length: 77[\r][\n]"
19138 [Forwarding clickElement on session 79884c66-605f-4a8c-9556-5013692f6c33 to remote] DEBUG org.apache.http.wire  - << "Content-Type: application/json; charset=UTF-8[\r][\n]"
19138 [Forwarding clickElement on session 79884c66-605f-4a8c-9556-5013692f6c33 to remote] DEBUG org.apache.http.wire  - << "Vary: Accept-Charset, Accept-Encoding, Accept-Language, Accept[\r][\n]"
19138 [Forwarding clickElement on session 79884c66-605f-4a8c-9556-5013692f6c33 to remote] DEBUG org.apache.http.wire  - << "Accept-Ranges: bytes[\r][\n]"
19138 [Forwarding clickElement on session 79884c66-605f-4a8c-9556-5013692f6c33 to remote] DEBUG org.apache.http.wire  - << "Connection: close[\r][\n]"
19138 [Forwarding clickElement on session 79884c66-605f-4a8c-9556-5013692f6c33 to remote] DEBUG org.apache.http.wire  - << "[\r][\n]"
19138 [Forwarding clickElement on session 79884c66-605f-4a8c-9556-5013692f6c33 to remote] DEBUG org.apache.http.impl.conn.DefaultClientConnection  - Receiving response: HTTP/1.1 200 OK
19138 [Forwarding clickElement on session 79884c66-605f-4a8c-9556-5013692f6c33 to remote] DEBUG org.apache.http.headers  - << HTTP/1.1 200 OK
19138 [Forwarding clickElement on session 79884c66-605f-4a8c-9556-5013692f6c33 to remote] DEBUG org.apache.http.headers  - << Content-Length: 77
19138 [Forwarding clickElement on session 79884c66-605f-4a8c-9556-5013692f6c33 to remote] DEBUG org.apache.http.headers  - << Content-Type: application/json; charset=UTF-8
19138 [Forwarding clickElement on session 79884c66-605f-4a8c-9556-5013692f6c33 to remote] DEBUG org.apache.http.headers  - << Vary: Accept-Charset, Accept-Encoding, Accept-Language, Accept
19138 [Forwarding clickElement on session 79884c66-605f-4a8c-9556-5013692f6c33 to remote] DEBUG org.apache.http.headers  - << Accept-Ranges: bytes
19138 [Forwarding clickElement on session 79884c66-605f-4a8c-9556-5013692f6c33 to remote] DEBUG org.apache.http.headers  - << Connection: close
19138 [Forwarding clickElement on session 79884c66-605f-4a8c-9556-5013692f6c33 to remote] DEBUG org.apache.http.wire  - << "{"sessionId":"79884c66-605f-4a8c-9556-5013692f6c33","status":0,"value":null}[\n]"
19138 [Forwarding clickElement on session 79884c66-605f-4a8c-9556-5013692f6c33 to remote] DEBUG org.apache.http.impl.conn.DefaultClientConnection  - Connection 0.0.0.0:4083<->127.0.0.1:38029 shut down
19138 [Forwarding clickElement on session 79884c66-605f-4a8c-9556-5013692f6c33 to remote] DEBUG org.apache.http.impl.conn.tsccm.ThreadSafeClientConnManager  - Released connection is not reusable.
19138 [Forwarding clickElement on session 79884c66-605f-4a8c-9556-5013692f6c33 to remote] DEBUG org.apache.http.impl.conn.tsccm.ConnPoolByRoute  - Releasing connection [{}->http://localhost:38029][null]
19138 [Forwarding clickElement on session 79884c66-605f-4a8c-9556-5013692f6c33 to remote] DEBUG org.apache.http.impl.conn.DefaultClientConnection  - Connection 0.0.0.0:4083<->127.0.0.1:38029 closed
19138 [Forwarding clickElement on session 79884c66-605f-4a8c-9556-5013692f6c33 to remote] DEBUG org.apache.http.impl.conn.tsccm.ConnPoolByRoute  - Notifying no-one, there are no waiting threads
19138 [main] INFO com.allstate.utilities.LogHelper  - ---------------------------------------------------------------------------------
19138 [main] INFO com.allstate.utilities.LogHelper  - Test Case Checks  = 1
19138 [main] INFO com.allstate.utilities.LogHelper  - Test Case Errors  = 0
19138 [main] INFO com.allstate.utilities.LogHelper  - Test Case Known Issues = 
19138 [main] INFO com.allstate.utilities.LogHelper  - Test Case Status  = PASS
19138 [main] INFO com.allstate.utilities.LogHelper  - Test Case Time 	= Thu Apr 11 17:17:29 CDT 2013
19138 [main] INFO com.allstate.utilities.LogHelper  - Test Case End 	= Thu Apr 11 17:17:29 CDT 2013
19138 [main] INFO com.allstate.utilities.LogHelper  - *********************************************************************************
19138 [Forwarding quit on session 79884c66-605f-4a8c-9556-5013692f6c33 to remote] DEBUG org.apache.http.impl.conn.tsccm.ThreadSafeClientConnManager  - Get connection: {}->http://localhost:38029, timeout = 120000
19138 [Forwarding quit on session 79884c66-605f-4a8c-9556-5013692f6c33 to remote] DEBUG org.apache.http.impl.conn.tsccm.ConnPoolByRoute  - [{}->http://localhost:38029] total kept alive: 0, total issued: 0, total allocated: 0 out of 2000
19138 [Forwarding quit on session 79884c66-605f-4a8c-9556-5013692f6c33 to remote] DEBUG org.apache.http.impl.conn.tsccm.ConnPoolByRoute  - No free connections [{}->http://localhost:38029][null]
19138 [Forwarding quit on session 79884c66-605f-4a8c-9556-5013692f6c33 to remote] DEBUG org.apache.http.impl.conn.tsccm.ConnPoolByRoute  - Available capacity: 2000 out of 2000 [{}->http://localhost:38029][null]
19138 [Forwarding quit on session 79884c66-605f-4a8c-9556-5013692f6c33 to remote] DEBUG org.apache.http.impl.conn.tsccm.ConnPoolByRoute  - Creating new connection [{}->http://localhost:38029]
19138 [Forwarding quit on session 79884c66-605f-4a8c-9556-5013692f6c33 to remote] DEBUG org.apache.http.impl.conn.DefaultClientConnectionOperator  - Connecting to localhost:38029
19138 [Forwarding quit on session 79884c66-605f-4a8c-9556-5013692f6c33 to remote] DEBUG org.apache.http.client.protocol.RequestAddCookies  - CookieSpec selected: best-match
19138 [Forwarding quit on session 79884c66-605f-4a8c-9556-5013692f6c33 to remote] DEBUG org.apache.http.client.protocol.RequestAuthCache  - Auth cache not set in the context
19138 [Forwarding quit on session 79884c66-605f-4a8c-9556-5013692f6c33 to remote] DEBUG org.apache.http.client.protocol.RequestTargetAuthentication  - Target auth state: UNCHALLENGED
19138 [Forwarding quit on session 79884c66-605f-4a8c-9556-5013692f6c33 to remote] DEBUG org.apache.http.client.protocol.RequestProxyAuthentication  - Proxy auth state: UNCHALLENGED
19138 [Forwarding quit on session 79884c66-605f-4a8c-9556-5013692f6c33 to remote] DEBUG org.apache.http.impl.client.DefaultHttpClient  - Attempt 1 to execute request
19138 [Forwarding quit on session 79884c66-605f-4a8c-9556-5013692f6c33 to remote] DEBUG org.apache.http.impl.conn.DefaultClientConnection  - Sending request: DELETE /session/79884c66-605f-4a8c-9556-5013692f6c33 HTTP/1.1
19138 [Forwarding quit on session 79884c66-605f-4a8c-9556-5013692f6c33 to remote] DEBUG org.apache.http.wire  - >> "DELETE /session/79884c66-605f-4a8c-9556-5013692f6c33 HTTP/1.1[\r][\n]"
19138 [Forwarding quit on session 79884c66-605f-4a8c-9556-5013692f6c33 to remote] DEBUG org.apache.http.wire  - >> "Accept: application/json, image/png[\r][\n]"
19138 [Forwarding quit on session 79884c66-605f-4a8c-9556-5013692f6c33 to remote] DEBUG org.apache.http.wire  - >> "Host: localhost:38029[\r][\n]"
19138 [Forwarding quit on session 79884c66-605f-4a8c-9556-5013692f6c33 to remote] DEBUG org.apache.http.wire  - >> "Connection: Keep-Alive[\r][\n]"
19138 [Forwarding quit on session 79884c66-605f-4a8c-9556-5013692f6c33 to remote] DEBUG org.apache.http.wire  - >> "[\r][\n]"
19138 [Forwarding quit on session 79884c66-605f-4a8c-9556-5013692f6c33 to remote] DEBUG org.apache.http.headers  - >> DELETE /session/79884c66-605f-4a8c-9556-5013692f6c33 HTTP/1.1
19138 [Forwarding quit on session 79884c66-605f-4a8c-9556-5013692f6c33 to remote] DEBUG org.apache.http.headers  - >> Accept: application/json, image/png
19138 [Forwarding quit on session 79884c66-605f-4a8c-9556-5013692f6c33 to remote] DEBUG org.apache.http.headers  - >> Host: localhost:38029
19138 [Forwarding quit on session 79884c66-605f-4a8c-9556-5013692f6c33 to remote] DEBUG org.apache.http.headers  - >> Connection: Keep-Alive
19169 [Forwarding quit on session 79884c66-605f-4a8c-9556-5013692f6c33 to remote] DEBUG org.apache.http.wire  - << "HTTP/1.1 200 OK[\r][\n]"
19169 [Forwarding quit on session 79884c66-605f-4a8c-9556-5013692f6c33 to remote] DEBUG org.apache.http.wire  - << "Content-Length: 77[\r][\n]"
19169 [Forwarding quit on session 79884c66-605f-4a8c-9556-5013692f6c33 to remote] DEBUG org.apache.http.wire  - << "Content-Type: application/json; charset=UTF-8[\r][\n]"
19169 [Forwarding quit on session 79884c66-605f-4a8c-9556-5013692f6c33 to remote] DEBUG org.apache.http.wire  - << "Vary: Accept-Charset, Accept-Encoding, Accept-Language, Accept[\r][\n]"
19169 [Forwarding quit on session 79884c66-605f-4a8c-9556-5013692f6c33 to remote] DEBUG org.apache.http.wire  - << "Accept-Ranges: bytes[\r][\n]"
19169 [Forwarding quit on session 79884c66-605f-4a8c-9556-5013692f6c33 to remote] DEBUG org.apache.http.wire  - << "Connection: close[\r][\n]"
19169 [Forwarding quit on session 79884c66-605f-4a8c-9556-5013692f6c33 to remote] DEBUG org.apache.http.wire  - << "[\r][\n]"
19169 [Forwarding quit on session 79884c66-605f-4a8c-9556-5013692f6c33 to remote] DEBUG org.apache.http.impl.conn.DefaultClientConnection  - Receiving response: HTTP/1.1 200 OK
19169 [Forwarding quit on session 79884c66-605f-4a8c-9556-5013692f6c33 to remote] DEBUG org.apache.http.headers  - << HTTP/1.1 200 OK
19169 [Forwarding quit on session 79884c66-605f-4a8c-9556-5013692f6c33 to remote] DEBUG org.apache.http.headers  - << Content-Length: 77
19169 [Forwarding quit on session 79884c66-605f-4a8c-9556-5013692f6c33 to remote] DEBUG org.apache.http.headers  - << Content-Type: application/json; charset=UTF-8
19169 [Forwarding quit on session 79884c66-605f-4a8c-9556-5013692f6c33 to remote] DEBUG org.apache.http.headers  - << Vary: Accept-Charset, Accept-Encoding, Accept-Language, Accept
19169 [Forwarding quit on session 79884c66-605f-4a8c-9556-5013692f6c33 to remote] DEBUG org.apache.http.headers  - << Accept-Ranges: bytes
19169 [Forwarding quit on session 79884c66-605f-4a8c-9556-5013692f6c33 to remote] DEBUG org.apache.http.headers  - << Connection: close
19169 [Forwarding quit on session 79884c66-605f-4a8c-9556-5013692f6c33 to remote] DEBUG org.apache.http.wire  - << "{"sessionId":"79884c66-605f-4a8c-9556-5013692f6c33","status":0,"value":null}[\n]"
19169 [Forwarding quit on session 79884c66-605f-4a8c-9556-5013692f6c33 to remote] DEBUG org.apache.http.impl.conn.DefaultClientConnection  - Connection 0.0.0.0:4084<->127.0.0.1:38029 shut down
19169 [Forwarding quit on session 79884c66-605f-4a8c-9556-5013692f6c33 to remote] DEBUG org.apache.http.impl.conn.tsccm.ThreadSafeClientConnManager  - Released connection is not reusable.
19169 [Forwarding quit on session 79884c66-605f-4a8c-9556-5013692f6c33 to remote] DEBUG org.apache.http.impl.conn.tsccm.ConnPoolByRoute  - Releasing connection [{}->http://localhost:38029][null]
19169 [Forwarding quit on session 79884c66-605f-4a8c-9556-5013692f6c33 to remote] DEBUG org.apache.http.impl.conn.DefaultClientConnection  - Connection 0.0.0.0:4084<->127.0.0.1:38029 closed
19169 [Forwarding quit on session 79884c66-605f-4a8c-9556-5013692f6c33 to remote] DEBUG org.apache.http.impl.conn.tsccm.ConnPoolByRoute  - Notifying no-one, there are no waiting threads
]]></system-out>
  <system-err><![CDATA[Started InternetExplorerDriver server (32-bit)
2.32.0.0
Listening on port 38029
]]></system-err>
</testsuite>
